<?xml version="1.0" encoding="UTF-8"?>
<testsuite name="com.betweenourclothes.web.AuthApiControllerTest" tests="5" skipped="4" failures="0" errors="0" timestamp="2022-11-10T03:34:09" hostname="user" time="4.046">
  <properties/>
  <testcase name="이메일_중복체크" classname="com.betweenourclothes.web.AuthApiControllerTest" time="0.0">
    <skipped/>
  </testcase>
  <testcase name="회원가입_로그인" classname="com.betweenourclothes.web.AuthApiControllerTest" time="4.043"/>
  <testcase name="로그인_토큰재발급" classname="com.betweenourclothes.web.AuthApiControllerTest" time="0.0">
    <skipped/>
  </testcase>
  <testcase name="로그인_토큰전송" classname="com.betweenourclothes.web.AuthApiControllerTest" time="0.0">
    <skipped/>
  </testcase>
  <testcase name="이메일_utf8" classname="com.betweenourclothes.web.AuthApiControllerTest" time="0.0">
    <skipped/>
  </testcase>
  <system-out><![CDATA[2022-11-10 12:34:09.668  INFO 9968 --- [    Test worker] .b.t.c.SpringBootTestContextBootstrapper : Neither @ContextConfiguration nor @ContextHierarchy found for test class [com.betweenourclothes.web.AuthApiControllerTest], using SpringBootContextLoader
2022-11-10 12:34:09.668  INFO 9968 --- [    Test worker] o.s.t.c.support.AbstractContextLoader    : Could not detect default resource locations for test class [com.betweenourclothes.web.AuthApiControllerTest]: no resource found for suffixes {-context.xml, Context.groovy}.
2022-11-10 12:34:09.669  INFO 9968 --- [    Test worker] t.c.s.AnnotationConfigContextLoaderUtils : Could not detect default configuration classes for test class [com.betweenourclothes.web.AuthApiControllerTest]: AuthApiControllerTest does not declare any static, non-private, non-final, nested classes annotated with @Configuration.
2022-11-10 12:34:09.669  INFO 9968 --- [    Test worker] .b.t.c.SpringBootTestContextBootstrapper : Found @SpringBootConfiguration com.betweenourclothes.Application for test class com.betweenourclothes.web.AuthApiControllerTest
2022-11-10 12:34:09.670  INFO 9968 --- [    Test worker] .b.t.c.SpringBootTestContextBootstrapper : Loaded default TestExecutionListener class names from location [META-INF/spring.factories]: [org.springframework.security.test.context.support.WithSecurityContextTestExecutionListener, org.springframework.security.test.context.support.ReactorContextTestExecutionListener, org.springframework.boot.test.autoconfigure.restdocs.RestDocsTestExecutionListener, org.springframework.boot.test.autoconfigure.web.client.MockRestServiceServerResetTestExecutionListener, org.springframework.boot.test.autoconfigure.web.servlet.MockMvcPrintOnlyOnFailureTestExecutionListener, org.springframework.boot.test.autoconfigure.web.servlet.WebDriverTestExecutionListener, org.springframework.boot.test.mock.mockito.MockitoTestExecutionListener, org.springframework.boot.test.mock.mockito.ResetMocksTestExecutionListener, org.springframework.test.context.web.ServletTestExecutionListener, org.springframework.test.context.support.DirtiesContextBeforeModesTestExecutionListener, org.springframework.test.context.support.DependencyInjectionTestExecutionListener, org.springframework.test.context.support.DirtiesContextTestExecutionListener, org.springframework.test.context.transaction.TransactionalTestExecutionListener, org.springframework.test.context.jdbc.SqlScriptsTestExecutionListener]
2022-11-10 12:34:09.670  INFO 9968 --- [    Test worker] .b.t.c.SpringBootTestContextBootstrapper : Using TestExecutionListeners: [org.springframework.test.context.web.ServletTestExecutionListener@6a66baef, org.springframework.test.context.support.DirtiesContextBeforeModesTestExecutionListener@48c0f51, org.springframework.boot.test.mock.mockito.MockitoTestExecutionListener@7f760c42, org.springframework.boot.test.autoconfigure.SpringBootDependencyInjectionTestExecutionListener@498c3d91, org.springframework.test.context.support.DirtiesContextTestExecutionListener@16e2578d, org.springframework.test.context.transaction.TransactionalTestExecutionListener@72702487, org.springframework.test.context.jdbc.SqlScriptsTestExecutionListener@3d2b2297, org.springframework.security.test.context.support.WithSecurityContextTestExecutionListener@15e3f016, org.springframework.security.test.context.support.ReactorContextTestExecutionListener@11b98318, org.springframework.boot.test.autoconfigure.restdocs.RestDocsTestExecutionListener@621ed9b4, org.springframework.boot.test.autoconfigure.web.client.MockRestServiceServerResetTestExecutionListener@64570fa, org.springframework.boot.test.autoconfigure.web.servlet.MockMvcPrintOnlyOnFailureTestExecutionListener@cac5364, org.springframework.boot.test.autoconfigure.web.servlet.WebDriverTestExecutionListener@5150a0aa, org.springframework.boot.test.mock.mockito.ResetMocksTestExecutionListener@4517104d]
Hibernate: 
    select
        members0_.id as id1_6_,
        members0_.email as email2_6_,
        members0_.image as image3_6_,
        members0_.name as name4_6_,
        members0_.nickname as nickname5_6_,
        members0_.password as password6_6_,
        members0_.phone as phone7_6_,
        members0_.refresh_token as refresh_8_6_,
        members0_.role as role9_6_ 
    from
        members members0_
Hibernate: 
    select
        closetspos0_.author_id as author_i4_1_0_,
        closetspos0_.id as id1_1_0_,
        closetspos0_.id as id1_1_1_,
        closetspos0_.created_date as created_2_1_1_,
        closetspos0_.modified_date as modified3_1_1_,
        closetspos0_.author_id as author_i4_1_1_,
        closetspos0_.clothes_info_id as clothes_5_1_1_,
        closetspos0_.colors_name as colors_n6_1_1_,
        closetspos0_.materials_name as material7_1_1_,
        closetspos0_.style_name as style_na8_1_1_,
        clothesinf1_.id as id1_2_2_,
        clothesinf1_.categoryl as category2_2_2_,
        clothesinf1_.categorys as category3_2_2_,
        clothesinf1_.fit as fit4_2_2_,
        clothesinf1_.length as length5_2_2_,
        colors2_.id as id1_4_3_,
        colors2_.name as name2_4_3_,
        materials3_.id as id1_5_4_,
        materials3_.name as name2_5_4_,
        style4_.id as id1_14_5_,
        style4_.name as name2_14_5_ 
    from
        closets closetspos0_ 
    left outer join
        clothes_info clothesinf1_ 
            on closetspos0_.clothes_info_id=clothesinf1_.id 
    left outer join
        colors colors2_ 
            on closetspos0_.colors_name=colors2_.name 
    left outer join
        materials materials3_ 
            on closetspos0_.materials_name=materials3_.name 
    left outer join
        style style4_ 
            on closetspos0_.style_name=style4_.name 
    where
        closetspos0_.author_id=?
Hibernate: 
    select
        storescomm0_.user_id as user_id5_13_0_,
        storescomm0_.id as id1_13_0_,
        storescomm0_.id as id1_13_1_,
        storescomm0_.created_date as created_2_13_1_,
        storescomm0_.modified_date as modified3_13_1_,
        storescomm0_.content as content4_13_1_,
        storescomm0_.user_id as user_id5_13_1_,
        storescomm0_.post_id as post_id6_13_1_,
        stores1_.id as id1_12_2_,
        stores1_.created_date as created_2_12_2_,
        stores1_.modified_date as modified3_12_2_,
        stores1_.author_id as author_i9_12_2_,
        stores1_.clothes_info_id as clothes10_12_2_,
        stores1_.colors_name as colors_11_12_2_,
        stores1_.materials_name as materia12_12_2_,
        stores1_.style_name as style_n13_12_2_,
        stores1_.clothes_length as clothes_4_12_2_,
        stores1_.content as content5_12_2_,
        stores1_.price as price6_12_2_,
        stores1_.sales_info_clothes_id as sales_i14_12_2_,
        stores1_.sales_info_status_id as sales_i15_12_2_,
        stores1_.sales_info_user_id as sales_i16_12_2_,
        stores1_.status as status7_12_2_,
        stores1_.title as title8_12_2_,
        members2_.id as id1_6_3_,
        members2_.email as email2_6_3_,
        members2_.image as image3_6_3_,
        members2_.name as name4_6_3_,
        members2_.nickname as nickname5_6_3_,
        members2_.password as password6_6_3_,
        members2_.phone as phone7_6_3_,
        members2_.refresh_token as refresh_8_6_3_,
        members2_.role as role9_6_3_,
        clothesinf3_.id as id1_2_4_,
        clothesinf3_.categoryl as category2_2_4_,
        clothesinf3_.categorys as category3_2_4_,
        clothesinf3_.fit as fit4_2_4_,
        clothesinf3_.length as length5_2_4_,
        colors4_.id as id1_4_5_,
        colors4_.name as name2_4_5_,
        materials5_.id as id1_5_6_,
        materials5_.name as name2_5_6_,
        style6_.id as id1_14_7_,
        style6_.name as name2_14_7_,
        salesinfoc7_.id as id1_9_8_,
        salesinfoc7_.clothes_brand as clothes_2_9_8_,
        salesinfoc7_.clothes_color as clothes_3_9_8_,
        salesinfoc7_.clothes_gender as clothes_4_9_8_,
        salesinfoc7_.clothes_size as clothes_5_9_8_,
        salesinfos8_.id as id1_10_9_,
        salesinfos8_.status_score as status_s2_10_9_,
        salesinfos8_.status_tag as status_t3_10_9_,
        salesinfos8_.status_times as status_t4_10_9_,
        salesinfos8_.status_when2buy as status_w5_10_9_,
        salesinfos8_.transport as transpor6_10_9_,
        salesinfou9_.id as id1_11_10_,
        salesinfou9_.user_height as user_hei2_11_10_,
        salesinfou9_.user_size as user_siz3_11_10_,
        salesinfou9_.user_weight as user_wei4_11_10_ 
    from
        stores_comments storescomm0_ 
    left outer join
        stores stores1_ 
            on storescomm0_.post_id=stores1_.id 
    left outer join
        members members2_ 
            on stores1_.author_id=members2_.id 
    left outer join
        clothes_info clothesinf3_ 
            on stores1_.clothes_info_id=clothesinf3_.id 
    left outer join
        colors colors4_ 
            on stores1_.colors_name=colors4_.name 
    left outer join
        materials materials5_ 
            on stores1_.materials_name=materials5_.name 
    left outer join
        style style6_ 
            on stores1_.style_name=style6_.name 
    left outer join
        sales_info_clothes salesinfoc7_ 
            on stores1_.sales_info_clothes_id=salesinfoc7_.id 
    left outer join
        sales_info_status salesinfos8_ 
            on stores1_.sales_info_status_id=salesinfos8_.id 
    left outer join
        sales_info_user salesinfou9_ 
            on stores1_.sales_info_user_id=salesinfou9_.id 
    where
        storescomm0_.user_id=?
Hibernate: 
    select
        storeslike0_.user_id as user_id3_7_0_,
        storeslike0_.id as id1_7_0_,
        storeslike0_.id as id1_7_1_,
        storeslike0_.store_id as store_id2_7_1_,
        storeslike0_.user_id as user_id3_7_1_,
        stores1_.id as id1_12_2_,
        stores1_.created_date as created_2_12_2_,
        stores1_.modified_date as modified3_12_2_,
        stores1_.author_id as author_i9_12_2_,
        stores1_.clothes_info_id as clothes10_12_2_,
        stores1_.colors_name as colors_11_12_2_,
        stores1_.materials_name as materia12_12_2_,
        stores1_.style_name as style_n13_12_2_,
        stores1_.clothes_length as clothes_4_12_2_,
        stores1_.content as content5_12_2_,
        stores1_.price as price6_12_2_,
        stores1_.sales_info_clothes_id as sales_i14_12_2_,
        stores1_.sales_info_status_id as sales_i15_12_2_,
        stores1_.sales_info_user_id as sales_i16_12_2_,
        stores1_.status as status7_12_2_,
        stores1_.title as title8_12_2_,
        members2_.id as id1_6_3_,
        members2_.email as email2_6_3_,
        members2_.image as image3_6_3_,
        members2_.name as name4_6_3_,
        members2_.nickname as nickname5_6_3_,
        members2_.password as password6_6_3_,
        members2_.phone as phone7_6_3_,
        members2_.refresh_token as refresh_8_6_3_,
        members2_.role as role9_6_3_,
        clothesinf3_.id as id1_2_4_,
        clothesinf3_.categoryl as category2_2_4_,
        clothesinf3_.categorys as category3_2_4_,
        clothesinf3_.fit as fit4_2_4_,
        clothesinf3_.length as length5_2_4_,
        colors4_.id as id1_4_5_,
        colors4_.name as name2_4_5_,
        materials5_.id as id1_5_6_,
        materials5_.name as name2_5_6_,
        style6_.id as id1_14_7_,
        style6_.name as name2_14_7_,
        salesinfoc7_.id as id1_9_8_,
        salesinfoc7_.clothes_brand as clothes_2_9_8_,
        salesinfoc7_.clothes_color as clothes_3_9_8_,
        salesinfoc7_.clothes_gender as clothes_4_9_8_,
        salesinfoc7_.clothes_size as clothes_5_9_8_,
        salesinfos8_.id as id1_10_9_,
        salesinfos8_.status_score as status_s2_10_9_,
        salesinfos8_.status_tag as status_t3_10_9_,
        salesinfos8_.status_times as status_t4_10_9_,
        salesinfos8_.status_when2buy as status_w5_10_9_,
        salesinfos8_.transport as transpor6_10_9_,
        salesinfou9_.id as id1_11_10_,
        salesinfou9_.user_height as user_hei2_11_10_,
        salesinfou9_.user_size as user_siz3_11_10_,
        salesinfou9_.user_weight as user_wei4_11_10_ 
    from
        members_like_stores_post storeslike0_ 
    left outer join
        stores stores1_ 
            on storeslike0_.store_id=stores1_.id 
    left outer join
        members members2_ 
            on stores1_.author_id=members2_.id 
    left outer join
        clothes_info clothesinf3_ 
            on stores1_.clothes_info_id=clothesinf3_.id 
    left outer join
        colors colors4_ 
            on stores1_.colors_name=colors4_.name 
    left outer join
        materials materials5_ 
            on stores1_.materials_name=materials5_.name 
    left outer join
        style style6_ 
            on stores1_.style_name=style6_.name 
    left outer join
        sales_info_clothes salesinfoc7_ 
            on stores1_.sales_info_clothes_id=salesinfoc7_.id 
    left outer join
        sales_info_status salesinfos8_ 
            on stores1_.sales_info_status_id=salesinfos8_.id 
    left outer join
        sales_info_user salesinfou9_ 
            on stores1_.sales_info_user_id=salesinfou9_.id 
    where
        storeslike0_.user_id=?
Hibernate: 
    select
        storespost0_.author_id as author_i9_12_0_,
        storespost0_.id as id1_12_0_,
        storespost0_.id as id1_12_1_,
        storespost0_.created_date as created_2_12_1_,
        storespost0_.modified_date as modified3_12_1_,
        storespost0_.author_id as author_i9_12_1_,
        storespost0_.clothes_info_id as clothes10_12_1_,
        storespost0_.colors_name as colors_11_12_1_,
        storespost0_.materials_name as materia12_12_1_,
        storespost0_.style_name as style_n13_12_1_,
        storespost0_.clothes_length as clothes_4_12_1_,
        storespost0_.content as content5_12_1_,
        storespost0_.price as price6_12_1_,
        storespost0_.sales_info_clothes_id as sales_i14_12_1_,
        storespost0_.sales_info_status_id as sales_i15_12_1_,
        storespost0_.sales_info_user_id as sales_i16_12_1_,
        storespost0_.status as status7_12_1_,
        storespost0_.title as title8_12_1_,
        clothesinf1_.id as id1_2_2_,
        clothesinf1_.categoryl as category2_2_2_,
        clothesinf1_.categorys as category3_2_2_,
        clothesinf1_.fit as fit4_2_2_,
        clothesinf1_.length as length5_2_2_,
        colors2_.id as id1_4_3_,
        colors2_.name as name2_4_3_,
        materials3_.id as id1_5_4_,
        materials3_.name as name2_5_4_,
        style4_.id as id1_14_5_,
        style4_.name as name2_14_5_,
        salesinfoc5_.id as id1_9_6_,
        salesinfoc5_.clothes_brand as clothes_2_9_6_,
        salesinfoc5_.clothes_color as clothes_3_9_6_,
        salesinfoc5_.clothes_gender as clothes_4_9_6_,
        salesinfoc5_.clothes_size as clothes_5_9_6_,
        salesinfos6_.id as id1_10_7_,
        salesinfos6_.status_score as status_s2_10_7_,
        salesinfos6_.status_tag as status_t3_10_7_,
        salesinfos6_.status_times as status_t4_10_7_,
        salesinfos6_.status_when2buy as status_w5_10_7_,
        salesinfos6_.transport as transpor6_10_7_,
        salesinfou7_.id as id1_11_8_,
        salesinfou7_.user_height as user_hei2_11_8_,
        salesinfou7_.user_size as user_siz3_11_8_,
        salesinfou7_.user_weight as user_wei4_11_8_ 
    from
        stores storespost0_ 
    left outer join
        clothes_info clothesinf1_ 
            on storespost0_.clothes_info_id=clothesinf1_.id 
    left outer join
        colors colors2_ 
            on storespost0_.colors_name=colors2_.name 
    left outer join
        materials materials3_ 
            on storespost0_.materials_name=materials3_.name 
    left outer join
        style style4_ 
            on storespost0_.style_name=style4_.name 
    left outer join
        sales_info_clothes salesinfoc5_ 
            on storespost0_.sales_info_clothes_id=salesinfoc5_.id 
    left outer join
        sales_info_status salesinfos6_ 
            on storespost0_.sales_info_status_id=salesinfos6_.id 
    left outer join
        sales_info_user salesinfou7_ 
            on storespost0_.sales_info_user_id=salesinfou7_.id 
    where
        storespost0_.author_id=?
Hibernate: 
    select
        comments0_.post_id as post_id6_13_0_,
        comments0_.id as id1_13_0_,
        comments0_.id as id1_13_1_,
        comments0_.created_date as created_2_13_1_,
        comments0_.modified_date as modified3_13_1_,
        comments0_.content as content4_13_1_,
        comments0_.user_id as user_id5_13_1_,
        comments0_.post_id as post_id6_13_1_,
        members1_.id as id1_6_2_,
        members1_.email as email2_6_2_,
        members1_.image as image3_6_2_,
        members1_.name as name4_6_2_,
        members1_.nickname as nickname5_6_2_,
        members1_.password as password6_6_2_,
        members1_.phone as phone7_6_2_,
        members1_.refresh_token as refresh_8_6_2_,
        members1_.role as role9_6_2_ 
    from
        stores_comments comments0_ 
    left outer join
        members members1_ 
            on comments0_.user_id=members1_.id 
    where
        comments0_.post_id=?
Hibernate: 
    select
        images0_.stores_post_id as stores_p5_3_0_,
        images0_.id as id1_3_0_,
        images0_.id as id1_3_1_,
        images0_.closets_post_id as closets_4_3_1_,
        images0_.path as path2_3_1_,
        images0_.stores_post_id as stores_p5_3_1_,
        images0_.type as type3_3_1_,
        closets1_.id as id1_1_2_,
        closets1_.created_date as created_2_1_2_,
        closets1_.modified_date as modified3_1_2_,
        closets1_.author_id as author_i4_1_2_,
        closets1_.clothes_info_id as clothes_5_1_2_,
        closets1_.colors_name as colors_n6_1_2_,
        closets1_.materials_name as material7_1_2_,
        closets1_.style_name as style_na8_1_2_,
        members2_.id as id1_6_3_,
        members2_.email as email2_6_3_,
        members2_.image as image3_6_3_,
        members2_.name as name4_6_3_,
        members2_.nickname as nickname5_6_3_,
        members2_.password as password6_6_3_,
        members2_.phone as phone7_6_3_,
        members2_.refresh_token as refresh_8_6_3_,
        members2_.role as role9_6_3_,
        clothesinf3_.id as id1_2_4_,
        clothesinf3_.categoryl as category2_2_4_,
        clothesinf3_.categorys as category3_2_4_,
        clothesinf3_.fit as fit4_2_4_,
        clothesinf3_.length as length5_2_4_,
        colors4_.id as id1_4_5_,
        colors4_.name as name2_4_5_,
        materials5_.id as id1_5_6_,
        materials5_.name as name2_5_6_,
        style6_.id as id1_14_7_,
        style6_.name as name2_14_7_ 
    from
        clothes_image images0_ 
    left outer join
        closets closets1_ 
            on images0_.closets_post_id=closets1_.id 
    left outer join
        members members2_ 
            on closets1_.author_id=members2_.id 
    left outer join
        clothes_info clothesinf3_ 
            on closets1_.clothes_info_id=clothesinf3_.id 
    left outer join
        colors colors4_ 
            on closets1_.colors_name=colors4_.name 
    left outer join
        materials materials5_ 
            on closets1_.materials_name=materials5_.name 
    left outer join
        style style6_ 
            on closets1_.style_name=style6_.name 
    where
        images0_.stores_post_id=?
Hibernate: 
    select
        comments0_.post_id as post_id6_13_0_,
        comments0_.id as id1_13_0_,
        comments0_.id as id1_13_1_,
        comments0_.created_date as created_2_13_1_,
        comments0_.modified_date as modified3_13_1_,
        comments0_.content as content4_13_1_,
        comments0_.user_id as user_id5_13_1_,
        comments0_.post_id as post_id6_13_1_,
        members1_.id as id1_6_2_,
        members1_.email as email2_6_2_,
        members1_.image as image3_6_2_,
        members1_.name as name4_6_2_,
        members1_.nickname as nickname5_6_2_,
        members1_.password as password6_6_2_,
        members1_.phone as phone7_6_2_,
        members1_.refresh_token as refresh_8_6_2_,
        members1_.role as role9_6_2_ 
    from
        stores_comments comments0_ 
    left outer join
        members members1_ 
            on comments0_.user_id=members1_.id 
    where
        comments0_.post_id=?
Hibernate: 
    select
        images0_.stores_post_id as stores_p5_3_0_,
        images0_.id as id1_3_0_,
        images0_.id as id1_3_1_,
        images0_.closets_post_id as closets_4_3_1_,
        images0_.path as path2_3_1_,
        images0_.stores_post_id as stores_p5_3_1_,
        images0_.type as type3_3_1_,
        closets1_.id as id1_1_2_,
        closets1_.created_date as created_2_1_2_,
        closets1_.modified_date as modified3_1_2_,
        closets1_.author_id as author_i4_1_2_,
        closets1_.clothes_info_id as clothes_5_1_2_,
        closets1_.colors_name as colors_n6_1_2_,
        closets1_.materials_name as material7_1_2_,
        closets1_.style_name as style_na8_1_2_,
        members2_.id as id1_6_3_,
        members2_.email as email2_6_3_,
        members2_.image as image3_6_3_,
        members2_.name as name4_6_3_,
        members2_.nickname as nickname5_6_3_,
        members2_.password as password6_6_3_,
        members2_.phone as phone7_6_3_,
        members2_.refresh_token as refresh_8_6_3_,
        members2_.role as role9_6_3_,
        clothesinf3_.id as id1_2_4_,
        clothesinf3_.categoryl as category2_2_4_,
        clothesinf3_.categorys as category3_2_4_,
        clothesinf3_.fit as fit4_2_4_,
        clothesinf3_.length as length5_2_4_,
        colors4_.id as id1_4_5_,
        colors4_.name as name2_4_5_,
        materials5_.id as id1_5_6_,
        materials5_.name as name2_5_6_,
        style6_.id as id1_14_7_,
        style6_.name as name2_14_7_ 
    from
        clothes_image images0_ 
    left outer join
        closets closets1_ 
            on images0_.closets_post_id=closets1_.id 
    left outer join
        members members2_ 
            on closets1_.author_id=members2_.id 
    left outer join
        clothes_info clothesinf3_ 
            on closets1_.clothes_info_id=clothesinf3_.id 
    left outer join
        colors colors4_ 
            on closets1_.colors_name=colors4_.name 
    left outer join
        materials materials5_ 
            on closets1_.materials_name=materials5_.name 
    left outer join
        style style6_ 
            on closets1_.style_name=style6_.name 
    where
        images0_.stores_post_id=?
Hibernate: 
    select
        comments0_.post_id as post_id6_13_0_,
        comments0_.id as id1_13_0_,
        comments0_.id as id1_13_1_,
        comments0_.created_date as created_2_13_1_,
        comments0_.modified_date as modified3_13_1_,
        comments0_.content as content4_13_1_,
        comments0_.user_id as user_id5_13_1_,
        comments0_.post_id as post_id6_13_1_,
        members1_.id as id1_6_2_,
        members1_.email as email2_6_2_,
        members1_.image as image3_6_2_,
        members1_.name as name4_6_2_,
        members1_.nickname as nickname5_6_2_,
        members1_.password as password6_6_2_,
        members1_.phone as phone7_6_2_,
        members1_.refresh_token as refresh_8_6_2_,
        members1_.role as role9_6_2_ 
    from
        stores_comments comments0_ 
    left outer join
        members members1_ 
            on comments0_.user_id=members1_.id 
    where
        comments0_.post_id=?
Hibernate: 
    select
        images0_.stores_post_id as stores_p5_3_0_,
        images0_.id as id1_3_0_,
        images0_.id as id1_3_1_,
        images0_.closets_post_id as closets_4_3_1_,
        images0_.path as path2_3_1_,
        images0_.stores_post_id as stores_p5_3_1_,
        images0_.type as type3_3_1_,
        closets1_.id as id1_1_2_,
        closets1_.created_date as created_2_1_2_,
        closets1_.modified_date as modified3_1_2_,
        closets1_.author_id as author_i4_1_2_,
        closets1_.clothes_info_id as clothes_5_1_2_,
        closets1_.colors_name as colors_n6_1_2_,
        closets1_.materials_name as material7_1_2_,
        closets1_.style_name as style_na8_1_2_,
        members2_.id as id1_6_3_,
        members2_.email as email2_6_3_,
        members2_.image as image3_6_3_,
        members2_.name as name4_6_3_,
        members2_.nickname as nickname5_6_3_,
        members2_.password as password6_6_3_,
        members2_.phone as phone7_6_3_,
        members2_.refresh_token as refresh_8_6_3_,
        members2_.role as role9_6_3_,
        clothesinf3_.id as id1_2_4_,
        clothesinf3_.categoryl as category2_2_4_,
        clothesinf3_.categorys as category3_2_4_,
        clothesinf3_.fit as fit4_2_4_,
        clothesinf3_.length as length5_2_4_,
        colors4_.id as id1_4_5_,
        colors4_.name as name2_4_5_,
        materials5_.id as id1_5_6_,
        materials5_.name as name2_5_6_,
        style6_.id as id1_14_7_,
        style6_.name as name2_14_7_ 
    from
        clothes_image images0_ 
    left outer join
        closets closets1_ 
            on images0_.closets_post_id=closets1_.id 
    left outer join
        members members2_ 
            on closets1_.author_id=members2_.id 
    left outer join
        clothes_info clothesinf3_ 
            on closets1_.clothes_info_id=clothesinf3_.id 
    left outer join
        colors colors4_ 
            on closets1_.colors_name=colors4_.name 
    left outer join
        materials materials5_ 
            on closets1_.materials_name=materials5_.name 
    left outer join
        style style6_ 
            on closets1_.style_name=style6_.name 
    where
        images0_.stores_post_id=?
Hibernate: 
    select
        comments0_.post_id as post_id6_13_0_,
        comments0_.id as id1_13_0_,
        comments0_.id as id1_13_1_,
        comments0_.created_date as created_2_13_1_,
        comments0_.modified_date as modified3_13_1_,
        comments0_.content as content4_13_1_,
        comments0_.user_id as user_id5_13_1_,
        comments0_.post_id as post_id6_13_1_,
        members1_.id as id1_6_2_,
        members1_.email as email2_6_2_,
        members1_.image as image3_6_2_,
        members1_.name as name4_6_2_,
        members1_.nickname as nickname5_6_2_,
        members1_.password as password6_6_2_,
        members1_.phone as phone7_6_2_,
        members1_.refresh_token as refresh_8_6_2_,
        members1_.role as role9_6_2_ 
    from
        stores_comments comments0_ 
    left outer join
        members members1_ 
            on comments0_.user_id=members1_.id 
    where
        comments0_.post_id=?
Hibernate: 
    select
        images0_.stores_post_id as stores_p5_3_0_,
        images0_.id as id1_3_0_,
        images0_.id as id1_3_1_,
        images0_.closets_post_id as closets_4_3_1_,
        images0_.path as path2_3_1_,
        images0_.stores_post_id as stores_p5_3_1_,
        images0_.type as type3_3_1_,
        closets1_.id as id1_1_2_,
        closets1_.created_date as created_2_1_2_,
        closets1_.modified_date as modified3_1_2_,
        closets1_.author_id as author_i4_1_2_,
        closets1_.clothes_info_id as clothes_5_1_2_,
        closets1_.colors_name as colors_n6_1_2_,
        closets1_.materials_name as material7_1_2_,
        closets1_.style_name as style_na8_1_2_,
        members2_.id as id1_6_3_,
        members2_.email as email2_6_3_,
        members2_.image as image3_6_3_,
        members2_.name as name4_6_3_,
        members2_.nickname as nickname5_6_3_,
        members2_.password as password6_6_3_,
        members2_.phone as phone7_6_3_,
        members2_.refresh_token as refresh_8_6_3_,
        members2_.role as role9_6_3_,
        clothesinf3_.id as id1_2_4_,
        clothesinf3_.categoryl as category2_2_4_,
        clothesinf3_.categorys as category3_2_4_,
        clothesinf3_.fit as fit4_2_4_,
        clothesinf3_.length as length5_2_4_,
        colors4_.id as id1_4_5_,
        colors4_.name as name2_4_5_,
        materials5_.id as id1_5_6_,
        materials5_.name as name2_5_6_,
        style6_.id as id1_14_7_,
        style6_.name as name2_14_7_ 
    from
        clothes_image images0_ 
    left outer join
        closets closets1_ 
            on images0_.closets_post_id=closets1_.id 
    left outer join
        members members2_ 
            on closets1_.author_id=members2_.id 
    left outer join
        clothes_info clothesinf3_ 
            on closets1_.clothes_info_id=clothesinf3_.id 
    left outer join
        colors colors4_ 
            on closets1_.colors_name=colors4_.name 
    left outer join
        materials materials5_ 
            on closets1_.materials_name=materials5_.name 
    left outer join
        style style6_ 
            on closets1_.style_name=style6_.name 
    where
        images0_.stores_post_id=?
Hibernate: 
    select
        comments0_.post_id as post_id6_13_0_,
        comments0_.id as id1_13_0_,
        comments0_.id as id1_13_1_,
        comments0_.created_date as created_2_13_1_,
        comments0_.modified_date as modified3_13_1_,
        comments0_.content as content4_13_1_,
        comments0_.user_id as user_id5_13_1_,
        comments0_.post_id as post_id6_13_1_,
        members1_.id as id1_6_2_,
        members1_.email as email2_6_2_,
        members1_.image as image3_6_2_,
        members1_.name as name4_6_2_,
        members1_.nickname as nickname5_6_2_,
        members1_.password as password6_6_2_,
        members1_.phone as phone7_6_2_,
        members1_.refresh_token as refresh_8_6_2_,
        members1_.role as role9_6_2_ 
    from
        stores_comments comments0_ 
    left outer join
        members members1_ 
            on comments0_.user_id=members1_.id 
    where
        comments0_.post_id=?
Hibernate: 
    select
        images0_.stores_post_id as stores_p5_3_0_,
        images0_.id as id1_3_0_,
        images0_.id as id1_3_1_,
        images0_.closets_post_id as closets_4_3_1_,
        images0_.path as path2_3_1_,
        images0_.stores_post_id as stores_p5_3_1_,
        images0_.type as type3_3_1_,
        closets1_.id as id1_1_2_,
        closets1_.created_date as created_2_1_2_,
        closets1_.modified_date as modified3_1_2_,
        closets1_.author_id as author_i4_1_2_,
        closets1_.clothes_info_id as clothes_5_1_2_,
        closets1_.colors_name as colors_n6_1_2_,
        closets1_.materials_name as material7_1_2_,
        closets1_.style_name as style_na8_1_2_,
        members2_.id as id1_6_3_,
        members2_.email as email2_6_3_,
        members2_.image as image3_6_3_,
        members2_.name as name4_6_3_,
        members2_.nickname as nickname5_6_3_,
        members2_.password as password6_6_3_,
        members2_.phone as phone7_6_3_,
        members2_.refresh_token as refresh_8_6_3_,
        members2_.role as role9_6_3_,
        clothesinf3_.id as id1_2_4_,
        clothesinf3_.categoryl as category2_2_4_,
        clothesinf3_.categorys as category3_2_4_,
        clothesinf3_.fit as fit4_2_4_,
        clothesinf3_.length as length5_2_4_,
        colors4_.id as id1_4_5_,
        colors4_.name as name2_4_5_,
        materials5_.id as id1_5_6_,
        materials5_.name as name2_5_6_,
        style6_.id as id1_14_7_,
        style6_.name as name2_14_7_ 
    from
        clothes_image images0_ 
    left outer join
        closets closets1_ 
            on images0_.closets_post_id=closets1_.id 
    left outer join
        members members2_ 
            on closets1_.author_id=members2_.id 
    left outer join
        clothes_info clothesinf3_ 
            on closets1_.clothes_info_id=clothesinf3_.id 
    left outer join
        colors colors4_ 
            on closets1_.colors_name=colors4_.name 
    left outer join
        materials materials5_ 
            on closets1_.materials_name=materials5_.name 
    left outer join
        style style6_ 
            on closets1_.style_name=style6_.name 
    where
        images0_.stores_post_id=?
Hibernate: 
    select
        comments0_.post_id as post_id6_13_0_,
        comments0_.id as id1_13_0_,
        comments0_.id as id1_13_1_,
        comments0_.created_date as created_2_13_1_,
        comments0_.modified_date as modified3_13_1_,
        comments0_.content as content4_13_1_,
        comments0_.user_id as user_id5_13_1_,
        comments0_.post_id as post_id6_13_1_,
        members1_.id as id1_6_2_,
        members1_.email as email2_6_2_,
        members1_.image as image3_6_2_,
        members1_.name as name4_6_2_,
        members1_.nickname as nickname5_6_2_,
        members1_.password as password6_6_2_,
        members1_.phone as phone7_6_2_,
        members1_.refresh_token as refresh_8_6_2_,
        members1_.role as role9_6_2_ 
    from
        stores_comments comments0_ 
    left outer join
        members members1_ 
            on comments0_.user_id=members1_.id 
    where
        comments0_.post_id=?
Hibernate: 
    select
        images0_.stores_post_id as stores_p5_3_0_,
        images0_.id as id1_3_0_,
        images0_.id as id1_3_1_,
        images0_.closets_post_id as closets_4_3_1_,
        images0_.path as path2_3_1_,
        images0_.stores_post_id as stores_p5_3_1_,
        images0_.type as type3_3_1_,
        closets1_.id as id1_1_2_,
        closets1_.created_date as created_2_1_2_,
        closets1_.modified_date as modified3_1_2_,
        closets1_.author_id as author_i4_1_2_,
        closets1_.clothes_info_id as clothes_5_1_2_,
        closets1_.colors_name as colors_n6_1_2_,
        closets1_.materials_name as material7_1_2_,
        closets1_.style_name as style_na8_1_2_,
        members2_.id as id1_6_3_,
        members2_.email as email2_6_3_,
        members2_.image as image3_6_3_,
        members2_.name as name4_6_3_,
        members2_.nickname as nickname5_6_3_,
        members2_.password as password6_6_3_,
        members2_.phone as phone7_6_3_,
        members2_.refresh_token as refresh_8_6_3_,
        members2_.role as role9_6_3_,
        clothesinf3_.id as id1_2_4_,
        clothesinf3_.categoryl as category2_2_4_,
        clothesinf3_.categorys as category3_2_4_,
        clothesinf3_.fit as fit4_2_4_,
        clothesinf3_.length as length5_2_4_,
        colors4_.id as id1_4_5_,
        colors4_.name as name2_4_5_,
        materials5_.id as id1_5_6_,
        materials5_.name as name2_5_6_,
        style6_.id as id1_14_7_,
        style6_.name as name2_14_7_ 
    from
        clothes_image images0_ 
    left outer join
        closets closets1_ 
            on images0_.closets_post_id=closets1_.id 
    left outer join
        members members2_ 
            on closets1_.author_id=members2_.id 
    left outer join
        clothes_info clothesinf3_ 
            on closets1_.clothes_info_id=clothesinf3_.id 
    left outer join
        colors colors4_ 
            on closets1_.colors_name=colors4_.name 
    left outer join
        materials materials5_ 
            on closets1_.materials_name=materials5_.name 
    left outer join
        style style6_ 
            on closets1_.style_name=style6_.name 
    where
        images0_.stores_post_id=?
Hibernate: 
    select
        comments0_.post_id as post_id6_13_0_,
        comments0_.id as id1_13_0_,
        comments0_.id as id1_13_1_,
        comments0_.created_date as created_2_13_1_,
        comments0_.modified_date as modified3_13_1_,
        comments0_.content as content4_13_1_,
        comments0_.user_id as user_id5_13_1_,
        comments0_.post_id as post_id6_13_1_,
        members1_.id as id1_6_2_,
        members1_.email as email2_6_2_,
        members1_.image as image3_6_2_,
        members1_.name as name4_6_2_,
        members1_.nickname as nickname5_6_2_,
        members1_.password as password6_6_2_,
        members1_.phone as phone7_6_2_,
        members1_.refresh_token as refresh_8_6_2_,
        members1_.role as role9_6_2_ 
    from
        stores_comments comments0_ 
    left outer join
        members members1_ 
            on comments0_.user_id=members1_.id 
    where
        comments0_.post_id=?
Hibernate: 
    select
        images0_.stores_post_id as stores_p5_3_0_,
        images0_.id as id1_3_0_,
        images0_.id as id1_3_1_,
        images0_.closets_post_id as closets_4_3_1_,
        images0_.path as path2_3_1_,
        images0_.stores_post_id as stores_p5_3_1_,
        images0_.type as type3_3_1_,
        closets1_.id as id1_1_2_,
        closets1_.created_date as created_2_1_2_,
        closets1_.modified_date as modified3_1_2_,
        closets1_.author_id as author_i4_1_2_,
        closets1_.clothes_info_id as clothes_5_1_2_,
        closets1_.colors_name as colors_n6_1_2_,
        closets1_.materials_name as material7_1_2_,
        closets1_.style_name as style_na8_1_2_,
        members2_.id as id1_6_3_,
        members2_.email as email2_6_3_,
        members2_.image as image3_6_3_,
        members2_.name as name4_6_3_,
        members2_.nickname as nickname5_6_3_,
        members2_.password as password6_6_3_,
        members2_.phone as phone7_6_3_,
        members2_.refresh_token as refresh_8_6_3_,
        members2_.role as role9_6_3_,
        clothesinf3_.id as id1_2_4_,
        clothesinf3_.categoryl as category2_2_4_,
        clothesinf3_.categorys as category3_2_4_,
        clothesinf3_.fit as fit4_2_4_,
        clothesinf3_.length as length5_2_4_,
        colors4_.id as id1_4_5_,
        colors4_.name as name2_4_5_,
        materials5_.id as id1_5_6_,
        materials5_.name as name2_5_6_,
        style6_.id as id1_14_7_,
        style6_.name as name2_14_7_ 
    from
        clothes_image images0_ 
    left outer join
        closets closets1_ 
            on images0_.closets_post_id=closets1_.id 
    left outer join
        members members2_ 
            on closets1_.author_id=members2_.id 
    left outer join
        clothes_info clothesinf3_ 
            on closets1_.clothes_info_id=clothesinf3_.id 
    left outer join
        colors colors4_ 
            on closets1_.colors_name=colors4_.name 
    left outer join
        materials materials5_ 
            on closets1_.materials_name=materials5_.name 
    left outer join
        style style6_ 
            on closets1_.style_name=style6_.name 
    where
        images0_.stores_post_id=?
Hibernate: 
    select
        comments0_.post_id as post_id6_13_0_,
        comments0_.id as id1_13_0_,
        comments0_.id as id1_13_1_,
        comments0_.created_date as created_2_13_1_,
        comments0_.modified_date as modified3_13_1_,
        comments0_.content as content4_13_1_,
        comments0_.user_id as user_id5_13_1_,
        comments0_.post_id as post_id6_13_1_,
        members1_.id as id1_6_2_,
        members1_.email as email2_6_2_,
        members1_.image as image3_6_2_,
        members1_.name as name4_6_2_,
        members1_.nickname as nickname5_6_2_,
        members1_.password as password6_6_2_,
        members1_.phone as phone7_6_2_,
        members1_.refresh_token as refresh_8_6_2_,
        members1_.role as role9_6_2_ 
    from
        stores_comments comments0_ 
    left outer join
        members members1_ 
            on comments0_.user_id=members1_.id 
    where
        comments0_.post_id=?
Hibernate: 
    select
        images0_.stores_post_id as stores_p5_3_0_,
        images0_.id as id1_3_0_,
        images0_.id as id1_3_1_,
        images0_.closets_post_id as closets_4_3_1_,
        images0_.path as path2_3_1_,
        images0_.stores_post_id as stores_p5_3_1_,
        images0_.type as type3_3_1_,
        closets1_.id as id1_1_2_,
        closets1_.created_date as created_2_1_2_,
        closets1_.modified_date as modified3_1_2_,
        closets1_.author_id as author_i4_1_2_,
        closets1_.clothes_info_id as clothes_5_1_2_,
        closets1_.colors_name as colors_n6_1_2_,
        closets1_.materials_name as material7_1_2_,
        closets1_.style_name as style_na8_1_2_,
        members2_.id as id1_6_3_,
        members2_.email as email2_6_3_,
        members2_.image as image3_6_3_,
        members2_.name as name4_6_3_,
        members2_.nickname as nickname5_6_3_,
        members2_.password as password6_6_3_,
        members2_.phone as phone7_6_3_,
        members2_.refresh_token as refresh_8_6_3_,
        members2_.role as role9_6_3_,
        clothesinf3_.id as id1_2_4_,
        clothesinf3_.categoryl as category2_2_4_,
        clothesinf3_.categorys as category3_2_4_,
        clothesinf3_.fit as fit4_2_4_,
        clothesinf3_.length as length5_2_4_,
        colors4_.id as id1_4_5_,
        colors4_.name as name2_4_5_,
        materials5_.id as id1_5_6_,
        materials5_.name as name2_5_6_,
        style6_.id as id1_14_7_,
        style6_.name as name2_14_7_ 
    from
        clothes_image images0_ 
    left outer join
        closets closets1_ 
            on images0_.closets_post_id=closets1_.id 
    left outer join
        members members2_ 
            on closets1_.author_id=members2_.id 
    left outer join
        clothes_info clothesinf3_ 
            on closets1_.clothes_info_id=clothesinf3_.id 
    left outer join
        colors colors4_ 
            on closets1_.colors_name=colors4_.name 
    left outer join
        materials materials5_ 
            on closets1_.materials_name=materials5_.name 
    left outer join
        style style6_ 
            on closets1_.style_name=style6_.name 
    where
        images0_.stores_post_id=?
Hibernate: 
    select
        comments0_.post_id as post_id6_13_0_,
        comments0_.id as id1_13_0_,
        comments0_.id as id1_13_1_,
        comments0_.created_date as created_2_13_1_,
        comments0_.modified_date as modified3_13_1_,
        comments0_.content as content4_13_1_,
        comments0_.user_id as user_id5_13_1_,
        comments0_.post_id as post_id6_13_1_,
        members1_.id as id1_6_2_,
        members1_.email as email2_6_2_,
        members1_.image as image3_6_2_,
        members1_.name as name4_6_2_,
        members1_.nickname as nickname5_6_2_,
        members1_.password as password6_6_2_,
        members1_.phone as phone7_6_2_,
        members1_.refresh_token as refresh_8_6_2_,
        members1_.role as role9_6_2_ 
    from
        stores_comments comments0_ 
    left outer join
        members members1_ 
            on comments0_.user_id=members1_.id 
    where
        comments0_.post_id=?
Hibernate: 
    select
        images0_.stores_post_id as stores_p5_3_0_,
        images0_.id as id1_3_0_,
        images0_.id as id1_3_1_,
        images0_.closets_post_id as closets_4_3_1_,
        images0_.path as path2_3_1_,
        images0_.stores_post_id as stores_p5_3_1_,
        images0_.type as type3_3_1_,
        closets1_.id as id1_1_2_,
        closets1_.created_date as created_2_1_2_,
        closets1_.modified_date as modified3_1_2_,
        closets1_.author_id as author_i4_1_2_,
        closets1_.clothes_info_id as clothes_5_1_2_,
        closets1_.colors_name as colors_n6_1_2_,
        closets1_.materials_name as material7_1_2_,
        closets1_.style_name as style_na8_1_2_,
        members2_.id as id1_6_3_,
        members2_.email as email2_6_3_,
        members2_.image as image3_6_3_,
        members2_.name as name4_6_3_,
        members2_.nickname as nickname5_6_3_,
        members2_.password as password6_6_3_,
        members2_.phone as phone7_6_3_,
        members2_.refresh_token as refresh_8_6_3_,
        members2_.role as role9_6_3_,
        clothesinf3_.id as id1_2_4_,
        clothesinf3_.categoryl as category2_2_4_,
        clothesinf3_.categorys as category3_2_4_,
        clothesinf3_.fit as fit4_2_4_,
        clothesinf3_.length as length5_2_4_,
        colors4_.id as id1_4_5_,
        colors4_.name as name2_4_5_,
        materials5_.id as id1_5_6_,
        materials5_.name as name2_5_6_,
        style6_.id as id1_14_7_,
        style6_.name as name2_14_7_ 
    from
        clothes_image images0_ 
    left outer join
        closets closets1_ 
            on images0_.closets_post_id=closets1_.id 
    left outer join
        members members2_ 
            on closets1_.author_id=members2_.id 
    left outer join
        clothes_info clothesinf3_ 
            on closets1_.clothes_info_id=clothesinf3_.id 
    left outer join
        colors colors4_ 
            on closets1_.colors_name=colors4_.name 
    left outer join
        materials materials5_ 
            on closets1_.materials_name=materials5_.name 
    left outer join
        style style6_ 
            on closets1_.style_name=style6_.name 
    where
        images0_.stores_post_id=?
Hibernate: 
    select
        comments0_.post_id as post_id6_13_0_,
        comments0_.id as id1_13_0_,
        comments0_.id as id1_13_1_,
        comments0_.created_date as created_2_13_1_,
        comments0_.modified_date as modified3_13_1_,
        comments0_.content as content4_13_1_,
        comments0_.user_id as user_id5_13_1_,
        comments0_.post_id as post_id6_13_1_,
        members1_.id as id1_6_2_,
        members1_.email as email2_6_2_,
        members1_.image as image3_6_2_,
        members1_.name as name4_6_2_,
        members1_.nickname as nickname5_6_2_,
        members1_.password as password6_6_2_,
        members1_.phone as phone7_6_2_,
        members1_.refresh_token as refresh_8_6_2_,
        members1_.role as role9_6_2_ 
    from
        stores_comments comments0_ 
    left outer join
        members members1_ 
            on comments0_.user_id=members1_.id 
    where
        comments0_.post_id=?
Hibernate: 
    select
        images0_.stores_post_id as stores_p5_3_0_,
        images0_.id as id1_3_0_,
        images0_.id as id1_3_1_,
        images0_.closets_post_id as closets_4_3_1_,
        images0_.path as path2_3_1_,
        images0_.stores_post_id as stores_p5_3_1_,
        images0_.type as type3_3_1_,
        closets1_.id as id1_1_2_,
        closets1_.created_date as created_2_1_2_,
        closets1_.modified_date as modified3_1_2_,
        closets1_.author_id as author_i4_1_2_,
        closets1_.clothes_info_id as clothes_5_1_2_,
        closets1_.colors_name as colors_n6_1_2_,
        closets1_.materials_name as material7_1_2_,
        closets1_.style_name as style_na8_1_2_,
        members2_.id as id1_6_3_,
        members2_.email as email2_6_3_,
        members2_.image as image3_6_3_,
        members2_.name as name4_6_3_,
        members2_.nickname as nickname5_6_3_,
        members2_.password as password6_6_3_,
        members2_.phone as phone7_6_3_,
        members2_.refresh_token as refresh_8_6_3_,
        members2_.role as role9_6_3_,
        clothesinf3_.id as id1_2_4_,
        clothesinf3_.categoryl as category2_2_4_,
        clothesinf3_.categorys as category3_2_4_,
        clothesinf3_.fit as fit4_2_4_,
        clothesinf3_.length as length5_2_4_,
        colors4_.id as id1_4_5_,
        colors4_.name as name2_4_5_,
        materials5_.id as id1_5_6_,
        materials5_.name as name2_5_6_,
        style6_.id as id1_14_7_,
        style6_.name as name2_14_7_ 
    from
        clothes_image images0_ 
    left outer join
        closets closets1_ 
            on images0_.closets_post_id=closets1_.id 
    left outer join
        members members2_ 
            on closets1_.author_id=members2_.id 
    left outer join
        clothes_info clothesinf3_ 
            on closets1_.clothes_info_id=clothesinf3_.id 
    left outer join
        colors colors4_ 
            on closets1_.colors_name=colors4_.name 
    left outer join
        materials materials5_ 
            on closets1_.materials_name=materials5_.name 
    left outer join
        style style6_ 
            on closets1_.style_name=style6_.name 
    where
        images0_.stores_post_id=?
Hibernate: 
    select
        comments0_.post_id as post_id6_13_0_,
        comments0_.id as id1_13_0_,
        comments0_.id as id1_13_1_,
        comments0_.created_date as created_2_13_1_,
        comments0_.modified_date as modified3_13_1_,
        comments0_.content as content4_13_1_,
        comments0_.user_id as user_id5_13_1_,
        comments0_.post_id as post_id6_13_1_,
        members1_.id as id1_6_2_,
        members1_.email as email2_6_2_,
        members1_.image as image3_6_2_,
        members1_.name as name4_6_2_,
        members1_.nickname as nickname5_6_2_,
        members1_.password as password6_6_2_,
        members1_.phone as phone7_6_2_,
        members1_.refresh_token as refresh_8_6_2_,
        members1_.role as role9_6_2_ 
    from
        stores_comments comments0_ 
    left outer join
        members members1_ 
            on comments0_.user_id=members1_.id 
    where
        comments0_.post_id=?
Hibernate: 
    select
        images0_.stores_post_id as stores_p5_3_0_,
        images0_.id as id1_3_0_,
        images0_.id as id1_3_1_,
        images0_.closets_post_id as closets_4_3_1_,
        images0_.path as path2_3_1_,
        images0_.stores_post_id as stores_p5_3_1_,
        images0_.type as type3_3_1_,
        closets1_.id as id1_1_2_,
        closets1_.created_date as created_2_1_2_,
        closets1_.modified_date as modified3_1_2_,
        closets1_.author_id as author_i4_1_2_,
        closets1_.clothes_info_id as clothes_5_1_2_,
        closets1_.colors_name as colors_n6_1_2_,
        closets1_.materials_name as material7_1_2_,
        closets1_.style_name as style_na8_1_2_,
        members2_.id as id1_6_3_,
        members2_.email as email2_6_3_,
        members2_.image as image3_6_3_,
        members2_.name as name4_6_3_,
        members2_.nickname as nickname5_6_3_,
        members2_.password as password6_6_3_,
        members2_.phone as phone7_6_3_,
        members2_.refresh_token as refresh_8_6_3_,
        members2_.role as role9_6_3_,
        clothesinf3_.id as id1_2_4_,
        clothesinf3_.categoryl as category2_2_4_,
        clothesinf3_.categorys as category3_2_4_,
        clothesinf3_.fit as fit4_2_4_,
        clothesinf3_.length as length5_2_4_,
        colors4_.id as id1_4_5_,
        colors4_.name as name2_4_5_,
        materials5_.id as id1_5_6_,
        materials5_.name as name2_5_6_,
        style6_.id as id1_14_7_,
        style6_.name as name2_14_7_ 
    from
        clothes_image images0_ 
    left outer join
        closets closets1_ 
            on images0_.closets_post_id=closets1_.id 
    left outer join
        members members2_ 
            on closets1_.author_id=members2_.id 
    left outer join
        clothes_info clothesinf3_ 
            on closets1_.clothes_info_id=clothesinf3_.id 
    left outer join
        colors colors4_ 
            on closets1_.colors_name=colors4_.name 
    left outer join
        materials materials5_ 
            on closets1_.materials_name=materials5_.name 
    left outer join
        style style6_ 
            on closets1_.style_name=style6_.name 
    where
        images0_.stores_post_id=?
Hibernate: 
    select
        comments0_.post_id as post_id6_13_0_,
        comments0_.id as id1_13_0_,
        comments0_.id as id1_13_1_,
        comments0_.created_date as created_2_13_1_,
        comments0_.modified_date as modified3_13_1_,
        comments0_.content as content4_13_1_,
        comments0_.user_id as user_id5_13_1_,
        comments0_.post_id as post_id6_13_1_,
        members1_.id as id1_6_2_,
        members1_.email as email2_6_2_,
        members1_.image as image3_6_2_,
        members1_.name as name4_6_2_,
        members1_.nickname as nickname5_6_2_,
        members1_.password as password6_6_2_,
        members1_.phone as phone7_6_2_,
        members1_.refresh_token as refresh_8_6_2_,
        members1_.role as role9_6_2_ 
    from
        stores_comments comments0_ 
    left outer join
        members members1_ 
            on comments0_.user_id=members1_.id 
    where
        comments0_.post_id=?
Hibernate: 
    select
        images0_.stores_post_id as stores_p5_3_0_,
        images0_.id as id1_3_0_,
        images0_.id as id1_3_1_,
        images0_.closets_post_id as closets_4_3_1_,
        images0_.path as path2_3_1_,
        images0_.stores_post_id as stores_p5_3_1_,
        images0_.type as type3_3_1_,
        closets1_.id as id1_1_2_,
        closets1_.created_date as created_2_1_2_,
        closets1_.modified_date as modified3_1_2_,
        closets1_.author_id as author_i4_1_2_,
        closets1_.clothes_info_id as clothes_5_1_2_,
        closets1_.colors_name as colors_n6_1_2_,
        closets1_.materials_name as material7_1_2_,
        closets1_.style_name as style_na8_1_2_,
        members2_.id as id1_6_3_,
        members2_.email as email2_6_3_,
        members2_.image as image3_6_3_,
        members2_.name as name4_6_3_,
        members2_.nickname as nickname5_6_3_,
        members2_.password as password6_6_3_,
        members2_.phone as phone7_6_3_,
        members2_.refresh_token as refresh_8_6_3_,
        members2_.role as role9_6_3_,
        clothesinf3_.id as id1_2_4_,
        clothesinf3_.categoryl as category2_2_4_,
        clothesinf3_.categorys as category3_2_4_,
        clothesinf3_.fit as fit4_2_4_,
        clothesinf3_.length as length5_2_4_,
        colors4_.id as id1_4_5_,
        colors4_.name as name2_4_5_,
        materials5_.id as id1_5_6_,
        materials5_.name as name2_5_6_,
        style6_.id as id1_14_7_,
        style6_.name as name2_14_7_ 
    from
        clothes_image images0_ 
    left outer join
        closets closets1_ 
            on images0_.closets_post_id=closets1_.id 
    left outer join
        members members2_ 
            on closets1_.author_id=members2_.id 
    left outer join
        clothes_info clothesinf3_ 
            on closets1_.clothes_info_id=clothesinf3_.id 
    left outer join
        colors colors4_ 
            on closets1_.colors_name=colors4_.name 
    left outer join
        materials materials5_ 
            on closets1_.materials_name=materials5_.name 
    left outer join
        style style6_ 
            on closets1_.style_name=style6_.name 
    where
        images0_.stores_post_id=?
Hibernate: 
    select
        comments0_.post_id as post_id6_13_0_,
        comments0_.id as id1_13_0_,
        comments0_.id as id1_13_1_,
        comments0_.created_date as created_2_13_1_,
        comments0_.modified_date as modified3_13_1_,
        comments0_.content as content4_13_1_,
        comments0_.user_id as user_id5_13_1_,
        comments0_.post_id as post_id6_13_1_,
        members1_.id as id1_6_2_,
        members1_.email as email2_6_2_,
        members1_.image as image3_6_2_,
        members1_.name as name4_6_2_,
        members1_.nickname as nickname5_6_2_,
        members1_.password as password6_6_2_,
        members1_.phone as phone7_6_2_,
        members1_.refresh_token as refresh_8_6_2_,
        members1_.role as role9_6_2_ 
    from
        stores_comments comments0_ 
    left outer join
        members members1_ 
            on comments0_.user_id=members1_.id 
    where
        comments0_.post_id=?
Hibernate: 
    select
        images0_.stores_post_id as stores_p5_3_0_,
        images0_.id as id1_3_0_,
        images0_.id as id1_3_1_,
        images0_.closets_post_id as closets_4_3_1_,
        images0_.path as path2_3_1_,
        images0_.stores_post_id as stores_p5_3_1_,
        images0_.type as type3_3_1_,
        closets1_.id as id1_1_2_,
        closets1_.created_date as created_2_1_2_,
        closets1_.modified_date as modified3_1_2_,
        closets1_.author_id as author_i4_1_2_,
        closets1_.clothes_info_id as clothes_5_1_2_,
        closets1_.colors_name as colors_n6_1_2_,
        closets1_.materials_name as material7_1_2_,
        closets1_.style_name as style_na8_1_2_,
        members2_.id as id1_6_3_,
        members2_.email as email2_6_3_,
        members2_.image as image3_6_3_,
        members2_.name as name4_6_3_,
        members2_.nickname as nickname5_6_3_,
        members2_.password as password6_6_3_,
        members2_.phone as phone7_6_3_,
        members2_.refresh_token as refresh_8_6_3_,
        members2_.role as role9_6_3_,
        clothesinf3_.id as id1_2_4_,
        clothesinf3_.categoryl as category2_2_4_,
        clothesinf3_.categorys as category3_2_4_,
        clothesinf3_.fit as fit4_2_4_,
        clothesinf3_.length as length5_2_4_,
        colors4_.id as id1_4_5_,
        colors4_.name as name2_4_5_,
        materials5_.id as id1_5_6_,
        materials5_.name as name2_5_6_,
        style6_.id as id1_14_7_,
        style6_.name as name2_14_7_ 
    from
        clothes_image images0_ 
    left outer join
        closets closets1_ 
            on images0_.closets_post_id=closets1_.id 
    left outer join
        members members2_ 
            on closets1_.author_id=members2_.id 
    left outer join
        clothes_info clothesinf3_ 
            on closets1_.clothes_info_id=clothesinf3_.id 
    left outer join
        colors colors4_ 
            on closets1_.colors_name=colors4_.name 
    left outer join
        materials materials5_ 
            on closets1_.materials_name=materials5_.name 
    left outer join
        style style6_ 
            on closets1_.style_name=style6_.name 
    where
        images0_.stores_post_id=?
Hibernate: 
    select
        comments0_.post_id as post_id6_13_0_,
        comments0_.id as id1_13_0_,
        comments0_.id as id1_13_1_,
        comments0_.created_date as created_2_13_1_,
        comments0_.modified_date as modified3_13_1_,
        comments0_.content as content4_13_1_,
        comments0_.user_id as user_id5_13_1_,
        comments0_.post_id as post_id6_13_1_,
        members1_.id as id1_6_2_,
        members1_.email as email2_6_2_,
        members1_.image as image3_6_2_,
        members1_.name as name4_6_2_,
        members1_.nickname as nickname5_6_2_,
        members1_.password as password6_6_2_,
        members1_.phone as phone7_6_2_,
        members1_.refresh_token as refresh_8_6_2_,
        members1_.role as role9_6_2_ 
    from
        stores_comments comments0_ 
    left outer join
        members members1_ 
            on comments0_.user_id=members1_.id 
    where
        comments0_.post_id=?
Hibernate: 
    select
        images0_.stores_post_id as stores_p5_3_0_,
        images0_.id as id1_3_0_,
        images0_.id as id1_3_1_,
        images0_.closets_post_id as closets_4_3_1_,
        images0_.path as path2_3_1_,
        images0_.stores_post_id as stores_p5_3_1_,
        images0_.type as type3_3_1_,
        closets1_.id as id1_1_2_,
        closets1_.created_date as created_2_1_2_,
        closets1_.modified_date as modified3_1_2_,
        closets1_.author_id as author_i4_1_2_,
        closets1_.clothes_info_id as clothes_5_1_2_,
        closets1_.colors_name as colors_n6_1_2_,
        closets1_.materials_name as material7_1_2_,
        closets1_.style_name as style_na8_1_2_,
        members2_.id as id1_6_3_,
        members2_.email as email2_6_3_,
        members2_.image as image3_6_3_,
        members2_.name as name4_6_3_,
        members2_.nickname as nickname5_6_3_,
        members2_.password as password6_6_3_,
        members2_.phone as phone7_6_3_,
        members2_.refresh_token as refresh_8_6_3_,
        members2_.role as role9_6_3_,
        clothesinf3_.id as id1_2_4_,
        clothesinf3_.categoryl as category2_2_4_,
        clothesinf3_.categorys as category3_2_4_,
        clothesinf3_.fit as fit4_2_4_,
        clothesinf3_.length as length5_2_4_,
        colors4_.id as id1_4_5_,
        colors4_.name as name2_4_5_,
        materials5_.id as id1_5_6_,
        materials5_.name as name2_5_6_,
        style6_.id as id1_14_7_,
        style6_.name as name2_14_7_ 
    from
        clothes_image images0_ 
    left outer join
        closets closets1_ 
            on images0_.closets_post_id=closets1_.id 
    left outer join
        members members2_ 
            on closets1_.author_id=members2_.id 
    left outer join
        clothes_info clothesinf3_ 
            on closets1_.clothes_info_id=clothesinf3_.id 
    left outer join
        colors colors4_ 
            on closets1_.colors_name=colors4_.name 
    left outer join
        materials materials5_ 
            on closets1_.materials_name=materials5_.name 
    left outer join
        style style6_ 
            on closets1_.style_name=style6_.name 
    where
        images0_.stores_post_id=?
Hibernate: 
    select
        comments0_.post_id as post_id6_13_0_,
        comments0_.id as id1_13_0_,
        comments0_.id as id1_13_1_,
        comments0_.created_date as created_2_13_1_,
        comments0_.modified_date as modified3_13_1_,
        comments0_.content as content4_13_1_,
        comments0_.user_id as user_id5_13_1_,
        comments0_.post_id as post_id6_13_1_,
        members1_.id as id1_6_2_,
        members1_.email as email2_6_2_,
        members1_.image as image3_6_2_,
        members1_.name as name4_6_2_,
        members1_.nickname as nickname5_6_2_,
        members1_.password as password6_6_2_,
        members1_.phone as phone7_6_2_,
        members1_.refresh_token as refresh_8_6_2_,
        members1_.role as role9_6_2_ 
    from
        stores_comments comments0_ 
    left outer join
        members members1_ 
            on comments0_.user_id=members1_.id 
    where
        comments0_.post_id=?
Hibernate: 
    select
        images0_.stores_post_id as stores_p5_3_0_,
        images0_.id as id1_3_0_,
        images0_.id as id1_3_1_,
        images0_.closets_post_id as closets_4_3_1_,
        images0_.path as path2_3_1_,
        images0_.stores_post_id as stores_p5_3_1_,
        images0_.type as type3_3_1_,
        closets1_.id as id1_1_2_,
        closets1_.created_date as created_2_1_2_,
        closets1_.modified_date as modified3_1_2_,
        closets1_.author_id as author_i4_1_2_,
        closets1_.clothes_info_id as clothes_5_1_2_,
        closets1_.colors_name as colors_n6_1_2_,
        closets1_.materials_name as material7_1_2_,
        closets1_.style_name as style_na8_1_2_,
        members2_.id as id1_6_3_,
        members2_.email as email2_6_3_,
        members2_.image as image3_6_3_,
        members2_.name as name4_6_3_,
        members2_.nickname as nickname5_6_3_,
        members2_.password as password6_6_3_,
        members2_.phone as phone7_6_3_,
        members2_.refresh_token as refresh_8_6_3_,
        members2_.role as role9_6_3_,
        clothesinf3_.id as id1_2_4_,
        clothesinf3_.categoryl as category2_2_4_,
        clothesinf3_.categorys as category3_2_4_,
        clothesinf3_.fit as fit4_2_4_,
        clothesinf3_.length as length5_2_4_,
        colors4_.id as id1_4_5_,
        colors4_.name as name2_4_5_,
        materials5_.id as id1_5_6_,
        materials5_.name as name2_5_6_,
        style6_.id as id1_14_7_,
        style6_.name as name2_14_7_ 
    from
        clothes_image images0_ 
    left outer join
        closets closets1_ 
            on images0_.closets_post_id=closets1_.id 
    left outer join
        members members2_ 
            on closets1_.author_id=members2_.id 
    left outer join
        clothes_info clothesinf3_ 
            on closets1_.clothes_info_id=clothesinf3_.id 
    left outer join
        colors colors4_ 
            on closets1_.colors_name=colors4_.name 
    left outer join
        materials materials5_ 
            on closets1_.materials_name=materials5_.name 
    left outer join
        style style6_ 
            on closets1_.style_name=style6_.name 
    where
        images0_.stores_post_id=?
Hibernate: 
    select
        comments0_.post_id as post_id6_13_0_,
        comments0_.id as id1_13_0_,
        comments0_.id as id1_13_1_,
        comments0_.created_date as created_2_13_1_,
        comments0_.modified_date as modified3_13_1_,
        comments0_.content as content4_13_1_,
        comments0_.user_id as user_id5_13_1_,
        comments0_.post_id as post_id6_13_1_,
        members1_.id as id1_6_2_,
        members1_.email as email2_6_2_,
        members1_.image as image3_6_2_,
        members1_.name as name4_6_2_,
        members1_.nickname as nickname5_6_2_,
        members1_.password as password6_6_2_,
        members1_.phone as phone7_6_2_,
        members1_.refresh_token as refresh_8_6_2_,
        members1_.role as role9_6_2_ 
    from
        stores_comments comments0_ 
    left outer join
        members members1_ 
            on comments0_.user_id=members1_.id 
    where
        comments0_.post_id=?
Hibernate: 
    select
        images0_.stores_post_id as stores_p5_3_0_,
        images0_.id as id1_3_0_,
        images0_.id as id1_3_1_,
        images0_.closets_post_id as closets_4_3_1_,
        images0_.path as path2_3_1_,
        images0_.stores_post_id as stores_p5_3_1_,
        images0_.type as type3_3_1_,
        closets1_.id as id1_1_2_,
        closets1_.created_date as created_2_1_2_,
        closets1_.modified_date as modified3_1_2_,
        closets1_.author_id as author_i4_1_2_,
        closets1_.clothes_info_id as clothes_5_1_2_,
        closets1_.colors_name as colors_n6_1_2_,
        closets1_.materials_name as material7_1_2_,
        closets1_.style_name as style_na8_1_2_,
        members2_.id as id1_6_3_,
        members2_.email as email2_6_3_,
        members2_.image as image3_6_3_,
        members2_.name as name4_6_3_,
        members2_.nickname as nickname5_6_3_,
        members2_.password as password6_6_3_,
        members2_.phone as phone7_6_3_,
        members2_.refresh_token as refresh_8_6_3_,
        members2_.role as role9_6_3_,
        clothesinf3_.id as id1_2_4_,
        clothesinf3_.categoryl as category2_2_4_,
        clothesinf3_.categorys as category3_2_4_,
        clothesinf3_.fit as fit4_2_4_,
        clothesinf3_.length as length5_2_4_,
        colors4_.id as id1_4_5_,
        colors4_.name as name2_4_5_,
        materials5_.id as id1_5_6_,
        materials5_.name as name2_5_6_,
        style6_.id as id1_14_7_,
        style6_.name as name2_14_7_ 
    from
        clothes_image images0_ 
    left outer join
        closets closets1_ 
            on images0_.closets_post_id=closets1_.id 
    left outer join
        members members2_ 
            on closets1_.author_id=members2_.id 
    left outer join
        clothes_info clothesinf3_ 
            on closets1_.clothes_info_id=clothesinf3_.id 
    left outer join
        colors colors4_ 
            on closets1_.colors_name=colors4_.name 
    left outer join
        materials materials5_ 
            on closets1_.materials_name=materials5_.name 
    left outer join
        style style6_ 
            on closets1_.style_name=style6_.name 
    where
        images0_.stores_post_id=?
Hibernate: 
    select
        comments0_.post_id as post_id6_13_0_,
        comments0_.id as id1_13_0_,
        comments0_.id as id1_13_1_,
        comments0_.created_date as created_2_13_1_,
        comments0_.modified_date as modified3_13_1_,
        comments0_.content as content4_13_1_,
        comments0_.user_id as user_id5_13_1_,
        comments0_.post_id as post_id6_13_1_,
        members1_.id as id1_6_2_,
        members1_.email as email2_6_2_,
        members1_.image as image3_6_2_,
        members1_.name as name4_6_2_,
        members1_.nickname as nickname5_6_2_,
        members1_.password as password6_6_2_,
        members1_.phone as phone7_6_2_,
        members1_.refresh_token as refresh_8_6_2_,
        members1_.role as role9_6_2_ 
    from
        stores_comments comments0_ 
    left outer join
        members members1_ 
            on comments0_.user_id=members1_.id 
    where
        comments0_.post_id=?
Hibernate: 
    select
        images0_.stores_post_id as stores_p5_3_0_,
        images0_.id as id1_3_0_,
        images0_.id as id1_3_1_,
        images0_.closets_post_id as closets_4_3_1_,
        images0_.path as path2_3_1_,
        images0_.stores_post_id as stores_p5_3_1_,
        images0_.type as type3_3_1_,
        closets1_.id as id1_1_2_,
        closets1_.created_date as created_2_1_2_,
        closets1_.modified_date as modified3_1_2_,
        closets1_.author_id as author_i4_1_2_,
        closets1_.clothes_info_id as clothes_5_1_2_,
        closets1_.colors_name as colors_n6_1_2_,
        closets1_.materials_name as material7_1_2_,
        closets1_.style_name as style_na8_1_2_,
        members2_.id as id1_6_3_,
        members2_.email as email2_6_3_,
        members2_.image as image3_6_3_,
        members2_.name as name4_6_3_,
        members2_.nickname as nickname5_6_3_,
        members2_.password as password6_6_3_,
        members2_.phone as phone7_6_3_,
        members2_.refresh_token as refresh_8_6_3_,
        members2_.role as role9_6_3_,
        clothesinf3_.id as id1_2_4_,
        clothesinf3_.categoryl as category2_2_4_,
        clothesinf3_.categorys as category3_2_4_,
        clothesinf3_.fit as fit4_2_4_,
        clothesinf3_.length as length5_2_4_,
        colors4_.id as id1_4_5_,
        colors4_.name as name2_4_5_,
        materials5_.id as id1_5_6_,
        materials5_.name as name2_5_6_,
        style6_.id as id1_14_7_,
        style6_.name as name2_14_7_ 
    from
        clothes_image images0_ 
    left outer join
        closets closets1_ 
            on images0_.closets_post_id=closets1_.id 
    left outer join
        members members2_ 
            on closets1_.author_id=members2_.id 
    left outer join
        clothes_info clothesinf3_ 
            on closets1_.clothes_info_id=clothesinf3_.id 
    left outer join
        colors colors4_ 
            on closets1_.colors_name=colors4_.name 
    left outer join
        materials materials5_ 
            on closets1_.materials_name=materials5_.name 
    left outer join
        style style6_ 
            on closets1_.style_name=style6_.name 
    where
        images0_.stores_post_id=?
Hibernate: 
    select
        comments0_.post_id as post_id6_13_0_,
        comments0_.id as id1_13_0_,
        comments0_.id as id1_13_1_,
        comments0_.created_date as created_2_13_1_,
        comments0_.modified_date as modified3_13_1_,
        comments0_.content as content4_13_1_,
        comments0_.user_id as user_id5_13_1_,
        comments0_.post_id as post_id6_13_1_,
        members1_.id as id1_6_2_,
        members1_.email as email2_6_2_,
        members1_.image as image3_6_2_,
        members1_.name as name4_6_2_,
        members1_.nickname as nickname5_6_2_,
        members1_.password as password6_6_2_,
        members1_.phone as phone7_6_2_,
        members1_.refresh_token as refresh_8_6_2_,
        members1_.role as role9_6_2_ 
    from
        stores_comments comments0_ 
    left outer join
        members members1_ 
            on comments0_.user_id=members1_.id 
    where
        comments0_.post_id=?
Hibernate: 
    select
        images0_.stores_post_id as stores_p5_3_0_,
        images0_.id as id1_3_0_,
        images0_.id as id1_3_1_,
        images0_.closets_post_id as closets_4_3_1_,
        images0_.path as path2_3_1_,
        images0_.stores_post_id as stores_p5_3_1_,
        images0_.type as type3_3_1_,
        closets1_.id as id1_1_2_,
        closets1_.created_date as created_2_1_2_,
        closets1_.modified_date as modified3_1_2_,
        closets1_.author_id as author_i4_1_2_,
        closets1_.clothes_info_id as clothes_5_1_2_,
        closets1_.colors_name as colors_n6_1_2_,
        closets1_.materials_name as material7_1_2_,
        closets1_.style_name as style_na8_1_2_,
        members2_.id as id1_6_3_,
        members2_.email as email2_6_3_,
        members2_.image as image3_6_3_,
        members2_.name as name4_6_3_,
        members2_.nickname as nickname5_6_3_,
        members2_.password as password6_6_3_,
        members2_.phone as phone7_6_3_,
        members2_.refresh_token as refresh_8_6_3_,
        members2_.role as role9_6_3_,
        clothesinf3_.id as id1_2_4_,
        clothesinf3_.categoryl as category2_2_4_,
        clothesinf3_.categorys as category3_2_4_,
        clothesinf3_.fit as fit4_2_4_,
        clothesinf3_.length as length5_2_4_,
        colors4_.id as id1_4_5_,
        colors4_.name as name2_4_5_,
        materials5_.id as id1_5_6_,
        materials5_.name as name2_5_6_,
        style6_.id as id1_14_7_,
        style6_.name as name2_14_7_ 
    from
        clothes_image images0_ 
    left outer join
        closets closets1_ 
            on images0_.closets_post_id=closets1_.id 
    left outer join
        members members2_ 
            on closets1_.author_id=members2_.id 
    left outer join
        clothes_info clothesinf3_ 
            on closets1_.clothes_info_id=clothesinf3_.id 
    left outer join
        colors colors4_ 
            on closets1_.colors_name=colors4_.name 
    left outer join
        materials materials5_ 
            on closets1_.materials_name=materials5_.name 
    left outer join
        style style6_ 
            on closets1_.style_name=style6_.name 
    where
        images0_.stores_post_id=?
Hibernate: 
    select
        comments0_.post_id as post_id6_13_0_,
        comments0_.id as id1_13_0_,
        comments0_.id as id1_13_1_,
        comments0_.created_date as created_2_13_1_,
        comments0_.modified_date as modified3_13_1_,
        comments0_.content as content4_13_1_,
        comments0_.user_id as user_id5_13_1_,
        comments0_.post_id as post_id6_13_1_,
        members1_.id as id1_6_2_,
        members1_.email as email2_6_2_,
        members1_.image as image3_6_2_,
        members1_.name as name4_6_2_,
        members1_.nickname as nickname5_6_2_,
        members1_.password as password6_6_2_,
        members1_.phone as phone7_6_2_,
        members1_.refresh_token as refresh_8_6_2_,
        members1_.role as role9_6_2_ 
    from
        stores_comments comments0_ 
    left outer join
        members members1_ 
            on comments0_.user_id=members1_.id 
    where
        comments0_.post_id=?
Hibernate: 
    select
        images0_.stores_post_id as stores_p5_3_0_,
        images0_.id as id1_3_0_,
        images0_.id as id1_3_1_,
        images0_.closets_post_id as closets_4_3_1_,
        images0_.path as path2_3_1_,
        images0_.stores_post_id as stores_p5_3_1_,
        images0_.type as type3_3_1_,
        closets1_.id as id1_1_2_,
        closets1_.created_date as created_2_1_2_,
        closets1_.modified_date as modified3_1_2_,
        closets1_.author_id as author_i4_1_2_,
        closets1_.clothes_info_id as clothes_5_1_2_,
        closets1_.colors_name as colors_n6_1_2_,
        closets1_.materials_name as material7_1_2_,
        closets1_.style_name as style_na8_1_2_,
        members2_.id as id1_6_3_,
        members2_.email as email2_6_3_,
        members2_.image as image3_6_3_,
        members2_.name as name4_6_3_,
        members2_.nickname as nickname5_6_3_,
        members2_.password as password6_6_3_,
        members2_.phone as phone7_6_3_,
        members2_.refresh_token as refresh_8_6_3_,
        members2_.role as role9_6_3_,
        clothesinf3_.id as id1_2_4_,
        clothesinf3_.categoryl as category2_2_4_,
        clothesinf3_.categorys as category3_2_4_,
        clothesinf3_.fit as fit4_2_4_,
        clothesinf3_.length as length5_2_4_,
        colors4_.id as id1_4_5_,
        colors4_.name as name2_4_5_,
        materials5_.id as id1_5_6_,
        materials5_.name as name2_5_6_,
        style6_.id as id1_14_7_,
        style6_.name as name2_14_7_ 
    from
        clothes_image images0_ 
    left outer join
        closets closets1_ 
            on images0_.closets_post_id=closets1_.id 
    left outer join
        members members2_ 
            on closets1_.author_id=members2_.id 
    left outer join
        clothes_info clothesinf3_ 
            on closets1_.clothes_info_id=clothesinf3_.id 
    left outer join
        colors colors4_ 
            on closets1_.colors_name=colors4_.name 
    left outer join
        materials materials5_ 
            on closets1_.materials_name=materials5_.name 
    left outer join
        style style6_ 
            on closets1_.style_name=style6_.name 
    where
        images0_.stores_post_id=?
Hibernate: 
    select
        comments0_.post_id as post_id6_13_0_,
        comments0_.id as id1_13_0_,
        comments0_.id as id1_13_1_,
        comments0_.created_date as created_2_13_1_,
        comments0_.modified_date as modified3_13_1_,
        comments0_.content as content4_13_1_,
        comments0_.user_id as user_id5_13_1_,
        comments0_.post_id as post_id6_13_1_,
        members1_.id as id1_6_2_,
        members1_.email as email2_6_2_,
        members1_.image as image3_6_2_,
        members1_.name as name4_6_2_,
        members1_.nickname as nickname5_6_2_,
        members1_.password as password6_6_2_,
        members1_.phone as phone7_6_2_,
        members1_.refresh_token as refresh_8_6_2_,
        members1_.role as role9_6_2_ 
    from
        stores_comments comments0_ 
    left outer join
        members members1_ 
            on comments0_.user_id=members1_.id 
    where
        comments0_.post_id=?
Hibernate: 
    select
        images0_.stores_post_id as stores_p5_3_0_,
        images0_.id as id1_3_0_,
        images0_.id as id1_3_1_,
        images0_.closets_post_id as closets_4_3_1_,
        images0_.path as path2_3_1_,
        images0_.stores_post_id as stores_p5_3_1_,
        images0_.type as type3_3_1_,
        closets1_.id as id1_1_2_,
        closets1_.created_date as created_2_1_2_,
        closets1_.modified_date as modified3_1_2_,
        closets1_.author_id as author_i4_1_2_,
        closets1_.clothes_info_id as clothes_5_1_2_,
        closets1_.colors_name as colors_n6_1_2_,
        closets1_.materials_name as material7_1_2_,
        closets1_.style_name as style_na8_1_2_,
        members2_.id as id1_6_3_,
        members2_.email as email2_6_3_,
        members2_.image as image3_6_3_,
        members2_.name as name4_6_3_,
        members2_.nickname as nickname5_6_3_,
        members2_.password as password6_6_3_,
        members2_.phone as phone7_6_3_,
        members2_.refresh_token as refresh_8_6_3_,
        members2_.role as role9_6_3_,
        clothesinf3_.id as id1_2_4_,
        clothesinf3_.categoryl as category2_2_4_,
        clothesinf3_.categorys as category3_2_4_,
        clothesinf3_.fit as fit4_2_4_,
        clothesinf3_.length as length5_2_4_,
        colors4_.id as id1_4_5_,
        colors4_.name as name2_4_5_,
        materials5_.id as id1_5_6_,
        materials5_.name as name2_5_6_,
        style6_.id as id1_14_7_,
        style6_.name as name2_14_7_ 
    from
        clothes_image images0_ 
    left outer join
        closets closets1_ 
            on images0_.closets_post_id=closets1_.id 
    left outer join
        members members2_ 
            on closets1_.author_id=members2_.id 
    left outer join
        clothes_info clothesinf3_ 
            on closets1_.clothes_info_id=clothesinf3_.id 
    left outer join
        colors colors4_ 
            on closets1_.colors_name=colors4_.name 
    left outer join
        materials materials5_ 
            on closets1_.materials_name=materials5_.name 
    left outer join
        style style6_ 
            on closets1_.style_name=style6_.name 
    where
        images0_.stores_post_id=?
Hibernate: 
    select
        comments0_.post_id as post_id6_13_0_,
[...]
        id=?
Hibernate: 
    delete 
    from
        clothes_image 
    where
        id=?
Hibernate: 
    delete 
    from
        clothes_image 
    where
        id=?
Hibernate: 
    delete 
    from
        stores 
    where
        id=?
Hibernate: 
    delete 
    from
        clothes_image 
    where
        id=?
Hibernate: 
    delete 
    from
        clothes_image 
    where
        id=?
Hibernate: 
    delete 
    from
        stores 
    where
        id=?
Hibernate: 
    delete 
    from
        clothes_image 
    where
        id=?
Hibernate: 
    delete 
    from
        clothes_image 
    where
        id=?
Hibernate: 
    delete 
    from
        stores 
    where
        id=?
Hibernate: 
    delete 
    from
        clothes_image 
    where
        id=?
Hibernate: 
    delete 
    from
        clothes_image 
    where
        id=?
Hibernate: 
    delete 
    from
        stores 
    where
        id=?
Hibernate: 
    delete 
    from
        clothes_image 
    where
        id=?
Hibernate: 
    delete 
    from
        clothes_image 
    where
        id=?
Hibernate: 
    delete 
    from
        stores 
    where
        id=?
Hibernate: 
    delete 
    from
        clothes_image 
    where
        id=?
Hibernate: 
    delete 
    from
        clothes_image 
    where
        id=?
Hibernate: 
    delete 
    from
        stores 
    where
        id=?
Hibernate: 
    delete 
    from
        clothes_image 
    where
        id=?
Hibernate: 
    delete 
    from
        clothes_image 
    where
        id=?
Hibernate: 
    delete 
    from
        stores 
    where
        id=?
Hibernate: 
    delete 
    from
        clothes_image 
    where
        id=?
Hibernate: 
    delete 
    from
        clothes_image 
    where
        id=?
Hibernate: 
    delete 
    from
        stores 
    where
        id=?
Hibernate: 
    delete 
    from
        clothes_image 
    where
        id=?
Hibernate: 
    delete 
    from
        clothes_image 
    where
        id=?
Hibernate: 
    delete 
    from
        stores 
    where
        id=?
Hibernate: 
    delete 
    from
        clothes_image 
    where
        id=?
Hibernate: 
    delete 
    from
        clothes_image 
    where
        id=?
Hibernate: 
    delete 
    from
        stores 
    where
        id=?
Hibernate: 
    delete 
    from
        clothes_image 
    where
        id=?
Hibernate: 
    delete 
    from
        clothes_image 
    where
        id=?
Hibernate: 
    delete 
    from
        stores 
    where
        id=?
Hibernate: 
    delete 
    from
        clothes_image 
    where
        id=?
Hibernate: 
    delete 
    from
        clothes_image 
    where
        id=?
Hibernate: 
    delete 
    from
        stores 
    where
        id=?
Hibernate: 
    delete 
    from
        clothes_image 
    where
        id=?
Hibernate: 
    delete 
    from
        clothes_image 
    where
        id=?
Hibernate: 
    delete 
    from
        stores 
    where
        id=?
Hibernate: 
    delete 
    from
        clothes_image 
    where
        id=?
Hibernate: 
    delete 
    from
        clothes_image 
    where
        id=?
Hibernate: 
    delete 
    from
        stores 
    where
        id=?
Hibernate: 
    delete 
    from
        clothes_image 
    where
        id=?
Hibernate: 
    delete 
    from
        clothes_image 
    where
        id=?
Hibernate: 
    delete 
    from
        stores 
    where
        id=?
Hibernate: 
    delete 
    from
        clothes_image 
    where
        id=?
Hibernate: 
    delete 
    from
        clothes_image 
    where
        id=?
Hibernate: 
    delete 
    from
        stores 
    where
        id=?
Hibernate: 
    delete 
    from
        clothes_image 
    where
        id=?
Hibernate: 
    delete 
    from
        clothes_image 
    where
        id=?
Hibernate: 
    delete 
    from
        stores 
    where
        id=?
Hibernate: 
    delete 
    from
        clothes_image 
    where
        id=?
Hibernate: 
    delete 
    from
        clothes_image 
    where
        id=?
Hibernate: 
    delete 
    from
        stores 
    where
        id=?
Hibernate: 
    delete 
    from
        clothes_image 
    where
        id=?
Hibernate: 
    delete 
    from
        clothes_image 
    where
        id=?
Hibernate: 
    delete 
    from
        stores 
    where
        id=?
Hibernate: 
    delete 
    from
        clothes_image 
    where
        id=?
Hibernate: 
    delete 
    from
        clothes_image 
    where
        id=?
Hibernate: 
    delete 
    from
        stores 
    where
        id=?
Hibernate: 
    delete 
    from
        clothes_image 
    where
        id=?
Hibernate: 
    delete 
    from
        clothes_image 
    where
        id=?
Hibernate: 
    delete 
    from
        stores 
    where
        id=?
Hibernate: 
    delete 
    from
        clothes_image 
    where
        id=?
Hibernate: 
    delete 
    from
        clothes_image 
    where
        id=?
Hibernate: 
    delete 
    from
        stores 
    where
        id=?
Hibernate: 
    delete 
    from
        clothes_image 
    where
        id=?
Hibernate: 
    delete 
    from
        clothes_image 
    where
        id=?
Hibernate: 
    delete 
    from
        stores 
    where
        id=?
Hibernate: 
    delete 
    from
        clothes_image 
    where
        id=?
Hibernate: 
    delete 
    from
        clothes_image 
    where
        id=?
Hibernate: 
    delete 
    from
        stores 
    where
        id=?
Hibernate: 
    delete 
    from
        clothes_image 
    where
        id=?
Hibernate: 
    delete 
    from
        clothes_image 
    where
        id=?
Hibernate: 
    delete 
    from
        stores 
    where
        id=?
Hibernate: 
    delete 
    from
        clothes_image 
    where
        id=?
Hibernate: 
    delete 
    from
        clothes_image 
    where
        id=?
Hibernate: 
    delete 
    from
        stores 
    where
        id=?
Hibernate: 
    delete 
    from
        clothes_image 
    where
        id=?
Hibernate: 
    delete 
    from
        clothes_image 
    where
        id=?
Hibernate: 
    delete 
    from
        stores 
    where
        id=?
Hibernate: 
    delete 
    from
        clothes_image 
    where
        id=?
Hibernate: 
    delete 
    from
        clothes_image 
    where
        id=?
Hibernate: 
    delete 
    from
        stores 
    where
        id=?
Hibernate: 
    delete 
    from
        clothes_image 
    where
        id=?
Hibernate: 
    delete 
    from
        clothes_image 
    where
        id=?
Hibernate: 
    delete 
    from
        stores 
    where
        id=?
Hibernate: 
    delete 
    from
        clothes_image 
    where
        id=?
Hibernate: 
    delete 
    from
        clothes_image 
    where
        id=?
Hibernate: 
    delete 
    from
        stores 
    where
        id=?
Hibernate: 
    delete 
    from
        clothes_image 
    where
        id=?
Hibernate: 
    delete 
    from
        clothes_image 
    where
        id=?
Hibernate: 
    delete 
    from
        stores 
    where
        id=?
Hibernate: 
    delete 
    from
        clothes_image 
    where
        id=?
Hibernate: 
    delete 
    from
        clothes_image 
    where
        id=?
Hibernate: 
    delete 
    from
        stores 
    where
        id=?
Hibernate: 
    delete 
    from
        clothes_image 
    where
        id=?
Hibernate: 
    delete 
    from
        clothes_image 
    where
        id=?
Hibernate: 
    delete 
    from
        stores 
    where
        id=?
Hibernate: 
    delete 
    from
        clothes_image 
    where
        id=?
Hibernate: 
    delete 
    from
        clothes_image 
    where
        id=?
Hibernate: 
    delete 
    from
        stores 
    where
        id=?
Hibernate: 
    delete 
    from
        clothes_image 
    where
        id=?
Hibernate: 
    delete 
    from
        clothes_image 
    where
        id=?
Hibernate: 
    delete 
    from
        stores 
    where
        id=?
Hibernate: 
    delete 
    from
        clothes_image 
    where
        id=?
Hibernate: 
    delete 
    from
        clothes_image 
    where
        id=?
Hibernate: 
    delete 
    from
        stores 
    where
        id=?
Hibernate: 
    delete 
    from
        clothes_image 
    where
        id=?
Hibernate: 
    delete 
    from
        clothes_image 
    where
        id=?
Hibernate: 
    delete 
    from
        stores 
    where
        id=?
Hibernate: 
    delete 
    from
        clothes_image 
    where
        id=?
Hibernate: 
    delete 
    from
        clothes_image 
    where
        id=?
Hibernate: 
    delete 
    from
        stores 
    where
        id=?
Hibernate: 
    delete 
    from
        clothes_image 
    where
        id=?
Hibernate: 
    delete 
    from
        clothes_image 
    where
        id=?
Hibernate: 
    delete 
    from
        stores 
    where
        id=?
Hibernate: 
    delete 
    from
        clothes_image 
    where
        id=?
Hibernate: 
    delete 
    from
        clothes_image 
    where
        id=?
Hibernate: 
    delete 
    from
        stores 
    where
        id=?
Hibernate: 
    delete 
    from
        clothes_image 
    where
        id=?
Hibernate: 
    delete 
    from
        clothes_image 
    where
        id=?
Hibernate: 
    delete 
    from
        stores 
    where
        id=?
Hibernate: 
    delete 
    from
        clothes_image 
    where
        id=?
Hibernate: 
    delete 
    from
        clothes_image 
    where
        id=?
Hibernate: 
    delete 
    from
        stores 
    where
        id=?
Hibernate: 
    delete 
    from
        clothes_image 
    where
        id=?
Hibernate: 
    delete 
    from
        clothes_image 
    where
        id=?
Hibernate: 
    delete 
    from
        stores 
    where
        id=?
Hibernate: 
    delete 
    from
        clothes_image 
    where
        id=?
Hibernate: 
    delete 
    from
        clothes_image 
    where
        id=?
Hibernate: 
    delete 
    from
        stores 
    where
        id=?
Hibernate: 
    delete 
    from
        clothes_image 
    where
        id=?
Hibernate: 
    delete 
    from
        clothes_image 
    where
        id=?
Hibernate: 
    delete 
    from
        stores 
    where
        id=?
Hibernate: 
    delete 
    from
        clothes_image 
    where
        id=?
Hibernate: 
    delete 
    from
        clothes_image 
    where
        id=?
Hibernate: 
    delete 
    from
        stores 
    where
        id=?
Hibernate: 
    delete 
    from
        clothes_image 
    where
        id=?
Hibernate: 
    delete 
    from
        clothes_image 
    where
        id=?
Hibernate: 
    delete 
    from
        stores 
    where
        id=?
Hibernate: 
    delete 
    from
        clothes_image 
    where
        id=?
Hibernate: 
    delete 
    from
        clothes_image 
    where
        id=?
Hibernate: 
    delete 
    from
        stores 
    where
        id=?
Hibernate: 
    delete 
    from
        clothes_image 
    where
        id=?
Hibernate: 
    delete 
    from
        clothes_image 
    where
        id=?
Hibernate: 
    delete 
    from
        stores 
    where
        id=?
Hibernate: 
    delete 
    from
        clothes_image 
    where
        id=?
Hibernate: 
    delete 
    from
        clothes_image 
    where
        id=?
Hibernate: 
    delete 
    from
        stores 
    where
        id=?
Hibernate: 
    delete 
    from
        clothes_image 
    where
        id=?
Hibernate: 
    delete 
    from
        clothes_image 
    where
        id=?
Hibernate: 
    delete 
    from
        stores 
    where
        id=?
Hibernate: 
    delete 
    from
        clothes_image 
    where
        id=?
Hibernate: 
    delete 
    from
        clothes_image 
    where
        id=?
Hibernate: 
    delete 
    from
        stores 
    where
        id=?
Hibernate: 
    delete 
    from
        clothes_image 
    where
        id=?
Hibernate: 
    delete 
    from
        clothes_image 
    where
        id=?
Hibernate: 
    delete 
    from
        stores 
    where
        id=?
Hibernate: 
    delete 
    from
        clothes_image 
    where
        id=?
Hibernate: 
    delete 
    from
        clothes_image 
    where
        id=?
Hibernate: 
    delete 
    from
        stores 
    where
        id=?
Hibernate: 
    delete 
    from
        clothes_image 
    where
        id=?
Hibernate: 
    delete 
    from
        clothes_image 
    where
        id=?
Hibernate: 
    delete 
    from
        stores 
    where
        id=?
Hibernate: 
    delete 
    from
        clothes_image 
    where
        id=?
Hibernate: 
    delete 
    from
        clothes_image 
    where
        id=?
Hibernate: 
    delete 
    from
        stores 
    where
        id=?
Hibernate: 
    delete 
    from
        clothes_image 
    where
        id=?
Hibernate: 
    delete 
    from
        clothes_image 
    where
        id=?
Hibernate: 
    delete 
    from
        stores 
    where
        id=?
Hibernate: 
    delete 
    from
        members 
    where
        id=?
Hibernate: 
    select
        email0_.email as email1_0_,
        email0_.code as code2_0_,
        email0_.status as status3_0_ 
    from
        authentication email0_
Hibernate: 
    select
        members0_.id as id1_6_,
        members0_.email as email2_6_,
        members0_.image as image3_6_,
        members0_.name as name4_6_,
        members0_.nickname as nickname5_6_,
        members0_.password as password6_6_,
        members0_.phone as phone7_6_,
        members0_.refresh_token as refresh_8_6_,
        members0_.role as role9_6_ 
    from
        members members0_ 
    where
        members0_.email=?
Hibernate: 
    select
        email0_.email as email1_0_0_,
        email0_.code as code2_0_0_,
        email0_.status as status3_0_0_ 
    from
        authentication email0_ 
    where
        email0_.email=?
Hibernate: 
    insert 
    into
        authentication
        (code, status, email) 
    values
        (?, ?, ?)
Hibernate: 
    select
        email0_.email as email1_0_,
        email0_.code as code2_0_,
        email0_.status as status3_0_ 
    from
        authentication email0_
Hibernate: 
    select
        email0_.email as email1_0_,
        email0_.code as code2_0_,
        email0_.status as status3_0_ 
    from
        authentication email0_ 
    where
        email0_.email=?
Hibernate: 
    update
        authentication 
    set
        code=?,
        status=? 
    where
        email=?
Hibernate: 
    select
        email0_.email as email1_0_,
        email0_.code as code2_0_,
        email0_.status as status3_0_ 
    from
        authentication email0_
{"email":"gunsong2@naver.com","password":"abcde1234!","name":"이름","nickname":"송아","phone":"00033334444"}
2022-11-10 12:34:13.556  INFO 9968 --- [    Test worker] o.a.c.c.C.[Tomcat].[localhost].[/]       : Initializing Spring TestDispatcherServlet ''
2022-11-10 12:34:13.556  INFO 9968 --- [    Test worker] o.s.t.web.servlet.TestDispatcherServlet  : Initializing Servlet ''
2022-11-10 12:34:13.558  INFO 9968 --- [    Test worker] o.s.t.web.servlet.TestDispatcherServlet  : Completed initialization in 2 ms
Hibernate: 
    select
        members0_.id as id1_6_,
        members0_.email as email2_6_,
        members0_.image as image3_6_,
        members0_.name as name4_6_,
        members0_.nickname as nickname5_6_,
        members0_.password as password6_6_,
        members0_.phone as phone7_6_,
        members0_.refresh_token as refresh_8_6_,
        members0_.role as role9_6_ 
    from
        members members0_ 
    where
        members0_.email=?
Hibernate: 
    select
        email0_.email as email1_0_,
        email0_.code as code2_0_,
        email0_.status as status3_0_ 
    from
        authentication email0_ 
    where
        email0_.email=?
Hibernate: 
    select
        members0_.id as id1_6_,
        members0_.email as email2_6_,
        members0_.image as image3_6_,
        members0_.name as name4_6_,
        members0_.nickname as nickname5_6_,
        members0_.password as password6_6_,
        members0_.phone as phone7_6_,
        members0_.refresh_token as refresh_8_6_,
        members0_.role as role9_6_ 
    from
        members members0_ 
    where
        members0_.nickname=?
Hibernate: 
    insert 
    into
        members
        (email, image, name, nickname, password, phone, role) 
    values
        (?, ?, ?, ?, ?, ?, ?)
Hibernate: 
    delete 
    from
        authentication 
    where
        email=?

MockHttpServletRequest:
      HTTP Method = POST
      Request URI = /api/v1/auth/sign-up
       Parameters = {}
          Headers = [Content-Type:"multipart/form-data", Accept:"application/json"]
             Body = <no character encoding set>
    Session Attrs = {}

Handler:
             Type = com.betweenourclothes.web.AuthApiController
           Method = public org.springframework.http.ResponseEntity<java.lang.String> com.betweenourclothes.web.AuthApiController.signUp(com.betweenourclothes.web.dto.request.auth.AuthSignUpRequestDto,org.springframework.web.multipart.MultipartFile) throws java.lang.Exception

Async:
    Async started = false
     Async result = null

Resolved Exception:
             Type = null

ModelAndView:
        View name = null
             View = null
            Model = null

FlashMap:
       Attributes = null

MockHttpServletResponse:
           Status = 200
    Error message = null
          Headers = [Content-Type:"application/json;charset=UTF-8", Content-Length:"19"]
     Content type = application/json;charset=UTF-8
             Body = 회원가입 성공
    Forwarded URL = null
   Redirected URL = null
          Cookies = []
Hibernate: 
    select
        members0_.id as id1_6_,
        members0_.email as email2_6_,
        members0_.image as image3_6_,
        members0_.name as name4_6_,
        members0_.nickname as nickname5_6_,
        members0_.password as password6_6_,
        members0_.phone as phone7_6_,
        members0_.refresh_token as refresh_8_6_,
        members0_.role as role9_6_ 
    from
        members members0_
C:\Users\user1\Desktop\송아\캡스톤\repo\between-our-clothes-server\.\src\main\resources\static\images\profile\profile-05acc8e4-52f5-4df1-b41e-9a6292fab9ae.png
Hibernate: 
    select
        members0_.id as id1_6_,
        members0_.email as email2_6_,
        members0_.image as image3_6_,
        members0_.name as name4_6_,
        members0_.nickname as nickname5_6_,
        members0_.password as password6_6_,
        members0_.phone as phone7_6_,
        members0_.refresh_token as refresh_8_6_,
        members0_.role as role9_6_ 
    from
        members members0_ 
    where
        members0_.email=?
Hibernate: 
    select
        members0_.id as id1_6_,
        members0_.email as email2_6_,
        members0_.image as image3_6_,
        members0_.name as name4_6_,
        members0_.nickname as nickname5_6_,
        members0_.password as password6_6_,
        members0_.phone as phone7_6_,
        members0_.refresh_token as refresh_8_6_,
        members0_.role as role9_6_ 
    from
        members members0_ 
    where
        members0_.email=?
Hibernate: 
    update
        members 
    set
        email=?,
        image=?,
        name=?,
        nickname=?,
        password=?,
        phone=?,
        refresh_token=?,
        role=? 
    where
        id=?
Hibernate: 
    select
        members0_.id as id1_6_,
        members0_.email as email2_6_,
        members0_.image as image3_6_,
        members0_.name as name4_6_,
        members0_.nickname as nickname5_6_,
        members0_.password as password6_6_,
        members0_.phone as phone7_6_,
        members0_.refresh_token as refresh_8_6_,
        members0_.role as role9_6_ 
    from
        members members0_
]]></system-out>
  <system-err><![CDATA[]]></system-err>
</testsuite>
