<?xml version="1.0" encoding="UTF-8"?>
<testsuite name="com.betweenourclothes.web.StoresApiControllerTest" tests="10" skipped="0" failures="0" errors="0" timestamp="2022-11-06T13:53:33" hostname="user" time="3.234">
  <properties/>
  <testcase name="중고거래_게시글삭제" classname="com.betweenourclothes.web.StoresApiControllerTest" time="0.39"/>
  <testcase name="중고거래_게시글수정" classname="com.betweenourclothes.web.StoresApiControllerTest" time="0.314"/>
  <testcase name="중고거래_큰카테고리조회" classname="com.betweenourclothes.web.StoresApiControllerTest" time="0.478"/>
  <testcase name="로그인" classname="com.betweenourclothes.web.StoresApiControllerTest" time="0.326"/>
  <testcase name="중고거래_테스트데이터등록" classname="com.betweenourclothes.web.StoresApiControllerTest" time="0.36"/>
  <testcase name="중고거래_테스트데이터추가" classname="com.betweenourclothes.web.StoresApiControllerTest" time="0.195"/>
  <testcase name="중고거래_게시글id로불러오기" classname="com.betweenourclothes.web.StoresApiControllerTest" time="0.32"/>
  <testcase name="중고거래_옷카테고리전부" classname="com.betweenourclothes.web.StoresApiControllerTest" time="0.231"/>
  <testcase name="중고거래_작은카테고리조회" classname="com.betweenourclothes.web.StoresApiControllerTest" time="0.294"/>
  <testcase name="중고거래_썸네일불러오기" classname="com.betweenourclothes.web.StoresApiControllerTest" time="0.322"/>
  <system-out><![CDATA[2022-11-06 22:53:33.953  INFO 1700 --- [    Test worker] .b.t.c.SpringBootTestContextBootstrapper : Neither @ContextConfiguration nor @ContextHierarchy found for test class [com.betweenourclothes.web.StoresApiControllerTest], using SpringBootContextLoader
2022-11-06 22:53:33.954  INFO 1700 --- [    Test worker] o.s.t.c.support.AbstractContextLoader    : Could not detect default resource locations for test class [com.betweenourclothes.web.StoresApiControllerTest]: no resource found for suffixes {-context.xml, Context.groovy}.
2022-11-06 22:53:33.954  INFO 1700 --- [    Test worker] t.c.s.AnnotationConfigContextLoaderUtils : Could not detect default configuration classes for test class [com.betweenourclothes.web.StoresApiControllerTest]: StoresApiControllerTest does not declare any static, non-private, non-final, nested classes annotated with @Configuration.
2022-11-06 22:53:33.955  INFO 1700 --- [    Test worker] .b.t.c.SpringBootTestContextBootstrapper : Found @SpringBootConfiguration com.betweenourclothes.Application for test class com.betweenourclothes.web.StoresApiControllerTest
2022-11-06 22:53:33.956  INFO 1700 --- [    Test worker] .b.t.c.SpringBootTestContextBootstrapper : Loaded default TestExecutionListener class names from location [META-INF/spring.factories]: [org.springframework.security.test.context.support.WithSecurityContextTestExecutionListener, org.springframework.security.test.context.support.ReactorContextTestExecutionListener, org.springframework.boot.test.autoconfigure.restdocs.RestDocsTestExecutionListener, org.springframework.boot.test.autoconfigure.web.client.MockRestServiceServerResetTestExecutionListener, org.springframework.boot.test.autoconfigure.web.servlet.MockMvcPrintOnlyOnFailureTestExecutionListener, org.springframework.boot.test.autoconfigure.web.servlet.WebDriverTestExecutionListener, org.springframework.boot.test.mock.mockito.MockitoTestExecutionListener, org.springframework.boot.test.mock.mockito.ResetMocksTestExecutionListener, org.springframework.test.context.web.ServletTestExecutionListener, org.springframework.test.context.support.DirtiesContextBeforeModesTestExecutionListener, org.springframework.test.context.support.DependencyInjectionTestExecutionListener, org.springframework.test.context.support.DirtiesContextTestExecutionListener, org.springframework.test.context.transaction.TransactionalTestExecutionListener, org.springframework.test.context.jdbc.SqlScriptsTestExecutionListener]
2022-11-06 22:53:33.969  INFO 1700 --- [    Test worker] .b.t.c.SpringBootTestContextBootstrapper : Using TestExecutionListeners: [org.springframework.test.context.web.ServletTestExecutionListener@7933a7b5, org.springframework.test.context.support.DirtiesContextBeforeModesTestExecutionListener@3433473, org.springframework.boot.test.mock.mockito.MockitoTestExecutionListener@2c64dbd, org.springframework.boot.test.autoconfigure.SpringBootDependencyInjectionTestExecutionListener@44a4b7be, org.springframework.test.context.support.DirtiesContextTestExecutionListener@20cebe90, org.springframework.test.context.transaction.TransactionalTestExecutionListener@3ab4f656, org.springframework.test.context.jdbc.SqlScriptsTestExecutionListener@aafef18, org.springframework.security.test.context.support.WithSecurityContextTestExecutionListener@6bd7b0b4, org.springframework.security.test.context.support.ReactorContextTestExecutionListener@3eb8b960, org.springframework.boot.test.autoconfigure.restdocs.RestDocsTestExecutionListener@23a3fea7, org.springframework.boot.test.autoconfigure.web.client.MockRestServiceServerResetTestExecutionListener@560102e4, org.springframework.boot.test.autoconfigure.web.servlet.MockMvcPrintOnlyOnFailureTestExecutionListener@854a80, org.springframework.boot.test.autoconfigure.web.servlet.WebDriverTestExecutionListener@7b0d9049, org.springframework.boot.test.mock.mockito.ResetMocksTestExecutionListener@47670f49]
Hibernate: 
    select
        members0_.id as id1_6_,
        members0_.email as email2_6_,
        members0_.image as image3_6_,
        members0_.name as name4_6_,
        members0_.nickname as nickname5_6_,
        members0_.password as password6_6_,
        members0_.phone as phone7_6_,
        members0_.refresh_token as refresh_8_6_,
        members0_.role as role9_6_ 
    from
        members members0_ 
    where
        members0_.email=?
Hibernate: 
    select
        members0_.id as id1_6_,
        members0_.email as email2_6_,
        members0_.image as image3_6_,
        members0_.name as name4_6_,
        members0_.nickname as nickname5_6_,
        members0_.password as password6_6_,
        members0_.phone as phone7_6_,
        members0_.refresh_token as refresh_8_6_,
        members0_.role as role9_6_ 
    from
        members members0_ 
    where
        members0_.email=?
Hibernate: 
    update
        members 
    set
        email=?,
        image=?,
        name=?,
        nickname=?,
        password=?,
        phone=?,
        refresh_token=?,
        role=? 
    where
        id=?
BearereyJhbGciOiJIUzI1NiJ9.eyJzdWIiOiJndW5zb25nMkBuYXZlci5jb20iLCJhdXRoIjoiUk9MRV9VU0VSIiwiZXhwIjoxNjY3NzUzNjE0fQ.sxrTSFC3V8SaJGiQ5BWWK3RgAt72WvlaB9osM2CaQRs
2022-11-06 22:53:34.052  INFO 1700 --- [    Test worker] o.a.c.c.C.[Tomcat].[localhost].[/]       : Initializing Spring TestDispatcherServlet ''
2022-11-06 22:53:34.052  INFO 1700 --- [    Test worker] o.s.t.web.servlet.TestDispatcherServlet  : Initializing Servlet ''
2022-11-06 22:53:34.054  INFO 1700 --- [    Test worker] o.s.t.web.servlet.TestDispatcherServlet  : Completed initialization in 2 ms
gunsong2@naver.com
Hibernate: 
    select
        members0_.id as id1_6_,
        members0_.email as email2_6_,
        members0_.image as image3_6_,
        members0_.name as name4_6_,
        members0_.nickname as nickname5_6_,
        members0_.password as password6_6_,
        members0_.phone as phone7_6_,
        members0_.refresh_token as refresh_8_6_,
        members0_.role as role9_6_ 
    from
        members members0_ 
    where
        members0_.email=?
Hibernate: 
    select
        style0_.id as id1_11_,
        style0_.name as name2_11_ 
    from
        style style0_ 
    where
        style0_.name=?
Hibernate: 
    select
        materials0_.id as id1_5_,
        materials0_.name as name2_5_ 
    from
        materials materials0_ 
    where
        materials0_.name=?
Hibernate: 
    select
        colors0_.id as id1_4_,
        colors0_.name as name2_4_ 
    from
        colors colors0_ 
    where
        colors0_.name=?
Hibernate: 
    select
        clothesinf0_.id as id1_3_,
        clothesinf0_.categoryl as category2_3_,
        clothesinf0_.categorys as category3_3_,
        clothesinf0_.fit as fit4_3_,
        clothesinf0_.length as length5_3_ 
    from
        clothes_info clothesinf0_ 
    where
        clothesinf0_.categoryl=? 
        and clothesinf0_.categorys=? 
        and clothesinf0_.length=? 
        and clothesinf0_.fit=?
Hibernate: 
    select
        salesinfoc0_.id as id1_7_,
        salesinfoc0_.clothes_brand as clothes_2_7_,
        salesinfoc0_.clothes_color as clothes_3_7_,
        salesinfoc0_.clothes_gender as clothes_4_7_,
        salesinfoc0_.clothes_size as clothes_5_7_ 
    from
        sales_info_clothes salesinfoc0_ 
    where
        salesinfoc0_.clothes_brand=? 
        and salesinfoc0_.clothes_gender=? 
        and salesinfoc0_.clothes_size=? 
        and salesinfoc0_.clothes_color=?
Hibernate: 
    select
        salesinfos0_.id as id1_8_,
        salesinfos0_.status_score as status_s2_8_,
        salesinfos0_.status_tag as status_t3_8_,
        salesinfos0_.status_times as status_t4_8_,
        salesinfos0_.status_when2buy as status_w5_8_,
        salesinfos0_.transport as transpor6_8_ 
    from
        sales_info_status salesinfos0_ 
    where
        salesinfos0_.status_tag=? 
        and salesinfos0_.status_score=? 
        and salesinfos0_.status_times=? 
        and salesinfos0_.status_when2buy=? 
        and salesinfos0_.transport=?
Hibernate: 
    select
        salesinfou0_.id as id1_9_,
        salesinfou0_.user_height as user_hei2_9_,
        salesinfou0_.user_size as user_siz3_9_,
        salesinfou0_.user_weight as user_wei4_9_ 
    from
        sales_info_user salesinfou0_ 
    where
        salesinfou0_.user_size=? 
        and salesinfou0_.user_weight=? 
        and salesinfou0_.user_height=?
Hibernate: 
    insert 
    into
        clothes_image
        (closets_post_id_id, path, stores_post_id_id, type) 
    values
        (?, ?, ?, ?)
Hibernate: 
    insert 
    into
        clothes_image
        (closets_post_id_id, path, stores_post_id_id, type) 
    values
        (?, ?, ?, ?)
Hibernate: 
    insert 
    into
        stores
        (created_date, modified_date, author_id, clothes_info_id, colors_name, materials_name, style_name, clothes_length, content, price, sales_info_clothes_id, sales_info_status_id, sales_info_user_id, status, title) 
    values
        (?, ?, ?, ?, ?, ?, ?, ?, ?, ?, ?, ?, ?, ?, ?)
Hibernate: 
    select
        storespost0_.user_id as user_id17_10_0_,
        storespost0_.id as id1_10_0_,
        storespost0_.id as id1_10_1_,
        storespost0_.created_date as created_2_10_1_,
        storespost0_.modified_date as modified3_10_1_,
        storespost0_.author_id as author_i9_10_1_,
        storespost0_.clothes_info_id as clothes10_10_1_,
        storespost0_.colors_name as colors_11_10_1_,
        storespost0_.materials_name as materia12_10_1_,
        storespost0_.style_name as style_n13_10_1_,
        storespost0_.clothes_length as clothes_4_10_1_,
        storespost0_.content as content5_10_1_,
        storespost0_.price as price6_10_1_,
        storespost0_.sales_info_clothes_id as sales_i14_10_1_,
        storespost0_.sales_info_status_id as sales_i15_10_1_,
        storespost0_.sales_info_user_id as sales_i16_10_1_,
        storespost0_.status as status7_10_1_,
        storespost0_.title as title8_10_1_,
        members1_.id as id1_6_2_,
        members1_.email as email2_6_2_,
        members1_.image as image3_6_2_,
        members1_.name as name4_6_2_,
        members1_.nickname as nickname5_6_2_,
        members1_.password as password6_6_2_,
        members1_.phone as phone7_6_2_,
        members1_.refresh_token as refresh_8_6_2_,
        members1_.role as role9_6_2_,
        clothesinf2_.id as id1_3_3_,
        clothesinf2_.categoryl as category2_3_3_,
        clothesinf2_.categorys as category3_3_3_,
        clothesinf2_.fit as fit4_3_3_,
        clothesinf2_.length as length5_3_3_,
        colors3_.id as id1_4_4_,
        colors3_.name as name2_4_4_,
        materials4_.id as id1_5_5_,
        materials4_.name as name2_5_5_,
        style5_.id as id1_11_6_,
        style5_.name as name2_11_6_,
        salesinfoc6_.id as id1_7_7_,
        salesinfoc6_.clothes_brand as clothes_2_7_7_,
        salesinfoc6_.clothes_color as clothes_3_7_7_,
        salesinfoc6_.clothes_gender as clothes_4_7_7_,
        salesinfoc6_.clothes_size as clothes_5_7_7_,
        salesinfos7_.id as id1_8_8_,
        salesinfos7_.status_score as status_s2_8_8_,
        salesinfos7_.status_tag as status_t3_8_8_,
        salesinfos7_.status_times as status_t4_8_8_,
        salesinfos7_.status_when2buy as status_w5_8_8_,
        salesinfos7_.transport as transpor6_8_8_,
        salesinfou8_.id as id1_9_9_,
        salesinfou8_.user_height as user_hei2_9_9_,
        salesinfou8_.user_size as user_siz3_9_9_,
        salesinfou8_.user_weight as user_wei4_9_9_ 
    from
        stores storespost0_ 
    left outer join
        members members1_ 
            on storespost0_.author_id=members1_.id 
    left outer join
        clothes_info clothesinf2_ 
            on storespost0_.clothes_info_id=clothesinf2_.id 
    left outer join
        colors colors3_ 
            on storespost0_.colors_name=colors3_.name 
    left outer join
        materials materials4_ 
            on storespost0_.materials_name=materials4_.name 
    left outer join
        style style5_ 
            on storespost0_.style_name=style5_.name 
    left outer join
        sales_info_clothes salesinfoc6_ 
            on storespost0_.sales_info_clothes_id=salesinfoc6_.id 
    left outer join
        sales_info_status salesinfos7_ 
            on storespost0_.sales_info_status_id=salesinfos7_.id 
    left outer join
        sales_info_user salesinfou8_ 
            on storespost0_.sales_info_user_id=salesinfou8_.id 
    where
        storespost0_.user_id=?
Hibernate: 
    update
        clothes_image 
    set
        closets_post_id_id=?,
        path=?,
        stores_post_id_id=?,
        type=? 
    where
        id=?
Hibernate: 
    update
        clothes_image 
    set
        closets_post_id_id=?,
        path=?,
        stores_post_id_id=?,
        type=? 
    where
        id=?
Hibernate: 
    update
        stores 
    set
        user_id=? 
    where
        id=?
Hibernate: 
    update
        clothes_image 
    set
        stores_post_id=?,
        images_order=? 
    where
        id=?
Hibernate: 
    update
        clothes_image 
    set
        stores_post_id=?,
        images_order=? 
    where
        id=?
gunsong2@naver.com
Hibernate: 
    select
        members0_.id as id1_6_,
        members0_.email as email2_6_,
        members0_.image as image3_6_,
        members0_.name as name4_6_,
        members0_.nickname as nickname5_6_,
        members0_.password as password6_6_,
        members0_.phone as phone7_6_,
        members0_.refresh_token as refresh_8_6_,
        members0_.role as role9_6_ 
    from
        members members0_ 
    where
        members0_.email=?
Hibernate: 
    select
        style0_.id as id1_11_,
        style0_.name as name2_11_ 
    from
        style style0_ 
    where
        style0_.name=?
Hibernate: 
    select
        materials0_.id as id1_5_,
        materials0_.name as name2_5_ 
    from
        materials materials0_ 
    where
        materials0_.name=?
Hibernate: 
    select
        colors0_.id as id1_4_,
        colors0_.name as name2_4_ 
    from
        colors colors0_ 
    where
        colors0_.name=?
Hibernate: 
    select
        clothesinf0_.id as id1_3_,
        clothesinf0_.categoryl as category2_3_,
        clothesinf0_.categorys as category3_3_,
        clothesinf0_.fit as fit4_3_,
        clothesinf0_.length as length5_3_ 
    from
        clothes_info clothesinf0_ 
    where
        clothesinf0_.categoryl=? 
        and clothesinf0_.categorys=? 
        and clothesinf0_.length=? 
        and clothesinf0_.fit=?
Hibernate: 
    select
        salesinfoc0_.id as id1_7_,
        salesinfoc0_.clothes_brand as clothes_2_7_,
        salesinfoc0_.clothes_color as clothes_3_7_,
        salesinfoc0_.clothes_gender as clothes_4_7_,
        salesinfoc0_.clothes_size as clothes_5_7_ 
    from
        sales_info_clothes salesinfoc0_ 
    where
        salesinfoc0_.clothes_brand=? 
        and salesinfoc0_.clothes_gender=? 
        and salesinfoc0_.clothes_size=? 
        and salesinfoc0_.clothes_color=?
Hibernate: 
    select
        salesinfos0_.id as id1_8_,
        salesinfos0_.status_score as status_s2_8_,
        salesinfos0_.status_tag as status_t3_8_,
        salesinfos0_.status_times as status_t4_8_,
        salesinfos0_.status_when2buy as status_w5_8_,
        salesinfos0_.transport as transpor6_8_ 
    from
        sales_info_status salesinfos0_ 
    where
        salesinfos0_.status_tag=? 
        and salesinfos0_.status_score=? 
        and salesinfos0_.status_times=? 
        and salesinfos0_.status_when2buy=? 
        and salesinfos0_.transport=?
Hibernate: 
    select
        salesinfou0_.id as id1_9_,
        salesinfou0_.user_height as user_hei2_9_,
        salesinfou0_.user_size as user_siz3_9_,
        salesinfou0_.user_weight as user_wei4_9_ 
    from
        sales_info_user salesinfou0_ 
    where
        salesinfou0_.user_size=? 
        and salesinfou0_.user_weight=? 
        and salesinfou0_.user_height=?
Hibernate: 
    insert 
    into
        clothes_image
        (closets_post_id_id, path, stores_post_id_id, type) 
    values
        (?, ?, ?, ?)
Hibernate: 
    insert 
    into
        clothes_image
        (closets_post_id_id, path, stores_post_id_id, type) 
    values
        (?, ?, ?, ?)
Hibernate: 
    insert 
    into
        stores
        (created_date, modified_date, author_id, clothes_info_id, colors_name, materials_name, style_name, clothes_length, content, price, sales_info_clothes_id, sales_info_status_id, sales_info_user_id, status, title) 
    values
        (?, ?, ?, ?, ?, ?, ?, ?, ?, ?, ?, ?, ?, ?, ?)
Hibernate: 
    select
        storespost0_.user_id as user_id17_10_0_,
        storespost0_.id as id1_10_0_,
        storespost0_.id as id1_10_1_,
        storespost0_.created_date as created_2_10_1_,
        storespost0_.modified_date as modified3_10_1_,
        storespost0_.author_id as author_i9_10_1_,
        storespost0_.clothes_info_id as clothes10_10_1_,
        storespost0_.colors_name as colors_11_10_1_,
        storespost0_.materials_name as materia12_10_1_,
        storespost0_.style_name as style_n13_10_1_,
        storespost0_.clothes_length as clothes_4_10_1_,
        storespost0_.content as content5_10_1_,
        storespost0_.price as price6_10_1_,
        storespost0_.sales_info_clothes_id as sales_i14_10_1_,
        storespost0_.sales_info_status_id as sales_i15_10_1_,
        storespost0_.sales_info_user_id as sales_i16_10_1_,
        storespost0_.status as status7_10_1_,
        storespost0_.title as title8_10_1_,
        members1_.id as id1_6_2_,
        members1_.email as email2_6_2_,
        members1_.image as image3_6_2_,
        members1_.name as name4_6_2_,
        members1_.nickname as nickname5_6_2_,
        members1_.password as password6_6_2_,
        members1_.phone as phone7_6_2_,
        members1_.refresh_token as refresh_8_6_2_,
        members1_.role as role9_6_2_,
        clothesinf2_.id as id1_3_3_,
        clothesinf2_.categoryl as category2_3_3_,
        clothesinf2_.categorys as category3_3_3_,
        clothesinf2_.fit as fit4_3_3_,
        clothesinf2_.length as length5_3_3_,
        colors3_.id as id1_4_4_,
        colors3_.name as name2_4_4_,
        materials4_.id as id1_5_5_,
        materials4_.name as name2_5_5_,
        style5_.id as id1_11_6_,
        style5_.name as name2_11_6_,
        salesinfoc6_.id as id1_7_7_,
        salesinfoc6_.clothes_brand as clothes_2_7_7_,
        salesinfoc6_.clothes_color as clothes_3_7_7_,
        salesinfoc6_.clothes_gender as clothes_4_7_7_,
        salesinfoc6_.clothes_size as clothes_5_7_7_,
        salesinfos7_.id as id1_8_8_,
        salesinfos7_.status_score as status_s2_8_8_,
        salesinfos7_.status_tag as status_t3_8_8_,
        salesinfos7_.status_times as status_t4_8_8_,
        salesinfos7_.status_when2buy as status_w5_8_8_,
        salesinfos7_.transport as transpor6_8_8_,
        salesinfou8_.id as id1_9_9_,
        salesinfou8_.user_height as user_hei2_9_9_,
        salesinfou8_.user_size as user_siz3_9_9_,
        salesinfou8_.user_weight as user_wei4_9_9_ 
    from
        stores storespost0_ 
    left outer join
        members members1_ 
            on storespost0_.author_id=members1_.id 
    left outer join
        clothes_info clothesinf2_ 
            on storespost0_.clothes_info_id=clothesinf2_.id 
    left outer join
        colors colors3_ 
            on storespost0_.colors_name=colors3_.name 
    left outer join
        materials materials4_ 
            on storespost0_.materials_name=materials4_.name 
    left outer join
        style style5_ 
            on storespost0_.style_name=style5_.name 
    left outer join
        sales_info_clothes salesinfoc6_ 
            on storespost0_.sales_info_clothes_id=salesinfoc6_.id 
    left outer join
        sales_info_status salesinfos7_ 
            on storespost0_.sales_info_status_id=salesinfos7_.id 
    left outer join
        sales_info_user salesinfou8_ 
            on storespost0_.sales_info_user_id=salesinfou8_.id 
    where
        storespost0_.user_id=?
Hibernate: 
    update
        clothes_image 
    set
        closets_post_id_id=?,
        path=?,
        stores_post_id_id=?,
        type=? 
    where
        id=?
Hibernate: 
    update
        clothes_image 
    set
        closets_post_id_id=?,
        path=?,
        stores_post_id_id=?,
        type=? 
    where
        id=?
Hibernate: 
    update
        stores 
    set
        user_id=? 
    where
        id=?
Hibernate: 
    update
        clothes_image 
    set
        stores_post_id=?,
        images_order=? 
    where
        id=?
Hibernate: 
    update
        clothes_image 
    set
        stores_post_id=?,
        images_order=? 
    where
        id=?
gunsong2@naver.com
Hibernate: 
    select
        members0_.id as id1_6_,
        members0_.email as email2_6_,
        members0_.image as image3_6_,
        members0_.name as name4_6_,
        members0_.nickname as nickname5_6_,
        members0_.password as password6_6_,
        members0_.phone as phone7_6_,
        members0_.refresh_token as refresh_8_6_,
        members0_.role as role9_6_ 
    from
        members members0_ 
    where
        members0_.email=?
Hibernate: 
    select
        style0_.id as id1_11_,
        style0_.name as name2_11_ 
    from
        style style0_ 
    where
        style0_.name=?
Hibernate: 
    select
        materials0_.id as id1_5_,
        materials0_.name as name2_5_ 
    from
        materials materials0_ 
    where
        materials0_.name=?
Hibernate: 
    select
        colors0_.id as id1_4_,
        colors0_.name as name2_4_ 
    from
        colors colors0_ 
    where
        colors0_.name=?
Hibernate: 
    select
        clothesinf0_.id as id1_3_,
        clothesinf0_.categoryl as category2_3_,
        clothesinf0_.categorys as category3_3_,
        clothesinf0_.fit as fit4_3_,
        clothesinf0_.length as length5_3_ 
    from
        clothes_info clothesinf0_ 
    where
        clothesinf0_.categoryl=? 
        and clothesinf0_.categorys=? 
        and clothesinf0_.length=? 
        and clothesinf0_.fit=?
Hibernate: 
    select
        salesinfoc0_.id as id1_7_,
        salesinfoc0_.clothes_brand as clothes_2_7_,
        salesinfoc0_.clothes_color as clothes_3_7_,
        salesinfoc0_.clothes_gender as clothes_4_7_,
        salesinfoc0_.clothes_size as clothes_5_7_ 
    from
        sales_info_clothes salesinfoc0_ 
    where
        salesinfoc0_.clothes_brand=? 
        and salesinfoc0_.clothes_gender=? 
        and salesinfoc0_.clothes_size=? 
        and salesinfoc0_.clothes_color=?
Hibernate: 
    select
        salesinfos0_.id as id1_8_,
        salesinfos0_.status_score as status_s2_8_,
        salesinfos0_.status_tag as status_t3_8_,
        salesinfos0_.status_times as status_t4_8_,
        salesinfos0_.status_when2buy as status_w5_8_,
        salesinfos0_.transport as transpor6_8_ 
    from
        sales_info_status salesinfos0_ 
    where
        salesinfos0_.status_tag=? 
        and salesinfos0_.status_score=? 
        and salesinfos0_.status_times=? 
        and salesinfos0_.status_when2buy=? 
        and salesinfos0_.transport=?
Hibernate: 
    select
        salesinfou0_.id as id1_9_,
        salesinfou0_.user_height as user_hei2_9_,
        salesinfou0_.user_size as user_siz3_9_,
        salesinfou0_.user_weight as user_wei4_9_ 
    from
        sales_info_user salesinfou0_ 
    where
        salesinfou0_.user_size=? 
        and salesinfou0_.user_weight=? 
        and salesinfou0_.user_height=?
Hibernate: 
    insert 
    into
        clothes_image
        (closets_post_id_id, path, stores_post_id_id, type) 
    values
        (?, ?, ?, ?)
Hibernate: 
    insert 
    into
        clothes_image
        (closets_post_id_id, path, stores_post_id_id, type) 
    values
        (?, ?, ?, ?)
Hibernate: 
    insert 
    into
        stores
        (created_date, modified_date, author_id, clothes_info_id, colors_name, materials_name, style_name, clothes_length, content, price, sales_info_clothes_id, sales_info_status_id, sales_info_user_id, status, title) 
    values
        (?, ?, ?, ?, ?, ?, ?, ?, ?, ?, ?, ?, ?, ?, ?)
Hibernate: 
    select
        storespost0_.user_id as user_id17_10_0_,
        storespost0_.id as id1_10_0_,
        storespost0_.id as id1_10_1_,
        storespost0_.created_date as created_2_10_1_,
        storespost0_.modified_date as modified3_10_1_,
        storespost0_.author_id as author_i9_10_1_,
        storespost0_.clothes_info_id as clothes10_10_1_,
        storespost0_.colors_name as colors_11_10_1_,
        storespost0_.materials_name as materia12_10_1_,
        storespost0_.style_name as style_n13_10_1_,
        storespost0_.clothes_length as clothes_4_10_1_,
        storespost0_.content as content5_10_1_,
        storespost0_.price as price6_10_1_,
        storespost0_.sales_info_clothes_id as sales_i14_10_1_,
        storespost0_.sales_info_status_id as sales_i15_10_1_,
        storespost0_.sales_info_user_id as sales_i16_10_1_,
        storespost0_.status as status7_10_1_,
        storespost0_.title as title8_10_1_,
        members1_.id as id1_6_2_,
        members1_.email as email2_6_2_,
        members1_.image as image3_6_2_,
        members1_.name as name4_6_2_,
        members1_.nickname as nickname5_6_2_,
        members1_.password as password6_6_2_,
        members1_.phone as phone7_6_2_,
        members1_.refresh_token as refresh_8_6_2_,
        members1_.role as role9_6_2_,
        clothesinf2_.id as id1_3_3_,
        clothesinf2_.categoryl as category2_3_3_,
        clothesinf2_.categorys as category3_3_3_,
        clothesinf2_.fit as fit4_3_3_,
        clothesinf2_.length as length5_3_3_,
        colors3_.id as id1_4_4_,
        colors3_.name as name2_4_4_,
        materials4_.id as id1_5_5_,
        materials4_.name as name2_5_5_,
        style5_.id as id1_11_6_,
        style5_.name as name2_11_6_,
        salesinfoc6_.id as id1_7_7_,
        salesinfoc6_.clothes_brand as clothes_2_7_7_,
        salesinfoc6_.clothes_color as clothes_3_7_7_,
        salesinfoc6_.clothes_gender as clothes_4_7_7_,
        salesinfoc6_.clothes_size as clothes_5_7_7_,
        salesinfos7_.id as id1_8_8_,
        salesinfos7_.status_score as status_s2_8_8_,
        salesinfos7_.status_tag as status_t3_8_8_,
        salesinfos7_.status_times as status_t4_8_8_,
        salesinfos7_.status_when2buy as status_w5_8_8_,
        salesinfos7_.transport as transpor6_8_8_,
        salesinfou8_.id as id1_9_9_,
        salesinfou8_.user_height as user_hei2_9_9_,
        salesinfou8_.user_size as user_siz3_9_9_,
        salesinfou8_.user_weight as user_wei4_9_9_ 
    from
        stores storespost0_ 
    left outer join
        members members1_ 
            on storespost0_.author_id=members1_.id 
    left outer join
        clothes_info clothesinf2_ 
            on storespost0_.clothes_info_id=clothesinf2_.id 
    left outer join
        colors colors3_ 
            on storespost0_.colors_name=colors3_.name 
    left outer join
        materials materials4_ 
            on storespost0_.materials_name=materials4_.name 
    left outer join
        style style5_ 
            on storespost0_.style_name=style5_.name 
    left outer join
        sales_info_clothes salesinfoc6_ 
            on storespost0_.sales_info_clothes_id=salesinfoc6_.id 
    left outer join
        sales_info_status salesinfos7_ 
            on storespost0_.sales_info_status_id=salesinfos7_.id 
    left outer join
        sales_info_user salesinfou8_ 
            on storespost0_.sales_info_user_id=salesinfou8_.id 
    where
        storespost0_.user_id=?
Hibernate: 
    update
        clothes_image 
    set
        closets_post_id_id=?,
        path=?,
        stores_post_id_id=?,
        type=? 
    where
        id=?
Hibernate: 
    update
        clothes_image 
    set
        closets_post_id_id=?,
        path=?,
        stores_post_id_id=?,
        type=? 
    where
        id=?
Hibernate: 
    update
        stores 
    set
        user_id=? 
    where
        id=?
Hibernate: 
    update
        clothes_image 
    set
        stores_post_id=?,
        images_order=? 
    where
        id=?
Hibernate: 
    update
        clothes_image 
    set
        stores_post_id=?,
        images_order=? 
    where
        id=?
gunsong2@naver.com
Hibernate: 
    select
        members0_.id as id1_6_,
        members0_.email as email2_6_,
        members0_.image as image3_6_,
        members0_.name as name4_6_,
        members0_.nickname as nickname5_6_,
        members0_.password as password6_6_,
        members0_.phone as phone7_6_,
        members0_.refresh_token as refresh_8_6_,
        members0_.role as role9_6_ 
    from
        members members0_ 
    where
        members0_.email=?
Hibernate: 
    select
        style0_.id as id1_11_,
        style0_.name as name2_11_ 
    from
        style style0_ 
    where
        style0_.name=?
Hibernate: 
    select
        materials0_.id as id1_5_,
        materials0_.name as name2_5_ 
    from
        materials materials0_ 
    where
        materials0_.name=?
Hibernate: 
    select
        colors0_.id as id1_4_,
        colors0_.name as name2_4_ 
    from
        colors colors0_ 
    where
        colors0_.name=?
Hibernate: 
    select
        clothesinf0_.id as id1_3_,
        clothesinf0_.categoryl as category2_3_,
        clothesinf0_.categorys as category3_3_,
        clothesinf0_.fit as fit4_3_,
        clothesinf0_.length as length5_3_ 
    from
        clothes_info clothesinf0_ 
    where
        clothesinf0_.categoryl=? 
        and clothesinf0_.categorys=? 
        and clothesinf0_.length=? 
        and clothesinf0_.fit=?
Hibernate: 
    select
        salesinfoc0_.id as id1_7_,
        salesinfoc0_.clothes_brand as clothes_2_7_,
        salesinfoc0_.clothes_color as clothes_3_7_,
        salesinfoc0_.clothes_gender as clothes_4_7_,
        salesinfoc0_.clothes_size as clothes_5_7_ 
    from
        sales_info_clothes salesinfoc0_ 
    where
        salesinfoc0_.clothes_brand=? 
        and salesinfoc0_.clothes_gender=? 
        and salesinfoc0_.clothes_size=? 
        and salesinfoc0_.clothes_color=?
Hibernate: 
    select
        salesinfos0_.id as id1_8_,
        salesinfos0_.status_score as status_s2_8_,
        salesinfos0_.status_tag as status_t3_8_,
        salesinfos0_.status_times as status_t4_8_,
        salesinfos0_.status_when2buy as status_w5_8_,
        salesinfos0_.transport as transpor6_8_ 
    from
        sales_info_status salesinfos0_ 
    where
        salesinfos0_.status_tag=? 
        and salesinfos0_.status_score=? 
        and salesinfos0_.status_times=? 
        and salesinfos0_.status_when2buy=? 
        and salesinfos0_.transport=?
Hibernate: 
    select
        salesinfou0_.id as id1_9_,
        salesinfou0_.user_height as user_hei2_9_,
        salesinfou0_.user_size as user_siz3_9_,
        salesinfou0_.user_weight as user_wei4_9_ 
    from
        sales_info_user salesinfou0_ 
    where
        salesinfou0_.user_size=? 
        and salesinfou0_.user_weight=? 
        and salesinfou0_.user_height=?
Hibernate: 
    insert 
    into
        clothes_image
        (closets_post_id_id, path, stores_post_id_id, type) 
    values
        (?, ?, ?, ?)
Hibernate: 
    insert 
    into
        clothes_image
        (closets_post_id_id, path, stores_post_id_id, type) 
    values
        (?, ?, ?, ?)
Hibernate: 
    insert 
    into
        stores
        (created_date, modified_date, author_id, clothes_info_id, colors_name, materials_name, style_name, clothes_length, content, price, sales_info_clothes_id, sales_info_status_id, sales_info_user_id, status, title) 
    values
        (?, ?, ?, ?, ?, ?, ?, ?, ?, ?, ?, ?, ?, ?, ?)
Hibernate: 
    select
        storespost0_.user_id as user_id17_10_0_,
        storespost0_.id as id1_10_0_,
        storespost0_.id as id1_10_1_,
        storespost0_.created_date as created_2_10_1_,
        storespost0_.modified_date as modified3_10_1_,
        storespost0_.author_id as author_i9_10_1_,
        storespost0_.clothes_info_id as clothes10_10_1_,
        storespost0_.colors_name as colors_11_10_1_,
        storespost0_.materials_name as materia12_10_1_,
        storespost0_.style_name as style_n13_10_1_,
        storespost0_.clothes_length as clothes_4_10_1_,
        storespost0_.content as content5_10_1_,
        storespost0_.price as price6_10_1_,
        storespost0_.sales_info_clothes_id as sales_i14_10_1_,
        storespost0_.sales_info_status_id as sales_i15_10_1_,
        storespost0_.sales_info_user_id as sales_i16_10_1_,
        storespost0_.status as status7_10_1_,
        storespost0_.title as title8_10_1_,
        members1_.id as id1_6_2_,
        members1_.email as email2_6_2_,
        members1_.image as image3_6_2_,
        members1_.name as name4_6_2_,
        members1_.nickname as nickname5_6_2_,
        members1_.password as password6_6_2_,
        members1_.phone as phone7_6_2_,
        members1_.refresh_token as refresh_8_6_2_,
        members1_.role as role9_6_2_,
        clothesinf2_.id as id1_3_3_,
        clothesinf2_.categoryl as category2_3_3_,
        clothesinf2_.categorys as category3_3_3_,
        clothesinf2_.fit as fit4_3_3_,
        clothesinf2_.length as length5_3_3_,
        colors3_.id as id1_4_4_,
        colors3_.name as name2_4_4_,
        materials4_.id as id1_5_5_,
        materials4_.name as name2_5_5_,
        style5_.id as id1_11_6_,
        style5_.name as name2_11_6_,
        salesinfoc6_.id as id1_7_7_,
        salesinfoc6_.clothes_brand as clothes_2_7_7_,
        salesinfoc6_.clothes_color as clothes_3_7_7_,
        salesinfoc6_.clothes_gender as clothes_4_7_7_,
        salesinfoc6_.clothes_size as clothes_5_7_7_,
        salesinfos7_.id as id1_8_8_,
        salesinfos7_.status_score as status_s2_8_8_,
        salesinfos7_.status_tag as status_t3_8_8_,
        salesinfos7_.status_times as status_t4_8_8_,
        salesinfos7_.status_when2buy as status_w5_8_8_,
        salesinfos7_.transport as transpor6_8_8_,
        salesinfou8_.id as id1_9_9_,
        salesinfou8_.user_height as user_hei2_9_9_,
        salesinfou8_.user_size as user_siz3_9_9_,
        salesinfou8_.user_weight as user_wei4_9_9_ 
    from
        stores storespost0_ 
    left outer join
        members members1_ 
            on storespost0_.author_id=members1_.id 
    left outer join
        clothes_info clothesinf2_ 
            on storespost0_.clothes_info_id=clothesinf2_.id 
    left outer join
        colors colors3_ 
            on storespost0_.colors_name=colors3_.name 
    left outer join
        materials materials4_ 
            on storespost0_.materials_name=materials4_.name 
    left outer join
        style style5_ 
            on storespost0_.style_name=style5_.name 
    left outer join
        sales_info_clothes salesinfoc6_ 
            on storespost0_.sales_info_clothes_id=salesinfoc6_.id 
    left outer join
        sales_info_status salesinfos7_ 
            on storespost0_.sales_info_status_id=salesinfos7_.id 
    left outer join
        sales_info_user salesinfou8_ 
            on storespost0_.sales_info_user_id=salesinfou8_.id 
    where
        storespost0_.user_id=?
Hibernate: 
    update
        clothes_image 
    set
        closets_post_id_id=?,
        path=?,
        stores_post_id_id=?,
        type=? 
    where
        id=?
Hibernate: 
    update
        clothes_image 
    set
        closets_post_id_id=?,
        path=?,
        stores_post_id_id=?,
        type=? 
    where
        id=?
Hibernate: 
    update
        stores 
    set
        user_id=? 
    where
        id=?
Hibernate: 
    update
        clothes_image 
    set
        stores_post_id=?,
        images_order=? 
    where
        id=?
Hibernate: 
    update
        clothes_image 
    set
        stores_post_id=?,
        images_order=? 
    where
        id=?
gunsong2@naver.com
Hibernate: 
    select
        members0_.id as id1_6_,
        members0_.email as email2_6_,
        members0_.image as image3_6_,
        members0_.name as name4_6_,
        members0_.nickname as nickname5_6_,
        members0_.password as password6_6_,
        members0_.phone as phone7_6_,
        members0_.refresh_token as refresh_8_6_,
        members0_.role as role9_6_ 
    from
        members members0_ 
    where
        members0_.email=?
Hibernate: 
    select
        style0_.id as id1_11_,
        style0_.name as name2_11_ 
    from
        style style0_ 
    where
        style0_.name=?
Hibernate: 
    select
        materials0_.id as id1_5_,
        materials0_.name as name2_5_ 
    from
        materials materials0_ 
    where
        materials0_.name=?
Hibernate: 
    select
        colors0_.id as id1_4_,
        colors0_.name as name2_4_ 
    from
        colors colors0_ 
    where
        colors0_.name=?
Hibernate: 
    select
        clothesinf0_.id as id1_3_,
        clothesinf0_.categoryl as category2_3_,
        clothesinf0_.categorys as category3_3_,
        clothesinf0_.fit as fit4_3_,
        clothesinf0_.length as length5_3_ 
    from
        clothes_info clothesinf0_ 
    where
        clothesinf0_.categoryl=? 
        and clothesinf0_.categorys=? 
        and clothesinf0_.length=? 
        and clothesinf0_.fit=?
Hibernate: 
    select
        salesinfoc0_.id as id1_7_,
        salesinfoc0_.clothes_brand as clothes_2_7_,
        salesinfoc0_.clothes_color as clothes_3_7_,
        salesinfoc0_.clothes_gender as clothes_4_7_,
        salesinfoc0_.clothes_size as clothes_5_7_ 
    from
        sales_info_clothes salesinfoc0_ 
    where
        salesinfoc0_.clothes_brand=? 
        and salesinfoc0_.clothes_gender=? 
        and salesinfoc0_.clothes_size=? 
        and salesinfoc0_.clothes_color=?
Hibernate: 
    select
        salesinfos0_.id as id1_8_,
        salesinfos0_.status_score as status_s2_8_,
        salesinfos0_.status_tag as status_t3_8_,
        salesinfos0_.status_times as status_t4_8_,
        salesinfos0_.status_when2buy as status_w5_8_,
        salesinfos0_.transport as transpor6_8_ 
    from
        sales_info_status salesinfos0_ 
    where
        salesinfos0_.status_tag=? 
        and salesinfos0_.status_score=? 
        and salesinfos0_.status_times=? 
        and salesinfos0_.status_when2buy=? 
        and salesinfos0_.transport=?
Hibernate: 
    select
        salesinfou0_.id as id1_9_,
        salesinfou0_.user_height as user_hei2_9_,
        salesinfou0_.user_size as user_siz3_9_,
        salesinfou0_.user_weight as user_wei4_9_ 
    from
        sales_info_user salesinfou0_ 
    where
        salesinfou0_.user_size=? 
        and salesinfou0_.user_weight=? 
        and salesinfou0_.user_height=?
Hibernate: 
    insert 
    into
        clothes_image
        (closets_post_id_id, path, stores_post_id_id, type) 
    values
        (?, ?, ?, ?)
Hibernate: 
    insert 
    into
        clothes_image
        (closets_post_id_id, path, stores_post_id_id, type) 
    values
        (?, ?, ?, ?)
Hibernate: 
    insert 
    into
        stores
        (created_date, modified_date, author_id, clothes_info_id, colors_name, materials_name, style_name, clothes_length, content, price, sales_info_clothes_id, sales_info_status_id, sales_info_user_id, status, title) 
    values
        (?, ?, ?, ?, ?, ?, ?, ?, ?, ?, ?, ?, ?, ?, ?)
Hibernate: 
    select
        storespost0_.user_id as user_id17_10_0_,
        storespost0_.id as id1_10_0_,
        storespost0_.id as id1_10_1_,
        storespost0_.created_date as created_2_10_1_,
        storespost0_.modified_date as modified3_10_1_,
        storespost0_.author_id as author_i9_10_1_,
        storespost0_.clothes_info_id as clothes10_10_1_,
        storespost0_.colors_name as colors_11_10_1_,
        storespost0_.materials_name as materia12_10_1_,
        storespost0_.style_name as style_n13_10_1_,
        storespost0_.clothes_length as clothes_4_10_1_,
        storespost0_.content as content5_10_1_,
        storespost0_.price as price6_10_1_,
        storespost0_.sales_info_clothes_id as sales_i14_10_1_,
        storespost0_.sales_info_status_id as sales_i15_10_1_,
        storespost0_.sales_info_user_id as sales_i16_10_1_,
        storespost0_.status as status7_10_1_,
        storespost0_.title as title8_10_1_,
        members1_.id as id1_6_2_,
        members1_.email as email2_6_2_,
        members1_.image as image3_6_2_,
        members1_.name as name4_6_2_,
        members1_.nickname as nickname5_6_2_,
        members1_.password as password6_6_2_,
        members1_.phone as phone7_6_2_,
        members1_.refresh_token as refresh_8_6_2_,
        members1_.role as role9_6_2_,
        clothesinf2_.id as id1_3_3_,
        clothesinf2_.categoryl as category2_3_3_,
        clothesinf2_.categorys as category3_3_3_,
        clothesinf2_.fit as fit4_3_3_,
        clothesinf2_.length as length5_3_3_,
        colors3_.id as id1_4_4_,
        colors3_.name as name2_4_4_,
        materials4_.id as id1_5_5_,
        materials4_.name as name2_5_5_,
        style5_.id as id1_11_6_,
        style5_.name as name2_11_6_,
        salesinfoc6_.id as id1_7_7_,
        salesinfoc6_.clothes_brand as clothes_2_7_7_,
        salesinfoc6_.clothes_color as clothes_3_7_7_,
        salesinfoc6_.clothes_gender as clothes_4_7_7_,
        salesinfoc6_.clothes_size as clothes_5_7_7_,
        salesinfos7_.id as id1_8_8_,
        salesinfos7_.status_score as status_s2_8_8_,
        salesinfos7_.status_tag as status_t3_8_8_,
        salesinfos7_.status_times as status_t4_8_8_,
        salesinfos7_.status_when2buy as status_w5_8_8_,
        salesinfos7_.transport as transpor6_8_8_,
        salesinfou8_.id as id1_9_9_,
        salesinfou8_.user_height as user_hei2_9_9_,
        salesinfou8_.user_size as user_siz3_9_9_,
        salesinfou8_.user_weight as user_wei4_9_9_ 
    from
        stores storespost0_ 
    left outer join
        members members1_ 
            on storespost0_.author_id=members1_.id 
    left outer join
        clothes_info clothesinf2_ 
            on storespost0_.clothes_info_id=clothesinf2_.id 
    left outer join
        colors colors3_ 
            on storespost0_.colors_name=colors3_.name 
    left outer join
        materials materials4_ 
            on storespost0_.materials_name=materials4_.name 
    left outer join
        style style5_ 
            on storespost0_.style_name=style5_.name 
    left outer join
        sales_info_clothes salesinfoc6_ 
            on storespost0_.sales_info_clothes_id=salesinfoc6_.id 
    left outer join
        sales_info_status salesinfos7_ 
            on storespost0_.sales_info_status_id=salesinfos7_.id 
    left outer join
        sales_info_user salesinfou8_ 
            on storespost0_.sales_info_user_id=salesinfou8_.id 
    where
        storespost0_.user_id=?
Hibernate: 
    select
        colors0_.id as id1_4_0_,
        colors0_.name as name2_4_0_ 
    from
        colors colors0_ 
    where
        colors0_.name=?
Hibernate: 
    update
        clothes_image 
    set
        closets_post_id_id=?,
        path=?,
        stores_post_id_id=?,
        type=? 
    where
        id=?
Hibernate: 
    update
        clothes_image 
    set
        closets_post_id_id=?,
        path=?,
        stores_post_id_id=?,
        type=? 
    where
        id=?
Hibernate: 
    update
        stores 
    set
        user_id=? 
    where
        id=?
Hibernate: 
    update
        clothes_image 
    set
        stores_post_id=?,
        images_order=? 
    where
        id=?
Hibernate: 
    update
        clothes_image 
    set
        stores_post_id=?,
        images_order=? 
    where
        id=?
Hibernate: 
    select
        stores0_.id as id1_10_,
        stores0_.created_date as created_2_10_,
        stores0_.modified_date as modified3_10_,
        stores0_.author_id as author_i9_10_,
        stores0_.clothes_info_id as clothes10_10_,
        stores0_.colors_name as colors_11_10_,
        stores0_.materials_name as materia12_10_,
        stores0_.style_name as style_n13_10_,
        stores0_.clothes_length as clothes_4_10_,
        stores0_.content as content5_10_,
        stores0_.price as price6_10_,
        stores0_.sales_info_clothes_id as sales_i14_10_,
        stores0_.sales_info_status_id as sales_i15_10_,
        stores0_.sales_info_user_id as sales_i16_10_,
        stores0_.status as status7_10_,
        stores0_.title as title8_10_ 
    from
        stores stores0_
Hibernate: 
    select
        members0_.id as id1_6_0_,
        members0_.email as email2_6_0_,
        members0_.image as image3_6_0_,
        members0_.name as name4_6_0_,
        members0_.nickname as nickname5_6_0_,
        members0_.password as password6_6_0_,
        members0_.phone as phone7_6_0_,
        members0_.refresh_token as refresh_8_6_0_,
        members0_.role as role9_6_0_ 
    from
        members members0_ 
    where
        members0_.id=?
Hibernate: 
    select
        clothesinf0_.id as id1_3_0_,
        clothesinf0_.categoryl as category2_3_0_,
        clothesinf0_.categorys as category3_3_0_,
        clothesinf0_.fit as fit4_3_0_,
        clothesinf0_.length as length5_3_0_ 
    from
        clothes_info clothesinf0_ 
    where
        clothesinf0_.id=?
Hibernate: 
    select
        colors0_.id as id1_4_0_,
        colors0_.name as name2_4_0_ 
    from
        colors colors0_ 
    where
        colors0_.name=?
Hibernate: 
    select
        materials0_.id as id1_5_0_,
        materials0_.name as name2_5_0_ 
    from
        materials materials0_ 
    where
        materials0_.name=?
Hibernate: 
    select
        style0_.id as id1_11_0_,
        style0_.name as name2_11_0_ 
    from
        style style0_ 
    where
        style0_.name=?
Hibernate: 
    select
        salesinfoc0_.id as id1_7_0_,
        salesinfoc0_.clothes_brand as clothes_2_7_0_,
        salesinfoc0_.clothes_color as clothes_3_7_0_,
        salesinfoc0_.clothes_gender as clothes_4_7_0_,
        salesinfoc0_.clothes_size as clothes_5_7_0_ 
    from
        sales_info_clothes salesinfoc0_ 
    where
        salesinfoc0_.id=?
Hibernate: 
    select
        salesinfos0_.id as id1_8_0_,
        salesinfos0_.status_score as status_s2_8_0_,
        salesinfos0_.status_tag as status_t3_8_0_,
        salesinfos0_.status_times as status_t4_8_0_,
        salesinfos0_.status_when2buy as status_w5_8_0_,
        salesinfos0_.transport as transpor6_8_0_ 
    from
        sales_info_status salesinfos0_ 
    where
        salesinfos0_.id=?
Hibernate: 
    select
        salesinfou0_.id as id1_9_0_,
        salesinfou0_.user_height as user_hei2_9_0_,
        salesinfou0_.user_size as user_siz3_9_0_,
        salesinfou0_.user_weight as user_wei4_9_0_ 
    from
        sales_info_user salesinfou0_ 
    where
        salesinfou0_.id=?
Hibernate: 
    select
        clothesinf0_.id as id1_3_0_,
        clothesinf0_.categoryl as category2_3_0_,
        clothesinf0_.categorys as category3_3_0_,
        clothesinf0_.fit as fit4_3_0_,
        clothesinf0_.length as length5_3_0_ 
    from
        clothes_info clothesinf0_ 
    where
        clothesinf0_.id=?
Hibernate: 
    select
        colors0_.id as id1_4_0_,
        colors0_.name as name2_4_0_ 
    from
        colors colors0_ 
    where
        colors0_.name=?
Hibernate: 
    select
        materials0_.id as id1_5_0_,
        materials0_.name as name2_5_0_ 
    from
        materials materials0_ 
    where
        materials0_.name=?
Hibernate: 
    select
        style0_.id as id1_11_0_,
        style0_.name as name2_11_0_ 
    from
        style style0_ 
    where
        style0_.name=?
Hibernate: 
    select
        salesinfoc0_.id as id1_7_0_,
        salesinfoc0_.clothes_brand as clothes_2_7_0_,
        salesinfoc0_.clothes_color as clothes_3_7_0_,
        salesinfoc0_.clothes_gender as clothes_4_7_0_,
        salesinfoc0_.clothes_size as clothes_5_7_0_ 
    from
        sales_info_clothes salesinfoc0_ 
    where
        salesinfoc0_.id=?
Hibernate: 
    select
        salesinfos0_.id as id1_8_0_,
        salesinfos0_.status_score as status_s2_8_0_,
        salesinfos0_.status_tag as status_t3_8_0_,
        salesinfos0_.status_times as status_t4_8_0_,
        salesinfos0_.status_when2buy as status_w5_8_0_,
        salesinfos0_.transport as transpor6_8_0_ 
    from
        sales_info_status salesinfos0_ 
    where
        salesinfos0_.id=?
Hibernate: 
    select
        salesinfou0_.id as id1_9_0_,
        salesinfou0_.user_height as user_hei2_9_0_,
        salesinfou0_.user_size as user_siz3_9_0_,
        salesinfou0_.user_weight as user_wei4_9_0_ 
    from
        sales_info_user salesinfou0_ 
    where
        salesinfou0_.id=?
Hibernate: 
    select
        clothesinf0_.id as id1_3_0_,
        clothesinf0_.categoryl as category2_3_0_,
        clothesinf0_.categorys as category3_3_0_,
        clothesinf0_.fit as fit4_3_0_,
        clothesinf0_.length as length5_3_0_ 
    from
        clothes_info clothesinf0_ 
    where
        clothesinf0_.id=?
Hibernate: 
    select
        colors0_.id as id1_4_0_,
        colors0_.name as name2_4_0_ 
    from
        colors colors0_ 
    where
        colors0_.name=?
Hibernate: 
    select
        materials0_.id as id1_5_0_,
        materials0_.name as name2_5_0_ 
    from
        materials materials0_ 
    where
        materials0_.name=?
Hibernate: 
    select
        style0_.id as id1_11_0_,
        style0_.name as name2_11_0_ 
    from
        style style0_ 
    where
        style0_.name=?
Hibernate: 
    select
        salesinfoc0_.id as id1_7_0_,
        salesinfoc0_.clothes_brand as clothes_2_7_0_,
        salesinfoc0_.clothes_color as clothes_3_7_0_,
        salesinfoc0_.clothes_gender as clothes_4_7_0_,
        salesinfoc0_.clothes_size as clothes_5_7_0_ 
    from
        sales_info_clothes salesinfoc0_ 
    where
        salesinfoc0_.id=?
Hibernate: 
    select
        salesinfos0_.id as id1_8_0_,
        salesinfos0_.status_score as status_s2_8_0_,
        salesinfos0_.status_tag as status_t3_8_0_,
        salesinfos0_.status_times as status_t4_8_0_,
        salesinfos0_.status_when2buy as status_w5_8_0_,
        salesinfos0_.transport as transpor6_8_0_ 
    from
        sales_info_status salesinfos0_ 
    where
        salesinfos0_.id=?
Hibernate: 
    select
        salesinfou0_.id as id1_9_0_,
        salesinfou0_.user_height as user_hei2_9_0_,
        salesinfou0_.user_size as user_siz3_9_0_,
        salesinfou0_.user_weight as user_wei4_9_0_ 
    from
        sales_info_user salesinfou0_ 
    where
        salesinfou0_.id=?
Hibernate: 
    select
        clothesinf0_.id as id1_3_0_,
        clothesinf0_.categoryl as category2_3_0_,
        clothesinf0_.categorys as category3_3_0_,
        clothesinf0_.fit as fit4_3_0_,
        clothesinf0_.length as length5_3_0_ 
    from
        clothes_info clothesinf0_ 
    where
        clothesinf0_.id=?
Hibernate: 
    select
        colors0_.id as id1_4_0_,
        colors0_.name as name2_4_0_ 
    from
        colors colors0_ 
    where
        colors0_.name=?
Hibernate: 
    select
        materials0_.id as id1_5_0_,
        materials0_.name as name2_5_0_ 
    from
        materials materials0_ 
    where
        materials0_.name=?
Hibernate: 
    select
        style0_.id as id1_11_0_,
        style0_.name as name2_11_0_ 
    from
        style style0_ 
    where
        style0_.name=?
Hibernate: 
    select
        salesinfoc0_.id as id1_7_0_,
        salesinfoc0_.clothes_brand as clothes_2_7_0_,
        salesinfoc0_.clothes_color as clothes_3_7_0_,
        salesinfoc0_.clothes_gender as clothes_4_7_0_,
        salesinfoc0_.clothes_size as clothes_5_7_0_ 
    from
        sales_info_clothes salesinfoc0_ 
    where
        salesinfoc0_.id=?
Hibernate: 
    select
        salesinfos0_.id as id1_8_0_,
        salesinfos0_.status_score as status_s2_8_0_,
        salesinfos0_.status_tag as status_t3_8_0_,
        salesinfos0_.status_times as status_t4_8_0_,
        salesinfos0_.status_when2buy as status_w5_8_0_,
        salesinfos0_.transport as transpor6_8_0_ 
    from
        sales_info_status salesinfos0_ 
    where
        salesinfos0_.id=?
Hibernate: 
    select
        salesinfou0_.id as id1_9_0_,
        salesinfou0_.user_height as user_hei2_9_0_,
        salesinfou0_.user_size as user_siz3_9_0_,
        salesinfou0_.user_weight as user_wei4_9_0_ 
    from
        sales_info_user salesinfou0_ 
    where
        salesinfou0_.id=?
Hibernate: 
    select
        clothesinf0_.id as id1_3_0_,
        clothesinf0_.categoryl as category2_3_0_,
        clothesinf0_.categorys as category3_3_0_,
        clothesinf0_.fit as fit4_3_0_,
        clothesinf0_.length as length5_3_0_ 
    from
        clothes_info clothesinf0_ 
    where
        clothesinf0_.id=?
Hibernate: 
    select
        materials0_.id as id1_5_0_,
        materials0_.name as name2_5_0_ 
    from
        materials materials0_ 
    where
        materials0_.name=?
Hibernate: 
    select
        style0_.id as id1_11_0_,
        style0_.name as name2_11_0_ 
    from
        style style0_ 
    where
        style0_.name=?
Hibernate: 
    select
        salesinfoc0_.id as id1_7_0_,
        salesinfoc0_.clothes_brand as clothes_2_7_0_,
        salesinfoc0_.clothes_color as clothes_3_7_0_,
        salesinfoc0_.clothes_gender as clothes_4_7_0_,
        salesinfoc0_.clothes_size as clothes_5_7_0_ 
    from
        sales_info_clothes salesinfoc0_ 
    where
        salesinfoc0_.id=?
Hibernate: 
    select
        salesinfos0_.id as id1_8_0_,
        salesinfos0_.status_score as status_s2_8_0_,
        salesinfos0_.status_tag as status_t3_8_0_,
        salesinfos0_.status_times as status_t4_8_0_,
        salesinfos0_.status_when2buy as status_w5_8_0_,
        salesinfos0_.transport as transpor6_8_0_ 
    from
        sales_info_status salesinfos0_ 
    where
        salesinfos0_.id=?
Hibernate: 
    select
        salesinfou0_.id as id1_9_0_,
        salesinfou0_.user_height as user_hei2_9_0_,
        salesinfou0_.user_size as user_siz3_9_0_,
        salesinfou0_.user_weight as user_wei4_9_0_ 
    from
        sales_info_user salesinfou0_ 
    where
        salesinfou0_.id=?
gunsong2@naver.com
Hibernate: 
    select
        members0_.id as id1_6_,
        members0_.email as email2_6_,
        members0_.image as image3_6_,
        members0_.name as name4_6_,
        members0_.nickname as nickname5_6_,
        members0_.password as password6_6_,
        members0_.phone as phone7_6_,
        members0_.refresh_token as refresh_8_6_,
        members0_.role as role9_6_ 
    from
        members members0_ 
    where
        members0_.email=?
Hibernate: 
    select
        stores0_.id as id1_10_0_,
        stores0_.created_date as created_2_10_0_,
        stores0_.modified_date as modified3_10_0_,
        stores0_.author_id as author_i9_10_0_,
        stores0_.clothes_info_id as clothes10_10_0_,
        stores0_.colors_name as colors_11_10_0_,
        stores0_.materials_name as materia12_10_0_,
        stores0_.style_name as style_n13_10_0_,
        stores0_.clothes_length as clothes_4_10_0_,
        stores0_.content as content5_10_0_,
        stores0_.price as price6_10_0_,
        stores0_.sales_info_clothes_id as sales_i14_10_0_,
        stores0_.sales_info_status_id as sales_i15_10_0_,
        stores0_.sales_info_user_id as sales_i16_10_0_,
        stores0_.status as status7_10_0_,
        stores0_.title as title8_10_0_,
        members1_.id as id1_6_1_,
        members1_.email as email2_6_1_,
        members1_.image as image3_6_1_,
        members1_.name as name4_6_1_,
        members1_.nickname as nickname5_6_1_,
        members1_.password as password6_6_1_,
        members1_.phone as phone7_6_1_,
        members1_.refresh_token as refresh_8_6_1_,
        members1_.role as role9_6_1_,
        clothesinf2_.id as id1_3_2_,
        clothesinf2_.categoryl as category2_3_2_,
        clothesinf2_.categorys as category3_3_2_,
        clothesinf2_.fit as fit4_3_2_,
        clothesinf2_.length as length5_3_2_,
        colors3_.id as id1_4_3_,
        colors3_.name as name2_4_3_,
        materials4_.id as id1_5_4_,
        materials4_.name as name2_5_4_,
        style5_.id as id1_11_5_,
        style5_.name as name2_11_5_,
        salesinfoc6_.id as id1_7_6_,
        salesinfoc6_.clothes_brand as clothes_2_7_6_,
        salesinfoc6_.clothes_color as clothes_3_7_6_,
        salesinfoc6_.clothes_gender as clothes_4_7_6_,
        salesinfoc6_.clothes_size as clothes_5_7_6_,
        salesinfos7_.id as id1_8_7_,
        salesinfos7_.status_score as status_s2_8_7_,
        salesinfos7_.status_tag as status_t3_8_7_,
        salesinfos7_.status_times as status_t4_8_7_,
        salesinfos7_.status_when2buy as status_w5_8_7_,
        salesinfos7_.transport as transpor6_8_7_,
        salesinfou8_.id as id1_9_8_,
        salesinfou8_.user_height as user_hei2_9_8_,
        salesinfou8_.user_size as user_siz3_9_8_,
        salesinfou8_.user_weight as user_wei4_9_8_ 
    from
        stores stores0_ 
    left outer join
        members members1_ 
            on stores0_.author_id=members1_.id 
    left outer join
        clothes_info clothesinf2_ 
            on stores0_.clothes_info_id=clothesinf2_.id 
    left outer join
        colors colors3_ 
            on stores0_.colors_name=colors3_.name 
    left outer join
        materials materials4_ 
            on stores0_.materials_name=materials4_.name 
    left outer join
        style style5_ 
            on stores0_.style_name=style5_.name 
    left outer join
        sales_info_clothes salesinfoc6_ 
            on stores0_.sales_info_clothes_id=salesinfoc6_.id 
    left outer join
        sales_info_status salesinfos7_ 
            on stores0_.sales_info_status_id=salesinfos7_.id 
    left outer join
        sales_info_user salesinfou8_ 
            on stores0_.sales_info_user_id=salesinfou8_.id 
    where
        stores0_.id=?
Hibernate: 
    select
        images0_.stores_post_id as stores_p6_2_0_,
        images0_.id as id1_2_0_,
        images0_.images_order as images_o7_0_,
        images0_.id as id1_2_1_,
        images0_.closets_post_id_id as closets_4_2_1_,
        images0_.path as path2_2_1_,
        images0_.stores_post_id_id as stores_p5_2_1_,
        images0_.type as type3_2_1_,
        closets1_.id as id1_1_2_,
        closets1_.created_date as created_2_1_2_,
        closets1_.modified_date as modified3_1_2_,
        closets1_.author_id as author_i4_1_2_,
        closets1_.clothes_info_id as clothes_5_1_2_,
        closets1_.colors_name as colors_n6_1_2_,
        closets1_.materials_name as material7_1_2_,
        closets1_.style_name as style_na8_1_2_,
        members2_.id as id1_6_3_,
        members2_.email as email2_6_3_,
        members2_.image as image3_6_3_,
        members2_.name as name4_6_3_,
        members2_.nickname as nickname5_6_3_,
        members2_.password as password6_6_3_,
        members2_.phone as phone7_6_3_,
        members2_.refresh_token as refresh_8_6_3_,
        members2_.role as role9_6_3_,
        clothesinf3_.id as id1_3_4_,
        clothesinf3_.categoryl as category2_3_4_,
        clothesinf3_.categorys as category3_3_4_,
        clothesinf3_.fit as fit4_3_4_,
        clothesinf3_.length as length5_3_4_,
        colors4_.id as id1_4_5_,
        colors4_.name as name2_4_5_,
        materials5_.id as id1_5_6_,
        materials5_.name as name2_5_6_,
        style6_.id as id1_11_7_,
        style6_.name as name2_11_7_,
        stores7_.id as id1_10_8_,
        stores7_.created_date as created_2_10_8_,
        stores7_.modified_date as modified3_10_8_,
        stores7_.author_id as author_i9_10_8_,
        stores7_.clothes_info_id as clothes10_10_8_,
        stores7_.colors_name as colors_11_10_8_,
        stores7_.materials_name as materia12_10_8_,
        stores7_.style_name as style_n13_10_8_,
        stores7_.clothes_length as clothes_4_10_8_,
        stores7_.content as content5_10_8_,
        stores7_.price as price6_10_8_,
        stores7_.sales_info_clothes_id as sales_i14_10_8_,
        stores7_.sales_info_status_id as sales_i15_10_8_,
        stores7_.sales_info_user_id as sales_i16_10_8_,
        stores7_.status as status7_10_8_,
        stores7_.title as title8_10_8_,
        members8_.id as id1_6_9_,
        members8_.email as email2_6_9_,
        members8_.image as image3_6_9_,
        members8_.name as name4_6_9_,
        members8_.nickname as nickname5_6_9_,
        members8_.password as password6_6_9_,
        members8_.phone as phone7_6_9_,
        members8_.refresh_token as refresh_8_6_9_,
        members8_.role as role9_6_9_,
        clothesinf9_.id as id1_3_10_,
        clothesinf9_.categoryl as category2_3_10_,
        clothesinf9_.categorys as category3_3_10_,
        clothesinf9_.fit as fit4_3_10_,
        clothesinf9_.length as length5_3_10_,
        colors10_.id as id1_4_11_,
        colors10_.name as name2_4_11_,
        materials11_.id as id1_5_12_,
        materials11_.name as name2_5_12_,
        style12_.id as id1_11_13_,
        style12_.name as name2_11_13_,
        salesinfoc13_.id as id1_7_14_,
        salesinfoc13_.clothes_brand as clothes_2_7_14_,
        salesinfoc13_.clothes_color as clothes_3_7_14_,
        salesinfoc13_.clothes_gender as clothes_4_7_14_,
        salesinfoc13_.clothes_size as clothes_5_7_14_,
        salesinfos14_.id as id1_8_15_,
        salesinfos14_.status_score as status_s2_8_15_,
        salesinfos14_.status_tag as status_t3_8_15_,
        salesinfos14_.status_times as status_t4_8_15_,
        salesinfos14_.status_when2buy as status_w5_8_15_,
        salesinfos14_.transport as transpor6_8_15_,
        salesinfou15_.id as id1_9_16_,
        salesinfou15_.user_height as user_hei2_9_16_,
        salesinfou15_.user_size as user_siz3_9_16_,
        salesinfou15_.user_weight as user_wei4_9_16_ 
    from
        clothes_image images0_ 
    left outer join
        closets closets1_ 
            on images0_.closets_post_id_id=closets1_.id 
    left outer join
        members members2_ 
            on closets1_.author_id=members2_.id 
    left outer join
        clothes_info clothesinf3_ 
            on closets1_.clothes_info_id=clothesinf3_.id 
    left outer join
        colors colors4_ 
            on closets1_.colors_name=colors4_.name 
    left outer join
        materials materials5_ 
            on closets1_.materials_name=materials5_.name 
    left outer join
        style style6_ 
            on closets1_.style_name=style6_.name 
    left outer join
        stores stores7_ 
            on images0_.stores_post_id_id=stores7_.id 
    left outer join
        members members8_ 
            on stores7_.author_id=members8_.id 
    left outer join
        clothes_info clothesinf9_ 
            on stores7_.clothes_info_id=clothesinf9_.id 
    left outer join
        colors colors10_ 
            on stores7_.colors_name=colors10_.name 
    left outer join
        materials materials11_ 
            on stores7_.materials_name=materials11_.name 
    left outer join
        style style12_ 
            on stores7_.style_name=style12_.name 
    left outer join
        sales_info_clothes salesinfoc13_ 
            on stores7_.sales_info_clothes_id=salesinfoc13_.id 
    left outer join
        sales_info_status salesinfos14_ 
            on stores7_.sales_info_status_id=salesinfos14_.id 
    left outer join
        sales_info_user salesinfou15_ 
            on stores7_.sales_info_user_id=salesinfou15_.id 
    where
        images0_.stores_post_id=?
Hibernate: 
    update
        clothes_image 
    set
        stores_post_id=null,
        images_order=null 
    where
        stores_post_id=?
Hibernate: 
    delete 
    from
        clothes_image 
    where
        id=?
Hibernate: 
    delete 
    from
        clothes_image 
    where
        id=?
Hibernate: 
    delete 
    from
        stores 
    where
        id=?
삭제 완료
Hibernate: 
    select
        stores0_.id as id1_10_0_,
        stores0_.created_date as created_2_10_0_,
        stores0_.modified_date as modified3_10_0_,
        stores0_.author_id as author_i9_10_0_,
        stores0_.clothes_info_id as clothes10_10_0_,
        stores0_.colors_name as colors_11_10_0_,
        stores0_.materials_name as materia12_10_0_,
        stores0_.style_name as style_n13_10_0_,
        stores0_.clothes_length as clothes_4_10_0_,
        stores0_.content as content5_10_0_,
        stores0_.price as price6_10_0_,
        stores0_.sales_info_clothes_id as sales_i14_10_0_,
        stores0_.sales_info_status_id as sales_i15_10_0_,
        stores0_.sales_info_user_id as sales_i16_10_0_,
        stores0_.status as status7_10_0_,
        stores0_.title as title8_10_0_,
        members1_.id as id1_6_1_,
        members1_.email as email2_6_1_,
        members1_.image as image3_6_1_,
        members1_.name as name4_6_1_,
        members1_.nickname as nickname5_6_1_,
        members1_.password as password6_6_1_,
        members1_.phone as phone7_6_1_,
        members1_.refresh_token as refresh_8_6_1_,
        members1_.role as role9_6_1_,
        clothesinf2_.id as id1_3_2_,
        clothesinf2_.categoryl as category2_3_2_,
        clothesinf2_.categorys as category3_3_2_,
        clothesinf2_.fit as fit4_3_2_,
        clothesinf2_.length as length5_3_2_,
        colors3_.id as id1_4_3_,
        colors3_.name as name2_4_3_,
        materials4_.id as id1_5_4_,
        materials4_.name as name2_5_4_,
        style5_.id as id1_11_5_,
        style5_.name as name2_11_5_,
        salesinfoc6_.id as id1_7_6_,
        salesinfoc6_.clothes_brand as clothes_2_7_6_,
        salesinfoc6_.clothes_color as clothes_3_7_6_,
        salesinfoc6_.clothes_gender as clothes_4_7_6_,
        salesinfoc6_.clothes_size as clothes_5_7_6_,
        salesinfos7_.id as id1_8_7_,
        salesinfos7_.status_score as status_s2_8_7_,
        salesinfos7_.status_tag as status_t3_8_7_,
        salesinfos7_.status_times as status_t4_8_7_,
        salesinfos7_.status_when2buy as status_w5_8_7_,
        salesinfos7_.transport as transpor6_8_7_,
        salesinfou8_.id as id1_9_8_,
        salesinfou8_.user_height as user_hei2_9_8_,
        salesinfou8_.user_size as user_siz3_9_8_,
        salesinfou8_.user_weight as user_wei4_9_8_ 
    from
        stores stores0_ 
    left outer join
        members members1_ 
            on stores0_.author_id=members1_.id 
    left outer join
        clothes_info clothesinf2_ 
            on stores0_.clothes_info_id=clothesinf2_.id 
    left outer join
        colors colors3_ 
            on stores0_.colors_name=colors3_.name 
    left outer join
        materials materials4_ 
            on stores0_.materials_name=materials4_.name 
    left outer join
        style style5_ 
            on stores0_.style_name=style5_.name 
    left outer join
        sales_info_clothes salesinfoc6_ 
            on stores0_.sales_info_clothes_id=salesinfoc6_.id 
    left outer join
        sales_info_status salesinfos7_ 
            on stores0_.sales_info_status_id=salesinfos7_.id 
    left outer join
        sales_info_user salesinfou8_ 
            on stores0_.sales_info_user_id=salesinfou8_.id 
    where
        stores0_.id=?
Hibernate: 
    select
        clothesima0_.id as id1_2_,
        clothesima0_.closets_post_id_id as closets_4_2_,
        clothesima0_.path as path2_2_,
        clothesima0_.stores_post_id_id as stores_p5_2_,
        clothesima0_.type as type3_2_ 
    from
        clothes_image clothesima0_
Hibernate: 
    select
        stores0_.id as id1_10_0_,
        stores0_.created_date as created_2_10_0_,
        stores0_.modified_date as modified3_10_0_,
        stores0_.author_id as author_i9_10_0_,
        stores0_.clothes_info_id as clothes10_10_0_,
        stores0_.colors_name as colors_11_10_0_,
        stores0_.materials_name as materia12_10_0_,
        stores0_.style_name as style_n13_10_0_,
        stores0_.clothes_length as clothes_4_10_0_,
        stores0_.content as content5_10_0_,
        stores0_.price as price6_10_0_,
        stores0_.sales_info_clothes_id as sales_i14_10_0_,
        stores0_.sales_info_status_id as sales_i15_10_0_,
        stores0_.sales_info_user_id as sales_i16_10_0_,
        stores0_.status as status7_10_0_,
        stores0_.title as title8_10_0_,
        members1_.id as id1_6_1_,
        members1_.email as email2_6_1_,
        members1_.image as image3_6_1_,
        members1_.name as name4_6_1_,
        members1_.nickname as nickname5_6_1_,
        members1_.password as password6_6_1_,
        members1_.phone as phone7_6_1_,
        members1_.refresh_token as refresh_8_6_1_,
        members1_.role as role9_6_1_,
        clothesinf2_.id as id1_3_2_,
        clothesinf2_.categoryl as category2_3_2_,
        clothesinf2_.categorys as category3_3_2_,
        clothesinf2_.fit as fit4_3_2_,
        clothesinf2_.length as length5_3_2_,
        colors3_.id as id1_4_3_,
        colors3_.name as name2_4_3_,
        materials4_.id as id1_5_4_,
        materials4_.name as name2_5_4_,
        style5_.id as id1_11_5_,
        style5_.name as name2_11_5_,
        salesinfoc6_.id as id1_7_6_,
        salesinfoc6_.clothes_brand as clothes_2_7_6_,
        salesinfoc6_.clothes_color as clothes_3_7_6_,
        salesinfoc6_.clothes_gender as clothes_4_7_6_,
        salesinfoc6_.clothes_size as clothes_5_7_6_,
        salesinfos7_.id as id1_8_7_,
        salesinfos7_.status_score as status_s2_8_7_,
        salesinfos7_.status_tag as status_t3_8_7_,
        salesinfos7_.status_times as status_t4_8_7_,
        salesinfos7_.status_when2buy as status_w5_8_7_,
        salesinfos7_.transport as transpor6_8_7_,
        salesinfou8_.id as id1_9_8_,
        salesinfou8_.user_height as user_hei2_9_8_,
        salesinfou8_.user_size as user_siz3_9_8_,
        salesinfou8_.user_weight as user_wei4_9_8_ 
    from
        stores stores0_ 
    left outer join
        members members1_ 
            on stores0_.author_id=members1_.id 
    left outer join
        clothes_info clothesinf2_ 
            on stores0_.clothes_info_id=clothesinf2_.id 
    left outer join
        colors colors3_ 
            on stores0_.colors_name=colors3_.name 
    left outer join
        materials materials4_ 
            on stores0_.materials_name=materials4_.name 
    left outer join
        style style5_ 
            on stores0_.style_name=style5_.name 
    left outer join
        sales_info_clothes salesinfoc6_ 
            on stores0_.sales_info_clothes_id=salesinfoc6_.id 
    left outer join
        sales_info_status salesinfos7_ 
            on stores0_.sales_info_status_id=salesinfos7_.id 
    left outer join
        sales_info_user salesinfou8_ 
            on stores0_.sales_info_user_id=salesinfou8_.id 
    where
        stores0_.id=?
Hibernate: 
    select
        stores0_.id as id1_10_0_,
        stores0_.created_date as created_2_10_0_,
        stores0_.modified_date as modified3_10_0_,
        stores0_.author_id as author_i9_10_0_,
        stores0_.clothes_info_id as clothes10_10_0_,
        stores0_.colors_name as colors_11_10_0_,
        stores0_.materials_name as materia12_10_0_,
        stores0_.style_name as style_n13_10_0_,
        stores0_.clothes_length as clothes_4_10_0_,
        stores0_.content as content5_10_0_,
        stores0_.price as price6_10_0_,
        stores0_.sales_info_clothes_id as sales_i14_10_0_,
        stores0_.sales_info_status_id as sales_i15_10_0_,
        stores0_.sales_info_user_id as sales_i16_10_0_,
        stores0_.status as status7_10_0_,
        stores0_.title as title8_10_0_,
        members1_.id as id1_6_1_,
        members1_.email as email2_6_1_,
        members1_.image as image3_6_1_,
        members1_.name as name4_6_1_,
        members1_.nickname as nickname5_6_1_,
        members1_.password as password6_6_1_,
        members1_.phone as phone7_6_1_,
        members1_.refresh_token as refresh_8_6_1_,
        members1_.role as role9_6_1_,
        clothesinf2_.id as id1_3_2_,
        clothesinf2_.categoryl as category2_3_2_,
        clothesinf2_.categorys as category3_3_2_,
        clothesinf2_.fit as fit4_3_2_,
        clothesinf2_.length as length5_3_2_,
        colors3_.id as id1_4_3_,
        colors3_.name as name2_4_3_,
        materials4_.id as id1_5_4_,
        materials4_.name as name2_5_4_,
        style5_.id as id1_11_5_,
        style5_.name as name2_11_5_,
        salesinfoc6_.id as id1_7_6_,
        salesinfoc6_.clothes_brand as clothes_2_7_6_,
        salesinfoc6_.clothes_color as clothes_3_7_6_,
        salesinfoc6_.clothes_gender as clothes_4_7_6_,
        salesinfoc6_.clothes_size as clothes_5_7_6_,
        salesinfos7_.id as id1_8_7_,
        salesinfos7_.status_score as status_s2_8_7_,
        salesinfos7_.status_tag as status_t3_8_7_,
        salesinfos7_.status_times as status_t4_8_7_,
        salesinfos7_.status_when2buy as status_w5_8_7_,
        salesinfos7_.transport as transpor6_8_7_,
        salesinfou8_.id as id1_9_8_,
        salesinfou8_.user_height as user_hei2_9_8_,
        salesinfou8_.user_size as user_siz3_9_8_,
        salesinfou8_.user_weight as user_wei4_9_8_ 
    from
        stores stores0_ 
    left outer join
        members members1_ 
            on stores0_.author_id=members1_.id 
    left outer join
        clothes_info clothesinf2_ 
            on stores0_.clothes_info_id=clothesinf2_.id 
    left outer join
        colors colors3_ 
            on stores0_.colors_name=colors3_.name 
    left outer join
        materials materials4_ 
            on stores0_.materials_name=materials4_.name 
    left outer join
        style style5_ 
            on stores0_.style_name=style5_.name 
    left outer join
        sales_info_clothes salesinfoc6_ 
            on stores0_.sales_info_clothes_id=salesinfoc6_.id 
    left outer join
        sales_info_status salesinfos7_ 
            on stores0_.sales_info_status_id=salesinfos7_.id 
    left outer join
        sales_info_user salesinfou8_ 
            on stores0_.sales_info_user_id=salesinfou8_.id 
    where
        stores0_.id=?
Hibernate: 
    select
        stores0_.id as id1_10_0_,
        stores0_.created_date as created_2_10_0_,
        stores0_.modified_date as modified3_10_0_,
        stores0_.author_id as author_i9_10_0_,
        stores0_.clothes_info_id as clothes10_10_0_,
        stores0_.colors_name as colors_11_10_0_,
        stores0_.materials_name as materia12_10_0_,
        stores0_.style_name as style_n13_10_0_,
        stores0_.clothes_length as clothes_4_10_0_,
        stores0_.content as content5_10_0_,
        stores0_.price as price6_10_0_,
        stores0_.sales_info_clothes_id as sales_i14_10_0_,
        stores0_.sales_info_status_id as sales_i15_10_0_,
        stores0_.sales_info_user_id as sales_i16_10_0_,
        stores0_.status as status7_10_0_,
        stores0_.title as title8_10_0_,
        members1_.id as id1_6_1_,
        members1_.email as email2_6_1_,
        members1_.image as image3_6_1_,
        members1_.name as name4_6_1_,
        members1_.nickname as nickname5_6_1_,
        members1_.password as password6_6_1_,
        members1_.phone as phone7_6_1_,
        members1_.refresh_token as refresh_8_6_1_,
        members1_.role as role9_6_1_,
        clothesinf2_.id as id1_3_2_,
        clothesinf2_.categoryl as category2_3_2_,
        clothesinf2_.categorys as category3_3_2_,
        clothesinf2_.fit as fit4_3_2_,
        clothesinf2_.length as length5_3_2_,
        colors3_.id as id1_4_3_,
        colors3_.name as name2_4_3_,
        materials4_.id as id1_5_4_,
        materials4_.name as name2_5_4_,
        style5_.id as id1_11_5_,
        style5_.name as name2_11_5_,
        salesinfoc6_.id as id1_7_6_,
        salesinfoc6_.clothes_brand as clothes_2_7_6_,
        salesinfoc6_.clothes_color as clothes_3_7_6_,
        salesinfoc6_.clothes_gender as clothes_4_7_6_,
        salesinfoc6_.clothes_size as clothes_5_7_6_,
        salesinfos7_.id as id1_8_7_,
        salesinfos7_.status_score as status_s2_8_7_,
        salesinfos7_.status_tag as status_t3_8_7_,
        salesinfos7_.status_times as status_t4_8_7_,
        salesinfos7_.status_when2buy as status_w5_8_7_,
        salesinfos7_.transport as transpor6_8_7_,
        salesinfou8_.id as id1_9_8_,
        salesinfou8_.user_height as user_hei2_9_8_,
        salesinfou8_.user_size as user_siz3_9_8_,
        salesinfou8_.user_weight as user_wei4_9_8_ 
    from
        stores stores0_ 
    left outer join
        members members1_ 
            on stores0_.author_id=members1_.id 
    left outer join
        clothes_info clothesinf2_ 
            on stores0_.clothes_info_id=clothesinf2_.id 
    left outer join
        colors colors3_ 
            on stores0_.colors_name=colors3_.name 
    left outer join
        materials materials4_ 
            on stores0_.materials_name=materials4_.name 
    left outer join
        style style5_ 
            on stores0_.style_name=style5_.name 
    left outer join
        sales_info_clothes salesinfoc6_ 
            on stores0_.sales_info_clothes_id=salesinfoc6_.id 
    left outer join
        sales_info_status salesinfos7_ 
            on stores0_.sales_info_status_id=salesinfos7_.id 
    left outer join
        sales_info_user salesinfou8_ 
            on stores0_.sales_info_user_id=salesinfou8_.id 
    where
        stores0_.id=?
Hibernate: 
    select
        stores0_.id as id1_10_0_,
        stores0_.created_date as created_2_10_0_,
        stores0_.modified_date as modified3_10_0_,
        stores0_.author_id as author_i9_10_0_,
        stores0_.clothes_info_id as clothes10_10_0_,
        stores0_.colors_name as colors_11_10_0_,
        stores0_.materials_name as materia12_10_0_,
        stores0_.style_name as style_n13_10_0_,
        stores0_.clothes_length as clothes_4_10_0_,
        stores0_.content as content5_10_0_,
        stores0_.price as price6_10_0_,
        stores0_.sales_info_clothes_id as sales_i14_10_0_,
        stores0_.sales_info_status_id as sales_i15_10_0_,
        stores0_.sales_info_user_id as sales_i16_10_0_,
        stores0_.status as status7_10_0_,
        stores0_.title as title8_10_0_,
        members1_.id as id1_6_1_,
        members1_.email as email2_6_1_,
        members1_.image as image3_6_1_,
        members1_.name as name4_6_1_,
        members1_.nickname as nickname5_6_1_,
        members1_.password as password6_6_1_,
        members1_.phone as phone7_6_1_,
        members1_.refresh_token as refresh_8_6_1_,
        members1_.role as role9_6_1_,
[...]
        materials0_.id as id1_5_0_,
        materials0_.name as name2_5_0_ 
    from
        materials materials0_ 
    where
        materials0_.name=?
Hibernate: 
    select
        style0_.id as id1_11_0_,
        style0_.name as name2_11_0_ 
    from
        style style0_ 
    where
        style0_.name=?
Hibernate: 
    select
        salesinfoc0_.id as id1_7_0_,
        salesinfoc0_.clothes_brand as clothes_2_7_0_,
        salesinfoc0_.clothes_color as clothes_3_7_0_,
        salesinfoc0_.clothes_gender as clothes_4_7_0_,
        salesinfoc0_.clothes_size as clothes_5_7_0_ 
    from
        sales_info_clothes salesinfoc0_ 
    where
        salesinfoc0_.id=?
Hibernate: 
    select
        salesinfos0_.id as id1_8_0_,
        salesinfos0_.status_score as status_s2_8_0_,
        salesinfos0_.status_tag as status_t3_8_0_,
        salesinfos0_.status_times as status_t4_8_0_,
        salesinfos0_.status_when2buy as status_w5_8_0_,
        salesinfos0_.transport as transpor6_8_0_ 
    from
        sales_info_status salesinfos0_ 
    where
        salesinfos0_.id=?
Hibernate: 
    select
        salesinfou0_.id as id1_9_0_,
        salesinfou0_.user_height as user_hei2_9_0_,
        salesinfou0_.user_size as user_siz3_9_0_,
        salesinfou0_.user_weight as user_wei4_9_0_ 
    from
        sales_info_user salesinfou0_ 
    where
        salesinfou0_.id=?
Hibernate: 
    select
        clothesinf0_.id as id1_3_0_,
        clothesinf0_.categoryl as category2_3_0_,
        clothesinf0_.categorys as category3_3_0_,
        clothesinf0_.fit as fit4_3_0_,
        clothesinf0_.length as length5_3_0_ 
    from
        clothes_info clothesinf0_ 
    where
        clothesinf0_.id=?
Hibernate: 
    select
        materials0_.id as id1_5_0_,
        materials0_.name as name2_5_0_ 
    from
        materials materials0_ 
    where
        materials0_.name=?
Hibernate: 
    select
        style0_.id as id1_11_0_,
        style0_.name as name2_11_0_ 
    from
        style style0_ 
    where
        style0_.name=?
Hibernate: 
    select
        salesinfoc0_.id as id1_7_0_,
        salesinfoc0_.clothes_brand as clothes_2_7_0_,
        salesinfoc0_.clothes_color as clothes_3_7_0_,
        salesinfoc0_.clothes_gender as clothes_4_7_0_,
        salesinfoc0_.clothes_size as clothes_5_7_0_ 
    from
        sales_info_clothes salesinfoc0_ 
    where
        salesinfoc0_.id=?
Hibernate: 
    select
        salesinfos0_.id as id1_8_0_,
        salesinfos0_.status_score as status_s2_8_0_,
        salesinfos0_.status_tag as status_t3_8_0_,
        salesinfos0_.status_times as status_t4_8_0_,
        salesinfos0_.status_when2buy as status_w5_8_0_,
        salesinfos0_.transport as transpor6_8_0_ 
    from
        sales_info_status salesinfos0_ 
    where
        salesinfos0_.id=?
Hibernate: 
    select
        salesinfou0_.id as id1_9_0_,
        salesinfou0_.user_height as user_hei2_9_0_,
        salesinfou0_.user_size as user_siz3_9_0_,
        salesinfou0_.user_weight as user_wei4_9_0_ 
    from
        sales_info_user salesinfou0_ 
    where
        salesinfou0_.id=?
Hibernate: 
    select
        clothesima0_.id as id1_2_,
        clothesima0_.closets_post_id_id as closets_4_2_,
        clothesima0_.path as path2_2_,
        clothesima0_.stores_post_id_id as stores_p5_2_,
        clothesima0_.type as type3_2_ 
    from
        clothes_image clothesima0_
Hibernate: 
    select
        stores0_.id as id1_10_0_,
        stores0_.created_date as created_2_10_0_,
        stores0_.modified_date as modified3_10_0_,
        stores0_.author_id as author_i9_10_0_,
        stores0_.clothes_info_id as clothes10_10_0_,
        stores0_.colors_name as colors_11_10_0_,
        stores0_.materials_name as materia12_10_0_,
        stores0_.style_name as style_n13_10_0_,
        stores0_.clothes_length as clothes_4_10_0_,
        stores0_.content as content5_10_0_,
        stores0_.price as price6_10_0_,
        stores0_.sales_info_clothes_id as sales_i14_10_0_,
        stores0_.sales_info_status_id as sales_i15_10_0_,
        stores0_.sales_info_user_id as sales_i16_10_0_,
        stores0_.status as status7_10_0_,
        stores0_.title as title8_10_0_,
        members1_.id as id1_6_1_,
        members1_.email as email2_6_1_,
        members1_.image as image3_6_1_,
        members1_.name as name4_6_1_,
        members1_.nickname as nickname5_6_1_,
        members1_.password as password6_6_1_,
        members1_.phone as phone7_6_1_,
        members1_.refresh_token as refresh_8_6_1_,
        members1_.role as role9_6_1_,
        clothesinf2_.id as id1_3_2_,
        clothesinf2_.categoryl as category2_3_2_,
        clothesinf2_.categorys as category3_3_2_,
        clothesinf2_.fit as fit4_3_2_,
        clothesinf2_.length as length5_3_2_,
        colors3_.id as id1_4_3_,
        colors3_.name as name2_4_3_,
        materials4_.id as id1_5_4_,
        materials4_.name as name2_5_4_,
        style5_.id as id1_11_5_,
        style5_.name as name2_11_5_,
        salesinfoc6_.id as id1_7_6_,
        salesinfoc6_.clothes_brand as clothes_2_7_6_,
        salesinfoc6_.clothes_color as clothes_3_7_6_,
        salesinfoc6_.clothes_gender as clothes_4_7_6_,
        salesinfoc6_.clothes_size as clothes_5_7_6_,
        salesinfos7_.id as id1_8_7_,
        salesinfos7_.status_score as status_s2_8_7_,
        salesinfos7_.status_tag as status_t3_8_7_,
        salesinfos7_.status_times as status_t4_8_7_,
        salesinfos7_.status_when2buy as status_w5_8_7_,
        salesinfos7_.transport as transpor6_8_7_,
        salesinfou8_.id as id1_9_8_,
        salesinfou8_.user_height as user_hei2_9_8_,
        salesinfou8_.user_size as user_siz3_9_8_,
        salesinfou8_.user_weight as user_wei4_9_8_ 
    from
        stores stores0_ 
    left outer join
        members members1_ 
            on stores0_.author_id=members1_.id 
    left outer join
        clothes_info clothesinf2_ 
            on stores0_.clothes_info_id=clothesinf2_.id 
    left outer join
        colors colors3_ 
            on stores0_.colors_name=colors3_.name 
    left outer join
        materials materials4_ 
            on stores0_.materials_name=materials4_.name 
    left outer join
        style style5_ 
            on stores0_.style_name=style5_.name 
    left outer join
        sales_info_clothes salesinfoc6_ 
            on stores0_.sales_info_clothes_id=salesinfoc6_.id 
    left outer join
        sales_info_status salesinfos7_ 
            on stores0_.sales_info_status_id=salesinfos7_.id 
    left outer join
        sales_info_user salesinfou8_ 
            on stores0_.sales_info_user_id=salesinfou8_.id 
    where
        stores0_.id=?
Hibernate: 
    select
        stores0_.id as id1_10_0_,
        stores0_.created_date as created_2_10_0_,
        stores0_.modified_date as modified3_10_0_,
        stores0_.author_id as author_i9_10_0_,
        stores0_.clothes_info_id as clothes10_10_0_,
        stores0_.colors_name as colors_11_10_0_,
        stores0_.materials_name as materia12_10_0_,
        stores0_.style_name as style_n13_10_0_,
        stores0_.clothes_length as clothes_4_10_0_,
        stores0_.content as content5_10_0_,
        stores0_.price as price6_10_0_,
        stores0_.sales_info_clothes_id as sales_i14_10_0_,
        stores0_.sales_info_status_id as sales_i15_10_0_,
        stores0_.sales_info_user_id as sales_i16_10_0_,
        stores0_.status as status7_10_0_,
        stores0_.title as title8_10_0_,
        members1_.id as id1_6_1_,
        members1_.email as email2_6_1_,
        members1_.image as image3_6_1_,
        members1_.name as name4_6_1_,
        members1_.nickname as nickname5_6_1_,
        members1_.password as password6_6_1_,
        members1_.phone as phone7_6_1_,
        members1_.refresh_token as refresh_8_6_1_,
        members1_.role as role9_6_1_,
        clothesinf2_.id as id1_3_2_,
        clothesinf2_.categoryl as category2_3_2_,
        clothesinf2_.categorys as category3_3_2_,
        clothesinf2_.fit as fit4_3_2_,
        clothesinf2_.length as length5_3_2_,
        colors3_.id as id1_4_3_,
        colors3_.name as name2_4_3_,
        materials4_.id as id1_5_4_,
        materials4_.name as name2_5_4_,
        style5_.id as id1_11_5_,
        style5_.name as name2_11_5_,
        salesinfoc6_.id as id1_7_6_,
        salesinfoc6_.clothes_brand as clothes_2_7_6_,
        salesinfoc6_.clothes_color as clothes_3_7_6_,
        salesinfoc6_.clothes_gender as clothes_4_7_6_,
        salesinfoc6_.clothes_size as clothes_5_7_6_,
        salesinfos7_.id as id1_8_7_,
        salesinfos7_.status_score as status_s2_8_7_,
        salesinfos7_.status_tag as status_t3_8_7_,
        salesinfos7_.status_times as status_t4_8_7_,
        salesinfos7_.status_when2buy as status_w5_8_7_,
        salesinfos7_.transport as transpor6_8_7_,
        salesinfou8_.id as id1_9_8_,
        salesinfou8_.user_height as user_hei2_9_8_,
        salesinfou8_.user_size as user_siz3_9_8_,
        salesinfou8_.user_weight as user_wei4_9_8_ 
    from
        stores stores0_ 
    left outer join
        members members1_ 
            on stores0_.author_id=members1_.id 
    left outer join
        clothes_info clothesinf2_ 
            on stores0_.clothes_info_id=clothesinf2_.id 
    left outer join
        colors colors3_ 
            on stores0_.colors_name=colors3_.name 
    left outer join
        materials materials4_ 
            on stores0_.materials_name=materials4_.name 
    left outer join
        style style5_ 
            on stores0_.style_name=style5_.name 
    left outer join
        sales_info_clothes salesinfoc6_ 
            on stores0_.sales_info_clothes_id=salesinfoc6_.id 
    left outer join
        sales_info_status salesinfos7_ 
            on stores0_.sales_info_status_id=salesinfos7_.id 
    left outer join
        sales_info_user salesinfou8_ 
            on stores0_.sales_info_user_id=salesinfou8_.id 
    where
        stores0_.id=?
Hibernate: 
    select
        stores0_.id as id1_10_0_,
        stores0_.created_date as created_2_10_0_,
        stores0_.modified_date as modified3_10_0_,
        stores0_.author_id as author_i9_10_0_,
        stores0_.clothes_info_id as clothes10_10_0_,
        stores0_.colors_name as colors_11_10_0_,
        stores0_.materials_name as materia12_10_0_,
        stores0_.style_name as style_n13_10_0_,
        stores0_.clothes_length as clothes_4_10_0_,
        stores0_.content as content5_10_0_,
        stores0_.price as price6_10_0_,
        stores0_.sales_info_clothes_id as sales_i14_10_0_,
        stores0_.sales_info_status_id as sales_i15_10_0_,
        stores0_.sales_info_user_id as sales_i16_10_0_,
        stores0_.status as status7_10_0_,
        stores0_.title as title8_10_0_,
        members1_.id as id1_6_1_,
        members1_.email as email2_6_1_,
        members1_.image as image3_6_1_,
        members1_.name as name4_6_1_,
        members1_.nickname as nickname5_6_1_,
        members1_.password as password6_6_1_,
        members1_.phone as phone7_6_1_,
        members1_.refresh_token as refresh_8_6_1_,
        members1_.role as role9_6_1_,
        clothesinf2_.id as id1_3_2_,
        clothesinf2_.categoryl as category2_3_2_,
        clothesinf2_.categorys as category3_3_2_,
        clothesinf2_.fit as fit4_3_2_,
        clothesinf2_.length as length5_3_2_,
        colors3_.id as id1_4_3_,
        colors3_.name as name2_4_3_,
        materials4_.id as id1_5_4_,
        materials4_.name as name2_5_4_,
        style5_.id as id1_11_5_,
        style5_.name as name2_11_5_,
        salesinfoc6_.id as id1_7_6_,
        salesinfoc6_.clothes_brand as clothes_2_7_6_,
        salesinfoc6_.clothes_color as clothes_3_7_6_,
        salesinfoc6_.clothes_gender as clothes_4_7_6_,
        salesinfoc6_.clothes_size as clothes_5_7_6_,
        salesinfos7_.id as id1_8_7_,
        salesinfos7_.status_score as status_s2_8_7_,
        salesinfos7_.status_tag as status_t3_8_7_,
        salesinfos7_.status_times as status_t4_8_7_,
        salesinfos7_.status_when2buy as status_w5_8_7_,
        salesinfos7_.transport as transpor6_8_7_,
        salesinfou8_.id as id1_9_8_,
        salesinfou8_.user_height as user_hei2_9_8_,
        salesinfou8_.user_size as user_siz3_9_8_,
        salesinfou8_.user_weight as user_wei4_9_8_ 
    from
        stores stores0_ 
    left outer join
        members members1_ 
            on stores0_.author_id=members1_.id 
    left outer join
        clothes_info clothesinf2_ 
            on stores0_.clothes_info_id=clothesinf2_.id 
    left outer join
        colors colors3_ 
            on stores0_.colors_name=colors3_.name 
    left outer join
        materials materials4_ 
            on stores0_.materials_name=materials4_.name 
    left outer join
        style style5_ 
            on stores0_.style_name=style5_.name 
    left outer join
        sales_info_clothes salesinfoc6_ 
            on stores0_.sales_info_clothes_id=salesinfoc6_.id 
    left outer join
        sales_info_status salesinfos7_ 
            on stores0_.sales_info_status_id=salesinfos7_.id 
    left outer join
        sales_info_user salesinfou8_ 
            on stores0_.sales_info_user_id=salesinfou8_.id 
    where
        stores0_.id=?
Hibernate: 
    select
        stores0_.id as id1_10_0_,
        stores0_.created_date as created_2_10_0_,
        stores0_.modified_date as modified3_10_0_,
        stores0_.author_id as author_i9_10_0_,
        stores0_.clothes_info_id as clothes10_10_0_,
        stores0_.colors_name as colors_11_10_0_,
        stores0_.materials_name as materia12_10_0_,
        stores0_.style_name as style_n13_10_0_,
        stores0_.clothes_length as clothes_4_10_0_,
        stores0_.content as content5_10_0_,
        stores0_.price as price6_10_0_,
        stores0_.sales_info_clothes_id as sales_i14_10_0_,
        stores0_.sales_info_status_id as sales_i15_10_0_,
        stores0_.sales_info_user_id as sales_i16_10_0_,
        stores0_.status as status7_10_0_,
        stores0_.title as title8_10_0_,
        members1_.id as id1_6_1_,
        members1_.email as email2_6_1_,
        members1_.image as image3_6_1_,
        members1_.name as name4_6_1_,
        members1_.nickname as nickname5_6_1_,
        members1_.password as password6_6_1_,
        members1_.phone as phone7_6_1_,
        members1_.refresh_token as refresh_8_6_1_,
        members1_.role as role9_6_1_,
        clothesinf2_.id as id1_3_2_,
        clothesinf2_.categoryl as category2_3_2_,
        clothesinf2_.categorys as category3_3_2_,
        clothesinf2_.fit as fit4_3_2_,
        clothesinf2_.length as length5_3_2_,
        colors3_.id as id1_4_3_,
        colors3_.name as name2_4_3_,
        materials4_.id as id1_5_4_,
        materials4_.name as name2_5_4_,
        style5_.id as id1_11_5_,
        style5_.name as name2_11_5_,
        salesinfoc6_.id as id1_7_6_,
        salesinfoc6_.clothes_brand as clothes_2_7_6_,
        salesinfoc6_.clothes_color as clothes_3_7_6_,
        salesinfoc6_.clothes_gender as clothes_4_7_6_,
        salesinfoc6_.clothes_size as clothes_5_7_6_,
        salesinfos7_.id as id1_8_7_,
        salesinfos7_.status_score as status_s2_8_7_,
        salesinfos7_.status_tag as status_t3_8_7_,
        salesinfos7_.status_times as status_t4_8_7_,
        salesinfos7_.status_when2buy as status_w5_8_7_,
        salesinfos7_.transport as transpor6_8_7_,
        salesinfou8_.id as id1_9_8_,
        salesinfou8_.user_height as user_hei2_9_8_,
        salesinfou8_.user_size as user_siz3_9_8_,
        salesinfou8_.user_weight as user_wei4_9_8_ 
    from
        stores stores0_ 
    left outer join
        members members1_ 
            on stores0_.author_id=members1_.id 
    left outer join
        clothes_info clothesinf2_ 
            on stores0_.clothes_info_id=clothesinf2_.id 
    left outer join
        colors colors3_ 
            on stores0_.colors_name=colors3_.name 
    left outer join
        materials materials4_ 
            on stores0_.materials_name=materials4_.name 
    left outer join
        style style5_ 
            on stores0_.style_name=style5_.name 
    left outer join
        sales_info_clothes salesinfoc6_ 
            on stores0_.sales_info_clothes_id=salesinfoc6_.id 
    left outer join
        sales_info_status salesinfos7_ 
            on stores0_.sales_info_status_id=salesinfos7_.id 
    left outer join
        sales_info_user salesinfou8_ 
            on stores0_.sales_info_user_id=salesinfou8_.id 
    where
        stores0_.id=?
Hibernate: 
    select
        stores0_.id as id1_10_0_,
        stores0_.created_date as created_2_10_0_,
        stores0_.modified_date as modified3_10_0_,
        stores0_.author_id as author_i9_10_0_,
        stores0_.clothes_info_id as clothes10_10_0_,
        stores0_.colors_name as colors_11_10_0_,
        stores0_.materials_name as materia12_10_0_,
        stores0_.style_name as style_n13_10_0_,
        stores0_.clothes_length as clothes_4_10_0_,
        stores0_.content as content5_10_0_,
        stores0_.price as price6_10_0_,
        stores0_.sales_info_clothes_id as sales_i14_10_0_,
        stores0_.sales_info_status_id as sales_i15_10_0_,
        stores0_.sales_info_user_id as sales_i16_10_0_,
        stores0_.status as status7_10_0_,
        stores0_.title as title8_10_0_,
        members1_.id as id1_6_1_,
        members1_.email as email2_6_1_,
        members1_.image as image3_6_1_,
        members1_.name as name4_6_1_,
        members1_.nickname as nickname5_6_1_,
        members1_.password as password6_6_1_,
        members1_.phone as phone7_6_1_,
        members1_.refresh_token as refresh_8_6_1_,
        members1_.role as role9_6_1_,
        clothesinf2_.id as id1_3_2_,
        clothesinf2_.categoryl as category2_3_2_,
        clothesinf2_.categorys as category3_3_2_,
        clothesinf2_.fit as fit4_3_2_,
        clothesinf2_.length as length5_3_2_,
        colors3_.id as id1_4_3_,
        colors3_.name as name2_4_3_,
        materials4_.id as id1_5_4_,
        materials4_.name as name2_5_4_,
        style5_.id as id1_11_5_,
        style5_.name as name2_11_5_,
        salesinfoc6_.id as id1_7_6_,
        salesinfoc6_.clothes_brand as clothes_2_7_6_,
        salesinfoc6_.clothes_color as clothes_3_7_6_,
        salesinfoc6_.clothes_gender as clothes_4_7_6_,
        salesinfoc6_.clothes_size as clothes_5_7_6_,
        salesinfos7_.id as id1_8_7_,
        salesinfos7_.status_score as status_s2_8_7_,
        salesinfos7_.status_tag as status_t3_8_7_,
        salesinfos7_.status_times as status_t4_8_7_,
        salesinfos7_.status_when2buy as status_w5_8_7_,
        salesinfos7_.transport as transpor6_8_7_,
        salesinfou8_.id as id1_9_8_,
        salesinfou8_.user_height as user_hei2_9_8_,
        salesinfou8_.user_size as user_siz3_9_8_,
        salesinfou8_.user_weight as user_wei4_9_8_ 
    from
        stores stores0_ 
    left outer join
        members members1_ 
            on stores0_.author_id=members1_.id 
    left outer join
        clothes_info clothesinf2_ 
            on stores0_.clothes_info_id=clothesinf2_.id 
    left outer join
        colors colors3_ 
            on stores0_.colors_name=colors3_.name 
    left outer join
        materials materials4_ 
            on stores0_.materials_name=materials4_.name 
    left outer join
        style style5_ 
            on stores0_.style_name=style5_.name 
    left outer join
        sales_info_clothes salesinfoc6_ 
            on stores0_.sales_info_clothes_id=salesinfoc6_.id 
    left outer join
        sales_info_status salesinfos7_ 
            on stores0_.sales_info_status_id=salesinfos7_.id 
    left outer join
        sales_info_user salesinfou8_ 
            on stores0_.sales_info_user_id=salesinfou8_.id 
    where
        stores0_.id=?
Hibernate: 
    delete 
    from
        clothes_image
Hibernate: 
    delete 
    from
        stores
]]></system-out>
  <system-err><![CDATA[]]></system-err>
</testsuite>
