<?xml version="1.0" encoding="UTF-8"?>
<testsuite name="com.betweenourclothes.web.MainApiControllerTest" tests="1" skipped="0" failures="0" errors="0" timestamp="2022-11-14T03:05:27" hostname="user" time="1.28">
  <properties/>
  <testcase name="메인_사용자추천" classname="com.betweenourclothes.web.MainApiControllerTest" time="1.28"/>
  <system-out><![CDATA[12:05:20.984 [Test worker] DEBUG org.springframework.test.context.junit4.SpringJUnit4ClassRunner - SpringJUnit4ClassRunner constructor called with [class com.betweenourclothes.web.MainApiControllerTest]
12:05:20.990 [Test worker] DEBUG org.springframework.test.context.BootstrapUtils - Instantiating CacheAwareContextLoaderDelegate from class [org.springframework.test.context.cache.DefaultCacheAwareContextLoaderDelegate]
12:05:20.995 [Test worker] DEBUG org.springframework.test.context.BootstrapUtils - Instantiating BootstrapContext using constructor [public org.springframework.test.context.support.DefaultBootstrapContext(java.lang.Class,org.springframework.test.context.CacheAwareContextLoaderDelegate)]
12:05:21.007 [Test worker] DEBUG org.springframework.test.context.BootstrapUtils - Instantiating TestContextBootstrapper for test class [com.betweenourclothes.web.MainApiControllerTest] from class [org.springframework.boot.test.context.SpringBootTestContextBootstrapper]
12:05:21.013 [Test worker] INFO org.springframework.boot.test.context.SpringBootTestContextBootstrapper - Neither @ContextConfiguration nor @ContextHierarchy found for test class [com.betweenourclothes.web.MainApiControllerTest], using SpringBootContextLoader
12:05:21.015 [Test worker] DEBUG org.springframework.test.context.support.AbstractContextLoader - Did not detect default resource location for test class [com.betweenourclothes.web.MainApiControllerTest]: class path resource [com/betweenourclothes/web/MainApiControllerTest-context.xml] does not exist
12:05:21.015 [Test worker] DEBUG org.springframework.test.context.support.AbstractContextLoader - Did not detect default resource location for test class [com.betweenourclothes.web.MainApiControllerTest]: class path resource [com/betweenourclothes/web/MainApiControllerTestContext.groovy] does not exist
12:05:21.015 [Test worker] INFO org.springframework.test.context.support.AbstractContextLoader - Could not detect default resource locations for test class [com.betweenourclothes.web.MainApiControllerTest]: no resource found for suffixes {-context.xml, Context.groovy}.
12:05:21.016 [Test worker] INFO org.springframework.test.context.support.AnnotationConfigContextLoaderUtils - Could not detect default configuration classes for test class [com.betweenourclothes.web.MainApiControllerTest]: MainApiControllerTest does not declare any static, non-private, non-final, nested classes annotated with @Configuration.
12:05:21.043 [Test worker] DEBUG org.springframework.test.context.support.ActiveProfilesUtils - Could not find an 'annotation declaring class' for annotation type [org.springframework.test.context.ActiveProfiles] and class [com.betweenourclothes.web.MainApiControllerTest]
12:05:21.121 [Test worker] DEBUG org.springframework.context.annotation.ClassPathScanningCandidateComponentProvider - Identified candidate component class: file [C:\Users\user1\Desktop\송아\캡스톤\repo\between-our-clothes-server\build\classes\java\main\com\betweenourclothes\Application.class]
12:05:21.122 [Test worker] INFO org.springframework.boot.test.context.SpringBootTestContextBootstrapper - Found @SpringBootConfiguration com.betweenourclothes.Application for test class com.betweenourclothes.web.MainApiControllerTest
12:05:21.190 [Test worker] DEBUG org.springframework.boot.test.context.SpringBootTestContextBootstrapper - @TestExecutionListeners is not present for class [com.betweenourclothes.web.MainApiControllerTest]: using defaults.
12:05:21.190 [Test worker] INFO org.springframework.boot.test.context.SpringBootTestContextBootstrapper - Loaded default TestExecutionListener class names from location [META-INF/spring.factories]: [org.springframework.security.test.context.support.WithSecurityContextTestExecutionListener, org.springframework.security.test.context.support.ReactorContextTestExecutionListener, org.springframework.boot.test.autoconfigure.restdocs.RestDocsTestExecutionListener, org.springframework.boot.test.autoconfigure.web.client.MockRestServiceServerResetTestExecutionListener, org.springframework.boot.test.autoconfigure.web.servlet.MockMvcPrintOnlyOnFailureTestExecutionListener, org.springframework.boot.test.autoconfigure.web.servlet.WebDriverTestExecutionListener, org.springframework.boot.test.mock.mockito.MockitoTestExecutionListener, org.springframework.boot.test.mock.mockito.ResetMocksTestExecutionListener, org.springframework.test.context.web.ServletTestExecutionListener, org.springframework.test.context.support.DirtiesContextBeforeModesTestExecutionListener, org.springframework.test.context.support.DependencyInjectionTestExecutionListener, org.springframework.test.context.support.DirtiesContextTestExecutionListener, org.springframework.test.context.transaction.TransactionalTestExecutionListener, org.springframework.test.context.jdbc.SqlScriptsTestExecutionListener]
12:05:21.204 [Test worker] INFO org.springframework.boot.test.context.SpringBootTestContextBootstrapper - Using TestExecutionListeners: [org.springframework.test.context.web.ServletTestExecutionListener@7557faef, org.springframework.test.context.support.DirtiesContextBeforeModesTestExecutionListener@2c469bf7, org.springframework.boot.test.mock.mockito.MockitoTestExecutionListener@1d881b6c, org.springframework.boot.test.autoconfigure.SpringBootDependencyInjectionTestExecutionListener@32901166, org.springframework.test.context.support.DirtiesContextTestExecutionListener@78da1559, org.springframework.test.context.transaction.TransactionalTestExecutionListener@605bb096, org.springframework.test.context.jdbc.SqlScriptsTestExecutionListener@3d55848a, org.springframework.security.test.context.support.WithSecurityContextTestExecutionListener@ffca967, org.springframework.security.test.context.support.ReactorContextTestExecutionListener@27a4051c, org.springframework.boot.test.autoconfigure.restdocs.RestDocsTestExecutionListener@1a46de7e, org.springframework.boot.test.autoconfigure.web.client.MockRestServiceServerResetTestExecutionListener@b267868, org.springframework.boot.test.autoconfigure.web.servlet.MockMvcPrintOnlyOnFailureTestExecutionListener@617b5ffa, org.springframework.boot.test.autoconfigure.web.servlet.WebDriverTestExecutionListener@66f02a2c, org.springframework.boot.test.mock.mockito.ResetMocksTestExecutionListener@4a69ada2]
12:05:21.206 [Test worker] DEBUG org.springframework.test.annotation.ProfileValueUtils - Retrieved @ProfileValueSourceConfiguration [null] for test class [com.betweenourclothes.web.MainApiControllerTest]
12:05:21.207 [Test worker] DEBUG org.springframework.test.annotation.ProfileValueUtils - Retrieved ProfileValueSource type [class org.springframework.test.annotation.SystemProfileValueSource] for class [com.betweenourclothes.web.MainApiControllerTest]
12:05:21.209 [Test worker] DEBUG org.springframework.test.annotation.ProfileValueUtils - Retrieved @ProfileValueSourceConfiguration [null] for test class [com.betweenourclothes.web.MainApiControllerTest]
12:05:21.210 [Test worker] DEBUG org.springframework.test.annotation.ProfileValueUtils - Retrieved ProfileValueSource type [class org.springframework.test.annotation.SystemProfileValueSource] for class [com.betweenourclothes.web.MainApiControllerTest]
12:05:21.210 [Test worker] DEBUG org.springframework.test.annotation.ProfileValueUtils - Retrieved @ProfileValueSourceConfiguration [null] for test class [com.betweenourclothes.web.MainApiControllerTest]
12:05:21.210 [Test worker] DEBUG org.springframework.test.annotation.ProfileValueUtils - Retrieved ProfileValueSource type [class org.springframework.test.annotation.SystemProfileValueSource] for class [com.betweenourclothes.web.MainApiControllerTest]
12:05:21.213 [Test worker] DEBUG org.springframework.test.context.support.AbstractDirtiesContextTestExecutionListener - Before test class: context [DefaultTestContext@1150c908 testClass = MainApiControllerTest, testInstance = [null], testMethod = [null], testException = [null], mergedContextConfiguration = [WebMergedContextConfiguration@7c27a3bf testClass = MainApiControllerTest, locations = '{}', classes = '{class com.betweenourclothes.Application}', contextInitializerClasses = '[]', activeProfiles = '{}', propertySourceLocations = '{}', propertySourceProperties = '{org.springframework.boot.test.context.SpringBootTestContextBootstrapper=true, server.port=0}', contextCustomizers = set[org.springframework.boot.test.autoconfigure.properties.PropertyMappingContextCustomizer@0, org.springframework.boot.test.autoconfigure.web.servlet.WebDriverContextCustomizerFactory$Customizer@7205c8f5, org.springframework.boot.test.context.filter.ExcludeFilterContextCustomizer@6bf27406, org.springframework.boot.test.json.DuplicateJsonObjectContextCustomizerFactory$DuplicateJsonObjectContextCustomizer@51979b61, org.springframework.boot.test.mock.mockito.MockitoContextCustomizer@0, org.springframework.boot.test.web.client.TestRestTemplateContextCustomizer@4db0e9c0], resourceBasePath = 'src/main/webapp', contextLoader = 'org.springframework.boot.test.context.SpringBootContextLoader', parent = [null]], attributes = map['org.springframework.test.context.web.ServletTestExecutionListener.activateListener' -> false]], class annotated with @DirtiesContext [false] with mode [null].
12:05:21.213 [Test worker] DEBUG org.springframework.test.annotation.ProfileValueUtils - Retrieved @ProfileValueSourceConfiguration [null] for test class [com.betweenourclothes.web.MainApiControllerTest]
12:05:21.214 [Test worker] DEBUG org.springframework.test.annotation.ProfileValueUtils - Retrieved ProfileValueSource type [class org.springframework.test.annotation.SystemProfileValueSource] for class [com.betweenourclothes.web.MainApiControllerTest]
12:05:21.218 [Test worker] DEBUG org.springframework.test.context.support.DependencyInjectionTestExecutionListener - Performing dependency injection for test context [[DefaultTestContext@1150c908 testClass = MainApiControllerTest, testInstance = com.betweenourclothes.web.MainApiControllerTest@1fdb3c6, testMethod = [null], testException = [null], mergedContextConfiguration = [WebMergedContextConfiguration@7c27a3bf testClass = MainApiControllerTest, locations = '{}', classes = '{class com.betweenourclothes.Application}', contextInitializerClasses = '[]', activeProfiles = '{}', propertySourceLocations = '{}', propertySourceProperties = '{org.springframework.boot.test.context.SpringBootTestContextBootstrapper=true, server.port=0}', contextCustomizers = set[org.springframework.boot.test.autoconfigure.properties.PropertyMappingContextCustomizer@0, org.springframework.boot.test.autoconfigure.web.servlet.WebDriverContextCustomizerFactory$Customizer@7205c8f5, org.springframework.boot.test.context.filter.ExcludeFilterContextCustomizer@6bf27406, org.springframework.boot.test.json.DuplicateJsonObjectContextCustomizerFactory$DuplicateJsonObjectContextCustomizer@51979b61, org.springframework.boot.test.mock.mockito.MockitoContextCustomizer@0, org.springframework.boot.test.web.client.TestRestTemplateContextCustomizer@4db0e9c0], resourceBasePath = 'src/main/webapp', contextLoader = 'org.springframework.boot.test.context.SpringBootContextLoader', parent = [null]], attributes = map['org.springframework.test.context.web.ServletTestExecutionListener.activateListener' -> false]]].
12:05:21.233 [Test worker] DEBUG org.springframework.test.context.support.TestPropertySourceUtils - Adding inlined properties to environment: {spring.jmx.enabled=false, org.springframework.boot.test.context.SpringBootTestContextBootstrapper=true, server.port=0}

  .   ____          _            __ _ _
 /\\ / ___'_ __ _ _(_)_ __  __ _ \ \ \ \
( ( )\___ | '_ | '_| | '_ \/ _` | \ \ \ \
 \\/  ___)| |_)| | | | | || (_| |  ) ) ) )
  '  |____| .__|_| |_|_| |_\__, | / / / /
 =========|_|==============|___/=/_/_/_/
 :: Spring Boot ::        (v2.1.7.RELEASE)

2022-11-14 12:05:21.413  INFO 8188 --- [    Test worker] c.b.web.MainApiControllerTest            : Starting MainApiControllerTest on user with PID 8188 (started by user1 in C:\Users\user1\Desktop\송아\캡스톤\repo\between-our-clothes-server)
2022-11-14 12:05:21.415  INFO 8188 --- [    Test worker] c.b.web.MainApiControllerTest            : No active profile set, falling back to default profiles: default
2022-11-14 12:05:22.149  INFO 8188 --- [    Test worker] .s.d.r.c.RepositoryConfigurationDelegate : Bootstrapping Spring Data repositories in DEFAULT mode.
2022-11-14 12:05:22.260  INFO 8188 --- [    Test worker] .s.d.r.c.RepositoryConfigurationDelegate : Finished Spring Data repository scanning in 104ms. Found 15 repository interfaces.
2022-11-14 12:05:22.645  INFO 8188 --- [    Test worker] trationDelegate$BeanPostProcessorChecker : Bean 'org.springframework.transaction.annotation.ProxyTransactionManagementConfiguration' of type [org.springframework.transaction.annotation.ProxyTransactionManagementConfiguration$$EnhancerBySpringCGLIB$$33ccc8c8] is not eligible for getting processed by all BeanPostProcessors (for example: not eligible for auto-proxying)
2022-11-14 12:05:22.963  INFO 8188 --- [    Test worker] o.s.b.w.embedded.tomcat.TomcatWebServer  : Tomcat initialized with port(s): 0 (http)
2022-11-14 12:05:22.987  INFO 8188 --- [    Test worker] o.apache.catalina.core.StandardService   : Starting service [Tomcat]
2022-11-14 12:05:22.987  INFO 8188 --- [    Test worker] org.apache.catalina.core.StandardEngine  : Starting Servlet engine: [Apache Tomcat/9.0.22]
2022-11-14 12:05:23.097  INFO 8188 --- [    Test worker] o.a.c.c.C.[Tomcat].[localhost].[/]       : Initializing Spring embedded WebApplicationContext
2022-11-14 12:05:23.098  INFO 8188 --- [    Test worker] o.s.web.context.ContextLoader            : Root WebApplicationContext: initialization completed in 1670 ms
2022-11-14 12:05:23.321  INFO 8188 --- [    Test worker] com.zaxxer.hikari.HikariDataSource       : HikariPool-1 - Starting...
2022-11-14 12:05:23.661  INFO 8188 --- [    Test worker] com.zaxxer.hikari.HikariDataSource       : HikariPool-1 - Start completed.
2022-11-14 12:05:23.717  INFO 8188 --- [    Test worker] o.hibernate.jpa.internal.util.LogHelper  : HHH000204: Processing PersistenceUnitInfo [
	name: default
	...]
2022-11-14 12:05:23.768  INFO 8188 --- [    Test worker] org.hibernate.Version                    : HHH000412: Hibernate Core {5.3.10.Final}
2022-11-14 12:05:23.769  INFO 8188 --- [    Test worker] org.hibernate.cfg.Environment            : HHH000206: hibernate.properties not found
2022-11-14 12:05:23.921  INFO 8188 --- [    Test worker] o.hibernate.annotations.common.Version   : HCANN000001: Hibernate Commons Annotations {5.0.4.Final}
2022-11-14 12:05:24.067  INFO 8188 --- [    Test worker] org.hibernate.dialect.Dialect            : HHH000400: Using dialect: org.hibernate.dialect.MySQL5InnoDBDialect
2022-11-14 12:05:25.133  INFO 8188 --- [    Test worker] j.LocalContainerEntityManagerFactoryBean : Initialized JPA EntityManagerFactory for persistence unit 'default'
2022-11-14 12:05:25.670  INFO 8188 --- [    Test worker] o.h.h.i.QueryTranslatorFactoryInitiator  : HHH000397: Using ASTQueryTranslatorFactory
2022-11-14 12:05:26.070  WARN 8188 --- [    Test worker] aWebConfiguration$JpaWebMvcConfiguration : spring.jpa.open-in-view is enabled by default. Therefore, database queries may be performed during view rendering. Explicitly configure spring.jpa.open-in-view to disable this warning
2022-11-14 12:05:26.345  INFO 8188 --- [    Test worker] o.s.s.web.DefaultSecurityFilterChain     : Creating filter chain: org.springframework.boot.autoconfigure.security.servlet.StaticResourceRequest$StaticResourceRequestMatcher@2005f222, []
2022-11-14 12:05:26.398  INFO 8188 --- [    Test worker] o.s.s.web.DefaultSecurityFilterChain     : Creating filter chain: any request, [org.springframework.security.web.context.request.async.WebAsyncManagerIntegrationFilter@39f072d2, org.springframework.security.web.context.SecurityContextPersistenceFilter@74b510cb, org.springframework.security.web.header.HeaderWriterFilter@46899a7f, org.springframework.security.web.authentication.logout.LogoutFilter@6505130c, com.betweenourclothes.jwt.JwtAuthenticationFilter@15f45b64, org.springframework.security.web.savedrequest.RequestCacheAwareFilter@32027515, org.springframework.security.web.servletapi.SecurityContextHolderAwareRequestFilter@3927049e, org.springframework.security.web.authentication.AnonymousAuthenticationFilter@6780bc23, org.springframework.security.web.session.SessionManagementFilter@5d0541e1, org.springframework.security.web.access.ExceptionTranslationFilter@6b4503fa, org.springframework.security.web.access.intercept.FilterSecurityInterceptor@19c69639]
2022-11-14 12:05:26.440  INFO 8188 --- [    Test worker] pertySourcedRequestMappingHandlerMapping : Mapped URL path [/v2/api-docs] onto method [public org.springframework.http.ResponseEntity<springfox.documentation.spring.web.json.Json> springfox.documentation.swagger2.web.Swagger2Controller.getDocumentation(java.lang.String,javax.servlet.http.HttpServletRequest)]
2022-11-14 12:05:26.678  INFO 8188 --- [    Test worker] o.s.s.concurrent.ThreadPoolTaskExecutor  : Initializing ExecutorService 'applicationTaskExecutor'
2022-11-14 12:05:26.963  INFO 8188 --- [    Test worker] d.s.w.p.DocumentationPluginsBootstrapper : Context refreshed
2022-11-14 12:05:26.982  INFO 8188 --- [    Test worker] d.s.w.p.DocumentationPluginsBootstrapper : Found 1 custom documentation plugin(s)
2022-11-14 12:05:27.011  INFO 8188 --- [    Test worker] s.d.s.w.s.ApiListingReferenceScanner     : Scanning for api listing references
2022-11-14 12:05:27.205  INFO 8188 --- [    Test worker] .d.s.w.r.o.CachingOperationNameGenerator : Generating unique operation named: deleteUsingDELETE_1
2022-11-14 12:05:27.220  INFO 8188 --- [    Test worker] .d.s.w.r.o.CachingOperationNameGenerator : Generating unique operation named: findPostByIdUsingGET_1
2022-11-14 12:05:27.224  INFO 8188 --- [    Test worker] .d.s.w.r.o.CachingOperationNameGenerator : Generating unique operation named: findPostsByAllCategoryUsingPOST_1
2022-11-14 12:05:27.237  INFO 8188 --- [    Test worker] .d.s.w.r.o.CachingOperationNameGenerator : Generating unique operation named: postUsingPOST_1
2022-11-14 12:05:27.240  INFO 8188 --- [    Test worker] .d.s.w.r.o.CachingOperationNameGenerator : Generating unique operation named: updateUsingPUT_1
2022-11-14 12:05:27.273  INFO 8188 --- [    Test worker] o.s.b.w.embedded.tomcat.TomcatWebServer  : Tomcat started on port(s): 54205 (http) with context path ''
2022-11-14 12:05:27.275  INFO 8188 --- [    Test worker] c.b.web.MainApiControllerTest            : Started MainApiControllerTest in 6.041 seconds (JVM running for 6.766)
2022-11-14 12:05:27.448  INFO 8188 --- [o-auto-1-exec-1] o.a.c.c.C.[Tomcat].[localhost].[/]       : Initializing Spring DispatcherServlet 'dispatcherServlet'
2022-11-14 12:05:27.448  INFO 8188 --- [o-auto-1-exec-1] o.s.web.servlet.DispatcherServlet        : Initializing Servlet 'dispatcherServlet'
2022-11-14 12:05:27.467  INFO 8188 --- [o-auto-1-exec-1] o.s.web.servlet.DispatcherServlet        : Completed initialization in 19 ms
Hibernate: 
    select
        members0_.id as id1_6_,
        members0_.email as email2_6_,
        members0_.image as image3_6_,
        members0_.name as name4_6_,
        members0_.nickname as nickname5_6_,
        members0_.password as password6_6_,
        members0_.phone as phone7_6_,
        members0_.refresh_token as refresh_8_6_,
        members0_.role as role9_6_ 
    from
        members members0_ 
    where
        members0_.email=?
Hibernate: 
    select
        members0_.id as id1_6_,
        members0_.email as email2_6_,
        members0_.image as image3_6_,
        members0_.name as name4_6_,
        members0_.nickname as nickname5_6_,
        members0_.password as password6_6_,
        members0_.phone as phone7_6_,
        members0_.refresh_token as refresh_8_6_,
        members0_.role as role9_6_ 
    from
        members members0_ 
    where
        members0_.email=?
Hibernate: 
    update
        members 
    set
        email=?,
        image=?,
        name=?,
        nickname=?,
        password=?,
        phone=?,
        refresh_token=?,
        role=? 
    where
        id=?
2022-11-14 12:05:27.982  INFO 8188 --- [    Test worker] o.a.c.c.C.[Tomcat].[localhost].[/]       : Initializing Spring TestDispatcherServlet ''
2022-11-14 12:05:27.983  INFO 8188 --- [    Test worker] o.s.t.web.servlet.TestDispatcherServlet  : Initializing Servlet ''
2022-11-14 12:05:27.986  INFO 8188 --- [    Test worker] o.s.t.web.servlet.TestDispatcherServlet  : Completed initialization in 3 ms
gunsong2@naver.com
Hibernate: 
    select
        members0_.id as id1_6_,
        members0_.email as email2_6_,
        members0_.image as image3_6_,
        members0_.name as name4_6_,
        members0_.nickname as nickname5_6_,
        members0_.password as password6_6_,
        members0_.phone as phone7_6_,
        members0_.refresh_token as refresh_8_6_,
        members0_.role as role9_6_ 
    from
        members members0_ 
    where
        members0_.email=?
Hibernate: 
    select
        style0_.id as id1_14_,
        style0_.name as name2_14_ 
    from
        style style0_ 
    where
        style0_.name=?
Hibernate: 
    select
        materials0_.id as id1_5_,
        materials0_.name as name2_5_ 
    from
        materials materials0_ 
    where
        materials0_.name=?
Hibernate: 
    select
        colors0_.id as id1_4_,
        colors0_.name as name2_4_ 
    from
        colors colors0_ 
    where
        colors0_.name=?
Hibernate: 
    select
        clothesinf0_.id as id1_2_,
        clothesinf0_.categoryl as category2_2_,
        clothesinf0_.categorys as category3_2_,
        clothesinf0_.fit as fit4_2_,
        clothesinf0_.length as length5_2_ 
    from
        clothes_info clothesinf0_ 
    where
        clothesinf0_.categoryl=? 
        and clothesinf0_.categorys=? 
        and clothesinf0_.length=? 
        and clothesinf0_.fit=?
test.jpg
C:\Users\user1\betweenourclothes\images\closets\closets-200b41fc-b9b5-426f-9731-b34a9fac91fa.jpg
Hibernate: 
    insert 
    into
        clothes_image
        (closets_post_id, path, stores_post_id, type) 
    values
        (?, ?, ?, ?)
test.jpg
C:\Users\user1\betweenourclothes\images\closets\closets-c6290d48-7dd7-4e1e-9b74-a2f576e34c23.jpg
Hibernate: 
    insert 
    into
        clothes_image
        (closets_post_id, path, stores_post_id, type) 
    values
        (?, ?, ?, ?)
Hibernate: 
    insert 
    into
        closets
        (created_date, modified_date, author_id, clothes_info_id, colors_name, materials_name, style_name) 
    values
        (?, ?, ?, ?, ?, ?, ?)
Hibernate: 
    update
        clothes_image 
    set
        closets_post_id=?,
        path=?,
        stores_post_id=?,
        type=? 
    where
        id=?
Hibernate: 
    update
        clothes_image 
    set
        closets_post_id=?,
        path=?,
        stores_post_id=?,
        type=? 
    where
        id=?
gunsong2@naver.com
Hibernate: 
    select
        members0_.id as id1_6_,
        members0_.email as email2_6_,
        members0_.image as image3_6_,
        members0_.name as name4_6_,
        members0_.nickname as nickname5_6_,
        members0_.password as password6_6_,
        members0_.phone as phone7_6_,
        members0_.refresh_token as refresh_8_6_,
        members0_.role as role9_6_ 
    from
        members members0_ 
    where
        members0_.email=?
Hibernate: 
    select
        style0_.id as id1_14_,
        style0_.name as name2_14_ 
    from
        style style0_ 
    where
        style0_.name=?
Hibernate: 
    select
        materials0_.id as id1_5_,
        materials0_.name as name2_5_ 
    from
        materials materials0_ 
    where
        materials0_.name=?
Hibernate: 
    select
        colors0_.id as id1_4_,
        colors0_.name as name2_4_ 
    from
        colors colors0_ 
    where
        colors0_.name=?
Hibernate: 
    select
        clothesinf0_.id as id1_2_,
        clothesinf0_.categoryl as category2_2_,
        clothesinf0_.categorys as category3_2_,
        clothesinf0_.fit as fit4_2_,
        clothesinf0_.length as length5_2_ 
    from
        clothes_info clothesinf0_ 
    where
        clothesinf0_.categoryl=? 
        and clothesinf0_.categorys=? 
        and clothesinf0_.length=? 
        and clothesinf0_.fit=?
test.jpg
C:\Users\user1\betweenourclothes\images\closets\closets-50971e08-cbcf-4480-b1eb-d967347d67f8.jpg
Hibernate: 
    insert 
    into
        clothes_image
        (closets_post_id, path, stores_post_id, type) 
    values
        (?, ?, ?, ?)
test.jpg
C:\Users\user1\betweenourclothes\images\closets\closets-99f86e4d-2d41-4d83-ae61-07ab9fc402a5.jpg
Hibernate: 
    insert 
    into
        clothes_image
        (closets_post_id, path, stores_post_id, type) 
    values
        (?, ?, ?, ?)
Hibernate: 
    insert 
    into
        closets
        (created_date, modified_date, author_id, clothes_info_id, colors_name, materials_name, style_name) 
    values
        (?, ?, ?, ?, ?, ?, ?)
Hibernate: 
    update
        clothes_image 
    set
        closets_post_id=?,
        path=?,
        stores_post_id=?,
        type=? 
    where
        id=?
Hibernate: 
    update
        clothes_image 
    set
        closets_post_id=?,
        path=?,
        stores_post_id=?,
        type=? 
    where
        id=?
gunsong2@naver.com
Hibernate: 
    select
        members0_.id as id1_6_,
        members0_.email as email2_6_,
        members0_.image as image3_6_,
        members0_.name as name4_6_,
        members0_.nickname as nickname5_6_,
        members0_.password as password6_6_,
        members0_.phone as phone7_6_,
        members0_.refresh_token as refresh_8_6_,
        members0_.role as role9_6_ 
    from
        members members0_ 
    where
        members0_.email=?
Hibernate: 
    select
        style0_.id as id1_14_,
        style0_.name as name2_14_ 
    from
        style style0_ 
    where
        style0_.name=?
Hibernate: 
    select
        materials0_.id as id1_5_,
        materials0_.name as name2_5_ 
    from
        materials materials0_ 
    where
        materials0_.name=?
Hibernate: 
    select
        colors0_.id as id1_4_,
        colors0_.name as name2_4_ 
    from
        colors colors0_ 
    where
        colors0_.name=?
Hibernate: 
    select
        clothesinf0_.id as id1_2_,
        clothesinf0_.categoryl as category2_2_,
        clothesinf0_.categorys as category3_2_,
        clothesinf0_.fit as fit4_2_,
        clothesinf0_.length as length5_2_ 
    from
        clothes_info clothesinf0_ 
    where
        clothesinf0_.categoryl=? 
        and clothesinf0_.categorys=? 
        and clothesinf0_.length=? 
        and clothesinf0_.fit=?
test.jpg
C:\Users\user1\betweenourclothes\images\closets\closets-d43cb459-a5c6-4934-8f27-12e8f9d01270.jpg
Hibernate: 
    insert 
    into
        clothes_image
        (closets_post_id, path, stores_post_id, type) 
    values
        (?, ?, ?, ?)
test.jpg
C:\Users\user1\betweenourclothes\images\closets\closets-ab04d307-d4be-4b1c-a650-fa3f8fab4fa9.jpg
Hibernate: 
    insert 
    into
        clothes_image
        (closets_post_id, path, stores_post_id, type) 
    values
        (?, ?, ?, ?)
Hibernate: 
    insert 
    into
        closets
        (created_date, modified_date, author_id, clothes_info_id, colors_name, materials_name, style_name) 
    values
        (?, ?, ?, ?, ?, ?, ?)
Hibernate: 
    update
        clothes_image 
    set
        closets_post_id=?,
        path=?,
        stores_post_id=?,
        type=? 
    where
        id=?
Hibernate: 
    update
        clothes_image 
    set
        closets_post_id=?,
        path=?,
        stores_post_id=?,
        type=? 
    where
        id=?
gunsong2@naver.com
Hibernate: 
    select
        members0_.id as id1_6_,
        members0_.email as email2_6_,
        members0_.image as image3_6_,
        members0_.name as name4_6_,
        members0_.nickname as nickname5_6_,
        members0_.password as password6_6_,
        members0_.phone as phone7_6_,
        members0_.refresh_token as refresh_8_6_,
        members0_.role as role9_6_ 
    from
        members members0_ 
    where
        members0_.email=?
Hibernate: 
    select
        style0_.id as id1_14_,
        style0_.name as name2_14_ 
    from
        style style0_ 
    where
        style0_.name=?
Hibernate: 
    select
        materials0_.id as id1_5_,
        materials0_.name as name2_5_ 
    from
        materials materials0_ 
    where
        materials0_.name=?
Hibernate: 
    select
        colors0_.id as id1_4_,
        colors0_.name as name2_4_ 
    from
        colors colors0_ 
    where
        colors0_.name=?
Hibernate: 
    select
        clothesinf0_.id as id1_2_,
        clothesinf0_.categoryl as category2_2_,
        clothesinf0_.categorys as category3_2_,
        clothesinf0_.fit as fit4_2_,
        clothesinf0_.length as length5_2_ 
    from
        clothes_info clothesinf0_ 
    where
        clothesinf0_.categoryl=? 
        and clothesinf0_.categorys=? 
        and clothesinf0_.length=? 
        and clothesinf0_.fit=?
test.jpg
C:\Users\user1\betweenourclothes\images\closets\closets-4d2fe4d1-083e-4623-b963-049cbe38a2f1.jpg
Hibernate: 
    insert 
    into
        clothes_image
        (closets_post_id, path, stores_post_id, type) 
    values
        (?, ?, ?, ?)
test.jpg
C:\Users\user1\betweenourclothes\images\closets\closets-51bc14c1-4cb8-4d00-905b-aa0416612ced.jpg
Hibernate: 
    insert 
    into
        clothes_image
        (closets_post_id, path, stores_post_id, type) 
    values
        (?, ?, ?, ?)
Hibernate: 
    insert 
    into
        closets
        (created_date, modified_date, author_id, clothes_info_id, colors_name, materials_name, style_name) 
    values
        (?, ?, ?, ?, ?, ?, ?)
Hibernate: 
    update
        clothes_image 
    set
        closets_post_id=?,
        path=?,
        stores_post_id=?,
        type=? 
    where
        id=?
Hibernate: 
    update
        clothes_image 
    set
        closets_post_id=?,
        path=?,
        stores_post_id=?,
        type=? 
    where
        id=?
gunsong2@naver.com
Hibernate: 
    select
        members0_.id as id1_6_,
        members0_.email as email2_6_,
        members0_.image as image3_6_,
        members0_.name as name4_6_,
        members0_.nickname as nickname5_6_,
        members0_.password as password6_6_,
        members0_.phone as phone7_6_,
        members0_.refresh_token as refresh_8_6_,
        members0_.role as role9_6_ 
    from
        members members0_ 
    where
        members0_.email=?
Hibernate: 
    select
        style0_.id as id1_14_,
        style0_.name as name2_14_ 
    from
        style style0_ 
    where
        style0_.name=?
Hibernate: 
    select
        materials0_.id as id1_5_,
        materials0_.name as name2_5_ 
    from
        materials materials0_ 
    where
        materials0_.name=?
Hibernate: 
    select
        colors0_.id as id1_4_,
        colors0_.name as name2_4_ 
    from
        colors colors0_ 
    where
        colors0_.name=?
Hibernate: 
    select
        clothesinf0_.id as id1_2_,
        clothesinf0_.categoryl as category2_2_,
        clothesinf0_.categorys as category3_2_,
        clothesinf0_.fit as fit4_2_,
        clothesinf0_.length as length5_2_ 
    from
        clothes_info clothesinf0_ 
    where
        clothesinf0_.categoryl=? 
        and clothesinf0_.categorys=? 
        and clothesinf0_.length=? 
        and clothesinf0_.fit=?
test.jpg
C:\Users\user1\betweenourclothes\images\closets\closets-083793f8-d52d-4e49-9fe1-2b84d05d0f3f.jpg
Hibernate: 
    insert 
    into
        clothes_image
        (closets_post_id, path, stores_post_id, type) 
    values
        (?, ?, ?, ?)
test.jpg
C:\Users\user1\betweenourclothes\images\closets\closets-076f8981-564e-4fc0-9850-eefa0f038067.jpg
Hibernate: 
    insert 
    into
        clothes_image
        (closets_post_id, path, stores_post_id, type) 
    values
        (?, ?, ?, ?)
Hibernate: 
    insert 
    into
        closets
        (created_date, modified_date, author_id, clothes_info_id, colors_name, materials_name, style_name) 
    values
        (?, ?, ?, ?, ?, ?, ?)
Hibernate: 
    update
        clothes_image 
    set
        closets_post_id=?,
        path=?,
        stores_post_id=?,
        type=? 
    where
        id=?
Hibernate: 
    update
        clothes_image 
    set
        closets_post_id=?,
        path=?,
        stores_post_id=?,
        type=? 
    where
        id=?
Hibernate: 
    select
        closets0_.id as id1_1_,
        closets0_.created_date as created_2_1_,
        closets0_.modified_date as modified3_1_,
        closets0_.author_id as author_i4_1_,
        closets0_.clothes_info_id as clothes_5_1_,
        closets0_.colors_name as colors_n6_1_,
        closets0_.materials_name as material7_1_,
        closets0_.style_name as style_na8_1_ 
    from
        closets closets0_
Hibernate: 
    select
        members0_.id as id1_6_0_,
        members0_.email as email2_6_0_,
        members0_.image as image3_6_0_,
        members0_.name as name4_6_0_,
        members0_.nickname as nickname5_6_0_,
        members0_.password as password6_6_0_,
        members0_.phone as phone7_6_0_,
        members0_.refresh_token as refresh_8_6_0_,
        members0_.role as role9_6_0_ 
    from
        members members0_ 
    where
        members0_.id=?
Hibernate: 
    select
        clothesinf0_.id as id1_2_0_,
        clothesinf0_.categoryl as category2_2_0_,
        clothesinf0_.categorys as category3_2_0_,
        clothesinf0_.fit as fit4_2_0_,
        clothesinf0_.length as length5_2_0_ 
    from
        clothes_info clothesinf0_ 
    where
        clothesinf0_.id=?
Hibernate: 
    select
        colors0_.id as id1_4_0_,
        colors0_.name as name2_4_0_ 
    from
        colors colors0_ 
    where
        colors0_.name=?
Hibernate: 
    select
        materials0_.id as id1_5_0_,
        materials0_.name as name2_5_0_ 
    from
        materials materials0_ 
    where
        materials0_.name=?
Hibernate: 
    select
        style0_.id as id1_14_0_,
        style0_.name as name2_14_0_ 
    from
        style style0_ 
    where
        style0_.name=?
Hibernate: 
    select
        clothesinf0_.id as id1_2_0_,
        clothesinf0_.categoryl as category2_2_0_,
        clothesinf0_.categorys as category3_2_0_,
        clothesinf0_.fit as fit4_2_0_,
        clothesinf0_.length as length5_2_0_ 
    from
        clothes_info clothesinf0_ 
    where
        clothesinf0_.id=?
Hibernate: 
    select
        colors0_.id as id1_4_0_,
        colors0_.name as name2_4_0_ 
    from
        colors colors0_ 
    where
        colors0_.name=?
Hibernate: 
    select
        materials0_.id as id1_5_0_,
        materials0_.name as name2_5_0_ 
    from
        materials materials0_ 
    where
        materials0_.name=?
Hibernate: 
    select
        style0_.id as id1_14_0_,
        style0_.name as name2_14_0_ 
    from
        style style0_ 
    where
        style0_.name=?
Hibernate: 
    select
        clothesinf0_.id as id1_2_0_,
        clothesinf0_.categoryl as category2_2_0_,
        clothesinf0_.categorys as category3_2_0_,
        clothesinf0_.fit as fit4_2_0_,
        clothesinf0_.length as length5_2_0_ 
    from
        clothes_info clothesinf0_ 
    where
        clothesinf0_.id=?
Hibernate: 
    select
        colors0_.id as id1_4_0_,
        colors0_.name as name2_4_0_ 
    from
        colors colors0_ 
    where
        colors0_.name=?
Hibernate: 
    select
        materials0_.id as id1_5_0_,
        materials0_.name as name2_5_0_ 
    from
        materials materials0_ 
    where
        materials0_.name=?
Hibernate: 
    select
        style0_.id as id1_14_0_,
        style0_.name as name2_14_0_ 
    from
        style style0_ 
    where
        style0_.name=?
Hibernate: 
    select
        clothesinf0_.id as id1_2_0_,
        clothesinf0_.categoryl as category2_2_0_,
        clothesinf0_.categorys as category3_2_0_,
        clothesinf0_.fit as fit4_2_0_,
        clothesinf0_.length as length5_2_0_ 
    from
        clothes_info clothesinf0_ 
    where
        clothesinf0_.id=?
Hibernate: 
    select
        colors0_.id as id1_4_0_,
        colors0_.name as name2_4_0_ 
    from
        colors colors0_ 
    where
        colors0_.name=?
Hibernate: 
    select
        materials0_.id as id1_5_0_,
        materials0_.name as name2_5_0_ 
    from
        materials materials0_ 
    where
        materials0_.name=?
Hibernate: 
    select
        style0_.id as id1_14_0_,
        style0_.name as name2_14_0_ 
    from
        style style0_ 
    where
        style0_.name=?
Hibernate: 
    select
        clothesinf0_.id as id1_2_0_,
        clothesinf0_.categoryl as category2_2_0_,
        clothesinf0_.categorys as category3_2_0_,
        clothesinf0_.fit as fit4_2_0_,
        clothesinf0_.length as length5_2_0_ 
    from
        clothes_info clothesinf0_ 
    where
        clothesinf0_.id=?
Hibernate: 
    select
        materials0_.id as id1_5_0_,
        materials0_.name as name2_5_0_ 
    from
        materials materials0_ 
    where
        materials0_.name=?
Hibernate: 
    select
        style0_.id as id1_14_0_,
        style0_.name as name2_14_0_ 
    from
        style style0_ 
    where
        style0_.name=?
BearereyJhbGciOiJIUzI1NiJ9.eyJzdWIiOiJndW5zb25nMkBuYXZlci5jb20iLCJhdXRoIjoiUk9MRV9VU0VSIiwiZXhwIjoxNjY4NDA1OTI3fQ.H7MPocNcPOw9iHH_fqPpbjEyDFUlEbFHHs4Ycv7ni5w
2022-11-14 12:05:28.226  INFO 8188 --- [    Test worker] o.a.c.c.C.[Tomcat].[localhost].[/]       : Initializing Spring TestDispatcherServlet ''
2022-11-14 12:05:28.226  INFO 8188 --- [    Test worker] o.s.t.web.servlet.TestDispatcherServlet  : Initializing Servlet ''
2022-11-14 12:05:28.231  INFO 8188 --- [    Test worker] o.s.t.web.servlet.TestDispatcherServlet  : Completed initialization in 5 ms
gunsong2@naver.com
Hibernate: 
    select
        members0_.id as id1_6_,
        members0_.email as email2_6_,
        members0_.image as image3_6_,
        members0_.name as name4_6_,
        members0_.nickname as nickname5_6_,
        members0_.password as password6_6_,
        members0_.phone as phone7_6_,
        members0_.refresh_token as refresh_8_6_,
        members0_.role as role9_6_ 
    from
        members members0_ 
    where
        members0_.email=?
Hibernate: 
    select
        style0_.id as id1_14_,
        style0_.name as name2_14_ 
    from
        style style0_ 
    where
        style0_.name=?
Hibernate: 
    select
        materials0_.id as id1_5_,
        materials0_.name as name2_5_ 
    from
        materials materials0_ 
    where
        materials0_.name=?
Hibernate: 
    select
        colors0_.id as id1_4_,
        colors0_.name as name2_4_ 
    from
        colors colors0_ 
    where
        colors0_.name=?
Hibernate: 
    select
        clothesinf0_.id as id1_2_,
        clothesinf0_.categoryl as category2_2_,
        clothesinf0_.categorys as category3_2_,
        clothesinf0_.fit as fit4_2_,
        clothesinf0_.length as length5_2_ 
    from
        clothes_info clothesinf0_ 
    where
        clothesinf0_.categoryl=? 
        and clothesinf0_.categorys=? 
        and clothesinf0_.length=? 
        and clothesinf0_.fit=?
Hibernate: 
    select
        salesinfoc0_.id as id1_9_,
        salesinfoc0_.clothes_brand as clothes_2_9_,
        salesinfoc0_.clothes_color as clothes_3_9_,
        salesinfoc0_.clothes_gender as clothes_4_9_,
        salesinfoc0_.clothes_size as clothes_5_9_ 
    from
        sales_info_clothes salesinfoc0_ 
    where
        salesinfoc0_.clothes_brand=? 
        and salesinfoc0_.clothes_gender=? 
        and salesinfoc0_.clothes_size=? 
        and salesinfoc0_.clothes_color=?
Hibernate: 
    select
        salesinfos0_.id as id1_10_,
        salesinfos0_.status_score as status_s2_10_,
        salesinfos0_.status_tag as status_t3_10_,
        salesinfos0_.status_times as status_t4_10_,
        salesinfos0_.status_when2buy as status_w5_10_,
        salesinfos0_.transport as transpor6_10_ 
    from
        sales_info_status salesinfos0_ 
    where
        salesinfos0_.status_tag=? 
        and salesinfos0_.status_score=? 
        and salesinfos0_.status_times=? 
        and salesinfos0_.status_when2buy=? 
        and salesinfos0_.transport=?
Hibernate: 
    select
        salesinfou0_.id as id1_11_,
        salesinfou0_.user_height as user_hei2_11_,
        salesinfou0_.user_size as user_siz3_11_,
        salesinfou0_.user_weight as user_wei4_11_ 
    from
        sales_info_user salesinfou0_ 
    where
        salesinfou0_.user_size=? 
        and salesinfou0_.user_weight=? 
        and salesinfou0_.user_height=?
C:\Users\user1\betweenourclothes\images\stores\stores-ea45ee35-309b-45be-81ec-7c48134ad8d2.jpg
Hibernate: 
    insert 
    into
        clothes_image
        (closets_post_id, path, stores_post_id, type) 
    values
        (?, ?, ?, ?)
C:\Users\user1\betweenourclothes\images\stores\stores-369c0a40-ddf5-4416-9a8b-d56f1ca7fdec.jpg
Hibernate: 
    insert 
    into
        clothes_image
        (closets_post_id, path, stores_post_id, type) 
    values
        (?, ?, ?, ?)
Hibernate: 
    insert 
    into
        stores
        (created_date, modified_date, author_id, clothes_info_id, colors_name, materials_name, style_name, clothes_length, content, price, sales_info_clothes_id, sales_info_status_id, sales_info_user_id, status, title) 
    values
        (?, ?, ?, ?, ?, ?, ?, ?, ?, ?, ?, ?, ?, ?, ?)
Hibernate: 
    update
        clothes_image 
    set
        closets_post_id=?,
        path=?,
        stores_post_id=?,
        type=? 
    where
        id=?
Hibernate: 
    update
        clothes_image 
    set
        closets_post_id=?,
        path=?,
        stores_post_id=?,
        type=? 
    where
        id=?
gunsong2@naver.com
Hibernate: 
    select
        members0_.id as id1_6_,
        members0_.email as email2_6_,
        members0_.image as image3_6_,
        members0_.name as name4_6_,
        members0_.nickname as nickname5_6_,
        members0_.password as password6_6_,
        members0_.phone as phone7_6_,
        members0_.refresh_token as refresh_8_6_,
        members0_.role as role9_6_ 
    from
        members members0_ 
    where
        members0_.email=?
Hibernate: 
    select
        style0_.id as id1_14_,
        style0_.name as name2_14_ 
    from
        style style0_ 
    where
        style0_.name=?
Hibernate: 
    select
        materials0_.id as id1_5_,
        materials0_.name as name2_5_ 
    from
        materials materials0_ 
    where
        materials0_.name=?
Hibernate: 
    select
        colors0_.id as id1_4_,
        colors0_.name as name2_4_ 
    from
        colors colors0_ 
    where
        colors0_.name=?
Hibernate: 
    select
        clothesinf0_.id as id1_2_,
        clothesinf0_.categoryl as category2_2_,
        clothesinf0_.categorys as category3_2_,
        clothesinf0_.fit as fit4_2_,
        clothesinf0_.length as length5_2_ 
    from
        clothes_info clothesinf0_ 
    where
        clothesinf0_.categoryl=? 
        and clothesinf0_.categorys=? 
        and clothesinf0_.length=? 
        and clothesinf0_.fit=?
Hibernate: 
    select
        salesinfoc0_.id as id1_9_,
        salesinfoc0_.clothes_brand as clothes_2_9_,
        salesinfoc0_.clothes_color as clothes_3_9_,
        salesinfoc0_.clothes_gender as clothes_4_9_,
        salesinfoc0_.clothes_size as clothes_5_9_ 
    from
        sales_info_clothes salesinfoc0_ 
    where
        salesinfoc0_.clothes_brand=? 
        and salesinfoc0_.clothes_gender=? 
        and salesinfoc0_.clothes_size=? 
        and salesinfoc0_.clothes_color=?
Hibernate: 
    select
        salesinfos0_.id as id1_10_,
        salesinfos0_.status_score as status_s2_10_,
        salesinfos0_.status_tag as status_t3_10_,
        salesinfos0_.status_times as status_t4_10_,
        salesinfos0_.status_when2buy as status_w5_10_,
        salesinfos0_.transport as transpor6_10_ 
    from
        sales_info_status salesinfos0_ 
    where
        salesinfos0_.status_tag=? 
        and salesinfos0_.status_score=? 
        and salesinfos0_.status_times=? 
        and salesinfos0_.status_when2buy=? 
        and salesinfos0_.transport=?
Hibernate: 
    select
        salesinfou0_.id as id1_11_,
        salesinfou0_.user_height as user_hei2_11_,
        salesinfou0_.user_size as user_siz3_11_,
        salesinfou0_.user_weight as user_wei4_11_ 
    from
        sales_info_user salesinfou0_ 
    where
        salesinfou0_.user_size=? 
        and salesinfou0_.user_weight=? 
        and salesinfou0_.user_height=?
C:\Users\user1\betweenourclothes\images\stores\stores-e8d201d1-f9e7-4f2f-910a-c8b549c846d1.jpg
Hibernate: 
    insert 
    into
        clothes_image
        (closets_post_id, path, stores_post_id, type) 
    values
        (?, ?, ?, ?)
C:\Users\user1\betweenourclothes\images\stores\stores-ddc8ff56-da10-46e1-87b3-782e99182c57.jpg
Hibernate: 
    insert 
    into
        clothes_image
        (closets_post_id, path, stores_post_id, type) 
    values
        (?, ?, ?, ?)
Hibernate: 
    insert 
    into
        stores
        (created_date, modified_date, author_id, clothes_info_id, colors_name, materials_name, style_name, clothes_length, content, price, sales_info_clothes_id, sales_info_status_id, sales_info_user_id, status, title) 
    values
        (?, ?, ?, ?, ?, ?, ?, ?, ?, ?, ?, ?, ?, ?, ?)
Hibernate: 
    update
        clothes_image 
    set
        closets_post_id=?,
        path=?,
        stores_post_id=?,
        type=? 
    where
        id=?
Hibernate: 
    update
        clothes_image 
    set
        closets_post_id=?,
        path=?,
        stores_post_id=?,
        type=? 
    where
        id=?
gunsong2@naver.com
Hibernate: 
    select
        members0_.id as id1_6_,
        members0_.email as email2_6_,
        members0_.image as image3_6_,
        members0_.name as name4_6_,
        members0_.nickname as nickname5_6_,
        members0_.password as password6_6_,
        members0_.phone as phone7_6_,
        members0_.refresh_token as refresh_8_6_,
        members0_.role as role9_6_ 
    from
        members members0_ 
    where
        members0_.email=?
Hibernate: 
    select
        style0_.id as id1_14_,
        style0_.name as name2_14_ 
    from
        style style0_ 
    where
        style0_.name=?
Hibernate: 
    select
        materials0_.id as id1_5_,
        materials0_.name as name2_5_ 
    from
        materials materials0_ 
    where
        materials0_.name=?
Hibernate: 
    select
        colors0_.id as id1_4_,
        colors0_.name as name2_4_ 
    from
        colors colors0_ 
    where
        colors0_.name=?
Hibernate: 
    select
        clothesinf0_.id as id1_2_,
        clothesinf0_.categoryl as category2_2_,
        clothesinf0_.categorys as category3_2_,
        clothesinf0_.fit as fit4_2_,
        clothesinf0_.length as length5_2_ 
    from
        clothes_info clothesinf0_ 
    where
        clothesinf0_.categoryl=? 
        and clothesinf0_.categorys=? 
        and clothesinf0_.length=? 
        and clothesinf0_.fit=?
Hibernate: 
    select
        salesinfoc0_.id as id1_9_,
        salesinfoc0_.clothes_brand as clothes_2_9_,
        salesinfoc0_.clothes_color as clothes_3_9_,
        salesinfoc0_.clothes_gender as clothes_4_9_,
        salesinfoc0_.clothes_size as clothes_5_9_ 
    from
        sales_info_clothes salesinfoc0_ 
    where
        salesinfoc0_.clothes_brand=? 
        and salesinfoc0_.clothes_gender=? 
        and salesinfoc0_.clothes_size=? 
        and salesinfoc0_.clothes_color=?
Hibernate: 
    select
        salesinfos0_.id as id1_10_,
        salesinfos0_.status_score as status_s2_10_,
        salesinfos0_.status_tag as status_t3_10_,
        salesinfos0_.status_times as status_t4_10_,
        salesinfos0_.status_when2buy as status_w5_10_,
        salesinfos0_.transport as transpor6_10_ 
    from
        sales_info_status salesinfos0_ 
    where
        salesinfos0_.status_tag=? 
        and salesinfos0_.status_score=? 
        and salesinfos0_.status_times=? 
        and salesinfos0_.status_when2buy=? 
        and salesinfos0_.transport=?
Hibernate: 
    select
        salesinfou0_.id as id1_11_,
        salesinfou0_.user_height as user_hei2_11_,
        salesinfou0_.user_size as user_siz3_11_,
        salesinfou0_.user_weight as user_wei4_11_ 
    from
        sales_info_user salesinfou0_ 
    where
        salesinfou0_.user_size=? 
        and salesinfou0_.user_weight=? 
        and salesinfou0_.user_height=?
C:\Users\user1\betweenourclothes\images\stores\stores-fca62cad-0f82-48fb-a459-4316fb9a38b6.jpg
Hibernate: 
    insert 
    into
        clothes_image
        (closets_post_id, path, stores_post_id, type) 
    values
        (?, ?, ?, ?)
C:\Users\user1\betweenourclothes\images\stores\stores-1b2111a1-5e0e-404d-a0e7-f241b4ffab62.jpg
Hibernate: 
    insert 
    into
        clothes_image
        (closets_post_id, path, stores_post_id, type) 
    values
        (?, ?, ?, ?)
Hibernate: 
    insert 
    into
        stores
        (created_date, modified_date, author_id, clothes_info_id, colors_name, materials_name, style_name, clothes_length, content, price, sales_info_clothes_id, sales_info_status_id, sales_info_user_id, status, title) 
    values
        (?, ?, ?, ?, ?, ?, ?, ?, ?, ?, ?, ?, ?, ?, ?)
Hibernate: 
    update
        clothes_image 
    set
        closets_post_id=?,
        path=?,
        stores_post_id=?,
        type=? 
    where
        id=?
Hibernate: 
    update
        clothes_image 
    set
        closets_post_id=?,
        path=?,
        stores_post_id=?,
        type=? 
    where
        id=?
gunsong2@naver.com
Hibernate: 
    select
        members0_.id as id1_6_,
        members0_.email as email2_6_,
        members0_.image as image3_6_,
        members0_.name as name4_6_,
        members0_.nickname as nickname5_6_,
        members0_.password as password6_6_,
        members0_.phone as phone7_6_,
        members0_.refresh_token as refresh_8_6_,
        members0_.role as role9_6_ 
    from
        members members0_ 
    where
        members0_.email=?
Hibernate: 
    select
        style0_.id as id1_14_,
        style0_.name as name2_14_ 
    from
        style style0_ 
    where
        style0_.name=?
Hibernate: 
    select
        materials0_.id as id1_5_,
        materials0_.name as name2_5_ 
    from
        materials materials0_ 
    where
        materials0_.name=?
Hibernate: 
    select
        colors0_.id as id1_4_,
        colors0_.name as name2_4_ 
    from
        colors colors0_ 
    where
        colors0_.name=?
Hibernate: 
    select
        clothesinf0_.id as id1_2_,
        clothesinf0_.categoryl as category2_2_,
        clothesinf0_.categorys as category3_2_,
        clothesinf0_.fit as fit4_2_,
        clothesinf0_.length as length5_2_ 
    from
        clothes_info clothesinf0_ 
    where
        clothesinf0_.categoryl=? 
        and clothesinf0_.categorys=? 
        and clothesinf0_.length=? 
        and clothesinf0_.fit=?
Hibernate: 
    select
        salesinfoc0_.id as id1_9_,
        salesinfoc0_.clothes_brand as clothes_2_9_,
        salesinfoc0_.clothes_color as clothes_3_9_,
        salesinfoc0_.clothes_gender as clothes_4_9_,
        salesinfoc0_.clothes_size as clothes_5_9_ 
    from
        sales_info_clothes salesinfoc0_ 
    where
        salesinfoc0_.clothes_brand=? 
        and salesinfoc0_.clothes_gender=? 
        and salesinfoc0_.clothes_size=? 
        and salesinfoc0_.clothes_color=?
Hibernate: 
    select
        salesinfos0_.id as id1_10_,
        salesinfos0_.status_score as status_s2_10_,
        salesinfos0_.status_tag as status_t3_10_,
        salesinfos0_.status_times as status_t4_10_,
        salesinfos0_.status_when2buy as status_w5_10_,
        salesinfos0_.transport as transpor6_10_ 
    from
        sales_info_status salesinfos0_ 
    where
        salesinfos0_.status_tag=? 
        and salesinfos0_.status_score=? 
        and salesinfos0_.status_times=? 
        and salesinfos0_.status_when2buy=? 
        and salesinfos0_.transport=?
Hibernate: 
    select
        salesinfou0_.id as id1_11_,
        salesinfou0_.user_height as user_hei2_11_,
        salesinfou0_.user_size as user_siz3_11_,
        salesinfou0_.user_weight as user_wei4_11_ 
    from
        sales_info_user salesinfou0_ 
    where
        salesinfou0_.user_size=? 
        and salesinfou0_.user_weight=? 
        and salesinfou0_.user_height=?
C:\Users\user1\betweenourclothes\images\stores\stores-4159ad86-8895-4d10-b678-9b6b82a0844f.jpg
Hibernate: 
    insert 
    into
        clothes_image
        (closets_post_id, path, stores_post_id, type) 
    values
        (?, ?, ?, ?)
C:\Users\user1\betweenourclothes\images\stores\stores-409aedd5-8302-41ac-b088-862b100ca0eb.jpg
Hibernate: 
    insert 
    into
        clothes_image
        (closets_post_id, path, stores_post_id, type) 
    values
        (?, ?, ?, ?)
Hibernate: 
    insert 
    into
        stores
        (created_date, modified_date, author_id, clothes_info_id, colors_name, materials_name, style_name, clothes_length, content, price, sales_info_clothes_id, sales_info_status_id, sales_info_user_id, status, title) 
    values
        (?, ?, ?, ?, ?, ?, ?, ?, ?, ?, ?, ?, ?, ?, ?)
Hibernate: 
    update
        clothes_image 
    set
        closets_post_id=?,
        path=?,
        stores_post_id=?,
        type=? 
    where
        id=?
Hibernate: 
    update
        clothes_image 
    set
        closets_post_id=?,
        path=?,
        stores_post_id=?,
        type=? 
    where
        id=?
gunsong2@naver.com
Hibernate: 
    select
        members0_.id as id1_6_,
        members0_.email as email2_6_,
        members0_.image as image3_6_,
        members0_.name as name4_6_,
        members0_.nickname as nickname5_6_,
        members0_.password as password6_6_,
        members0_.phone as phone7_6_,
        members0_.refresh_token as refresh_8_6_,
        members0_.role as role9_6_ 
    from
        members members0_ 
    where
        members0_.email=?
Hibernate: 
    select
        style0_.id as id1_14_,
        style0_.name as name2_14_ 
    from
        style style0_ 
    where
        style0_.name=?
Hibernate: 
    select
        materials0_.id as id1_5_,
        materials0_.name as name2_5_ 
    from
        materials materials0_ 
    where
        materials0_.name=?
Hibernate: 
    select
        colors0_.id as id1_4_,
        colors0_.name as name2_4_ 
    from
        colors colors0_ 
    where
        colors0_.name=?
Hibernate: 
    select
        clothesinf0_.id as id1_2_,
        clothesinf0_.categoryl as category2_2_,
        clothesinf0_.categorys as category3_2_,
        clothesinf0_.fit as fit4_2_,
        clothesinf0_.length as length5_2_ 
    from
        clothes_info clothesinf0_ 
    where
        clothesinf0_.categoryl=? 
        and clothesinf0_.categorys=? 
        and clothesinf0_.length=? 
        and clothesinf0_.fit=?
Hibernate: 
    select
        salesinfoc0_.id as id1_9_,
        salesinfoc0_.clothes_brand as clothes_2_9_,
        salesinfoc0_.clothes_color as clothes_3_9_,
        salesinfoc0_.clothes_gender as clothes_4_9_,
        salesinfoc0_.clothes_size as clothes_5_9_ 
    from
        sales_info_clothes salesinfoc0_ 
    where
        salesinfoc0_.clothes_brand=? 
        and salesinfoc0_.clothes_gender=? 
        and salesinfoc0_.clothes_size=? 
        and salesinfoc0_.clothes_color=?
Hibernate: 
    select
        salesinfos0_.id as id1_10_,
        salesinfos0_.status_score as status_s2_10_,
        salesinfos0_.status_tag as status_t3_10_,
        salesinfos0_.status_times as status_t4_10_,
        salesinfos0_.status_when2buy as status_w5_10_,
        salesinfos0_.transport as transpor6_10_ 
    from
        sales_info_status salesinfos0_ 
    where
        salesinfos0_.status_tag=? 
        and salesinfos0_.status_score=? 
        and salesinfos0_.status_times=? 
        and salesinfos0_.status_when2buy=? 
        and salesinfos0_.transport=?
Hibernate: 
    select
        salesinfou0_.id as id1_11_,
        salesinfou0_.user_height as user_hei2_11_,
        salesinfou0_.user_size as user_siz3_11_,
        salesinfou0_.user_weight as user_wei4_11_ 
    from
        sales_info_user salesinfou0_ 
    where
        salesinfou0_.user_size=? 
        and salesinfou0_.user_weight=? 
        and salesinfou0_.user_height=?
C:\Users\user1\betweenourclothes\images\stores\stores-f999f6d3-72eb-4d2b-b1c4-361166b26158.jpg
Hibernate: 
    insert 
    into
        clothes_image
        (closets_post_id, path, stores_post_id, type) 
    values
        (?, ?, ?, ?)
C:\Users\user1\betweenourclothes\images\stores\stores-1dd13ba7-e6a1-4df1-9254-d3ffe36cebd4.jpg
Hibernate: 
    insert 
    into
        clothes_image
        (closets_post_id, path, stores_post_id, type) 
    values
        (?, ?, ?, ?)
Hibernate: 
    insert 
    into
        stores
        (created_date, modified_date, author_id, clothes_info_id, colors_name, materials_name, style_name, clothes_length, content, price, sales_info_clothes_id, sales_info_status_id, sales_info_user_id, status, title) 
    values
        (?, ?, ?, ?, ?, ?, ?, ?, ?, ?, ?, ?, ?, ?, ?)
Hibernate: 
    update
        clothes_image 
    set
        closets_post_id=?,
        path=?,
        stores_post_id=?,
        type=? 
    where
        id=?
Hibernate: 
    update
        clothes_image 
    set
        closets_post_id=?,
        path=?,
        stores_post_id=?,
        type=? 
    where
        id=?
Hibernate: 
    select
        stores0_.id as id1_12_,
        stores0_.created_date as created_2_12_,
        stores0_.modified_date as modified3_12_,
        stores0_.author_id as author_i9_12_,
        stores0_.clothes_info_id as clothes10_12_,
        stores0_.colors_name as colors_11_12_,
        stores0_.materials_name as materia12_12_,
        stores0_.style_name as style_n13_12_,
        stores0_.clothes_length as clothes_4_12_,
        stores0_.content as content5_12_,
        stores0_.price as price6_12_,
        stores0_.sales_info_clothes_id as sales_i14_12_,
        stores0_.sales_info_status_id as sales_i15_12_,
        stores0_.sales_info_user_id as sales_i16_12_,
        stores0_.status as status7_12_,
        stores0_.title as title8_12_ 
    from
        stores stores0_
Hibernate: 
    select
        members0_.id as id1_6_0_,
        members0_.email as email2_6_0_,
        members0_.image as image3_6_0_,
        members0_.name as name4_6_0_,
        members0_.nickname as nickname5_6_0_,
        members0_.password as password6_6_0_,
        members0_.phone as phone7_6_0_,
        members0_.refresh_token as refresh_8_6_0_,
        members0_.role as role9_6_0_ 
    from
        members members0_ 
    where
        members0_.id=?
Hibernate: 
    select
        clothesinf0_.id as id1_2_0_,
        clothesinf0_.categoryl as category2_2_0_,
        clothesinf0_.categorys as category3_2_0_,
        clothesinf0_.fit as fit4_2_0_,
        clothesinf0_.length as length5_2_0_ 
    from
        clothes_info clothesinf0_ 
    where
        clothesinf0_.id=?
Hibernate: 
    select
        colors0_.id as id1_4_0_,
        colors0_.name as name2_4_0_ 
    from
        colors colors0_ 
    where
        colors0_.name=?
Hibernate: 
    select
        materials0_.id as id1_5_0_,
        materials0_.name as name2_5_0_ 
    from
        materials materials0_ 
    where
        materials0_.name=?
Hibernate: 
    select
        style0_.id as id1_14_0_,
        style0_.name as name2_14_0_ 
    from
        style style0_ 
    where
        style0_.name=?
Hibernate: 
    select
        salesinfoc0_.id as id1_9_0_,
        salesinfoc0_.clothes_brand as clothes_2_9_0_,
        salesinfoc0_.clothes_color as clothes_3_9_0_,
        salesinfoc0_.clothes_gender as clothes_4_9_0_,
        salesinfoc0_.clothes_size as clothes_5_9_0_ 
    from
        sales_info_clothes salesinfoc0_ 
    where
        salesinfoc0_.id=?
Hibernate: 
    select
        salesinfos0_.id as id1_10_0_,
        salesinfos0_.status_score as status_s2_10_0_,
        salesinfos0_.status_tag as status_t3_10_0_,
        salesinfos0_.status_times as status_t4_10_0_,
        salesinfos0_.status_when2buy as status_w5_10_0_,
        salesinfos0_.transport as transpor6_10_0_ 
    from
        sales_info_status salesinfos0_ 
    where
        salesinfos0_.id=?
Hibernate: 
    select
        salesinfou0_.id as id1_11_0_,
        salesinfou0_.user_height as user_hei2_11_0_,
        salesinfou0_.user_size as user_siz3_11_0_,
        salesinfou0_.user_weight as user_wei4_11_0_ 
    from
        sales_info_user salesinfou0_ 
    where
        salesinfou0_.id=?
Hibernate: 
    select
        clothesinf0_.id as id1_2_0_,
        clothesinf0_.categoryl as category2_2_0_,
        clothesinf0_.categorys as category3_2_0_,
        clothesinf0_.fit as fit4_2_0_,
        clothesinf0_.length as length5_2_0_ 
    from
        clothes_info clothesinf0_ 
    where
        clothesinf0_.id=?
Hibernate: 
    select
        colors0_.id as id1_4_0_,
        colors0_.name as name2_4_0_ 
    from
        colors colors0_ 
    where
        colors0_.name=?
Hibernate: 
    select
        materials0_.id as id1_5_0_,
        materials0_.name as name2_5_0_ 
    from
        materials materials0_ 
    where
        materials0_.name=?
Hibernate: 
    select
        style0_.id as id1_14_0_,
        style0_.name as name2_14_0_ 
    from
        style style0_ 
    where
        style0_.name=?
Hibernate: 
    select
        salesinfoc0_.id as id1_9_0_,
        salesinfoc0_.clothes_brand as clothes_2_9_0_,
        salesinfoc0_.clothes_color as clothes_3_9_0_,
        salesinfoc0_.clothes_gender as clothes_4_9_0_,
        salesinfoc0_.clothes_size as clothes_5_9_0_ 
    from
        sales_info_clothes salesinfoc0_ 
    where
        salesinfoc0_.id=?
Hibernate: 
    select
        salesinfos0_.id as id1_10_0_,
        salesinfos0_.status_score as status_s2_10_0_,
        salesinfos0_.status_tag as status_t3_10_0_,
        salesinfos0_.status_times as status_t4_10_0_,
        salesinfos0_.status_when2buy as status_w5_10_0_,
        salesinfos0_.transport as transpor6_10_0_ 
    from
        sales_info_status salesinfos0_ 
    where
        salesinfos0_.id=?
Hibernate: 
    select
        salesinfou0_.id as id1_11_0_,
        salesinfou0_.user_height as user_hei2_11_0_,
        salesinfou0_.user_size as user_siz3_11_0_,
        salesinfou0_.user_weight as user_wei4_11_0_ 
    from
        sales_info_user salesinfou0_ 
    where
        salesinfou0_.id=?
Hibernate: 
    select
        clothesinf0_.id as id1_2_0_,
        clothesinf0_.categoryl as category2_2_0_,
        clothesinf0_.categorys as category3_2_0_,
        clothesinf0_.fit as fit4_2_0_,
        clothesinf0_.length as length5_2_0_ 
    from
        clothes_info clothesinf0_ 
    where
        clothesinf0_.id=?
Hibernate: 
    select
        colors0_.id as id1_4_0_,
        colors0_.name as name2_4_0_ 
    from
        colors colors0_ 
    where
        colors0_.name=?
Hibernate: 
    select
        materials0_.id as id1_5_0_,
        materials0_.name as name2_5_0_ 
    from
        materials materials0_ 
    where
        materials0_.name=?
Hibernate: 
    select
        style0_.id as id1_14_0_,
        style0_.name as name2_14_0_ 
    from
        style style0_ 
    where
        style0_.name=?
Hibernate: 
    select
        salesinfoc0_.id as id1_9_0_,
        salesinfoc0_.clothes_brand as clothes_2_9_0_,
        salesinfoc0_.clothes_color as clothes_3_9_0_,
        salesinfoc0_.clothes_gender as clothes_4_9_0_,
        salesinfoc0_.clothes_size as clothes_5_9_0_ 
    from
        sales_info_clothes salesinfoc0_ 
    where
        salesinfoc0_.id=?
Hibernate: 
    select
        salesinfos0_.id as id1_10_0_,
        salesinfos0_.status_score as status_s2_10_0_,
        salesinfos0_.status_tag as status_t3_10_0_,
        salesinfos0_.status_times as status_t4_10_0_,
        salesinfos0_.status_when2buy as status_w5_10_0_,
        salesinfos0_.transport as transpor6_10_0_ 
    from
        sales_info_status salesinfos0_ 
    where
        salesinfos0_.id=?
Hibernate: 
    select
        salesinfou0_.id as id1_11_0_,
        salesinfou0_.user_height as user_hei2_11_0_,
        salesinfou0_.user_size as user_siz3_11_0_,
        salesinfou0_.user_weight as user_wei4_11_0_ 
    from
        sales_info_user salesinfou0_ 
    where
        salesinfou0_.id=?
Hibernate: 
    select
        clothesinf0_.id as id1_2_0_,
        clothesinf0_.categoryl as category2_2_0_,
        clothesinf0_.categorys as category3_2_0_,
        clothesinf0_.fit as fit4_2_0_,
        clothesinf0_.length as length5_2_0_ 
    from
        clothes_info clothesinf0_ 
    where
        clothesinf0_.id=?
Hibernate: 
    select
        colors0_.id as id1_4_0_,
        colors0_.name as name2_4_0_ 
    from
        colors colors0_ 
    where
        colors0_.name=?
Hibernate: 
    select
        materials0_.id as id1_5_0_,
        materials0_.name as name2_5_0_ 
    from
        materials materials0_ 
    where
        materials0_.name=?
Hibernate: 
    select
        style0_.id as id1_14_0_,
        style0_.name as name2_14_0_ 
    from
        style style0_ 
    where
        style0_.name=?
Hibernate: 
    select
        salesinfoc0_.id as id1_9_0_,
        salesinfoc0_.clothes_brand as clothes_2_9_0_,
        salesinfoc0_.clothes_color as clothes_3_9_0_,
        salesinfoc0_.clothes_gender as clothes_4_9_0_,
        salesinfoc0_.clothes_size as clothes_5_9_0_ 
    from
        sales_info_clothes salesinfoc0_ 
    where
        salesinfoc0_.id=?
Hibernate: 
    select
        salesinfos0_.id as id1_10_0_,
        salesinfos0_.status_score as status_s2_10_0_,
        salesinfos0_.status_tag as status_t3_10_0_,
        salesinfos0_.status_times as status_t4_10_0_,
        salesinfos0_.status_when2buy as status_w5_10_0_,
        salesinfos0_.transport as transpor6_10_0_ 
    from
        sales_info_status salesinfos0_ 
    where
        salesinfos0_.id=?
Hibernate: 
    select
        salesinfou0_.id as id1_11_0_,
        salesinfou0_.user_height as user_hei2_11_0_,
        salesinfou0_.user_size as user_siz3_11_0_,
        salesinfou0_.user_weight as user_wei4_11_0_ 
    from
        sales_info_user salesinfou0_ 
    where
        salesinfou0_.id=?
Hibernate: 
    select
        clothesinf0_.id as id1_2_0_,
        clothesinf0_.categoryl as category2_2_0_,
        clothesinf0_.categorys as category3_2_0_,
        clothesinf0_.fit as fit4_2_0_,
        clothesinf0_.length as length5_2_0_ 
    from
        clothes_info clothesinf0_ 
    where
        clothesinf0_.id=?
Hibernate: 
    select
        materials0_.id as id1_5_0_,
        materials0_.name as name2_5_0_ 
    from
        materials materials0_ 
    where
        materials0_.name=?
Hibernate: 
    select
        style0_.id as id1_14_0_,
        style0_.name as name2_14_0_ 
    from
        style style0_ 
    where
        style0_.name=?
Hibernate: 
    select
        salesinfoc0_.id as id1_9_0_,
        salesinfoc0_.clothes_brand as clothes_2_9_0_,
        salesinfoc0_.clothes_color as clothes_3_9_0_,
        salesinfoc0_.clothes_gender as clothes_4_9_0_,
        salesinfoc0_.clothes_size as clothes_5_9_0_ 
    from
        sales_info_clothes salesinfoc0_ 
    where
        salesinfoc0_.id=?
Hibernate: 
    select
        salesinfos0_.id as id1_10_0_,
        salesinfos0_.status_score as status_s2_10_0_,
        salesinfos0_.status_tag as status_t3_10_0_,
        salesinfos0_.status_times as status_t4_10_0_,
        salesinfos0_.status_when2buy as status_w5_10_0_,
        salesinfos0_.transport as transpor6_10_0_ 
    from
        sales_info_status salesinfos0_ 
    where
        salesinfos0_.id=?
Hibernate: 
    select
        salesinfou0_.id as id1_11_0_,
        salesinfou0_.user_height as user_hei2_11_0_,
        salesinfou0_.user_size as user_siz3_11_0_,
        salesinfou0_.user_weight as user_wei4_11_0_ 
    from
        sales_info_user salesinfou0_ 
    where
        salesinfou0_.id=?
2022-11-14 12:05:28.434  INFO 8188 --- [    Test worker] o.a.c.c.C.[Tomcat].[localhost].[/]       : Initializing Spring TestDispatcherServlet ''
2022-11-14 12:05:28.434  INFO 8188 --- [    Test worker] o.s.t.web.servlet.TestDispatcherServlet  : Initializing Servlet ''
2022-11-14 12:05:28.437  INFO 8188 --- [    Test worker] o.s.t.web.servlet.TestDispatcherServlet  : Completed initialization in 3 ms
gunsong2@naver.com
Hibernate: 
    select
        members0_.id as id1_6_,
        members0_.email as email2_6_,
        members0_.image as image3_6_,
        members0_.name as name4_6_,
        members0_.nickname as nickname5_6_,
        members0_.password as password6_6_,
        members0_.phone as phone7_6_,
        members0_.refresh_token as refresh_8_6_,
        members0_.role as role9_6_ 
    from
        members members0_ 
    where
        members0_.email=?
Hibernate: 
    select
        closetspos0_.author_id as author_i4_1_0_,
        closetspos0_.id as id1_1_0_,
        closetspos0_.id as id1_1_1_,
        closetspos0_.created_date as created_2_1_1_,
        closetspos0_.modified_date as modified3_1_1_,
        closetspos0_.author_id as author_i4_1_1_,
        closetspos0_.clothes_info_id as clothes_5_1_1_,
        closetspos0_.colors_name as colors_n6_1_1_,
        closetspos0_.materials_name as material7_1_1_,
        closetspos0_.style_name as style_na8_1_1_,
        clothesinf1_.id as id1_2_2_,
        clothesinf1_.categoryl as category2_2_2_,
        clothesinf1_.categorys as category3_2_2_,
        clothesinf1_.fit as fit4_2_2_,
        clothesinf1_.length as length5_2_2_,
        colors2_.id as id1_4_3_,
        colors2_.name as name2_4_3_,
        materials3_.id as id1_5_4_,
        materials3_.name as name2_5_4_,
        style4_.id as id1_14_5_,
        style4_.name as name2_14_5_ 
    from
        closets closetspos0_ 
    left outer join
        clothes_info clothesinf1_ 
            on closetspos0_.clothes_info_id=clothesinf1_.id 
    left outer join
        colors colors2_ 
            on closetspos0_.colors_name=colors2_.name 
    left outer join
        materials materials3_ 
            on closetspos0_.materials_name=materials3_.name 
    left outer join
        style style4_ 
            on closetspos0_.style_name=style4_.name 
    where
        closetspos0_.author_id=?
Hibernate: 
    select
        recomms0_.closets_id as closets_4_8_0_,
        recomms0_.id as id1_8_0_,
        recomms0_.id as id1_8_1_,
        recomms0_.created_date as created_2_8_1_,
        recomms0_.modified_date as modified3_8_1_,
        recomms0_.closets_id as closets_4_8_1_,
        recomms0_.stores_id as stores_i5_8_1_,
        stores1_.id as id1_12_2_,
        stores1_.created_date as created_2_12_2_,
        stores1_.modified_date as modified3_12_2_,
        stores1_.author_id as author_i9_12_2_,
        stores1_.clothes_info_id as clothes10_12_2_,
        stores1_.colors_name as colors_11_12_2_,
        stores1_.materials_name as materia12_12_2_,
        stores1_.style_name as style_n13_12_2_,
        stores1_.clothes_length as clothes_4_12_2_,
        stores1_.content as content5_12_2_,
        stores1_.price as price6_12_2_,
        stores1_.sales_info_clothes_id as sales_i14_12_2_,
        stores1_.sales_info_status_id as sales_i15_12_2_,
        stores1_.sales_info_user_id as sales_i16_12_2_,
        stores1_.status as status7_12_2_,
        stores1_.title as title8_12_2_,
        members2_.id as id1_6_3_,
        members2_.email as email2_6_3_,
        members2_.image as image3_6_3_,
        members2_.name as name4_6_3_,
        members2_.nickname as nickname5_6_3_,
        members2_.password as password6_6_3_,
        members2_.phone as phone7_6_3_,
        members2_.refresh_token as refresh_8_6_3_,
        members2_.role as role9_6_3_,
        clothesinf3_.id as id1_2_4_,
        clothesinf3_.categoryl as category2_2_4_,
        clothesinf3_.categorys as category3_2_4_,
        clothesinf3_.fit as fit4_2_4_,
        clothesinf3_.length as length5_2_4_,
        colors4_.id as id1_4_5_,
        colors4_.name as name2_4_5_,
        materials5_.id as id1_5_6_,
        materials5_.name as name2_5_6_,
        style6_.id as id1_14_7_,
        style6_.name as name2_14_7_,
        salesinfoc7_.id as id1_9_8_,
        salesinfoc7_.clothes_brand as clothes_2_9_8_,
        salesinfoc7_.clothes_color as clothes_3_9_8_,
        salesinfoc7_.clothes_gender as clothes_4_9_8_,
        salesinfoc7_.clothes_size as clothes_5_9_8_,
        salesinfos8_.id as id1_10_9_,
        salesinfos8_.status_score as status_s2_10_9_,
        salesinfos8_.status_tag as status_t3_10_9_,
        salesinfos8_.status_times as status_t4_10_9_,
        salesinfos8_.status_when2buy as status_w5_10_9_,
        salesinfos8_.transport as transpor6_10_9_,
        salesinfou9_.id as id1_11_10_,
        salesinfou9_.user_height as user_hei2_11_10_,
        salesinfou9_.user_size as user_siz3_11_10_,
        salesinfou9_.user_weight as user_wei4_11_10_ 
    from
        recomm recomms0_ 
    left outer join
        stores stores1_ 
            on recomms0_.stores_id=stores1_.id 
    left outer join
        members members2_ 
            on stores1_.author_id=members2_.id 
    left outer join
        clothes_info clothesinf3_ 
            on stores1_.clothes_info_id=clothesinf3_.id 
    left outer join
        colors colors4_ 
            on stores1_.colors_name=colors4_.name 
    left outer join
        materials materials5_ 
            on stores1_.materials_name=materials5_.name 
    left outer join
        style style6_ 
            on stores1_.style_name=style6_.name 
    left outer join
        sales_info_clothes salesinfoc7_ 
            on stores1_.sales_info_clothes_id=salesinfoc7_.id 
    left outer join
        sales_info_status salesinfos8_ 
            on stores1_.sales_info_status_id=salesinfos8_.id 
    left outer join
        sales_info_user salesinfou9_ 
            on stores1_.sales_info_user_id=salesinfou9_.id 
    where
        recomms0_.closets_id=?

MockHttpServletRequest:
      HTTP Method = GET
      Request URI = /api/v1/main/recomm/user
       Parameters = {}
          Headers = [Content-Type:"application/json", Authorization:"BearereyJhbGciOiJIUzI1NiJ9.eyJzdWIiOiJndW5zb25nMkBuYXZlci5jb20iLCJhdXRoIjoiUk9MRV9VU0VSIiwiZXhwIjoxNjY4NDA1OTI3fQ.H7MPocNcPOw9iHH_fqPpbjEyDFUlEbFHHs4Ycv7ni5w"]
             Body = <no character encoding set>
    Session Attrs = {}

Handler:
             Type = com.betweenourclothes.web.MainApiController
           Method = public org.springframework.http.ResponseEntity<java.util.List<com.betweenourclothes.web.dto.response.main.MainRecommResponseDto>> com.betweenourclothes.web.MainApiController.get_user_recomm_products()

Async:
    Async started = false
     Async result = null

Resolved Exception:
             Type = null

ModelAndView:
        View name = null
             View = null
            Model = null

FlashMap:
       Attributes = null

MockHttpServletResponse:
           Status = 200
    Error message = null
          Headers = [Content-Type:"application/json;charset=UTF-8", X-Content-Type-Options:"nosniff", X-XSS-Protection:"1; mode=block", Cache-Control:"no-cache, no-store, max-age=0, must-revalidate", Pragma:"no-cache", Expires:"0", X-Frame-Options:"DENY"]
     Content type = application/json;charset=UTF-8
             Body = []
    Forwarded URL = null
   Redirected URL = null
          Cookies = []
Hibernate: 
    select
        clothesima0_.id as id1_3_,
        clothesima0_.closets_post_id as closets_4_3_,
        clothesima0_.path as path2_3_,
        clothesima0_.stores_post_id as stores_p5_3_,
        clothesima0_.type as type3_3_ 
    from
        clothes_image clothesima0_
Hibernate: 
    select
        closets0_.id as id1_1_0_,
        closets0_.created_date as created_2_1_0_,
        closets0_.modified_date as modified3_1_0_,
        closets0_.author_id as author_i4_1_0_,
        closets0_.clothes_info_id as clothes_5_1_0_,
        closets0_.colors_name as colors_n6_1_0_,
        closets0_.materials_name as material7_1_0_,
        closets0_.style_name as style_na8_1_0_,
        members1_.id as id1_6_1_,
        members1_.email as email2_6_1_,
        members1_.image as image3_6_1_,
        members1_.name as name4_6_1_,
        members1_.nickname as nickname5_6_1_,
        members1_.password as password6_6_1_,
        members1_.phone as phone7_6_1_,
        members1_.refresh_token as refresh_8_6_1_,
        members1_.role as role9_6_1_,
        clothesinf2_.id as id1_2_2_,
        clothesinf2_.categoryl as category2_2_2_,
        clothesinf2_.categorys as category3_2_2_,
        clothesinf2_.fit as fit4_2_2_,
        clothesinf2_.length as length5_2_2_,
        colors3_.id as id1_4_3_,
        colors3_.name as name2_4_3_,
        materials4_.id as id1_5_4_,
        materials4_.name as name2_5_4_,
        style5_.id as id1_14_5_,
        style5_.name as name2_14_5_ 
    from
        closets closets0_ 
    left outer join
        members members1_ 
            on closets0_.author_id=members1_.id 
    left outer join
        clothes_info clothesinf2_ 
            on closets0_.clothes_info_id=clothesinf2_.id 
    left outer join
        colors colors3_ 
            on closets0_.colors_name=colors3_.name 
    left outer join
        materials materials4_ 
            on closets0_.materials_name=materials4_.name 
    left outer join
        style style5_ 
            on closets0_.style_name=style5_.name 
    where
        closets0_.id=?
Hibernate: 
    select
        closets0_.id as id1_1_0_,
        closets0_.created_date as created_2_1_0_,
        closets0_.modified_date as modified3_1_0_,
        closets0_.author_id as author_i4_1_0_,
        closets0_.clothes_info_id as clothes_5_1_0_,
        closets0_.colors_name as colors_n6_1_0_,
        closets0_.materials_name as material7_1_0_,
        closets0_.style_name as style_na8_1_0_,
        members1_.id as id1_6_1_,
        members1_.email as email2_6_1_,
        members1_.image as image3_6_1_,
        members1_.name as name4_6_1_,
        members1_.nickname as nickname5_6_1_,
        members1_.password as password6_6_1_,
        members1_.phone as phone7_6_1_,
        members1_.refresh_token as refresh_8_6_1_,
        members1_.role as role9_6_1_,
        clothesinf2_.id as id1_2_2_,
        clothesinf2_.categoryl as category2_2_2_,
        clothesinf2_.categorys as category3_2_2_,
        clothesinf2_.fit as fit4_2_2_,
        clothesinf2_.length as length5_2_2_,
        colors3_.id as id1_4_3_,
        colors3_.name as name2_4_3_,
        materials4_.id as id1_5_4_,
        materials4_.name as name2_5_4_,
        style5_.id as id1_14_5_,
        style5_.name as name2_14_5_ 
    from
        closets closets0_ 
    left outer join
        members members1_ 
            on closets0_.author_id=members1_.id 
    left outer join
        clothes_info clothesinf2_ 
            on closets0_.clothes_info_id=clothesinf2_.id 
    left outer join
        colors colors3_ 
            on closets0_.colors_name=colors3_.name 
    left outer join
        materials materials4_ 
            on closets0_.materials_name=materials4_.name 
    left outer join
        style style5_ 
[...]
        colors3_.id as id1_4_3_,
        colors3_.name as name2_4_3_,
        materials4_.id as id1_5_4_,
        materials4_.name as name2_5_4_,
        style5_.id as id1_14_5_,
        style5_.name as name2_14_5_ 
    from
        closets closets0_ 
    left outer join
        members members1_ 
            on closets0_.author_id=members1_.id 
    left outer join
        clothes_info clothesinf2_ 
            on closets0_.clothes_info_id=clothesinf2_.id 
    left outer join
        colors colors3_ 
            on closets0_.colors_name=colors3_.name 
    left outer join
        materials materials4_ 
            on closets0_.materials_name=materials4_.name 
    left outer join
        style style5_ 
            on closets0_.style_name=style5_.name 
    where
        closets0_.id=?
Hibernate: 
    select
        stores0_.id as id1_12_0_,
        stores0_.created_date as created_2_12_0_,
        stores0_.modified_date as modified3_12_0_,
        stores0_.author_id as author_i9_12_0_,
        stores0_.clothes_info_id as clothes10_12_0_,
        stores0_.colors_name as colors_11_12_0_,
        stores0_.materials_name as materia12_12_0_,
        stores0_.style_name as style_n13_12_0_,
        stores0_.clothes_length as clothes_4_12_0_,
        stores0_.content as content5_12_0_,
        stores0_.price as price6_12_0_,
        stores0_.sales_info_clothes_id as sales_i14_12_0_,
        stores0_.sales_info_status_id as sales_i15_12_0_,
        stores0_.sales_info_user_id as sales_i16_12_0_,
        stores0_.status as status7_12_0_,
        stores0_.title as title8_12_0_,
        members1_.id as id1_6_1_,
        members1_.email as email2_6_1_,
        members1_.image as image3_6_1_,
        members1_.name as name4_6_1_,
        members1_.nickname as nickname5_6_1_,
        members1_.password as password6_6_1_,
        members1_.phone as phone7_6_1_,
        members1_.refresh_token as refresh_8_6_1_,
        members1_.role as role9_6_1_,
        clothesinf2_.id as id1_2_2_,
        clothesinf2_.categoryl as category2_2_2_,
        clothesinf2_.categorys as category3_2_2_,
        clothesinf2_.fit as fit4_2_2_,
        clothesinf2_.length as length5_2_2_,
        colors3_.id as id1_4_3_,
        colors3_.name as name2_4_3_,
        materials4_.id as id1_5_4_,
        materials4_.name as name2_5_4_,
        style5_.id as id1_14_5_,
        style5_.name as name2_14_5_,
        salesinfoc6_.id as id1_9_6_,
        salesinfoc6_.clothes_brand as clothes_2_9_6_,
        salesinfoc6_.clothes_color as clothes_3_9_6_,
        salesinfoc6_.clothes_gender as clothes_4_9_6_,
        salesinfoc6_.clothes_size as clothes_5_9_6_,
        salesinfos7_.id as id1_10_7_,
        salesinfos7_.status_score as status_s2_10_7_,
        salesinfos7_.status_tag as status_t3_10_7_,
        salesinfos7_.status_times as status_t4_10_7_,
        salesinfos7_.status_when2buy as status_w5_10_7_,
        salesinfos7_.transport as transpor6_10_7_,
        salesinfou8_.id as id1_11_8_,
        salesinfou8_.user_height as user_hei2_11_8_,
        salesinfou8_.user_size as user_siz3_11_8_,
        salesinfou8_.user_weight as user_wei4_11_8_ 
    from
        stores stores0_ 
    left outer join
        members members1_ 
            on stores0_.author_id=members1_.id 
    left outer join
        clothes_info clothesinf2_ 
            on stores0_.clothes_info_id=clothesinf2_.id 
    left outer join
        colors colors3_ 
            on stores0_.colors_name=colors3_.name 
    left outer join
        materials materials4_ 
            on stores0_.materials_name=materials4_.name 
    left outer join
        style style5_ 
            on stores0_.style_name=style5_.name 
    left outer join
        sales_info_clothes salesinfoc6_ 
            on stores0_.sales_info_clothes_id=salesinfoc6_.id 
    left outer join
        sales_info_status salesinfos7_ 
            on stores0_.sales_info_status_id=salesinfos7_.id 
    left outer join
        sales_info_user salesinfou8_ 
            on stores0_.sales_info_user_id=salesinfou8_.id 
    where
        stores0_.id=?
Hibernate: 
    select
        colors0_.id as id1_4_0_,
        colors0_.name as name2_4_0_ 
    from
        colors colors0_ 
    where
        colors0_.name=?
Hibernate: 
    select
        materials0_.id as id1_5_0_,
        materials0_.name as name2_5_0_ 
    from
        materials materials0_ 
    where
        materials0_.name=?
Hibernate: 
    select
        style0_.id as id1_14_0_,
        style0_.name as name2_14_0_ 
    from
        style style0_ 
    where
        style0_.name=?
Hibernate: 
    select
        stores0_.id as id1_12_0_,
        stores0_.created_date as created_2_12_0_,
        stores0_.modified_date as modified3_12_0_,
        stores0_.author_id as author_i9_12_0_,
        stores0_.clothes_info_id as clothes10_12_0_,
        stores0_.colors_name as colors_11_12_0_,
        stores0_.materials_name as materia12_12_0_,
        stores0_.style_name as style_n13_12_0_,
        stores0_.clothes_length as clothes_4_12_0_,
        stores0_.content as content5_12_0_,
        stores0_.price as price6_12_0_,
        stores0_.sales_info_clothes_id as sales_i14_12_0_,
        stores0_.sales_info_status_id as sales_i15_12_0_,
        stores0_.sales_info_user_id as sales_i16_12_0_,
        stores0_.status as status7_12_0_,
        stores0_.title as title8_12_0_,
        members1_.id as id1_6_1_,
        members1_.email as email2_6_1_,
        members1_.image as image3_6_1_,
        members1_.name as name4_6_1_,
        members1_.nickname as nickname5_6_1_,
        members1_.password as password6_6_1_,
        members1_.phone as phone7_6_1_,
        members1_.refresh_token as refresh_8_6_1_,
        members1_.role as role9_6_1_,
        clothesinf2_.id as id1_2_2_,
        clothesinf2_.categoryl as category2_2_2_,
        clothesinf2_.categorys as category3_2_2_,
        clothesinf2_.fit as fit4_2_2_,
        clothesinf2_.length as length5_2_2_,
        colors3_.id as id1_4_3_,
        colors3_.name as name2_4_3_,
        materials4_.id as id1_5_4_,
        materials4_.name as name2_5_4_,
        style5_.id as id1_14_5_,
        style5_.name as name2_14_5_,
        salesinfoc6_.id as id1_9_6_,
        salesinfoc6_.clothes_brand as clothes_2_9_6_,
        salesinfoc6_.clothes_color as clothes_3_9_6_,
        salesinfoc6_.clothes_gender as clothes_4_9_6_,
        salesinfoc6_.clothes_size as clothes_5_9_6_,
        salesinfos7_.id as id1_10_7_,
        salesinfos7_.status_score as status_s2_10_7_,
        salesinfos7_.status_tag as status_t3_10_7_,
        salesinfos7_.status_times as status_t4_10_7_,
        salesinfos7_.status_when2buy as status_w5_10_7_,
        salesinfos7_.transport as transpor6_10_7_,
        salesinfou8_.id as id1_11_8_,
        salesinfou8_.user_height as user_hei2_11_8_,
        salesinfou8_.user_size as user_siz3_11_8_,
        salesinfou8_.user_weight as user_wei4_11_8_ 
    from
        stores stores0_ 
    left outer join
        members members1_ 
            on stores0_.author_id=members1_.id 
    left outer join
        clothes_info clothesinf2_ 
            on stores0_.clothes_info_id=clothesinf2_.id 
    left outer join
        colors colors3_ 
            on stores0_.colors_name=colors3_.name 
    left outer join
        materials materials4_ 
            on stores0_.materials_name=materials4_.name 
    left outer join
        style style5_ 
            on stores0_.style_name=style5_.name 
    left outer join
        sales_info_clothes salesinfoc6_ 
            on stores0_.sales_info_clothes_id=salesinfoc6_.id 
    left outer join
        sales_info_status salesinfos7_ 
            on stores0_.sales_info_status_id=salesinfos7_.id 
    left outer join
        sales_info_user salesinfou8_ 
            on stores0_.sales_info_user_id=salesinfou8_.id 
    where
        stores0_.id=?
Hibernate: 
    select
        colors0_.id as id1_4_0_,
        colors0_.name as name2_4_0_ 
    from
        colors colors0_ 
    where
        colors0_.name=?
Hibernate: 
    select
        materials0_.id as id1_5_0_,
        materials0_.name as name2_5_0_ 
    from
        materials materials0_ 
    where
        materials0_.name=?
Hibernate: 
    select
        style0_.id as id1_14_0_,
        style0_.name as name2_14_0_ 
    from
        style style0_ 
    where
        style0_.name=?
Hibernate: 
    select
        stores0_.id as id1_12_0_,
        stores0_.created_date as created_2_12_0_,
        stores0_.modified_date as modified3_12_0_,
        stores0_.author_id as author_i9_12_0_,
        stores0_.clothes_info_id as clothes10_12_0_,
        stores0_.colors_name as colors_11_12_0_,
        stores0_.materials_name as materia12_12_0_,
        stores0_.style_name as style_n13_12_0_,
        stores0_.clothes_length as clothes_4_12_0_,
        stores0_.content as content5_12_0_,
        stores0_.price as price6_12_0_,
        stores0_.sales_info_clothes_id as sales_i14_12_0_,
        stores0_.sales_info_status_id as sales_i15_12_0_,
        stores0_.sales_info_user_id as sales_i16_12_0_,
        stores0_.status as status7_12_0_,
        stores0_.title as title8_12_0_,
        members1_.id as id1_6_1_,
        members1_.email as email2_6_1_,
        members1_.image as image3_6_1_,
        members1_.name as name4_6_1_,
        members1_.nickname as nickname5_6_1_,
        members1_.password as password6_6_1_,
        members1_.phone as phone7_6_1_,
        members1_.refresh_token as refresh_8_6_1_,
        members1_.role as role9_6_1_,
        clothesinf2_.id as id1_2_2_,
        clothesinf2_.categoryl as category2_2_2_,
        clothesinf2_.categorys as category3_2_2_,
        clothesinf2_.fit as fit4_2_2_,
        clothesinf2_.length as length5_2_2_,
        colors3_.id as id1_4_3_,
        colors3_.name as name2_4_3_,
        materials4_.id as id1_5_4_,
        materials4_.name as name2_5_4_,
        style5_.id as id1_14_5_,
        style5_.name as name2_14_5_,
        salesinfoc6_.id as id1_9_6_,
        salesinfoc6_.clothes_brand as clothes_2_9_6_,
        salesinfoc6_.clothes_color as clothes_3_9_6_,
        salesinfoc6_.clothes_gender as clothes_4_9_6_,
        salesinfoc6_.clothes_size as clothes_5_9_6_,
        salesinfos7_.id as id1_10_7_,
        salesinfos7_.status_score as status_s2_10_7_,
        salesinfos7_.status_tag as status_t3_10_7_,
        salesinfos7_.status_times as status_t4_10_7_,
        salesinfos7_.status_when2buy as status_w5_10_7_,
        salesinfos7_.transport as transpor6_10_7_,
        salesinfou8_.id as id1_11_8_,
        salesinfou8_.user_height as user_hei2_11_8_,
        salesinfou8_.user_size as user_siz3_11_8_,
        salesinfou8_.user_weight as user_wei4_11_8_ 
    from
        stores stores0_ 
    left outer join
        members members1_ 
            on stores0_.author_id=members1_.id 
    left outer join
        clothes_info clothesinf2_ 
            on stores0_.clothes_info_id=clothesinf2_.id 
    left outer join
        colors colors3_ 
            on stores0_.colors_name=colors3_.name 
    left outer join
        materials materials4_ 
            on stores0_.materials_name=materials4_.name 
    left outer join
        style style5_ 
            on stores0_.style_name=style5_.name 
    left outer join
        sales_info_clothes salesinfoc6_ 
            on stores0_.sales_info_clothes_id=salesinfoc6_.id 
    left outer join
        sales_info_status salesinfos7_ 
            on stores0_.sales_info_status_id=salesinfos7_.id 
    left outer join
        sales_info_user salesinfou8_ 
            on stores0_.sales_info_user_id=salesinfou8_.id 
    where
        stores0_.id=?
Hibernate: 
    select
        colors0_.id as id1_4_0_,
        colors0_.name as name2_4_0_ 
    from
        colors colors0_ 
    where
        colors0_.name=?
Hibernate: 
    select
        materials0_.id as id1_5_0_,
        materials0_.name as name2_5_0_ 
    from
        materials materials0_ 
    where
        materials0_.name=?
Hibernate: 
    select
        style0_.id as id1_14_0_,
        style0_.name as name2_14_0_ 
    from
        style style0_ 
    where
        style0_.name=?
Hibernate: 
    select
        stores0_.id as id1_12_0_,
        stores0_.created_date as created_2_12_0_,
        stores0_.modified_date as modified3_12_0_,
        stores0_.author_id as author_i9_12_0_,
        stores0_.clothes_info_id as clothes10_12_0_,
        stores0_.colors_name as colors_11_12_0_,
        stores0_.materials_name as materia12_12_0_,
        stores0_.style_name as style_n13_12_0_,
        stores0_.clothes_length as clothes_4_12_0_,
        stores0_.content as content5_12_0_,
        stores0_.price as price6_12_0_,
        stores0_.sales_info_clothes_id as sales_i14_12_0_,
        stores0_.sales_info_status_id as sales_i15_12_0_,
        stores0_.sales_info_user_id as sales_i16_12_0_,
        stores0_.status as status7_12_0_,
        stores0_.title as title8_12_0_,
        members1_.id as id1_6_1_,
        members1_.email as email2_6_1_,
        members1_.image as image3_6_1_,
        members1_.name as name4_6_1_,
        members1_.nickname as nickname5_6_1_,
        members1_.password as password6_6_1_,
        members1_.phone as phone7_6_1_,
        members1_.refresh_token as refresh_8_6_1_,
        members1_.role as role9_6_1_,
        clothesinf2_.id as id1_2_2_,
        clothesinf2_.categoryl as category2_2_2_,
        clothesinf2_.categorys as category3_2_2_,
        clothesinf2_.fit as fit4_2_2_,
        clothesinf2_.length as length5_2_2_,
        colors3_.id as id1_4_3_,
        colors3_.name as name2_4_3_,
        materials4_.id as id1_5_4_,
        materials4_.name as name2_5_4_,
        style5_.id as id1_14_5_,
        style5_.name as name2_14_5_,
        salesinfoc6_.id as id1_9_6_,
        salesinfoc6_.clothes_brand as clothes_2_9_6_,
        salesinfoc6_.clothes_color as clothes_3_9_6_,
        salesinfoc6_.clothes_gender as clothes_4_9_6_,
        salesinfoc6_.clothes_size as clothes_5_9_6_,
        salesinfos7_.id as id1_10_7_,
        salesinfos7_.status_score as status_s2_10_7_,
        salesinfos7_.status_tag as status_t3_10_7_,
        salesinfos7_.status_times as status_t4_10_7_,
        salesinfos7_.status_when2buy as status_w5_10_7_,
        salesinfos7_.transport as transpor6_10_7_,
        salesinfou8_.id as id1_11_8_,
        salesinfou8_.user_height as user_hei2_11_8_,
        salesinfou8_.user_size as user_siz3_11_8_,
        salesinfou8_.user_weight as user_wei4_11_8_ 
    from
        stores stores0_ 
    left outer join
        members members1_ 
            on stores0_.author_id=members1_.id 
    left outer join
        clothes_info clothesinf2_ 
            on stores0_.clothes_info_id=clothesinf2_.id 
    left outer join
        colors colors3_ 
            on stores0_.colors_name=colors3_.name 
    left outer join
        materials materials4_ 
            on stores0_.materials_name=materials4_.name 
    left outer join
        style style5_ 
            on stores0_.style_name=style5_.name 
    left outer join
        sales_info_clothes salesinfoc6_ 
            on stores0_.sales_info_clothes_id=salesinfoc6_.id 
    left outer join
        sales_info_status salesinfos7_ 
            on stores0_.sales_info_status_id=salesinfos7_.id 
    left outer join
        sales_info_user salesinfou8_ 
            on stores0_.sales_info_user_id=salesinfou8_.id 
    where
        stores0_.id=?
Hibernate: 
    select
        colors0_.id as id1_4_0_,
        colors0_.name as name2_4_0_ 
    from
        colors colors0_ 
    where
        colors0_.name=?
Hibernate: 
    select
        materials0_.id as id1_5_0_,
        materials0_.name as name2_5_0_ 
    from
        materials materials0_ 
    where
        materials0_.name=?
Hibernate: 
    select
        style0_.id as id1_14_0_,
        style0_.name as name2_14_0_ 
    from
        style style0_ 
    where
        style0_.name=?
Hibernate: 
    select
        stores0_.id as id1_12_0_,
        stores0_.created_date as created_2_12_0_,
        stores0_.modified_date as modified3_12_0_,
        stores0_.author_id as author_i9_12_0_,
        stores0_.clothes_info_id as clothes10_12_0_,
        stores0_.colors_name as colors_11_12_0_,
        stores0_.materials_name as materia12_12_0_,
        stores0_.style_name as style_n13_12_0_,
        stores0_.clothes_length as clothes_4_12_0_,
        stores0_.content as content5_12_0_,
        stores0_.price as price6_12_0_,
        stores0_.sales_info_clothes_id as sales_i14_12_0_,
        stores0_.sales_info_status_id as sales_i15_12_0_,
        stores0_.sales_info_user_id as sales_i16_12_0_,
        stores0_.status as status7_12_0_,
        stores0_.title as title8_12_0_,
        members1_.id as id1_6_1_,
        members1_.email as email2_6_1_,
        members1_.image as image3_6_1_,
        members1_.name as name4_6_1_,
        members1_.nickname as nickname5_6_1_,
        members1_.password as password6_6_1_,
        members1_.phone as phone7_6_1_,
        members1_.refresh_token as refresh_8_6_1_,
        members1_.role as role9_6_1_,
        clothesinf2_.id as id1_2_2_,
        clothesinf2_.categoryl as category2_2_2_,
        clothesinf2_.categorys as category3_2_2_,
        clothesinf2_.fit as fit4_2_2_,
        clothesinf2_.length as length5_2_2_,
        colors3_.id as id1_4_3_,
        colors3_.name as name2_4_3_,
        materials4_.id as id1_5_4_,
        materials4_.name as name2_5_4_,
        style5_.id as id1_14_5_,
        style5_.name as name2_14_5_,
        salesinfoc6_.id as id1_9_6_,
        salesinfoc6_.clothes_brand as clothes_2_9_6_,
        salesinfoc6_.clothes_color as clothes_3_9_6_,
        salesinfoc6_.clothes_gender as clothes_4_9_6_,
        salesinfoc6_.clothes_size as clothes_5_9_6_,
        salesinfos7_.id as id1_10_7_,
        salesinfos7_.status_score as status_s2_10_7_,
        salesinfos7_.status_tag as status_t3_10_7_,
        salesinfos7_.status_times as status_t4_10_7_,
        salesinfos7_.status_when2buy as status_w5_10_7_,
        salesinfos7_.transport as transpor6_10_7_,
        salesinfou8_.id as id1_11_8_,
        salesinfou8_.user_height as user_hei2_11_8_,
        salesinfou8_.user_size as user_siz3_11_8_,
        salesinfou8_.user_weight as user_wei4_11_8_ 
    from
        stores stores0_ 
    left outer join
        members members1_ 
            on stores0_.author_id=members1_.id 
    left outer join
        clothes_info clothesinf2_ 
            on stores0_.clothes_info_id=clothesinf2_.id 
    left outer join
        colors colors3_ 
            on stores0_.colors_name=colors3_.name 
    left outer join
        materials materials4_ 
            on stores0_.materials_name=materials4_.name 
    left outer join
        style style5_ 
            on stores0_.style_name=style5_.name 
    left outer join
        sales_info_clothes salesinfoc6_ 
            on stores0_.sales_info_clothes_id=salesinfoc6_.id 
    left outer join
        sales_info_status salesinfos7_ 
            on stores0_.sales_info_status_id=salesinfos7_.id 
    left outer join
        sales_info_user salesinfou8_ 
            on stores0_.sales_info_user_id=salesinfou8_.id 
    where
        stores0_.id=?
Hibernate: 
    select
        materials0_.id as id1_5_0_,
        materials0_.name as name2_5_0_ 
    from
        materials materials0_ 
    where
        materials0_.name=?
Hibernate: 
    select
        style0_.id as id1_14_0_,
        style0_.name as name2_14_0_ 
    from
        style style0_ 
    where
        style0_.name=?
Hibernate: 
    delete 
    from
        clothes_image
Hibernate: 
    delete 
    from
        stores_comments
Hibernate: 
    delete 
    from
        members_like_stores_post
Hibernate: 
    delete 
    from
        recomm
Hibernate: 
    delete 
    from
        closets
Hibernate: 
    delete 
    from
        stores
]]></system-out>
  <system-err><![CDATA[]]></system-err>
</testsuite>
