<?xml version="1.0" encoding="UTF-8"?>
<testsuite name="com.betweenourclothes.web.ClosetsApiControllerTest" tests="10" skipped="0" failures="0" errors="0" timestamp="2022-11-11T07:41:38" hostname="user" time="13.684">
  <properties/>
  <testcase name="내옷장_카테고리전부" classname="com.betweenourclothes.web.ClosetsApiControllerTest" time="1.826"/>
  <testcase name="내옷장_테스트데이터등록" classname="com.betweenourclothes.web.ClosetsApiControllerTest" time="1.913"/>
  <testcase name="내옷장_테스트데이터추가" classname="com.betweenourclothes.web.ClosetsApiControllerTest" time="1.068"/>
  <testcase name="내옷장_큰카테고리조회" classname="com.betweenourclothes.web.ClosetsApiControllerTest" time="1.143"/>
  <testcase name="로그인" classname="com.betweenourclothes.web.ClosetsApiControllerTest" time="1.171"/>
  <testcase name="내옷장_작은카테고리조회" classname="com.betweenourclothes.web.ClosetsApiControllerTest" time="1.207"/>
  <testcase name="내옷장_썸네일불러오기" classname="com.betweenourclothes.web.ClosetsApiControllerTest" time="1.351"/>
  <testcase name="내옷장_게시글삭제" classname="com.betweenourclothes.web.ClosetsApiControllerTest" time="1.283"/>
  <testcase name="내옷장_게시글수정" classname="com.betweenourclothes.web.ClosetsApiControllerTest" time="1.344"/>
  <testcase name="내옷장_게시글ID로불러오기" classname="com.betweenourclothes.web.ClosetsApiControllerTest" time="1.376"/>
  <system-out><![CDATA[16:41:32.258 [Test worker] DEBUG org.springframework.test.context.junit4.SpringJUnit4ClassRunner - SpringJUnit4ClassRunner constructor called with [class com.betweenourclothes.web.ClosetsApiControllerTest]
16:41:32.259 [Test worker] DEBUG org.springframework.test.context.BootstrapUtils - Instantiating CacheAwareContextLoaderDelegate from class [org.springframework.test.context.cache.DefaultCacheAwareContextLoaderDelegate]
16:41:32.259 [Test worker] DEBUG org.springframework.test.context.BootstrapUtils - Instantiating BootstrapContext using constructor [public org.springframework.test.context.support.DefaultBootstrapContext(java.lang.Class,org.springframework.test.context.CacheAwareContextLoaderDelegate)]
16:41:32.259 [Test worker] DEBUG org.springframework.test.context.BootstrapUtils - Instantiating TestContextBootstrapper for test class [com.betweenourclothes.web.ClosetsApiControllerTest] from class [org.springframework.boot.test.context.SpringBootTestContextBootstrapper]
16:41:32.259 [Test worker] INFO org.springframework.boot.test.context.SpringBootTestContextBootstrapper - Neither @ContextConfiguration nor @ContextHierarchy found for test class [com.betweenourclothes.web.ClosetsApiControllerTest], using SpringBootContextLoader
16:41:32.260 [Test worker] DEBUG org.springframework.test.context.support.AbstractContextLoader - Did not detect default resource location for test class [com.betweenourclothes.web.ClosetsApiControllerTest]: class path resource [com/betweenourclothes/web/ClosetsApiControllerTest-context.xml] does not exist
16:41:32.261 [Test worker] DEBUG org.springframework.test.context.support.AbstractContextLoader - Did not detect default resource location for test class [com.betweenourclothes.web.ClosetsApiControllerTest]: class path resource [com/betweenourclothes/web/ClosetsApiControllerTestContext.groovy] does not exist
16:41:32.261 [Test worker] INFO org.springframework.test.context.support.AbstractContextLoader - Could not detect default resource locations for test class [com.betweenourclothes.web.ClosetsApiControllerTest]: no resource found for suffixes {-context.xml, Context.groovy}.
16:41:32.261 [Test worker] INFO org.springframework.test.context.support.AnnotationConfigContextLoaderUtils - Could not detect default configuration classes for test class [com.betweenourclothes.web.ClosetsApiControllerTest]: ClosetsApiControllerTest does not declare any static, non-private, non-final, nested classes annotated with @Configuration.
16:41:32.262 [Test worker] DEBUG org.springframework.test.context.support.ActiveProfilesUtils - Could not find an 'annotation declaring class' for annotation type [org.springframework.test.context.ActiveProfiles] and class [com.betweenourclothes.web.ClosetsApiControllerTest]
16:41:32.262 [Test worker] INFO org.springframework.boot.test.context.SpringBootTestContextBootstrapper - Found @SpringBootConfiguration com.betweenourclothes.Application for test class com.betweenourclothes.web.ClosetsApiControllerTest
16:41:32.263 [Test worker] DEBUG org.springframework.boot.test.context.SpringBootTestContextBootstrapper - @TestExecutionListeners is not present for class [com.betweenourclothes.web.ClosetsApiControllerTest]: using defaults.
16:41:32.263 [Test worker] INFO org.springframework.boot.test.context.SpringBootTestContextBootstrapper - Loaded default TestExecutionListener class names from location [META-INF/spring.factories]: [org.springframework.security.test.context.support.WithSecurityContextTestExecutionListener, org.springframework.security.test.context.support.ReactorContextTestExecutionListener, org.springframework.boot.test.autoconfigure.restdocs.RestDocsTestExecutionListener, org.springframework.boot.test.autoconfigure.web.client.MockRestServiceServerResetTestExecutionListener, org.springframework.boot.test.autoconfigure.web.servlet.MockMvcPrintOnlyOnFailureTestExecutionListener, org.springframework.boot.test.autoconfigure.web.servlet.WebDriverTestExecutionListener, org.springframework.boot.test.mock.mockito.MockitoTestExecutionListener, org.springframework.boot.test.mock.mockito.ResetMocksTestExecutionListener, org.springframework.test.context.web.ServletTestExecutionListener, org.springframework.test.context.support.DirtiesContextBeforeModesTestExecutionListener, org.springframework.test.context.support.DependencyInjectionTestExecutionListener, org.springframework.test.context.support.DirtiesContextTestExecutionListener, org.springframework.test.context.transaction.TransactionalTestExecutionListener, org.springframework.test.context.jdbc.SqlScriptsTestExecutionListener]
16:41:32.264 [Test worker] INFO org.springframework.boot.test.context.SpringBootTestContextBootstrapper - Using TestExecutionListeners: [org.springframework.test.context.web.ServletTestExecutionListener@488eecb0, org.springframework.test.context.support.DirtiesContextBeforeModesTestExecutionListener@44d51c3e, org.springframework.boot.test.mock.mockito.MockitoTestExecutionListener@57f7fb72, org.springframework.boot.test.autoconfigure.SpringBootDependencyInjectionTestExecutionListener@1e3d1a2d, org.springframework.test.context.support.DirtiesContextTestExecutionListener@21e99e36, org.springframework.test.context.transaction.TransactionalTestExecutionListener@4db142d9, org.springframework.test.context.jdbc.SqlScriptsTestExecutionListener@25750c76, org.springframework.security.test.context.support.WithSecurityContextTestExecutionListener@536f8687, org.springframework.security.test.context.support.ReactorContextTestExecutionListener@3e1abaf2, org.springframework.boot.test.autoconfigure.restdocs.RestDocsTestExecutionListener@797a9062, org.springframework.boot.test.autoconfigure.web.client.MockRestServiceServerResetTestExecutionListener@74612587, org.springframework.boot.test.autoconfigure.web.servlet.MockMvcPrintOnlyOnFailureTestExecutionListener@5b15de32, org.springframework.boot.test.autoconfigure.web.servlet.WebDriverTestExecutionListener@30332288, org.springframework.boot.test.mock.mockito.ResetMocksTestExecutionListener@1de75d6c]
16:41:32.264 [Test worker] DEBUG org.springframework.test.annotation.ProfileValueUtils - Retrieved @ProfileValueSourceConfiguration [null] for test class [com.betweenourclothes.web.ClosetsApiControllerTest]
16:41:32.264 [Test worker] DEBUG org.springframework.test.annotation.ProfileValueUtils - Retrieved ProfileValueSource type [class org.springframework.test.annotation.SystemProfileValueSource] for class [com.betweenourclothes.web.ClosetsApiControllerTest]
16:41:32.266 [Test worker] DEBUG org.springframework.test.annotation.ProfileValueUtils - Retrieved @ProfileValueSourceConfiguration [null] for test class [com.betweenourclothes.web.ClosetsApiControllerTest]
16:41:32.266 [Test worker] DEBUG org.springframework.test.annotation.ProfileValueUtils - Retrieved ProfileValueSource type [class org.springframework.test.annotation.SystemProfileValueSource] for class [com.betweenourclothes.web.ClosetsApiControllerTest]
16:41:32.268 [Test worker] DEBUG org.springframework.test.context.support.AbstractDirtiesContextTestExecutionListener - Before test class: context [DefaultTestContext@44fdde78 testClass = ClosetsApiControllerTest, testInstance = [null], testMethod = [null], testException = [null], mergedContextConfiguration = [WebMergedContextConfiguration@2d5d5970 testClass = ClosetsApiControllerTest, locations = '{}', classes = '{class com.betweenourclothes.Application}', contextInitializerClasses = '[]', activeProfiles = '{}', propertySourceLocations = '{}', propertySourceProperties = '{org.springframework.boot.test.context.SpringBootTestContextBootstrapper=true, server.port=0}', contextCustomizers = set[org.springframework.boot.test.autoconfigure.properties.PropertyMappingContextCustomizer@0, org.springframework.boot.test.autoconfigure.web.servlet.WebDriverContextCustomizerFactory$Customizer@10581bbc, org.springframework.boot.test.context.filter.ExcludeFilterContextCustomizer@49e5674, org.springframework.boot.test.json.DuplicateJsonObjectContextCustomizerFactory$DuplicateJsonObjectContextCustomizer@48052993, org.springframework.boot.test.mock.mockito.MockitoContextCustomizer@0, org.springframework.boot.test.web.client.TestRestTemplateContextCustomizer@3c881be], resourceBasePath = 'src/main/webapp', contextLoader = 'org.springframework.boot.test.context.SpringBootContextLoader', parent = [null]], attributes = map['org.springframework.test.context.web.ServletTestExecutionListener.activateListener' -> false]], class annotated with @DirtiesContext [false] with mode [null].
16:41:32.268 [Test worker] DEBUG org.springframework.test.annotation.ProfileValueUtils - Retrieved @ProfileValueSourceConfiguration [null] for test class [com.betweenourclothes.web.ClosetsApiControllerTest]
16:41:32.268 [Test worker] DEBUG org.springframework.test.annotation.ProfileValueUtils - Retrieved ProfileValueSource type [class org.springframework.test.annotation.SystemProfileValueSource] for class [com.betweenourclothes.web.ClosetsApiControllerTest]
16:41:32.271 [Test worker] DEBUG org.springframework.test.context.support.DependencyInjectionTestExecutionListener - Performing dependency injection for test context [[DefaultTestContext@44fdde78 testClass = ClosetsApiControllerTest, testInstance = com.betweenourclothes.web.ClosetsApiControllerTest@f5a7a78, testMethod = [null], testException = [null], mergedContextConfiguration = [WebMergedContextConfiguration@2d5d5970 testClass = ClosetsApiControllerTest, locations = '{}', classes = '{class com.betweenourclothes.Application}', contextInitializerClasses = '[]', activeProfiles = '{}', propertySourceLocations = '{}', propertySourceProperties = '{org.springframework.boot.test.context.SpringBootTestContextBootstrapper=true, server.port=0}', contextCustomizers = set[org.springframework.boot.test.autoconfigure.properties.PropertyMappingContextCustomizer@0, org.springframework.boot.test.autoconfigure.web.servlet.WebDriverContextCustomizerFactory$Customizer@10581bbc, org.springframework.boot.test.context.filter.ExcludeFilterContextCustomizer@49e5674, org.springframework.boot.test.json.DuplicateJsonObjectContextCustomizerFactory$DuplicateJsonObjectContextCustomizer@48052993, org.springframework.boot.test.mock.mockito.MockitoContextCustomizer@0, org.springframework.boot.test.web.client.TestRestTemplateContextCustomizer@3c881be], resourceBasePath = 'src/main/webapp', contextLoader = 'org.springframework.boot.test.context.SpringBootContextLoader', parent = [null]], attributes = map['org.springframework.test.context.web.ServletTestExecutionListener.activateListener' -> false]]].
16:41:32.285 [Test worker] DEBUG org.springframework.test.context.support.TestPropertySourceUtils - Adding inlined properties to environment: {spring.jmx.enabled=false, org.springframework.boot.test.context.SpringBootTestContextBootstrapper=true, server.port=0}

  .   ____          _            __ _ _
 /\\ / ___'_ __ _ _(_)_ __  __ _ \ \ \ \
( ( )\___ | '_ | '_| | '_ \/ _` | \ \ \ \
 \\/  ___)| |_)| | | | | || (_| |  ) ) ) )
  '  |____| .__|_| |_|_| |_\__, | / / / /
 =========|_|==============|___/=/_/_/_/
 :: Spring Boot ::        (v2.1.7.RELEASE)

2022-11-11 16:41:32.461  INFO 18340 --- [    Test worker] c.b.web.ClosetsApiControllerTest         : Starting ClosetsApiControllerTest on user with PID 18340 (started by user1 in C:\Users\user1\Desktop\송아\캡스톤\repo\between-our-clothes-server)
2022-11-11 16:41:32.462  INFO 18340 --- [    Test worker] c.b.web.ClosetsApiControllerTest         : No active profile set, falling back to default profiles: default
2022-11-11 16:41:33.180  INFO 18340 --- [    Test worker] .s.d.r.c.RepositoryConfigurationDelegate : Bootstrapping Spring Data repositories in DEFAULT mode.
2022-11-11 16:41:33.293  INFO 18340 --- [    Test worker] .s.d.r.c.RepositoryConfigurationDelegate : Finished Spring Data repository scanning in 107ms. Found 15 repository interfaces.
2022-11-11 16:41:33.679  INFO 18340 --- [    Test worker] trationDelegate$BeanPostProcessorChecker : Bean 'org.springframework.transaction.annotation.ProxyTransactionManagementConfiguration' of type [org.springframework.transaction.annotation.ProxyTransactionManagementConfiguration$$EnhancerBySpringCGLIB$$c702057d] is not eligible for getting processed by all BeanPostProcessors (for example: not eligible for auto-proxying)
2022-11-11 16:41:33.981  INFO 18340 --- [    Test worker] o.s.b.w.embedded.tomcat.TomcatWebServer  : Tomcat initialized with port(s): 0 (http)
2022-11-11 16:41:34.000  INFO 18340 --- [    Test worker] o.apache.catalina.core.StandardService   : Starting service [Tomcat]
2022-11-11 16:41:34.001  INFO 18340 --- [    Test worker] org.apache.catalina.core.StandardEngine  : Starting Servlet engine: [Apache Tomcat/9.0.22]
2022-11-11 16:41:34.112  INFO 18340 --- [    Test worker] o.a.c.c.C.[Tomcat].[localhost].[/]       : Initializing Spring embedded WebApplicationContext
2022-11-11 16:41:34.112  INFO 18340 --- [    Test worker] o.s.web.context.ContextLoader            : Root WebApplicationContext: initialization completed in 1633 ms
2022-11-11 16:41:34.327  INFO 18340 --- [    Test worker] com.zaxxer.hikari.HikariDataSource       : HikariPool-1 - Starting...
2022-11-11 16:41:34.839  INFO 18340 --- [    Test worker] com.zaxxer.hikari.HikariDataSource       : HikariPool-1 - Start completed.
2022-11-11 16:41:34.897  INFO 18340 --- [    Test worker] o.hibernate.jpa.internal.util.LogHelper  : HHH000204: Processing PersistenceUnitInfo [
	name: default
	...]
2022-11-11 16:41:34.953  INFO 18340 --- [    Test worker] org.hibernate.Version                    : HHH000412: Hibernate Core {5.3.10.Final}
2022-11-11 16:41:34.955  INFO 18340 --- [    Test worker] org.hibernate.cfg.Environment            : HHH000206: hibernate.properties not found
2022-11-11 16:41:35.078  INFO 18340 --- [    Test worker] o.hibernate.annotations.common.Version   : HCANN000001: Hibernate Commons Annotations {5.0.4.Final}
2022-11-11 16:41:35.197  INFO 18340 --- [    Test worker] org.hibernate.dialect.Dialect            : HHH000400: Using dialect: org.hibernate.dialect.MySQL5InnoDBDialect
2022-11-11 16:41:36.796  INFO 18340 --- [    Test worker] j.LocalContainerEntityManagerFactoryBean : Initialized JPA EntityManagerFactory for persistence unit 'default'
2022-11-11 16:41:37.363  INFO 18340 --- [    Test worker] o.h.h.i.QueryTranslatorFactoryInitiator  : HHH000397: Using ASTQueryTranslatorFactory
2022-11-11 16:41:37.746  WARN 18340 --- [    Test worker] aWebConfiguration$JpaWebMvcConfiguration : spring.jpa.open-in-view is enabled by default. Therefore, database queries may be performed during view rendering. Explicitly configure spring.jpa.open-in-view to disable this warning
2022-11-11 16:41:38.051  INFO 18340 --- [    Test worker] o.s.s.web.DefaultSecurityFilterChain     : Creating filter chain: org.springframework.boot.autoconfigure.security.servlet.StaticResourceRequest$StaticResourceRequestMatcher@21b85edf, []
2022-11-11 16:41:38.117  INFO 18340 --- [    Test worker] o.s.s.web.DefaultSecurityFilterChain     : Creating filter chain: any request, [org.springframework.security.web.context.request.async.WebAsyncManagerIntegrationFilter@32f49dcd, org.springframework.security.web.context.SecurityContextPersistenceFilter@201bb0bc, org.springframework.security.web.header.HeaderWriterFilter@1f532576, org.springframework.security.web.authentication.logout.LogoutFilter@2e85d2b5, com.betweenourclothes.jwt.JwtAuthenticationFilter@163527e, org.springframework.security.web.savedrequest.RequestCacheAwareFilter@4e002fc8, org.springframework.security.web.servletapi.SecurityContextHolderAwareRequestFilter@4fb97fb0, org.springframework.security.web.authentication.AnonymousAuthenticationFilter@6f8a703d, org.springframework.security.web.session.SessionManagementFilter@2c536bd3, org.springframework.security.web.access.ExceptionTranslationFilter@2be3085c, org.springframework.security.web.access.intercept.FilterSecurityInterceptor@4d22627f]
2022-11-11 16:41:38.163  INFO 18340 --- [    Test worker] pertySourcedRequestMappingHandlerMapping : Mapped URL path [/v2/api-docs] onto method [public org.springframework.http.ResponseEntity<springfox.documentation.spring.web.json.Json> springfox.documentation.swagger2.web.Swagger2Controller.getDocumentation(java.lang.String,javax.servlet.http.HttpServletRequest)]
2022-11-11 16:41:38.433  INFO 18340 --- [    Test worker] o.s.s.concurrent.ThreadPoolTaskExecutor  : Initializing ExecutorService 'applicationTaskExecutor'
2022-11-11 16:41:38.684  INFO 18340 --- [    Test worker] d.s.w.p.DocumentationPluginsBootstrapper : Context refreshed
2022-11-11 16:41:38.701  INFO 18340 --- [    Test worker] d.s.w.p.DocumentationPluginsBootstrapper : Found 1 custom documentation plugin(s)
2022-11-11 16:41:38.728  INFO 18340 --- [    Test worker] s.d.s.w.s.ApiListingReferenceScanner     : Scanning for api listing references
2022-11-11 16:41:38.907  INFO 18340 --- [    Test worker] .d.s.w.r.o.CachingOperationNameGenerator : Generating unique operation named: deleteUsingDELETE_1
2022-11-11 16:41:38.925  INFO 18340 --- [    Test worker] .d.s.w.r.o.CachingOperationNameGenerator : Generating unique operation named: findPostByIdUsingGET_1
2022-11-11 16:41:38.930  INFO 18340 --- [    Test worker] .d.s.w.r.o.CachingOperationNameGenerator : Generating unique operation named: findPostsByAllCategoryUsingGET_1
2022-11-11 16:41:38.947  INFO 18340 --- [    Test worker] .d.s.w.r.o.CachingOperationNameGenerator : Generating unique operation named: postUsingPOST_1
2022-11-11 16:41:38.949  INFO 18340 --- [    Test worker] .d.s.w.r.o.CachingOperationNameGenerator : Generating unique operation named: updateUsingPATCH_1
2022-11-11 16:41:38.979  INFO 18340 --- [    Test worker] o.s.b.w.embedded.tomcat.TomcatWebServer  : Tomcat started on port(s): 57410 (http) with context path ''
2022-11-11 16:41:38.981  INFO 18340 --- [    Test worker] c.b.web.ClosetsApiControllerTest         : Started ClosetsApiControllerTest in 6.695 seconds (JVM running for 7.49)
2022-11-11 16:41:39.122  INFO 18340 --- [o-auto-1-exec-1] o.a.c.c.C.[Tomcat].[localhost].[/]       : Initializing Spring DispatcherServlet 'dispatcherServlet'
2022-11-11 16:41:39.122  INFO 18340 --- [o-auto-1-exec-1] o.s.web.servlet.DispatcherServlet        : Initializing Servlet 'dispatcherServlet'
2022-11-11 16:41:39.147  INFO 18340 --- [o-auto-1-exec-1] o.s.web.servlet.DispatcherServlet        : Completed initialization in 25 ms
Hibernate: 
    select
        members0_.id as id1_6_,
        members0_.email as email2_6_,
        members0_.image as image3_6_,
        members0_.name as name4_6_,
        members0_.nickname as nickname5_6_,
        members0_.password as password6_6_,
        members0_.phone as phone7_6_,
        members0_.refresh_token as refresh_8_6_,
        members0_.role as role9_6_ 
    from
        members members0_ 
    where
        members0_.email=?
Hibernate: 
    select
        members0_.id as id1_6_,
        members0_.email as email2_6_,
        members0_.image as image3_6_,
        members0_.name as name4_6_,
        members0_.nickname as nickname5_6_,
        members0_.password as password6_6_,
        members0_.phone as phone7_6_,
        members0_.refresh_token as refresh_8_6_,
        members0_.role as role9_6_ 
    from
        members members0_ 
    where
        members0_.email=?
Hibernate: 
    update
        members 
    set
        email=?,
        image=?,
        name=?,
        nickname=?,
        password=?,
        phone=?,
        refresh_token=?,
        role=? 
    where
        id=?
2022-11-11 16:41:39.542  INFO 18340 --- [    Test worker] o.a.c.c.C.[Tomcat].[localhost].[/]       : Initializing Spring TestDispatcherServlet ''
2022-11-11 16:41:39.542  INFO 18340 --- [    Test worker] o.s.t.web.servlet.TestDispatcherServlet  : Initializing Servlet ''
2022-11-11 16:41:39.544  INFO 18340 --- [    Test worker] o.s.t.web.servlet.TestDispatcherServlet  : Completed initialization in 2 ms
gunsong2@naver.com
Hibernate: 
    select
        members0_.id as id1_6_,
        members0_.email as email2_6_,
        members0_.image as image3_6_,
        members0_.name as name4_6_,
        members0_.nickname as nickname5_6_,
        members0_.password as password6_6_,
        members0_.phone as phone7_6_,
        members0_.refresh_token as refresh_8_6_,
        members0_.role as role9_6_ 
    from
        members members0_ 
    where
        members0_.email=?
Hibernate: 
    select
        style0_.id as id1_14_,
        style0_.name as name2_14_ 
    from
        style style0_ 
    where
        style0_.name=?
Hibernate: 
    select
        materials0_.id as id1_5_,
        materials0_.name as name2_5_ 
    from
        materials materials0_ 
    where
        materials0_.name=?
Hibernate: 
    select
        colors0_.id as id1_4_,
        colors0_.name as name2_4_ 
    from
        colors colors0_ 
    where
        colors0_.name=?
Hibernate: 
    select
        clothesinf0_.id as id1_2_,
        clothesinf0_.categoryl as category2_2_,
        clothesinf0_.categorys as category3_2_,
        clothesinf0_.fit as fit4_2_,
        clothesinf0_.length as length5_2_ 
    from
        clothes_info clothesinf0_ 
    where
        clothesinf0_.categoryl=? 
        and clothesinf0_.categorys=? 
        and clothesinf0_.length=? 
        and clothesinf0_.fit=?
test.jpg
Hibernate: 
    insert 
    into
        clothes_image
        (closets_post_id, path, stores_post_id, type) 
    values
        (?, ?, ?, ?)
test.jpg
Hibernate: 
    insert 
    into
        clothes_image
        (closets_post_id, path, stores_post_id, type) 
    values
        (?, ?, ?, ?)
Hibernate: 
    insert 
    into
        closets
        (created_date, modified_date, author_id, clothes_info_id, colors_name, materials_name, style_name) 
    values
        (?, ?, ?, ?, ?, ?, ?)
Hibernate: 
    update
        clothes_image 
    set
        closets_post_id=?,
        path=?,
        stores_post_id=?,
        type=? 
    where
        id=?
Hibernate: 
    update
        clothes_image 
    set
        closets_post_id=?,
        path=?,
        stores_post_id=?,
        type=? 
    where
        id=?
gunsong2@naver.com
Hibernate: 
    select
        members0_.id as id1_6_,
        members0_.email as email2_6_,
        members0_.image as image3_6_,
        members0_.name as name4_6_,
        members0_.nickname as nickname5_6_,
        members0_.password as password6_6_,
        members0_.phone as phone7_6_,
        members0_.refresh_token as refresh_8_6_,
        members0_.role as role9_6_ 
    from
        members members0_ 
    where
        members0_.email=?
Hibernate: 
    select
        style0_.id as id1_14_,
        style0_.name as name2_14_ 
    from
        style style0_ 
    where
        style0_.name=?
Hibernate: 
    select
        materials0_.id as id1_5_,
        materials0_.name as name2_5_ 
    from
        materials materials0_ 
    where
        materials0_.name=?
Hibernate: 
    select
        colors0_.id as id1_4_,
        colors0_.name as name2_4_ 
    from
        colors colors0_ 
    where
        colors0_.name=?
Hibernate: 
    select
        clothesinf0_.id as id1_2_,
        clothesinf0_.categoryl as category2_2_,
        clothesinf0_.categorys as category3_2_,
        clothesinf0_.fit as fit4_2_,
        clothesinf0_.length as length5_2_ 
    from
        clothes_info clothesinf0_ 
    where
        clothesinf0_.categoryl=? 
        and clothesinf0_.categorys=? 
        and clothesinf0_.length=? 
        and clothesinf0_.fit=?
test.jpg
Hibernate: 
    insert 
    into
        clothes_image
        (closets_post_id, path, stores_post_id, type) 
    values
        (?, ?, ?, ?)
test.jpg
Hibernate: 
    insert 
    into
        clothes_image
        (closets_post_id, path, stores_post_id, type) 
    values
        (?, ?, ?, ?)
Hibernate: 
    insert 
    into
        closets
        (created_date, modified_date, author_id, clothes_info_id, colors_name, materials_name, style_name) 
    values
        (?, ?, ?, ?, ?, ?, ?)
Hibernate: 
    update
        clothes_image 
    set
        closets_post_id=?,
        path=?,
        stores_post_id=?,
        type=? 
    where
        id=?
Hibernate: 
    update
        clothes_image 
    set
        closets_post_id=?,
        path=?,
        stores_post_id=?,
        type=? 
    where
        id=?
gunsong2@naver.com
Hibernate: 
    select
        members0_.id as id1_6_,
        members0_.email as email2_6_,
        members0_.image as image3_6_,
        members0_.name as name4_6_,
        members0_.nickname as nickname5_6_,
        members0_.password as password6_6_,
        members0_.phone as phone7_6_,
        members0_.refresh_token as refresh_8_6_,
        members0_.role as role9_6_ 
    from
        members members0_ 
    where
        members0_.email=?
Hibernate: 
    select
        style0_.id as id1_14_,
        style0_.name as name2_14_ 
    from
        style style0_ 
    where
        style0_.name=?
Hibernate: 
    select
        materials0_.id as id1_5_,
        materials0_.name as name2_5_ 
    from
        materials materials0_ 
    where
        materials0_.name=?
Hibernate: 
    select
        colors0_.id as id1_4_,
        colors0_.name as name2_4_ 
    from
        colors colors0_ 
    where
        colors0_.name=?
Hibernate: 
    select
        clothesinf0_.id as id1_2_,
        clothesinf0_.categoryl as category2_2_,
        clothesinf0_.categorys as category3_2_,
        clothesinf0_.fit as fit4_2_,
        clothesinf0_.length as length5_2_ 
    from
        clothes_info clothesinf0_ 
    where
        clothesinf0_.categoryl=? 
        and clothesinf0_.categorys=? 
        and clothesinf0_.length=? 
        and clothesinf0_.fit=?
test.jpg
Hibernate: 
    insert 
    into
        clothes_image
        (closets_post_id, path, stores_post_id, type) 
    values
        (?, ?, ?, ?)
test.jpg
Hibernate: 
    insert 
    into
        clothes_image
        (closets_post_id, path, stores_post_id, type) 
    values
        (?, ?, ?, ?)
Hibernate: 
    insert 
    into
        closets
        (created_date, modified_date, author_id, clothes_info_id, colors_name, materials_name, style_name) 
    values
        (?, ?, ?, ?, ?, ?, ?)
Hibernate: 
    update
        clothes_image 
    set
        closets_post_id=?,
        path=?,
        stores_post_id=?,
        type=? 
    where
        id=?
Hibernate: 
    update
        clothes_image 
    set
        closets_post_id=?,
        path=?,
        stores_post_id=?,
        type=? 
    where
        id=?
gunsong2@naver.com
Hibernate: 
    select
        members0_.id as id1_6_,
        members0_.email as email2_6_,
        members0_.image as image3_6_,
        members0_.name as name4_6_,
        members0_.nickname as nickname5_6_,
        members0_.password as password6_6_,
        members0_.phone as phone7_6_,
        members0_.refresh_token as refresh_8_6_,
        members0_.role as role9_6_ 
    from
        members members0_ 
    where
        members0_.email=?
Hibernate: 
    select
        style0_.id as id1_14_,
        style0_.name as name2_14_ 
    from
        style style0_ 
    where
        style0_.name=?
Hibernate: 
    select
        materials0_.id as id1_5_,
        materials0_.name as name2_5_ 
    from
        materials materials0_ 
    where
        materials0_.name=?
Hibernate: 
    select
        colors0_.id as id1_4_,
        colors0_.name as name2_4_ 
    from
        colors colors0_ 
    where
        colors0_.name=?
Hibernate: 
    select
        clothesinf0_.id as id1_2_,
        clothesinf0_.categoryl as category2_2_,
        clothesinf0_.categorys as category3_2_,
        clothesinf0_.fit as fit4_2_,
        clothesinf0_.length as length5_2_ 
    from
        clothes_info clothesinf0_ 
    where
        clothesinf0_.categoryl=? 
        and clothesinf0_.categorys=? 
        and clothesinf0_.length=? 
        and clothesinf0_.fit=?
test.jpg
Hibernate: 
    insert 
    into
        clothes_image
        (closets_post_id, path, stores_post_id, type) 
    values
        (?, ?, ?, ?)
test.jpg
Hibernate: 
    insert 
    into
        clothes_image
        (closets_post_id, path, stores_post_id, type) 
    values
        (?, ?, ?, ?)
Hibernate: 
    insert 
    into
        closets
        (created_date, modified_date, author_id, clothes_info_id, colors_name, materials_name, style_name) 
    values
        (?, ?, ?, ?, ?, ?, ?)
Hibernate: 
    update
        clothes_image 
    set
        closets_post_id=?,
        path=?,
        stores_post_id=?,
        type=? 
    where
        id=?
Hibernate: 
    update
        clothes_image 
    set
        closets_post_id=?,
        path=?,
        stores_post_id=?,
        type=? 
    where
        id=?
gunsong2@naver.com
Hibernate: 
    select
        members0_.id as id1_6_,
        members0_.email as email2_6_,
        members0_.image as image3_6_,
        members0_.name as name4_6_,
        members0_.nickname as nickname5_6_,
        members0_.password as password6_6_,
        members0_.phone as phone7_6_,
        members0_.refresh_token as refresh_8_6_,
        members0_.role as role9_6_ 
    from
        members members0_ 
    where
        members0_.email=?
Hibernate: 
    select
        style0_.id as id1_14_,
        style0_.name as name2_14_ 
    from
        style style0_ 
    where
        style0_.name=?
Hibernate: 
    select
        materials0_.id as id1_5_,
        materials0_.name as name2_5_ 
    from
        materials materials0_ 
    where
        materials0_.name=?
Hibernate: 
    select
        colors0_.id as id1_4_,
        colors0_.name as name2_4_ 
    from
        colors colors0_ 
    where
        colors0_.name=?
Hibernate: 
    select
        clothesinf0_.id as id1_2_,
        clothesinf0_.categoryl as category2_2_,
        clothesinf0_.categorys as category3_2_,
        clothesinf0_.fit as fit4_2_,
        clothesinf0_.length as length5_2_ 
    from
        clothes_info clothesinf0_ 
    where
        clothesinf0_.categoryl=? 
        and clothesinf0_.categorys=? 
        and clothesinf0_.length=? 
        and clothesinf0_.fit=?
test.jpg
Hibernate: 
    insert 
    into
        clothes_image
        (closets_post_id, path, stores_post_id, type) 
    values
        (?, ?, ?, ?)
test.jpg
Hibernate: 
    insert 
    into
        clothes_image
        (closets_post_id, path, stores_post_id, type) 
    values
        (?, ?, ?, ?)
Hibernate: 
    insert 
    into
        closets
        (created_date, modified_date, author_id, clothes_info_id, colors_name, materials_name, style_name) 
    values
        (?, ?, ?, ?, ?, ?, ?)
Hibernate: 
    update
        clothes_image 
    set
        closets_post_id=?,
        path=?,
        stores_post_id=?,
        type=? 
    where
        id=?
Hibernate: 
    update
        clothes_image 
    set
        closets_post_id=?,
        path=?,
        stores_post_id=?,
        type=? 
    where
        id=?
Hibernate: 
    select
        closets0_.id as id1_1_,
        closets0_.created_date as created_2_1_,
        closets0_.modified_date as modified3_1_,
        closets0_.author_id as author_i4_1_,
        closets0_.clothes_info_id as clothes_5_1_,
        closets0_.colors_name as colors_n6_1_,
        closets0_.materials_name as material7_1_,
        closets0_.style_name as style_na8_1_ 
    from
        closets closets0_
Hibernate: 
    select
        members0_.id as id1_6_0_,
        members0_.email as email2_6_0_,
        members0_.image as image3_6_0_,
        members0_.name as name4_6_0_,
        members0_.nickname as nickname5_6_0_,
        members0_.password as password6_6_0_,
        members0_.phone as phone7_6_0_,
        members0_.refresh_token as refresh_8_6_0_,
        members0_.role as role9_6_0_ 
    from
        members members0_ 
    where
        members0_.id=?
Hibernate: 
    select
        clothesinf0_.id as id1_2_0_,
        clothesinf0_.categoryl as category2_2_0_,
        clothesinf0_.categorys as category3_2_0_,
        clothesinf0_.fit as fit4_2_0_,
        clothesinf0_.length as length5_2_0_ 
    from
        clothes_info clothesinf0_ 
    where
        clothesinf0_.id=?
Hibernate: 
    select
        colors0_.id as id1_4_0_,
        colors0_.name as name2_4_0_ 
    from
        colors colors0_ 
    where
        colors0_.name=?
Hibernate: 
    select
        materials0_.id as id1_5_0_,
        materials0_.name as name2_5_0_ 
    from
        materials materials0_ 
    where
        materials0_.name=?
Hibernate: 
    select
        style0_.id as id1_14_0_,
        style0_.name as name2_14_0_ 
    from
        style style0_ 
    where
        style0_.name=?
Hibernate: 
    select
        clothesinf0_.id as id1_2_0_,
        clothesinf0_.categoryl as category2_2_0_,
        clothesinf0_.categorys as category3_2_0_,
        clothesinf0_.fit as fit4_2_0_,
        clothesinf0_.length as length5_2_0_ 
    from
        clothes_info clothesinf0_ 
    where
        clothesinf0_.id=?
Hibernate: 
    select
        colors0_.id as id1_4_0_,
        colors0_.name as name2_4_0_ 
    from
        colors colors0_ 
    where
        colors0_.name=?
Hibernate: 
    select
        materials0_.id as id1_5_0_,
        materials0_.name as name2_5_0_ 
    from
        materials materials0_ 
    where
        materials0_.name=?
Hibernate: 
    select
        style0_.id as id1_14_0_,
        style0_.name as name2_14_0_ 
    from
        style style0_ 
    where
        style0_.name=?
Hibernate: 
    select
        clothesinf0_.id as id1_2_0_,
        clothesinf0_.categoryl as category2_2_0_,
        clothesinf0_.categorys as category3_2_0_,
        clothesinf0_.fit as fit4_2_0_,
        clothesinf0_.length as length5_2_0_ 
    from
        clothes_info clothesinf0_ 
    where
        clothesinf0_.id=?
Hibernate: 
    select
        colors0_.id as id1_4_0_,
        colors0_.name as name2_4_0_ 
    from
        colors colors0_ 
    where
        colors0_.name=?
Hibernate: 
    select
        materials0_.id as id1_5_0_,
        materials0_.name as name2_5_0_ 
    from
        materials materials0_ 
    where
        materials0_.name=?
Hibernate: 
    select
        style0_.id as id1_14_0_,
        style0_.name as name2_14_0_ 
    from
        style style0_ 
    where
        style0_.name=?
Hibernate: 
    select
        clothesinf0_.id as id1_2_0_,
        clothesinf0_.categoryl as category2_2_0_,
        clothesinf0_.categorys as category3_2_0_,
        clothesinf0_.fit as fit4_2_0_,
        clothesinf0_.length as length5_2_0_ 
    from
        clothes_info clothesinf0_ 
    where
        clothesinf0_.id=?
Hibernate: 
    select
        colors0_.id as id1_4_0_,
        colors0_.name as name2_4_0_ 
    from
        colors colors0_ 
    where
        colors0_.name=?
Hibernate: 
    select
        materials0_.id as id1_5_0_,
        materials0_.name as name2_5_0_ 
    from
        materials materials0_ 
    where
        materials0_.name=?
Hibernate: 
    select
        style0_.id as id1_14_0_,
        style0_.name as name2_14_0_ 
    from
        style style0_ 
    where
        style0_.name=?
Hibernate: 
    select
        clothesinf0_.id as id1_2_0_,
        clothesinf0_.categoryl as category2_2_0_,
        clothesinf0_.categorys as category3_2_0_,
        clothesinf0_.fit as fit4_2_0_,
        clothesinf0_.length as length5_2_0_ 
    from
        clothes_info clothesinf0_ 
    where
        clothesinf0_.id=?
Hibernate: 
    select
        materials0_.id as id1_5_0_,
        materials0_.name as name2_5_0_ 
    from
        materials materials0_ 
    where
        materials0_.name=?
Hibernate: 
    select
        style0_.id as id1_14_0_,
        style0_.name as name2_14_0_ 
    from
        style style0_ 
    where
        style0_.name=?
2022-11-11 16:41:40.428  INFO 18340 --- [    Test worker] o.a.c.c.C.[Tomcat].[localhost].[/]       : Initializing Spring TestDispatcherServlet ''
2022-11-11 16:41:40.429  INFO 18340 --- [    Test worker] o.s.t.web.servlet.TestDispatcherServlet  : Initializing Servlet ''
2022-11-11 16:41:40.432  INFO 18340 --- [    Test worker] o.s.t.web.servlet.TestDispatcherServlet  : Completed initialization in 3 ms
gunsong2@naver.com
Hibernate: 
    select
        members0_.id as id1_6_,
        members0_.email as email2_6_,
        members0_.image as image3_6_,
        members0_.name as name4_6_,
        members0_.nickname as nickname5_6_,
        members0_.password as password6_6_,
        members0_.phone as phone7_6_,
        members0_.refresh_token as refresh_8_6_,
        members0_.role as role9_6_ 
    from
        members members0_ 
    where
        members0_.email=?
Hibernate: 
    select
        images1_.id as col_0_0_,
        closets0_.id as col_1_0_,
        images1_.id as id1_3_,
        images1_.closets_post_id as closets_4_3_,
        images1_.path as path2_3_,
        images1_.stores_post_id as stores_p5_3_,
        images1_.type as type3_3_ 
    from
        closets closets0_ 
    inner join
        clothes_image images1_ 
            on closets0_.id=images1_.closets_post_id cross 
    join
        clothes_info clothesinf4_ cross 
    join
        colors colors7_ 
    where
        closets0_.clothes_info_id=clothesinf4_.id 
        and closets0_.colors_name=colors7_.name 
        and (
            images1_.id in (
                select
                    clothesima2_.id 
                from
                    clothes_image clothesima2_ cross 
                join
                    closets closets3_ 
                where
                    clothesima2_.closets_post_id=closets3_.id 
                    and (
                        clothesima2_.stores_post_id is null
                    ) 
                group by
                    clothesima2_.closets_post_id 
                order by
                    closets3_.created_date asc
            )
        ) 
        and closets0_.author_id=? 
        and clothesinf4_.categoryl=? 
        and clothesinf4_.categorys=? 
        and clothesinf4_.fit=? 
        and colors7_.name=? 
    order by
        closets0_.created_date desc limit ?
Hibernate: 
    select
        closets0_.id as id1_1_0_,
        closets0_.created_date as created_2_1_0_,
        closets0_.modified_date as modified3_1_0_,
        closets0_.author_id as author_i4_1_0_,
        closets0_.clothes_info_id as clothes_5_1_0_,
        closets0_.colors_name as colors_n6_1_0_,
        closets0_.materials_name as material7_1_0_,
        closets0_.style_name as style_na8_1_0_,
        members1_.id as id1_6_1_,
        members1_.email as email2_6_1_,
        members1_.image as image3_6_1_,
        members1_.name as name4_6_1_,
        members1_.nickname as nickname5_6_1_,
        members1_.password as password6_6_1_,
        members1_.phone as phone7_6_1_,
        members1_.refresh_token as refresh_8_6_1_,
        members1_.role as role9_6_1_,
        clothesinf2_.id as id1_2_2_,
        clothesinf2_.categoryl as category2_2_2_,
        clothesinf2_.categorys as category3_2_2_,
        clothesinf2_.fit as fit4_2_2_,
        clothesinf2_.length as length5_2_2_,
        colors3_.id as id1_4_3_,
        colors3_.name as name2_4_3_,
        materials4_.id as id1_5_4_,
        materials4_.name as name2_5_4_,
        style5_.id as id1_14_5_,
        style5_.name as name2_14_5_ 
    from
        closets closets0_ 
    left outer join
        members members1_ 
            on closets0_.author_id=members1_.id 
    left outer join
        clothes_info clothesinf2_ 
            on closets0_.clothes_info_id=clothesinf2_.id 
    left outer join
        colors colors3_ 
            on closets0_.colors_name=colors3_.name 
    left outer join
        materials materials4_ 
            on closets0_.materials_name=materials4_.name 
    left outer join
        style style5_ 
            on closets0_.style_name=style5_.name 
    where
        closets0_.id=?
Hibernate: 
    select
        clothesima0_.id as id1_3_,
        clothesima0_.closets_post_id as closets_4_3_,
        clothesima0_.path as path2_3_,
        clothesima0_.stores_post_id as stores_p5_3_,
        clothesima0_.type as type3_3_ 
    from
        clothes_image clothesima0_
Hibernate: 
    select
        closets0_.id as id1_1_0_,
        closets0_.created_date as created_2_1_0_,
        closets0_.modified_date as modified3_1_0_,
        closets0_.author_id as author_i4_1_0_,
        closets0_.clothes_info_id as clothes_5_1_0_,
        closets0_.colors_name as colors_n6_1_0_,
        closets0_.materials_name as material7_1_0_,
        closets0_.style_name as style_na8_1_0_,
        members1_.id as id1_6_1_,
        members1_.email as email2_6_1_,
        members1_.image as image3_6_1_,
        members1_.name as name4_6_1_,
        members1_.nickname as nickname5_6_1_,
        members1_.password as password6_6_1_,
        members1_.phone as phone7_6_1_,
        members1_.refresh_token as refresh_8_6_1_,
        members1_.role as role9_6_1_,
        clothesinf2_.id as id1_2_2_,
        clothesinf2_.categoryl as category2_2_2_,
        clothesinf2_.categorys as category3_2_2_,
        clothesinf2_.fit as fit4_2_2_,
        clothesinf2_.length as length5_2_2_,
        colors3_.id as id1_4_3_,
        colors3_.name as name2_4_3_,
        materials4_.id as id1_5_4_,
        materials4_.name as name2_5_4_,
        style5_.id as id1_14_5_,
        style5_.name as name2_14_5_ 
    from
        closets closets0_ 
    left outer join
        members members1_ 
            on closets0_.author_id=members1_.id 
    left outer join
        clothes_info clothesinf2_ 
            on closets0_.clothes_info_id=clothesinf2_.id 
    left outer join
        colors colors3_ 
            on closets0_.colors_name=colors3_.name 
    left outer join
        materials materials4_ 
            on closets0_.materials_name=materials4_.name 
    left outer join
        style style5_ 
            on closets0_.style_name=style5_.name 
    where
        closets0_.id=?
Hibernate: 
    select
        closets0_.id as id1_1_0_,
        closets0_.created_date as created_2_1_0_,
        closets0_.modified_date as modified3_1_0_,
        closets0_.author_id as author_i4_1_0_,
        closets0_.clothes_info_id as clothes_5_1_0_,
        closets0_.colors_name as colors_n6_1_0_,
        closets0_.materials_name as material7_1_0_,
        closets0_.style_name as style_na8_1_0_,
        members1_.id as id1_6_1_,
        members1_.email as email2_6_1_,
        members1_.image as image3_6_1_,
        members1_.name as name4_6_1_,
        members1_.nickname as nickname5_6_1_,
        members1_.password as password6_6_1_,
        members1_.phone as phone7_6_1_,
        members1_.refresh_token as refresh_8_6_1_,
        members1_.role as role9_6_1_,
        clothesinf2_.id as id1_2_2_,
        clothesinf2_.categoryl as category2_2_2_,
        clothesinf2_.categorys as category3_2_2_,
        clothesinf2_.fit as fit4_2_2_,
        clothesinf2_.length as length5_2_2_,
        colors3_.id as id1_4_3_,
        colors3_.name as name2_4_3_,
        materials4_.id as id1_5_4_,
        materials4_.name as name2_5_4_,
        style5_.id as id1_14_5_,
        style5_.name as name2_14_5_ 
    from
        closets closets0_ 
    left outer join
        members members1_ 
            on closets0_.author_id=members1_.id 
    left outer join
        clothes_info clothesinf2_ 
            on closets0_.clothes_info_id=clothesinf2_.id 
    left outer join
        colors colors3_ 
            on closets0_.colors_name=colors3_.name 
    left outer join
        materials materials4_ 
            on closets0_.materials_name=materials4_.name 
    left outer join
        style style5_ 
            on closets0_.style_name=style5_.name 
    where
        closets0_.id=?
Hibernate: 
    select
        closets0_.id as id1_1_0_,
        closets0_.created_date as created_2_1_0_,
        closets0_.modified_date as modified3_1_0_,
        closets0_.author_id as author_i4_1_0_,
        closets0_.clothes_info_id as clothes_5_1_0_,
        closets0_.colors_name as colors_n6_1_0_,
        closets0_.materials_name as material7_1_0_,
        closets0_.style_name as style_na8_1_0_,
        members1_.id as id1_6_1_,
        members1_.email as email2_6_1_,
        members1_.image as image3_6_1_,
        members1_.name as name4_6_1_,
        members1_.nickname as nickname5_6_1_,
        members1_.password as password6_6_1_,
        members1_.phone as phone7_6_1_,
        members1_.refresh_token as refresh_8_6_1_,
        members1_.role as role9_6_1_,
        clothesinf2_.id as id1_2_2_,
        clothesinf2_.categoryl as category2_2_2_,
        clothesinf2_.categorys as category3_2_2_,
        clothesinf2_.fit as fit4_2_2_,
        clothesinf2_.length as length5_2_2_,
        colors3_.id as id1_4_3_,
        colors3_.name as name2_4_3_,
        materials4_.id as id1_5_4_,
        materials4_.name as name2_5_4_,
        style5_.id as id1_14_5_,
        style5_.name as name2_14_5_ 
    from
        closets closets0_ 
    left outer join
        members members1_ 
            on closets0_.author_id=members1_.id 
    left outer join
        clothes_info clothesinf2_ 
            on closets0_.clothes_info_id=clothesinf2_.id 
    left outer join
        colors colors3_ 
            on closets0_.colors_name=colors3_.name 
    left outer join
        materials materials4_ 
            on closets0_.materials_name=materials4_.name 
    left outer join
        style style5_ 
            on closets0_.style_name=style5_.name 
    where
        closets0_.id=?
Hibernate: 
    select
        closets0_.id as id1_1_0_,
        closets0_.created_date as created_2_1_0_,
        closets0_.modified_date as modified3_1_0_,
        closets0_.author_id as author_i4_1_0_,
        closets0_.clothes_info_id as clothes_5_1_0_,
        closets0_.colors_name as colors_n6_1_0_,
        closets0_.materials_name as material7_1_0_,
        closets0_.style_name as style_na8_1_0_,
        members1_.id as id1_6_1_,
        members1_.email as email2_6_1_,
        members1_.image as image3_6_1_,
        members1_.name as name4_6_1_,
        members1_.nickname as nickname5_6_1_,
        members1_.password as password6_6_1_,
        members1_.phone as phone7_6_1_,
        members1_.refresh_token as refresh_8_6_1_,
        members1_.role as role9_6_1_,
        clothesinf2_.id as id1_2_2_,
        clothesinf2_.categoryl as category2_2_2_,
        clothesinf2_.categorys as category3_2_2_,
        clothesinf2_.fit as fit4_2_2_,
        clothesinf2_.length as length5_2_2_,
        colors3_.id as id1_4_3_,
        colors3_.name as name2_4_3_,
        materials4_.id as id1_5_4_,
        materials4_.name as name2_5_4_,
        style5_.id as id1_14_5_,
        style5_.name as name2_14_5_ 
    from
        closets closets0_ 
    left outer join
        members members1_ 
            on closets0_.author_id=members1_.id 
    left outer join
        clothes_info clothesinf2_ 
            on closets0_.clothes_info_id=clothesinf2_.id 
    left outer join
        colors colors3_ 
            on closets0_.colors_name=colors3_.name 
    left outer join
        materials materials4_ 
            on closets0_.materials_name=materials4_.name 
    left outer join
        style style5_ 
            on closets0_.style_name=style5_.name 
    where
        closets0_.id=?
Hibernate: 
    select
        closets0_.id as id1_1_0_,
        closets0_.created_date as created_2_1_0_,
        closets0_.modified_date as modified3_1_0_,
        closets0_.author_id as author_i4_1_0_,
        closets0_.clothes_info_id as clothes_5_1_0_,
        closets0_.colors_name as colors_n6_1_0_,
        closets0_.materials_name as material7_1_0_,
        closets0_.style_name as style_na8_1_0_,
        members1_.id as id1_6_1_,
        members1_.email as email2_6_1_,
        members1_.image as image3_6_1_,
        members1_.name as name4_6_1_,
        members1_.nickname as nickname5_6_1_,
        members1_.password as password6_6_1_,
        members1_.phone as phone7_6_1_,
        members1_.refresh_token as refresh_8_6_1_,
        members1_.role as role9_6_1_,
        clothesinf2_.id as id1_2_2_,
        clothesinf2_.categoryl as category2_2_2_,
        clothesinf2_.categorys as category3_2_2_,
        clothesinf2_.fit as fit4_2_2_,
        clothesinf2_.length as length5_2_2_,
        colors3_.id as id1_4_3_,
        colors3_.name as name2_4_3_,
        materials4_.id as id1_5_4_,
        materials4_.name as name2_5_4_,
        style5_.id as id1_14_5_,
        style5_.name as name2_14_5_ 
    from
        closets closets0_ 
    left outer join
        members members1_ 
            on closets0_.author_id=members1_.id 
    left outer join
        clothes_info clothesinf2_ 
            on closets0_.clothes_info_id=clothesinf2_.id 
    left outer join
        colors colors3_ 
            on closets0_.colors_name=colors3_.name 
    left outer join
        materials materials4_ 
            on closets0_.materials_name=materials4_.name 
    left outer join
        style style5_ 
            on closets0_.style_name=style5_.name 
    where
        closets0_.id=?
Hibernate: 
    delete 
    from
        clothes_image
Hibernate: 
    delete 
    from
        closets
Hibernate: 
    select
        members0_.id as id1_6_,
        members0_.email as email2_6_,
        members0_.image as image3_6_,
        members0_.name as name4_6_,
        members0_.nickname as nickname5_6_,
        members0_.password as password6_6_,
        members0_.phone as phone7_6_,
        members0_.refresh_token as refresh_8_6_,
        members0_.role as role9_6_ 
    from
        members members0_ 
    where
        members0_.email=?
Hibernate: 
    select
        members0_.id as id1_6_,
        members0_.email as email2_6_,
        members0_.image as image3_6_,
        members0_.name as name4_6_,
        members0_.nickname as nickname5_6_,
        members0_.password as password6_6_,
        members0_.phone as phone7_6_,
        members0_.refresh_token as refresh_8_6_,
        members0_.role as role9_6_ 
    from
        members members0_ 
    where
        members0_.email=?
Hibernate: 
    update
        members 
    set
        email=?,
        image=?,
        name=?,
        nickname=?,
        password=?,
        phone=?,
        refresh_token=?,
        role=? 
    where
        id=?
2022-11-11 16:41:40.939  INFO 18340 --- [    Test worker] o.a.c.c.C.[Tomcat].[localhost].[/]       : Initializing Spring TestDispatcherServlet ''
2022-11-11 16:41:40.939  INFO 18340 --- [    Test worker] o.s.t.web.servlet.TestDispatcherServlet  : Initializing Servlet ''
2022-11-11 16:41:40.942  INFO 18340 --- [    Test worker] o.s.t.web.servlet.TestDispatcherServlet  : Completed initialization in 3 ms
gunsong2@naver.com
Hibernate: 
    select
        members0_.id as id1_6_,
        members0_.email as email2_6_,
        members0_.image as image3_6_,
        members0_.name as name4_6_,
        members0_.nickname as nickname5_6_,
        members0_.password as password6_6_,
        members0_.phone as phone7_6_,
        members0_.refresh_token as refresh_8_6_,
        members0_.role as role9_6_ 
    from
        members members0_ 
    where
        members0_.email=?
Hibernate: 
    select
        style0_.id as id1_14_,
        style0_.name as name2_14_ 
    from
        style style0_ 
    where
        style0_.name=?
Hibernate: 
    select
        materials0_.id as id1_5_,
        materials0_.name as name2_5_ 
    from
        materials materials0_ 
    where
        materials0_.name=?
Hibernate: 
    select
        colors0_.id as id1_4_,
        colors0_.name as name2_4_ 
    from
        colors colors0_ 
    where
        colors0_.name=?
Hibernate: 
    select
        clothesinf0_.id as id1_2_,
        clothesinf0_.categoryl as category2_2_,
        clothesinf0_.categorys as category3_2_,
        clothesinf0_.fit as fit4_2_,
        clothesinf0_.length as length5_2_ 
    from
        clothes_info clothesinf0_ 
    where
        clothesinf0_.categoryl=? 
        and clothesinf0_.categorys=? 
        and clothesinf0_.length=? 
        and clothesinf0_.fit=?
test.jpg
Hibernate: 
    insert 
    into
        clothes_image
        (closets_post_id, path, stores_post_id, type) 
    values
        (?, ?, ?, ?)
test.jpg
Hibernate: 
    insert 
    into
        clothes_image
        (closets_post_id, path, stores_post_id, type) 
    values
        (?, ?, ?, ?)
Hibernate: 
    insert 
    into
        closets
        (created_date, modified_date, author_id, clothes_info_id, colors_name, materials_name, style_name) 
    values
        (?, ?, ?, ?, ?, ?, ?)
Hibernate: 
    update
        clothes_image 
    set
        closets_post_id=?,
        path=?,
        stores_post_id=?,
        type=? 
    where
        id=?
Hibernate: 
    update
        clothes_image 
    set
        closets_post_id=?,
        path=?,
        stores_post_id=?,
        type=? 
    where
        id=?
gunsong2@naver.com
Hibernate: 
    select
        members0_.id as id1_6_,
        members0_.email as email2_6_,
        members0_.image as image3_6_,
        members0_.name as name4_6_,
        members0_.nickname as nickname5_6_,
        members0_.password as password6_6_,
        members0_.phone as phone7_6_,
        members0_.refresh_token as refresh_8_6_,
        members0_.role as role9_6_ 
    from
        members members0_ 
    where
        members0_.email=?
Hibernate: 
    select
        style0_.id as id1_14_,
        style0_.name as name2_14_ 
    from
        style style0_ 
    where
        style0_.name=?
Hibernate: 
    select
        materials0_.id as id1_5_,
        materials0_.name as name2_5_ 
    from
        materials materials0_ 
    where
        materials0_.name=?
Hibernate: 
    select
        colors0_.id as id1_4_,
        colors0_.name as name2_4_ 
    from
        colors colors0_ 
    where
        colors0_.name=?
Hibernate: 
    select
        clothesinf0_.id as id1_2_,
        clothesinf0_.categoryl as category2_2_,
        clothesinf0_.categorys as category3_2_,
        clothesinf0_.fit as fit4_2_,
        clothesinf0_.length as length5_2_ 
    from
        clothes_info clothesinf0_ 
    where
        clothesinf0_.categoryl=? 
        and clothesinf0_.categorys=? 
        and clothesinf0_.length=? 
        and clothesinf0_.fit=?
test.jpg
Hibernate: 
    insert 
    into
        clothes_image
        (closets_post_id, path, stores_post_id, type) 
    values
        (?, ?, ?, ?)
test.jpg
Hibernate: 
    insert 
    into
        clothes_image
        (closets_post_id, path, stores_post_id, type) 
    values
        (?, ?, ?, ?)
Hibernate: 
    insert 
    into
        closets
        (created_date, modified_date, author_id, clothes_info_id, colors_name, materials_name, style_name) 
    values
        (?, ?, ?, ?, ?, ?, ?)
Hibernate: 
    update
        clothes_image 
    set
        closets_post_id=?,
        path=?,
        stores_post_id=?,
        type=? 
    where
        id=?
Hibernate: 
    update
        clothes_image 
    set
        closets_post_id=?,
        path=?,
        stores_post_id=?,
        type=? 
    where
        id=?
gunsong2@naver.com
Hibernate: 
    select
        members0_.id as id1_6_,
        members0_.email as email2_6_,
        members0_.image as image3_6_,
        members0_.name as name4_6_,
        members0_.nickname as nickname5_6_,
        members0_.password as password6_6_,
        members0_.phone as phone7_6_,
        members0_.refresh_token as refresh_8_6_,
        members0_.role as role9_6_ 
    from
        members members0_ 
    where
        members0_.email=?
Hibernate: 
    select
        style0_.id as id1_14_,
        style0_.name as name2_14_ 
    from
        style style0_ 
    where
        style0_.name=?
Hibernate: 
    select
        materials0_.id as id1_5_,
        materials0_.name as name2_5_ 
    from
        materials materials0_ 
    where
        materials0_.name=?
Hibernate: 
    select
        colors0_.id as id1_4_,
        colors0_.name as name2_4_ 
    from
        colors colors0_ 
    where
        colors0_.name=?
Hibernate: 
    select
        clothesinf0_.id as id1_2_,
        clothesinf0_.categoryl as category2_2_,
        clothesinf0_.categorys as category3_2_,
        clothesinf0_.fit as fit4_2_,
        clothesinf0_.length as length5_2_ 
    from
        clothes_info clothesinf0_ 
    where
        clothesinf0_.categoryl=? 
        and clothesinf0_.categorys=? 
        and clothesinf0_.length=? 
        and clothesinf0_.fit=?
test.jpg
Hibernate: 
    insert 
    into
        clothes_image
        (closets_post_id, path, stores_post_id, type) 
    values
        (?, ?, ?, ?)
test.jpg
Hibernate: 
    insert 
    into
        clothes_image
        (closets_post_id, path, stores_post_id, type) 
    values
        (?, ?, ?, ?)
Hibernate: 
    insert 
    into
        closets
        (created_date, modified_date, author_id, clothes_info_id, colors_name, materials_name, style_name) 
    values
        (?, ?, ?, ?, ?, ?, ?)
Hibernate: 
    update
        clothes_image 
    set
        closets_post_id=?,
        path=?,
        stores_post_id=?,
        type=? 
    where
        id=?
Hibernate: 
    update
        clothes_image 
    set
        closets_post_id=?,
        path=?,
        stores_post_id=?,
        type=? 
    where
        id=?
gunsong2@naver.com
Hibernate: 
    select
        members0_.id as id1_6_,
        members0_.email as email2_6_,
        members0_.image as image3_6_,
        members0_.name as name4_6_,
        members0_.nickname as nickname5_6_,
        members0_.password as password6_6_,
        members0_.phone as phone7_6_,
        members0_.refresh_token as refresh_8_6_,
        members0_.role as role9_6_ 
    from
        members members0_ 
    where
        members0_.email=?
Hibernate: 
    select
        style0_.id as id1_14_,
        style0_.name as name2_14_ 
    from
        style style0_ 
    where
        style0_.name=?
Hibernate: 
    select
        materials0_.id as id1_5_,
        materials0_.name as name2_5_ 
    from
        materials materials0_ 
    where
        materials0_.name=?
Hibernate: 
    select
        colors0_.id as id1_4_,
        colors0_.name as name2_4_ 
    from
        colors colors0_ 
    where
        colors0_.name=?
Hibernate: 
    select
        clothesinf0_.id as id1_2_,
        clothesinf0_.categoryl as category2_2_,
        clothesinf0_.categorys as category3_2_,
        clothesinf0_.fit as fit4_2_,
        clothesinf0_.length as length5_2_ 
    from
        clothes_info clothesinf0_ 
    where
        clothesinf0_.categoryl=? 
        and clothesinf0_.categorys=? 
        and clothesinf0_.length=? 
        and clothesinf0_.fit=?
test.jpg
Hibernate: 
    insert 
    into
        clothes_image
        (closets_post_id, path, stores_post_id, type) 
    values
        (?, ?, ?, ?)
test.jpg
Hibernate: 
    insert 
    into
        clothes_image
        (closets_post_id, path, stores_post_id, type) 
    values
        (?, ?, ?, ?)
Hibernate: 
    insert 
    into
        closets
        (created_date, modified_date, author_id, clothes_info_id, colors_name, materials_name, style_name) 
    values
        (?, ?, ?, ?, ?, ?, ?)
Hibernate: 
    update
        clothes_image 
    set
        closets_post_id=?,
        path=?,
        stores_post_id=?,
        type=? 
    where
        id=?
Hibernate: 
    update
        clothes_image 
    set
        closets_post_id=?,
        path=?,
        stores_post_id=?,
        type=? 
    where
        id=?
gunsong2@naver.com
Hibernate: 
    select
        members0_.id as id1_6_,
        members0_.email as email2_6_,
        members0_.image as image3_6_,
        members0_.name as name4_6_,
        members0_.nickname as nickname5_6_,
        members0_.password as password6_6_,
        members0_.phone as phone7_6_,
        members0_.refresh_token as refresh_8_6_,
        members0_.role as role9_6_ 
    from
        members members0_ 
    where
        members0_.email=?
Hibernate: 
    select
        style0_.id as id1_14_,
        style0_.name as name2_14_ 
    from
        style style0_ 
    where
        style0_.name=?
Hibernate: 
    select
        materials0_.id as id1_5_,
        materials0_.name as name2_5_ 
    from
        materials materials0_ 
    where
        materials0_.name=?
Hibernate: 
    select
        colors0_.id as id1_4_,
        colors0_.name as name2_4_ 
    from
        colors colors0_ 
    where
        colors0_.name=?
Hibernate: 
    select
        clothesinf0_.id as id1_2_,
        clothesinf0_.categoryl as category2_2_,
        clothesinf0_.categorys as category3_2_,
        clothesinf0_.fit as fit4_2_,
        clothesinf0_.length as length5_2_ 
    from
        clothes_info clothesinf0_ 
    where
        clothesinf0_.categoryl=? 
        and clothesinf0_.categorys=? 
        and clothesinf0_.length=? 
        and clothesinf0_.fit=?
test.jpg
Hibernate: 
    insert 
    into
        clothes_image
        (closets_post_id, path, stores_post_id, type) 
    values
        (?, ?, ?, ?)
test.jpg
Hibernate: 
    insert 
    into
        clothes_image
        (closets_post_id, path, stores_post_id, type) 
    values
        (?, ?, ?, ?)
Hibernate: 
    insert 
    into
        closets
        (created_date, modified_date, author_id, clothes_info_id, colors_name, materials_name, style_name) 
    values
        (?, ?, ?, ?, ?, ?, ?)
Hibernate: 
    update
        clothes_image 
    set
        closets_post_id=?,
        path=?,
        stores_post_id=?,
        type=? 
    where
        id=?
Hibernate: 
    update
        clothes_image 
    set
        closets_post_id=?,
        path=?,
        stores_post_id=?,
        type=? 
    where
        id=?
Hibernate: 
    select
        closets0_.id as id1_1_,
        closets0_.created_date as created_2_1_,
        closets0_.modified_date as modified3_1_,
        closets0_.author_id as author_i4_1_,
        closets0_.clothes_info_id as clothes_5_1_,
        closets0_.colors_name as colors_n6_1_,
        closets0_.materials_name as material7_1_,
        closets0_.style_name as style_na8_1_ 
    from
        closets closets0_
Hibernate: 
    select
        members0_.id as id1_6_0_,
        members0_.email as email2_6_0_,
        members0_.image as image3_6_0_,
        members0_.name as name4_6_0_,
        members0_.nickname as nickname5_6_0_,
        members0_.password as password6_6_0_,
        members0_.phone as phone7_6_0_,
        members0_.refresh_token as refresh_8_6_0_,
        members0_.role as role9_6_0_ 
    from
        members members0_ 
    where
        members0_.id=?
Hibernate: 
    select
        clothesinf0_.id as id1_2_0_,
        clothesinf0_.categoryl as category2_2_0_,
        clothesinf0_.categorys as category3_2_0_,
        clothesinf0_.fit as fit4_2_0_,
        clothesinf0_.length as length5_2_0_ 
    from
        clothes_info clothesinf0_ 
    where
        clothesinf0_.id=?
Hibernate: 
    select
        colors0_.id as id1_4_0_,
        colors0_.name as name2_4_0_ 
    from
        colors colors0_ 
    where
        colors0_.name=?
Hibernate: 
    select
        materials0_.id as id1_5_0_,
        materials0_.name as name2_5_0_ 
    from
        materials materials0_ 
    where
        materials0_.name=?
Hibernate: 
    select
        style0_.id as id1_14_0_,
        style0_.name as name2_14_0_ 
    from
        style style0_ 
    where
        style0_.name=?
Hibernate: 
    select
        clothesinf0_.id as id1_2_0_,
        clothesinf0_.categoryl as category2_2_0_,
        clothesinf0_.categorys as category3_2_0_,
        clothesinf0_.fit as fit4_2_0_,
        clothesinf0_.length as length5_2_0_ 
    from
        clothes_info clothesinf0_ 
    where
        clothesinf0_.id=?
Hibernate: 
    select
        colors0_.id as id1_4_0_,
        colors0_.name as name2_4_0_ 
    from
        colors colors0_ 
    where
        colors0_.name=?
Hibernate: 
    select
        materials0_.id as id1_5_0_,
        materials0_.name as name2_5_0_ 
    from
        materials materials0_ 
    where
        materials0_.name=?
Hibernate: 
    select
        style0_.id as id1_14_0_,
        style0_.name as name2_14_0_ 
    from
        style style0_ 
    where
        style0_.name=?
Hibernate: 
    select
        clothesinf0_.id as id1_2_0_,
        clothesinf0_.categoryl as category2_2_0_,
        clothesinf0_.categorys as category3_2_0_,
        clothesinf0_.fit as fit4_2_0_,
        clothesinf0_.length as length5_2_0_ 
    from
        clothes_info clothesinf0_ 
    where
        clothesinf0_.id=?
Hibernate: 
    select
        colors0_.id as id1_4_0_,
        colors0_.name as name2_4_0_ 
    from
        colors colors0_ 
    where
        colors0_.name=?
Hibernate: 
    select
        materials0_.id as id1_5_0_,
        materials0_.name as name2_5_0_ 
    from
        materials materials0_ 
    where
        materials0_.name=?
Hibernate: 
    select
        style0_.id as id1_14_0_,
        style0_.name as name2_14_0_ 
    from
        style style0_ 
    where
        style0_.name=?
Hibernate: 
    select
        clothesinf0_.id as id1_2_0_,
        clothesinf0_.categoryl as category2_2_0_,
        clothesinf0_.categorys as category3_2_0_,
        clothesinf0_.fit as fit4_2_0_,
        clothesinf0_.length as length5_2_0_ 
    from
        clothes_info clothesinf0_ 
    where
        clothesinf0_.id=?
Hibernate: 
    select
        colors0_.id as id1_4_0_,
        colors0_.name as name2_4_0_ 
    from
        colors colors0_ 
    where
        colors0_.name=?
Hibernate: 
    select
        materials0_.id as id1_5_0_,
        materials0_.name as name2_5_0_ 
    from
        materials materials0_ 
    where
        materials0_.name=?
Hibernate: 
    select
        style0_.id as id1_14_0_,
        style0_.name as name2_14_0_ 
    from
        style style0_ 
    where
        style0_.name=?
Hibernate: 
    select
        clothesinf0_.id as id1_2_0_,
        clothesinf0_.categoryl as category2_2_0_,
        clothesinf0_.categorys as category3_2_0_,
        clothesinf0_.fit as fit4_2_0_,
        clothesinf0_.length as length5_2_0_ 
    from
        clothes_info clothesinf0_ 
    where
        clothesinf0_.id=?
Hibernate: 
    select
        materials0_.id as id1_5_0_,
        materials0_.name as name2_5_0_ 
    from
        materials materials0_ 
    where
        materials0_.name=?
Hibernate: 
    select
        style0_.id as id1_14_0_,
        style0_.name as name2_14_0_ 
    from
        style style0_ 
    where
        style0_.name=?
2022-11-11 16:41:41.747  INFO 18340 --- [    Test worker] o.a.c.c.C.[Tomcat].[localhost].[/]       : Initializing Spring TestDispatcherServlet ''
2022-11-11 16:41:41.747  INFO 18340 --- [    Test worker] o.s.t.web.servlet.TestDispatcherServlet  : Initializing Servlet ''
2022-11-11 16:41:41.751  INFO 18340 --- [    Test worker] o.s.t.web.servlet.TestDispatcherServlet  : Completed initialization in 4 ms
gunsong2@naver.com
Hibernate: 
    select
        members0_.id as id1_6_,
        members0_.email as email2_6_,
        members0_.image as image3_6_,
        members0_.name as name4_6_,
        members0_.nickname as nickname5_6_,
        members0_.password as password6_6_,
        members0_.phone as phone7_6_,
        members0_.refresh_token as refresh_8_6_,
        members0_.role as role9_6_ 
    from
        members members0_ 
    where
        members0_.email=?
Hibernate: 
    select
        style0_.id as id1_14_,
        style0_.name as name2_14_ 
    from
        style style0_ 
    where
        style0_.name=?
Hibernate: 
    select
        materials0_.id as id1_5_,
        materials0_.name as name2_5_ 
    from
        materials materials0_ 
    where
        materials0_.name=?
Hibernate: 
    select
        colors0_.id as id1_4_,
        colors0_.name as name2_4_ 
    from
        colors colors0_ 
    where
        colors0_.name=?
Hibernate: 
    select
        clothesinf0_.id as id1_2_,
        clothesinf0_.categoryl as category2_2_,
        clothesinf0_.categorys as category3_2_,
        clothesinf0_.fit as fit4_2_,
        clothesinf0_.length as length5_2_ 
    from
        clothes_info clothesinf0_ 
    where
        clothesinf0_.categoryl=? 
        and clothesinf0_.categorys=? 
        and clothesinf0_.length=? 
        and clothesinf0_.fit=?
test.jpg
Hibernate: 
    insert 
    into
        clothes_image
        (closets_post_id, path, stores_post_id, type) 
    values
        (?, ?, ?, ?)
test.jpg
Hibernate: 
    insert 
    into
        clothes_image
        (closets_post_id, path, stores_post_id, type) 
    values
        (?, ?, ?, ?)
Hibernate: 
    insert 
    into
        closets
        (created_date, modified_date, author_id, clothes_info_id, colors_name, materials_name, style_name) 
    values
        (?, ?, ?, ?, ?, ?, ?)
Hibernate: 
    update
        clothes_image 
    set
        closets_post_id=?,
        path=?,
        stores_post_id=?,
        type=? 
    where
        id=?
Hibernate: 
    update
        clothes_image 
    set
        closets_post_id=?,
        path=?,
        stores_post_id=?,
        type=? 
    where
        id=?
gunsong2@naver.com
Hibernate: 
    select
        members0_.id as id1_6_,
        members0_.email as email2_6_,
        members0_.image as image3_6_,
        members0_.name as name4_6_,
        members0_.nickname as nickname5_6_,
        members0_.password as password6_6_,
        members0_.phone as phone7_6_,
        members0_.refresh_token as refresh_8_6_,
        members0_.role as role9_6_ 
    from
        members members0_ 
    where
        members0_.email=?
Hibernate: 
    select
        style0_.id as id1_14_,
        style0_.name as name2_14_ 
    from
        style style0_ 
    where
        style0_.name=?
Hibernate: 
    select
        materials0_.id as id1_5_,
        materials0_.name as name2_5_ 
    from
        materials materials0_ 
    where
        materials0_.name=?
Hibernate: 
    select
        colors0_.id as id1_4_,
        colors0_.name as name2_4_ 
    from
        colors colors0_ 
    where
        colors0_.name=?
Hibernate: 
    select
        clothesinf0_.id as id1_2_,
        clothesinf0_.categoryl as category2_2_,
        clothesinf0_.categorys as category3_2_,
        clothesinf0_.fit as fit4_2_,
        clothesinf0_.length as length5_2_ 
    from
        clothes_info clothesinf0_ 
    where
        clothesinf0_.categoryl=? 
        and clothesinf0_.categorys=? 
        and clothesinf0_.length=? 
        and clothesinf0_.fit=?
test.jpg
Hibernate: 
    insert 
    into
        clothes_image
        (closets_post_id, path, stores_post_id, type) 
    values
        (?, ?, ?, ?)
test.jpg
Hibernate: 
    insert 
    into
        clothes_image
        (closets_post_id, path, stores_post_id, type) 
    values
        (?, ?, ?, ?)
Hibernate: 
    insert 
    into
        closets
        (created_date, modified_date, author_id, clothes_info_id, colors_name, materials_name, style_name) 
    values
        (?, ?, ?, ?, ?, ?, ?)
Hibernate: 
    update
        clothes_image 
    set
        closets_post_id=?,
        path=?,
        stores_post_id=?,
        type=? 
    where
        id=?
Hibernate: 
    update
        clothes_image 
    set
        closets_post_id=?,
        path=?,
        stores_post_id=?,
        type=? 
    where
        id=?
gunsong2@naver.com
Hibernate: 
    select
        members0_.id as id1_6_,
        members0_.email as email2_6_,
        members0_.image as image3_6_,
        members0_.name as name4_6_,
        members0_.nickname as nickname5_6_,
        members0_.password as password6_6_,
        members0_.phone as phone7_6_,
        members0_.refresh_token as refresh_8_6_,
        members0_.role as role9_6_ 
    from
        members members0_ 
    where
        members0_.email=?
Hibernate: 
    select
        style0_.id as id1_14_,
        style0_.name as name2_14_ 
    from
        style style0_ 
    where
        style0_.name=?
Hibernate: 
    select
        materials0_.id as id1_5_,
        materials0_.name as name2_5_ 
    from
        materials materials0_ 
    where
        materials0_.name=?
Hibernate: 
    select
        colors0_.id as id1_4_,
        colors0_.name as name2_4_ 
    from
        colors colors0_ 
    where
        colors0_.name=?
Hibernate: 
    select
        clothesinf0_.id as id1_2_,
        clothesinf0_.categoryl as category2_2_,
        clothesinf0_.categorys as category3_2_,
        clothesinf0_.fit as fit4_2_,
        clothesinf0_.length as length5_2_ 
    from
        clothes_info clothesinf0_ 
    where
        clothesinf0_.categoryl=? 
        and clothesinf0_.categorys=? 
        and clothesinf0_.length=? 
        and clothesinf0_.fit=?
test.jpg
Hibernate: 
    insert 
    into
        clothes_image
        (closets_post_id, path, stores_post_id, type) 
    values
        (?, ?, ?, ?)
test.jpg
Hibernate: 
    insert 
    into
        clothes_image
        (closets_post_id, path, stores_post_id, type) 
    values
        (?, ?, ?, ?)
Hibernate: 
    insert 
    into
        closets
        (created_date, modified_date, author_id, clothes_info_id, colors_name, materials_name, style_name) 
    values
        (?, ?, ?, ?, ?, ?, ?)
Hibernate: 
    update
        clothes_image 
    set
        closets_post_id=?,
        path=?,
        stores_post_id=?,
        type=? 
    where
        id=?
Hibernate: 
    update
        clothes_image 
    set
        closets_post_id=?,
        path=?,
        stores_post_id=?,
        type=? 
    where
        id=?
gunsong2@naver.com
Hibernate: 
    select
        members0_.id as id1_6_,
        members0_.email as email2_6_,
        members0_.image as image3_6_,
        members0_.name as name4_6_,
        members0_.nickname as nickname5_6_,
        members0_.password as password6_6_,
        members0_.phone as phone7_6_,
        members0_.refresh_token as refresh_8_6_,
        members0_.role as role9_6_ 
    from
        members members0_ 
    where
        members0_.email=?
Hibernate: 
    select
        style0_.id as id1_14_,
        style0_.name as name2_14_ 
    from
        style style0_ 
    where
        style0_.name=?
Hibernate: 
    select
        materials0_.id as id1_5_,
        materials0_.name as name2_5_ 
    from
        materials materials0_ 
    where
        materials0_.name=?
Hibernate: 
    select
        colors0_.id as id1_4_,
        colors0_.name as name2_4_ 
    from
        colors colors0_ 
    where
        colors0_.name=?
Hibernate: 
    select
        clothesinf0_.id as id1_2_,
        clothesinf0_.categoryl as category2_2_,
        clothesinf0_.categorys as category3_2_,
        clothesinf0_.fit as fit4_2_,
        clothesinf0_.length as length5_2_ 
    from
        clothes_info clothesinf0_ 
    where
        clothesinf0_.categoryl=? 
        and clothesinf0_.categorys=? 
        and clothesinf0_.length=? 
        and clothesinf0_.fit=?
test.jpg
Hibernate: 
    insert 
    into
        clothes_image
        (closets_post_id, path, stores_post_id, type) 
    values
        (?, ?, ?, ?)
test.jpg
Hibernate: 
    insert 
    into
        clothes_image
        (closets_post_id, path, stores_post_id, type) 
    values
        (?, ?, ?, ?)
Hibernate: 
    insert 
    into
        closets
        (created_date, modified_date, author_id, clothes_info_id, colors_name, materials_name, style_name) 
    values
        (?, ?, ?, ?, ?, ?, ?)
Hibernate: 
    update
        clothes_image 
    set
        closets_post_id=?,
        path=?,
        stores_post_id=?,
        type=? 
    where
        id=?
Hibernate: 
    update
        clothes_image 
    set
        closets_post_id=?,
        path=?,
        stores_post_id=?,
        type=? 
    where
        id=?
gunsong2@naver.com
Hibernate: 
    select
        members0_.id as id1_6_,
        members0_.email as email2_6_,
        members0_.image as image3_6_,
        members0_.name as name4_6_,
        members0_.nickname as nickname5_6_,
        members0_.password as password6_6_,
        members0_.phone as phone7_6_,
        members0_.refresh_token as refresh_8_6_,
        members0_.role as role9_6_ 
    from
        members members0_ 
    where
        members0_.email=?
Hibernate: 
    select
        style0_.id as id1_14_,
        style0_.name as name2_14_ 
    from
        style style0_ 
    where
        style0_.name=?
Hibernate: 
    select
        materials0_.id as id1_5_,
        materials0_.name as name2_5_ 
    from
        materials materials0_ 
    where
        materials0_.name=?
Hibernate: 
    select
        colors0_.id as id1_4_,
        colors0_.name as name2_4_ 
    from
        colors colors0_ 
    where
        colors0_.name=?
Hibernate: 
    select
        clothesinf0_.id as id1_2_,
        clothesinf0_.categoryl as category2_2_,
        clothesinf0_.categorys as category3_2_,
        clothesinf0_.fit as fit4_2_,
        clothesinf0_.length as length5_2_ 
    from
        clothes_info clothesinf0_ 
    where
        clothesinf0_.categoryl=? 
        and clothesinf0_.categorys=? 
        and clothesinf0_.length=? 
        and clothesinf0_.fit=?
test.jpg
Hibernate: 
    insert 
    into
        clothes_image
        (closets_post_id, path, stores_post_id, type) 
    values
        (?, ?, ?, ?)
test.jpg
Hibernate: 
    insert 
    into
        clothes_image
        (closets_post_id, path, stores_post_id, type) 
    values
        (?, ?, ?, ?)
Hibernate: 
    insert 
    into
        closets
        (created_date, modified_date, author_id, clothes_info_id, colors_name, materials_name, style_name) 
    values
        (?, ?, ?, ?, ?, ?, ?)
Hibernate: 
    update
        clothes_image 
    set
        closets_post_id=?,
        path=?,
        stores_post_id=?,
        type=? 
    where
        id=?
Hibernate: 
    update
        clothes_image 
    set
        closets_post_id=?,
        path=?,
        stores_post_id=?,
        type=? 
    where
        id=?
Hibernate: 
    select
        closets0_.id as id1_1_,
        closets0_.created_date as created_2_1_,
        closets0_.modified_date as modified3_1_,
        closets0_.author_id as author_i4_1_,
        closets0_.clothes_info_id as clothes_5_1_,
        closets0_.colors_name as colors_n6_1_,
        closets0_.materials_name as material7_1_,
        closets0_.style_name as style_na8_1_ 
    from
        closets closets0_
Hibernate: 
    select
        members0_.id as id1_6_0_,
        members0_.email as email2_6_0_,
[...]
        closets0_.style_name as style_na8_1_ 
    from
        closets closets0_
Hibernate: 
    select
        members0_.id as id1_6_0_,
        members0_.email as email2_6_0_,
        members0_.image as image3_6_0_,
        members0_.name as name4_6_0_,
        members0_.nickname as nickname5_6_0_,
        members0_.password as password6_6_0_,
        members0_.phone as phone7_6_0_,
        members0_.refresh_token as refresh_8_6_0_,
        members0_.role as role9_6_0_ 
    from
        members members0_ 
    where
        members0_.id=?
Hibernate: 
    select
        clothesinf0_.id as id1_2_0_,
        clothesinf0_.categoryl as category2_2_0_,
        clothesinf0_.categorys as category3_2_0_,
        clothesinf0_.fit as fit4_2_0_,
        clothesinf0_.length as length5_2_0_ 
    from
        clothes_info clothesinf0_ 
    where
        clothesinf0_.id=?
Hibernate: 
    select
        colors0_.id as id1_4_0_,
        colors0_.name as name2_4_0_ 
    from
        colors colors0_ 
    where
        colors0_.name=?
Hibernate: 
    select
        materials0_.id as id1_5_0_,
        materials0_.name as name2_5_0_ 
    from
        materials materials0_ 
    where
        materials0_.name=?
Hibernate: 
    select
        style0_.id as id1_14_0_,
        style0_.name as name2_14_0_ 
    from
        style style0_ 
    where
        style0_.name=?
Hibernate: 
    select
        clothesinf0_.id as id1_2_0_,
        clothesinf0_.categoryl as category2_2_0_,
        clothesinf0_.categorys as category3_2_0_,
        clothesinf0_.fit as fit4_2_0_,
        clothesinf0_.length as length5_2_0_ 
    from
        clothes_info clothesinf0_ 
    where
        clothesinf0_.id=?
Hibernate: 
    select
        colors0_.id as id1_4_0_,
        colors0_.name as name2_4_0_ 
    from
        colors colors0_ 
    where
        colors0_.name=?
Hibernate: 
    select
        materials0_.id as id1_5_0_,
        materials0_.name as name2_5_0_ 
    from
        materials materials0_ 
    where
        materials0_.name=?
Hibernate: 
    select
        style0_.id as id1_14_0_,
        style0_.name as name2_14_0_ 
    from
        style style0_ 
    where
        style0_.name=?
Hibernate: 
    select
        clothesinf0_.id as id1_2_0_,
        clothesinf0_.categoryl as category2_2_0_,
        clothesinf0_.categorys as category3_2_0_,
        clothesinf0_.fit as fit4_2_0_,
        clothesinf0_.length as length5_2_0_ 
    from
        clothes_info clothesinf0_ 
    where
        clothesinf0_.id=?
Hibernate: 
    select
        colors0_.id as id1_4_0_,
        colors0_.name as name2_4_0_ 
    from
        colors colors0_ 
    where
        colors0_.name=?
Hibernate: 
    select
        materials0_.id as id1_5_0_,
        materials0_.name as name2_5_0_ 
    from
        materials materials0_ 
    where
        materials0_.name=?
Hibernate: 
    select
        style0_.id as id1_14_0_,
        style0_.name as name2_14_0_ 
    from
        style style0_ 
    where
        style0_.name=?
Hibernate: 
    select
        clothesinf0_.id as id1_2_0_,
        clothesinf0_.categoryl as category2_2_0_,
        clothesinf0_.categorys as category3_2_0_,
        clothesinf0_.fit as fit4_2_0_,
        clothesinf0_.length as length5_2_0_ 
    from
        clothes_info clothesinf0_ 
    where
        clothesinf0_.id=?
Hibernate: 
    select
        colors0_.id as id1_4_0_,
        colors0_.name as name2_4_0_ 
    from
        colors colors0_ 
    where
        colors0_.name=?
Hibernate: 
    select
        materials0_.id as id1_5_0_,
        materials0_.name as name2_5_0_ 
    from
        materials materials0_ 
    where
        materials0_.name=?
Hibernate: 
    select
        style0_.id as id1_14_0_,
        style0_.name as name2_14_0_ 
    from
        style style0_ 
    where
        style0_.name=?
Hibernate: 
    select
        clothesinf0_.id as id1_2_0_,
        clothesinf0_.categoryl as category2_2_0_,
        clothesinf0_.categorys as category3_2_0_,
        clothesinf0_.fit as fit4_2_0_,
        clothesinf0_.length as length5_2_0_ 
    from
        clothes_info clothesinf0_ 
    where
        clothesinf0_.id=?
Hibernate: 
    select
        materials0_.id as id1_5_0_,
        materials0_.name as name2_5_0_ 
    from
        materials materials0_ 
    where
        materials0_.name=?
Hibernate: 
    select
        style0_.id as id1_14_0_,
        style0_.name as name2_14_0_ 
    from
        style style0_ 
    where
        style0_.name=?
gunsong2@naver.com
Hibernate: 
    select
        members0_.id as id1_6_,
        members0_.email as email2_6_,
        members0_.image as image3_6_,
        members0_.name as name4_6_,
        members0_.nickname as nickname5_6_,
        members0_.password as password6_6_,
        members0_.phone as phone7_6_,
        members0_.refresh_token as refresh_8_6_,
        members0_.role as role9_6_ 
    from
        members members0_ 
    where
        members0_.email=?
Hibernate: 
    select
        closets0_.id as id1_1_0_,
        closets0_.created_date as created_2_1_0_,
        closets0_.modified_date as modified3_1_0_,
        closets0_.author_id as author_i4_1_0_,
        closets0_.clothes_info_id as clothes_5_1_0_,
        closets0_.colors_name as colors_n6_1_0_,
        closets0_.materials_name as material7_1_0_,
        closets0_.style_name as style_na8_1_0_,
        members1_.id as id1_6_1_,
        members1_.email as email2_6_1_,
        members1_.image as image3_6_1_,
        members1_.name as name4_6_1_,
        members1_.nickname as nickname5_6_1_,
        members1_.password as password6_6_1_,
        members1_.phone as phone7_6_1_,
        members1_.refresh_token as refresh_8_6_1_,
        members1_.role as role9_6_1_,
        clothesinf2_.id as id1_2_2_,
        clothesinf2_.categoryl as category2_2_2_,
        clothesinf2_.categorys as category3_2_2_,
        clothesinf2_.fit as fit4_2_2_,
        clothesinf2_.length as length5_2_2_,
        colors3_.id as id1_4_3_,
        colors3_.name as name2_4_3_,
        materials4_.id as id1_5_4_,
        materials4_.name as name2_5_4_,
        style5_.id as id1_14_5_,
        style5_.name as name2_14_5_ 
    from
        closets closets0_ 
    left outer join
        members members1_ 
            on closets0_.author_id=members1_.id 
    left outer join
        clothes_info clothesinf2_ 
            on closets0_.clothes_info_id=clothesinf2_.id 
    left outer join
        colors colors3_ 
            on closets0_.colors_name=colors3_.name 
    left outer join
        materials materials4_ 
            on closets0_.materials_name=materials4_.name 
    left outer join
        style style5_ 
            on closets0_.style_name=style5_.name 
    where
        closets0_.id=?
Hibernate: 
    select
        images0_.closets_post_id as closets_4_3_0_,
        images0_.id as id1_3_0_,
        images0_.id as id1_3_1_,
        images0_.closets_post_id as closets_4_3_1_,
        images0_.path as path2_3_1_,
        images0_.stores_post_id as stores_p5_3_1_,
        images0_.type as type3_3_1_,
        stores1_.id as id1_12_2_,
        stores1_.created_date as created_2_12_2_,
        stores1_.modified_date as modified3_12_2_,
        stores1_.author_id as author_i9_12_2_,
        stores1_.clothes_info_id as clothes10_12_2_,
        stores1_.colors_name as colors_11_12_2_,
        stores1_.materials_name as materia12_12_2_,
        stores1_.style_name as style_n13_12_2_,
        stores1_.clothes_length as clothes_4_12_2_,
        stores1_.content as content5_12_2_,
        stores1_.price as price6_12_2_,
        stores1_.sales_info_clothes_id as sales_i14_12_2_,
        stores1_.sales_info_status_id as sales_i15_12_2_,
        stores1_.sales_info_user_id as sales_i16_12_2_,
        stores1_.status as status7_12_2_,
        stores1_.title as title8_12_2_,
        members2_.id as id1_6_3_,
        members2_.email as email2_6_3_,
        members2_.image as image3_6_3_,
        members2_.name as name4_6_3_,
        members2_.nickname as nickname5_6_3_,
        members2_.password as password6_6_3_,
        members2_.phone as phone7_6_3_,
        members2_.refresh_token as refresh_8_6_3_,
        members2_.role as role9_6_3_,
        clothesinf3_.id as id1_2_4_,
        clothesinf3_.categoryl as category2_2_4_,
        clothesinf3_.categorys as category3_2_4_,
        clothesinf3_.fit as fit4_2_4_,
        clothesinf3_.length as length5_2_4_,
        colors4_.id as id1_4_5_,
        colors4_.name as name2_4_5_,
        materials5_.id as id1_5_6_,
        materials5_.name as name2_5_6_,
        style6_.id as id1_14_7_,
        style6_.name as name2_14_7_,
        salesinfoc7_.id as id1_9_8_,
        salesinfoc7_.clothes_brand as clothes_2_9_8_,
        salesinfoc7_.clothes_color as clothes_3_9_8_,
        salesinfoc7_.clothes_gender as clothes_4_9_8_,
        salesinfoc7_.clothes_size as clothes_5_9_8_,
        salesinfos8_.id as id1_10_9_,
        salesinfos8_.status_score as status_s2_10_9_,
        salesinfos8_.status_tag as status_t3_10_9_,
        salesinfos8_.status_times as status_t4_10_9_,
        salesinfos8_.status_when2buy as status_w5_10_9_,
        salesinfos8_.transport as transpor6_10_9_,
        salesinfou9_.id as id1_11_10_,
        salesinfou9_.user_height as user_hei2_11_10_,
        salesinfou9_.user_size as user_siz3_11_10_,
        salesinfou9_.user_weight as user_wei4_11_10_ 
    from
        clothes_image images0_ 
    left outer join
        stores stores1_ 
            on images0_.stores_post_id=stores1_.id 
    left outer join
        members members2_ 
            on stores1_.author_id=members2_.id 
    left outer join
        clothes_info clothesinf3_ 
            on stores1_.clothes_info_id=clothesinf3_.id 
    left outer join
        colors colors4_ 
            on stores1_.colors_name=colors4_.name 
    left outer join
        materials materials5_ 
            on stores1_.materials_name=materials5_.name 
    left outer join
        style style6_ 
            on stores1_.style_name=style6_.name 
    left outer join
        sales_info_clothes salesinfoc7_ 
            on stores1_.sales_info_clothes_id=salesinfoc7_.id 
    left outer join
        sales_info_status salesinfos8_ 
            on stores1_.sales_info_status_id=salesinfos8_.id 
    left outer join
        sales_info_user salesinfou9_ 
            on stores1_.sales_info_user_id=salesinfou9_.id 
    where
        images0_.closets_post_id=?
ClosetsImagesResponseDto(images=[[B@4aa2f628, [B@3fcae0ad], id=1945)
Hibernate: 
    select
        clothesima0_.id as id1_3_,
        clothesima0_.closets_post_id as closets_4_3_,
        clothesima0_.path as path2_3_,
        clothesima0_.stores_post_id as stores_p5_3_,
        clothesima0_.type as type3_3_ 
    from
        clothes_image clothesima0_
Hibernate: 
    select
        closets0_.id as id1_1_0_,
        closets0_.created_date as created_2_1_0_,
        closets0_.modified_date as modified3_1_0_,
        closets0_.author_id as author_i4_1_0_,
        closets0_.clothes_info_id as clothes_5_1_0_,
        closets0_.colors_name as colors_n6_1_0_,
        closets0_.materials_name as material7_1_0_,
        closets0_.style_name as style_na8_1_0_,
        members1_.id as id1_6_1_,
        members1_.email as email2_6_1_,
        members1_.image as image3_6_1_,
        members1_.name as name4_6_1_,
        members1_.nickname as nickname5_6_1_,
        members1_.password as password6_6_1_,
        members1_.phone as phone7_6_1_,
        members1_.refresh_token as refresh_8_6_1_,
        members1_.role as role9_6_1_,
        clothesinf2_.id as id1_2_2_,
        clothesinf2_.categoryl as category2_2_2_,
        clothesinf2_.categorys as category3_2_2_,
        clothesinf2_.fit as fit4_2_2_,
        clothesinf2_.length as length5_2_2_,
        colors3_.id as id1_4_3_,
        colors3_.name as name2_4_3_,
        materials4_.id as id1_5_4_,
        materials4_.name as name2_5_4_,
        style5_.id as id1_14_5_,
        style5_.name as name2_14_5_ 
    from
        closets closets0_ 
    left outer join
        members members1_ 
            on closets0_.author_id=members1_.id 
    left outer join
        clothes_info clothesinf2_ 
            on closets0_.clothes_info_id=clothesinf2_.id 
    left outer join
        colors colors3_ 
            on closets0_.colors_name=colors3_.name 
    left outer join
        materials materials4_ 
            on closets0_.materials_name=materials4_.name 
    left outer join
        style style5_ 
            on closets0_.style_name=style5_.name 
    where
        closets0_.id=?
Hibernate: 
    select
        closets0_.id as id1_1_0_,
        closets0_.created_date as created_2_1_0_,
        closets0_.modified_date as modified3_1_0_,
        closets0_.author_id as author_i4_1_0_,
        closets0_.clothes_info_id as clothes_5_1_0_,
        closets0_.colors_name as colors_n6_1_0_,
        closets0_.materials_name as material7_1_0_,
        closets0_.style_name as style_na8_1_0_,
        members1_.id as id1_6_1_,
        members1_.email as email2_6_1_,
        members1_.image as image3_6_1_,
        members1_.name as name4_6_1_,
        members1_.nickname as nickname5_6_1_,
        members1_.password as password6_6_1_,
        members1_.phone as phone7_6_1_,
        members1_.refresh_token as refresh_8_6_1_,
        members1_.role as role9_6_1_,
        clothesinf2_.id as id1_2_2_,
        clothesinf2_.categoryl as category2_2_2_,
        clothesinf2_.categorys as category3_2_2_,
        clothesinf2_.fit as fit4_2_2_,
        clothesinf2_.length as length5_2_2_,
        colors3_.id as id1_4_3_,
        colors3_.name as name2_4_3_,
        materials4_.id as id1_5_4_,
        materials4_.name as name2_5_4_,
        style5_.id as id1_14_5_,
        style5_.name as name2_14_5_ 
    from
        closets closets0_ 
    left outer join
        members members1_ 
            on closets0_.author_id=members1_.id 
    left outer join
        clothes_info clothesinf2_ 
            on closets0_.clothes_info_id=clothesinf2_.id 
    left outer join
        colors colors3_ 
            on closets0_.colors_name=colors3_.name 
    left outer join
        materials materials4_ 
            on closets0_.materials_name=materials4_.name 
    left outer join
        style style5_ 
            on closets0_.style_name=style5_.name 
    where
        closets0_.id=?
Hibernate: 
    select
        closets0_.id as id1_1_0_,
        closets0_.created_date as created_2_1_0_,
        closets0_.modified_date as modified3_1_0_,
        closets0_.author_id as author_i4_1_0_,
        closets0_.clothes_info_id as clothes_5_1_0_,
        closets0_.colors_name as colors_n6_1_0_,
        closets0_.materials_name as material7_1_0_,
        closets0_.style_name as style_na8_1_0_,
        members1_.id as id1_6_1_,
        members1_.email as email2_6_1_,
        members1_.image as image3_6_1_,
        members1_.name as name4_6_1_,
        members1_.nickname as nickname5_6_1_,
        members1_.password as password6_6_1_,
        members1_.phone as phone7_6_1_,
        members1_.refresh_token as refresh_8_6_1_,
        members1_.role as role9_6_1_,
        clothesinf2_.id as id1_2_2_,
        clothesinf2_.categoryl as category2_2_2_,
        clothesinf2_.categorys as category3_2_2_,
        clothesinf2_.fit as fit4_2_2_,
        clothesinf2_.length as length5_2_2_,
        colors3_.id as id1_4_3_,
        colors3_.name as name2_4_3_,
        materials4_.id as id1_5_4_,
        materials4_.name as name2_5_4_,
        style5_.id as id1_14_5_,
        style5_.name as name2_14_5_ 
    from
        closets closets0_ 
    left outer join
        members members1_ 
            on closets0_.author_id=members1_.id 
    left outer join
        clothes_info clothesinf2_ 
            on closets0_.clothes_info_id=clothesinf2_.id 
    left outer join
        colors colors3_ 
            on closets0_.colors_name=colors3_.name 
    left outer join
        materials materials4_ 
            on closets0_.materials_name=materials4_.name 
    left outer join
        style style5_ 
            on closets0_.style_name=style5_.name 
    where
        closets0_.id=?
Hibernate: 
    select
        closets0_.id as id1_1_0_,
        closets0_.created_date as created_2_1_0_,
        closets0_.modified_date as modified3_1_0_,
        closets0_.author_id as author_i4_1_0_,
        closets0_.clothes_info_id as clothes_5_1_0_,
        closets0_.colors_name as colors_n6_1_0_,
        closets0_.materials_name as material7_1_0_,
        closets0_.style_name as style_na8_1_0_,
        members1_.id as id1_6_1_,
        members1_.email as email2_6_1_,
        members1_.image as image3_6_1_,
        members1_.name as name4_6_1_,
        members1_.nickname as nickname5_6_1_,
        members1_.password as password6_6_1_,
        members1_.phone as phone7_6_1_,
        members1_.refresh_token as refresh_8_6_1_,
        members1_.role as role9_6_1_,
        clothesinf2_.id as id1_2_2_,
        clothesinf2_.categoryl as category2_2_2_,
        clothesinf2_.categorys as category3_2_2_,
        clothesinf2_.fit as fit4_2_2_,
        clothesinf2_.length as length5_2_2_,
        colors3_.id as id1_4_3_,
        colors3_.name as name2_4_3_,
        materials4_.id as id1_5_4_,
        materials4_.name as name2_5_4_,
        style5_.id as id1_14_5_,
        style5_.name as name2_14_5_ 
    from
        closets closets0_ 
    left outer join
        members members1_ 
            on closets0_.author_id=members1_.id 
    left outer join
        clothes_info clothesinf2_ 
            on closets0_.clothes_info_id=clothesinf2_.id 
    left outer join
        colors colors3_ 
            on closets0_.colors_name=colors3_.name 
    left outer join
        materials materials4_ 
            on closets0_.materials_name=materials4_.name 
    left outer join
        style style5_ 
            on closets0_.style_name=style5_.name 
    where
        closets0_.id=?
Hibernate: 
    select
        closets0_.id as id1_1_0_,
        closets0_.created_date as created_2_1_0_,
        closets0_.modified_date as modified3_1_0_,
        closets0_.author_id as author_i4_1_0_,
        closets0_.clothes_info_id as clothes_5_1_0_,
        closets0_.colors_name as colors_n6_1_0_,
        closets0_.materials_name as material7_1_0_,
        closets0_.style_name as style_na8_1_0_,
        members1_.id as id1_6_1_,
        members1_.email as email2_6_1_,
        members1_.image as image3_6_1_,
        members1_.name as name4_6_1_,
        members1_.nickname as nickname5_6_1_,
        members1_.password as password6_6_1_,
        members1_.phone as phone7_6_1_,
        members1_.refresh_token as refresh_8_6_1_,
        members1_.role as role9_6_1_,
        clothesinf2_.id as id1_2_2_,
        clothesinf2_.categoryl as category2_2_2_,
        clothesinf2_.categorys as category3_2_2_,
        clothesinf2_.fit as fit4_2_2_,
        clothesinf2_.length as length5_2_2_,
        colors3_.id as id1_4_3_,
        colors3_.name as name2_4_3_,
        materials4_.id as id1_5_4_,
        materials4_.name as name2_5_4_,
        style5_.id as id1_14_5_,
        style5_.name as name2_14_5_ 
    from
        closets closets0_ 
    left outer join
        members members1_ 
            on closets0_.author_id=members1_.id 
    left outer join
        clothes_info clothesinf2_ 
            on closets0_.clothes_info_id=clothesinf2_.id 
    left outer join
        colors colors3_ 
            on closets0_.colors_name=colors3_.name 
    left outer join
        materials materials4_ 
            on closets0_.materials_name=materials4_.name 
    left outer join
        style style5_ 
            on closets0_.style_name=style5_.name 
    where
        closets0_.id=?
Hibernate: 
    delete 
    from
        clothes_image
Hibernate: 
    delete 
    from
        closets
]]></system-out>
  <system-err><![CDATA[]]></system-err>
</testsuite>
