<?xml version="1.0" encoding="UTF-8"?>
<testsuite name="com.betweenourclothes.web.StoresApiControllerTest" tests="1" skipped="0" failures="0" errors="0" timestamp="2022-11-08T10:07:38" hostname="user" time="1.123">
  <properties/>
  <testcase name="중고거래_찜_등록과확인과취소" classname="com.betweenourclothes.web.StoresApiControllerTest" time="1.123"/>
  <system-out><![CDATA[19:07:32.430 [Test worker] DEBUG org.springframework.test.context.junit4.SpringJUnit4ClassRunner - SpringJUnit4ClassRunner constructor called with [class com.betweenourclothes.web.StoresApiControllerTest]
19:07:32.434 [Test worker] DEBUG org.springframework.test.context.BootstrapUtils - Instantiating CacheAwareContextLoaderDelegate from class [org.springframework.test.context.cache.DefaultCacheAwareContextLoaderDelegate]
19:07:32.439 [Test worker] DEBUG org.springframework.test.context.BootstrapUtils - Instantiating BootstrapContext using constructor [public org.springframework.test.context.support.DefaultBootstrapContext(java.lang.Class,org.springframework.test.context.CacheAwareContextLoaderDelegate)]
19:07:32.451 [Test worker] DEBUG org.springframework.test.context.BootstrapUtils - Instantiating TestContextBootstrapper for test class [com.betweenourclothes.web.StoresApiControllerTest] from class [org.springframework.boot.test.context.SpringBootTestContextBootstrapper]
19:07:32.457 [Test worker] INFO org.springframework.boot.test.context.SpringBootTestContextBootstrapper - Neither @ContextConfiguration nor @ContextHierarchy found for test class [com.betweenourclothes.web.StoresApiControllerTest], using SpringBootContextLoader
19:07:32.459 [Test worker] DEBUG org.springframework.test.context.support.AbstractContextLoader - Did not detect default resource location for test class [com.betweenourclothes.web.StoresApiControllerTest]: class path resource [com/betweenourclothes/web/StoresApiControllerTest-context.xml] does not exist
19:07:32.459 [Test worker] DEBUG org.springframework.test.context.support.AbstractContextLoader - Did not detect default resource location for test class [com.betweenourclothes.web.StoresApiControllerTest]: class path resource [com/betweenourclothes/web/StoresApiControllerTestContext.groovy] does not exist
19:07:32.459 [Test worker] INFO org.springframework.test.context.support.AbstractContextLoader - Could not detect default resource locations for test class [com.betweenourclothes.web.StoresApiControllerTest]: no resource found for suffixes {-context.xml, Context.groovy}.
19:07:32.460 [Test worker] INFO org.springframework.test.context.support.AnnotationConfigContextLoaderUtils - Could not detect default configuration classes for test class [com.betweenourclothes.web.StoresApiControllerTest]: StoresApiControllerTest does not declare any static, non-private, non-final, nested classes annotated with @Configuration.
19:07:32.486 [Test worker] DEBUG org.springframework.test.context.support.ActiveProfilesUtils - Could not find an 'annotation declaring class' for annotation type [org.springframework.test.context.ActiveProfiles] and class [com.betweenourclothes.web.StoresApiControllerTest]
19:07:32.552 [Test worker] DEBUG org.springframework.context.annotation.ClassPathScanningCandidateComponentProvider - Identified candidate component class: file [C:\Users\user1\Desktop\송아\캡스톤\repo\between-our-clothes-server\build\classes\java\main\com\betweenourclothes\Application.class]
19:07:32.554 [Test worker] INFO org.springframework.boot.test.context.SpringBootTestContextBootstrapper - Found @SpringBootConfiguration com.betweenourclothes.Application for test class com.betweenourclothes.web.StoresApiControllerTest
19:07:32.618 [Test worker] DEBUG org.springframework.boot.test.context.SpringBootTestContextBootstrapper - @TestExecutionListeners is not present for class [com.betweenourclothes.web.StoresApiControllerTest]: using defaults.
19:07:32.619 [Test worker] INFO org.springframework.boot.test.context.SpringBootTestContextBootstrapper - Loaded default TestExecutionListener class names from location [META-INF/spring.factories]: [org.springframework.security.test.context.support.WithSecurityContextTestExecutionListener, org.springframework.security.test.context.support.ReactorContextTestExecutionListener, org.springframework.boot.test.autoconfigure.restdocs.RestDocsTestExecutionListener, org.springframework.boot.test.autoconfigure.web.client.MockRestServiceServerResetTestExecutionListener, org.springframework.boot.test.autoconfigure.web.servlet.MockMvcPrintOnlyOnFailureTestExecutionListener, org.springframework.boot.test.autoconfigure.web.servlet.WebDriverTestExecutionListener, org.springframework.boot.test.mock.mockito.MockitoTestExecutionListener, org.springframework.boot.test.mock.mockito.ResetMocksTestExecutionListener, org.springframework.test.context.web.ServletTestExecutionListener, org.springframework.test.context.support.DirtiesContextBeforeModesTestExecutionListener, org.springframework.test.context.support.DependencyInjectionTestExecutionListener, org.springframework.test.context.support.DirtiesContextTestExecutionListener, org.springframework.test.context.transaction.TransactionalTestExecutionListener, org.springframework.test.context.jdbc.SqlScriptsTestExecutionListener]
19:07:32.632 [Test worker] INFO org.springframework.boot.test.context.SpringBootTestContextBootstrapper - Using TestExecutionListeners: [org.springframework.test.context.web.ServletTestExecutionListener@bc3fc8e, org.springframework.test.context.support.DirtiesContextBeforeModesTestExecutionListener@36fb50db, org.springframework.boot.test.mock.mockito.MockitoTestExecutionListener@5ea7c81b, org.springframework.boot.test.autoconfigure.SpringBootDependencyInjectionTestExecutionListener@7fd4ec30, org.springframework.test.context.support.DirtiesContextTestExecutionListener@6be748c8, org.springframework.test.context.transaction.TransactionalTestExecutionListener@7f6b0e7, org.springframework.test.context.jdbc.SqlScriptsTestExecutionListener@67714712, org.springframework.security.test.context.support.WithSecurityContextTestExecutionListener@3f1c92a0, org.springframework.security.test.context.support.ReactorContextTestExecutionListener@6eec2c83, org.springframework.boot.test.autoconfigure.restdocs.RestDocsTestExecutionListener@5c2fc831, org.springframework.boot.test.autoconfigure.web.client.MockRestServiceServerResetTestExecutionListener@318b5d71, org.springframework.boot.test.autoconfigure.web.servlet.MockMvcPrintOnlyOnFailureTestExecutionListener@6a595072, org.springframework.boot.test.autoconfigure.web.servlet.WebDriverTestExecutionListener@655ef18e, org.springframework.boot.test.mock.mockito.ResetMocksTestExecutionListener@4712d354]
19:07:32.634 [Test worker] DEBUG org.springframework.test.annotation.ProfileValueUtils - Retrieved @ProfileValueSourceConfiguration [null] for test class [com.betweenourclothes.web.StoresApiControllerTest]
19:07:32.634 [Test worker] DEBUG org.springframework.test.annotation.ProfileValueUtils - Retrieved ProfileValueSource type [class org.springframework.test.annotation.SystemProfileValueSource] for class [com.betweenourclothes.web.StoresApiControllerTest]
19:07:32.638 [Test worker] DEBUG org.springframework.test.annotation.ProfileValueUtils - Retrieved @ProfileValueSourceConfiguration [null] for test class [com.betweenourclothes.web.StoresApiControllerTest]
19:07:32.638 [Test worker] DEBUG org.springframework.test.annotation.ProfileValueUtils - Retrieved ProfileValueSource type [class org.springframework.test.annotation.SystemProfileValueSource] for class [com.betweenourclothes.web.StoresApiControllerTest]
19:07:32.638 [Test worker] DEBUG org.springframework.test.annotation.ProfileValueUtils - Retrieved @ProfileValueSourceConfiguration [null] for test class [com.betweenourclothes.web.StoresApiControllerTest]
19:07:32.638 [Test worker] DEBUG org.springframework.test.annotation.ProfileValueUtils - Retrieved ProfileValueSource type [class org.springframework.test.annotation.SystemProfileValueSource] for class [com.betweenourclothes.web.StoresApiControllerTest]
19:07:32.641 [Test worker] DEBUG org.springframework.test.context.support.AbstractDirtiesContextTestExecutionListener - Before test class: context [DefaultTestContext@493420c0 testClass = StoresApiControllerTest, testInstance = [null], testMethod = [null], testException = [null], mergedContextConfiguration = [WebMergedContextConfiguration@5d93dc65 testClass = StoresApiControllerTest, locations = '{}', classes = '{class com.betweenourclothes.Application}', contextInitializerClasses = '[]', activeProfiles = '{}', propertySourceLocations = '{}', propertySourceProperties = '{org.springframework.boot.test.context.SpringBootTestContextBootstrapper=true, server.port=0}', contextCustomizers = set[org.springframework.boot.test.autoconfigure.properties.PropertyMappingContextCustomizer@0, org.springframework.boot.test.autoconfigure.web.servlet.WebDriverContextCustomizerFactory$Customizer@71c41237, org.springframework.boot.test.context.filter.ExcludeFilterContextCustomizer@1187dbed, org.springframework.boot.test.json.DuplicateJsonObjectContextCustomizerFactory$DuplicateJsonObjectContextCustomizer@6b8eebe4, org.springframework.boot.test.mock.mockito.MockitoContextCustomizer@0, org.springframework.boot.test.web.client.TestRestTemplateContextCustomizer@5f76290e], resourceBasePath = 'src/main/webapp', contextLoader = 'org.springframework.boot.test.context.SpringBootContextLoader', parent = [null]], attributes = map['org.springframework.test.context.web.ServletTestExecutionListener.activateListener' -> false]], class annotated with @DirtiesContext [false] with mode [null].
19:07:32.642 [Test worker] DEBUG org.springframework.test.annotation.ProfileValueUtils - Retrieved @ProfileValueSourceConfiguration [null] for test class [com.betweenourclothes.web.StoresApiControllerTest]
19:07:32.642 [Test worker] DEBUG org.springframework.test.annotation.ProfileValueUtils - Retrieved ProfileValueSource type [class org.springframework.test.annotation.SystemProfileValueSource] for class [com.betweenourclothes.web.StoresApiControllerTest]
19:07:32.645 [Test worker] DEBUG org.springframework.test.context.support.DependencyInjectionTestExecutionListener - Performing dependency injection for test context [[DefaultTestContext@493420c0 testClass = StoresApiControllerTest, testInstance = com.betweenourclothes.web.StoresApiControllerTest@412fd99, testMethod = [null], testException = [null], mergedContextConfiguration = [WebMergedContextConfiguration@5d93dc65 testClass = StoresApiControllerTest, locations = '{}', classes = '{class com.betweenourclothes.Application}', contextInitializerClasses = '[]', activeProfiles = '{}', propertySourceLocations = '{}', propertySourceProperties = '{org.springframework.boot.test.context.SpringBootTestContextBootstrapper=true, server.port=0}', contextCustomizers = set[org.springframework.boot.test.autoconfigure.properties.PropertyMappingContextCustomizer@0, org.springframework.boot.test.autoconfigure.web.servlet.WebDriverContextCustomizerFactory$Customizer@71c41237, org.springframework.boot.test.context.filter.ExcludeFilterContextCustomizer@1187dbed, org.springframework.boot.test.json.DuplicateJsonObjectContextCustomizerFactory$DuplicateJsonObjectContextCustomizer@6b8eebe4, org.springframework.boot.test.mock.mockito.MockitoContextCustomizer@0, org.springframework.boot.test.web.client.TestRestTemplateContextCustomizer@5f76290e], resourceBasePath = 'src/main/webapp', contextLoader = 'org.springframework.boot.test.context.SpringBootContextLoader', parent = [null]], attributes = map['org.springframework.test.context.web.ServletTestExecutionListener.activateListener' -> false]]].
19:07:32.657 [Test worker] DEBUG org.springframework.test.context.support.TestPropertySourceUtils - Adding inlined properties to environment: {spring.jmx.enabled=false, org.springframework.boot.test.context.SpringBootTestContextBootstrapper=true, server.port=0}

  .   ____          _            __ _ _
 /\\ / ___'_ __ _ _(_)_ __  __ _ \ \ \ \
( ( )\___ | '_ | '_| | '_ \/ _` | \ \ \ \
 \\/  ___)| |_)| | | | | || (_| |  ) ) ) )
  '  |____| .__|_| |_|_| |_\__, | / / / /
 =========|_|==============|___/=/_/_/_/
 :: Spring Boot ::        (v2.1.7.RELEASE)

2022-11-08 19:07:32.815  INFO 13212 --- [    Test worker] c.b.web.StoresApiControllerTest          : Starting StoresApiControllerTest on user with PID 13212 (started by user1 in C:\Users\user1\Desktop\송아\캡스톤\repo\between-our-clothes-server)
2022-11-08 19:07:32.816  INFO 13212 --- [    Test worker] c.b.web.StoresApiControllerTest          : No active profile set, falling back to default profiles: default
2022-11-08 19:07:33.526  INFO 13212 --- [    Test worker] .s.d.r.c.RepositoryConfigurationDelegate : Bootstrapping Spring Data repositories in DEFAULT mode.
2022-11-08 19:07:33.637  INFO 13212 --- [    Test worker] .s.d.r.c.RepositoryConfigurationDelegate : Finished Spring Data repository scanning in 105ms. Found 14 repository interfaces.
2022-11-08 19:07:33.985  INFO 13212 --- [    Test worker] trationDelegate$BeanPostProcessorChecker : Bean 'org.springframework.transaction.annotation.ProxyTransactionManagementConfiguration' of type [org.springframework.transaction.annotation.ProxyTransactionManagementConfiguration$$EnhancerBySpringCGLIB$$3d843e48] is not eligible for getting processed by all BeanPostProcessors (for example: not eligible for auto-proxying)
2022-11-08 19:07:34.248  INFO 13212 --- [    Test worker] o.s.b.w.embedded.tomcat.TomcatWebServer  : Tomcat initialized with port(s): 0 (http)
2022-11-08 19:07:34.265  INFO 13212 --- [    Test worker] o.apache.catalina.core.StandardService   : Starting service [Tomcat]
2022-11-08 19:07:34.265  INFO 13212 --- [    Test worker] org.apache.catalina.core.StandardEngine  : Starting Servlet engine: [Apache Tomcat/9.0.22]
2022-11-08 19:07:34.364  INFO 13212 --- [    Test worker] o.a.c.c.C.[Tomcat].[localhost].[/]       : Initializing Spring embedded WebApplicationContext
2022-11-08 19:07:34.364  INFO 13212 --- [    Test worker] o.s.web.context.ContextLoader            : Root WebApplicationContext: initialization completed in 1534 ms
2022-11-08 19:07:34.588  INFO 13212 --- [    Test worker] com.zaxxer.hikari.HikariDataSource       : HikariPool-1 - Starting...
2022-11-08 19:07:34.932  INFO 13212 --- [    Test worker] com.zaxxer.hikari.HikariDataSource       : HikariPool-1 - Start completed.
2022-11-08 19:07:34.991  INFO 13212 --- [    Test worker] o.hibernate.jpa.internal.util.LogHelper  : HHH000204: Processing PersistenceUnitInfo [
	name: default
	...]
2022-11-08 19:07:35.044  INFO 13212 --- [    Test worker] org.hibernate.Version                    : HHH000412: Hibernate Core {5.3.10.Final}
2022-11-08 19:07:35.045  INFO 13212 --- [    Test worker] org.hibernate.cfg.Environment            : HHH000206: hibernate.properties not found
2022-11-08 19:07:35.197  INFO 13212 --- [    Test worker] o.hibernate.annotations.common.Version   : HCANN000001: Hibernate Commons Annotations {5.0.4.Final}
2022-11-08 19:07:35.322  INFO 13212 --- [    Test worker] org.hibernate.dialect.Dialect            : HHH000400: Using dialect: org.hibernate.dialect.MySQL5InnoDBDialect
2022-11-08 19:07:36.248  INFO 13212 --- [    Test worker] j.LocalContainerEntityManagerFactoryBean : Initialized JPA EntityManagerFactory for persistence unit 'default'
2022-11-08 19:07:36.785  INFO 13212 --- [    Test worker] o.h.h.i.QueryTranslatorFactoryInitiator  : HHH000397: Using ASTQueryTranslatorFactory
2022-11-08 19:07:37.118  WARN 13212 --- [    Test worker] aWebConfiguration$JpaWebMvcConfiguration : spring.jpa.open-in-view is enabled by default. Therefore, database queries may be performed during view rendering. Explicitly configure spring.jpa.open-in-view to disable this warning
2022-11-08 19:07:37.387  INFO 13212 --- [    Test worker] o.s.s.web.DefaultSecurityFilterChain     : Creating filter chain: org.springframework.boot.autoconfigure.security.servlet.StaticResourceRequest$StaticResourceRequestMatcher@61fdcbb6, []
2022-11-08 19:07:37.440  INFO 13212 --- [    Test worker] o.s.s.web.DefaultSecurityFilterChain     : Creating filter chain: any request, [org.springframework.security.web.context.request.async.WebAsyncManagerIntegrationFilter@3f0e1039, org.springframework.security.web.context.SecurityContextPersistenceFilter@9534fae, org.springframework.security.web.header.HeaderWriterFilter@68fb4536, org.springframework.security.web.authentication.logout.LogoutFilter@3fb3ac7, com.betweenourclothes.jwt.JwtAuthenticationFilter@6ff83420, org.springframework.security.web.savedrequest.RequestCacheAwareFilter@56374e7c, org.springframework.security.web.servletapi.SecurityContextHolderAwareRequestFilter@2174007b, org.springframework.security.web.authentication.AnonymousAuthenticationFilter@9eec2ee, org.springframework.security.web.session.SessionManagementFilter@48912e8d, org.springframework.security.web.access.ExceptionTranslationFilter@3d6558f8, org.springframework.security.web.access.intercept.FilterSecurityInterceptor@7a69dccc]
2022-11-08 19:07:37.481  INFO 13212 --- [    Test worker] pertySourcedRequestMappingHandlerMapping : Mapped URL path [/v2/api-docs] onto method [public org.springframework.http.ResponseEntity<springfox.documentation.spring.web.json.Json> springfox.documentation.swagger2.web.Swagger2Controller.getDocumentation(java.lang.String,javax.servlet.http.HttpServletRequest)]
2022-11-08 19:07:37.710  INFO 13212 --- [    Test worker] o.s.s.concurrent.ThreadPoolTaskExecutor  : Initializing ExecutorService 'applicationTaskExecutor'
2022-11-08 19:07:38.002  INFO 13212 --- [    Test worker] d.s.w.p.DocumentationPluginsBootstrapper : Context refreshed
2022-11-08 19:07:38.019  INFO 13212 --- [    Test worker] d.s.w.p.DocumentationPluginsBootstrapper : Found 1 custom documentation plugin(s)
2022-11-08 19:07:38.045  INFO 13212 --- [    Test worker] s.d.s.w.s.ApiListingReferenceScanner     : Scanning for api listing references
2022-11-08 19:07:38.186  INFO 13212 --- [    Test worker] .d.s.w.r.o.CachingOperationNameGenerator : Generating unique operation named: deleteUsingDELETE_1
2022-11-08 19:07:38.192  INFO 13212 --- [    Test worker] .d.s.w.r.o.CachingOperationNameGenerator : Generating unique operation named: findImagesByAllCategoryUsingGET_1
2022-11-08 19:07:38.197  INFO 13212 --- [    Test worker] .d.s.w.r.o.CachingOperationNameGenerator : Generating unique operation named: findPostByIdUsingGET_1
2022-11-08 19:07:38.208  INFO 13212 --- [    Test worker] .d.s.w.r.o.CachingOperationNameGenerator : Generating unique operation named: postUsingPOST_1
2022-11-08 19:07:38.210  INFO 13212 --- [    Test worker] .d.s.w.r.o.CachingOperationNameGenerator : Generating unique operation named: updateUsingPATCH_1
2022-11-08 19:07:38.238  INFO 13212 --- [    Test worker] o.s.b.w.embedded.tomcat.TomcatWebServer  : Tomcat started on port(s): 64420 (http) with context path ''
2022-11-08 19:07:38.240  INFO 13212 --- [    Test worker] c.b.web.StoresApiControllerTest          : Started StoresApiControllerTest in 5.582 seconds (JVM running for 6.29)
2022-11-08 19:07:38.389  INFO 13212 --- [o-auto-1-exec-2] o.a.c.c.C.[Tomcat].[localhost].[/]       : Initializing Spring DispatcherServlet 'dispatcherServlet'
2022-11-08 19:07:38.390  INFO 13212 --- [o-auto-1-exec-2] o.s.web.servlet.DispatcherServlet        : Initializing Servlet 'dispatcherServlet'
2022-11-08 19:07:38.407  INFO 13212 --- [o-auto-1-exec-2] o.s.web.servlet.DispatcherServlet        : Completed initialization in 17 ms
Hibernate: 
    select
        members0_.id as id1_6_,
        members0_.email as email2_6_,
        members0_.image as image3_6_,
        members0_.name as name4_6_,
        members0_.nickname as nickname5_6_,
        members0_.password as password6_6_,
        members0_.phone as phone7_6_,
        members0_.refresh_token as refresh_8_6_,
        members0_.role as role9_6_ 
    from
        members members0_ 
    where
        members0_.email=?
Hibernate: 
    select
        members0_.id as id1_6_,
        members0_.email as email2_6_,
        members0_.image as image3_6_,
        members0_.name as name4_6_,
        members0_.nickname as nickname5_6_,
        members0_.password as password6_6_,
        members0_.phone as phone7_6_,
        members0_.refresh_token as refresh_8_6_,
        members0_.role as role9_6_ 
    from
        members members0_ 
    where
        members0_.email=?
Hibernate: 
    update
        members 
    set
        email=?,
        image=?,
        name=?,
        nickname=?,
        password=?,
        phone=?,
        refresh_token=?,
        role=? 
    where
        id=?
BearereyJhbGciOiJIUzI1NiJ9.eyJzdWIiOiJndW5zb25nMkBuYXZlci5jb20iLCJhdXRoIjoiUk9MRV9VU0VSIiwiZXhwIjoxNjY3OTEyODU4fQ.jnP9xcst81sH6S9WanL9LiWdPzP9CXRoIwFMS7IDNAE
2022-11-08 19:07:38.745  INFO 13212 --- [    Test worker] o.a.c.c.C.[Tomcat].[localhost].[/]       : Initializing Spring TestDispatcherServlet ''
2022-11-08 19:07:38.745  INFO 13212 --- [    Test worker] o.s.t.web.servlet.TestDispatcherServlet  : Initializing Servlet ''
2022-11-08 19:07:38.748  INFO 13212 --- [    Test worker] o.s.t.web.servlet.TestDispatcherServlet  : Completed initialization in 3 ms
gunsong2@naver.com
Hibernate: 
    select
        members0_.id as id1_6_,
        members0_.email as email2_6_,
        members0_.image as image3_6_,
        members0_.name as name4_6_,
        members0_.nickname as nickname5_6_,
        members0_.password as password6_6_,
        members0_.phone as phone7_6_,
        members0_.refresh_token as refresh_8_6_,
        members0_.role as role9_6_ 
    from
        members members0_ 
    where
        members0_.email=?
Hibernate: 
    select
        style0_.id as id1_13_,
        style0_.name as name2_13_ 
    from
        style style0_ 
    where
        style0_.name=?
Hibernate: 
    select
        materials0_.id as id1_5_,
        materials0_.name as name2_5_ 
    from
        materials materials0_ 
    where
        materials0_.name=?
Hibernate: 
    select
        colors0_.id as id1_4_,
        colors0_.name as name2_4_ 
    from
        colors colors0_ 
    where
        colors0_.name=?
Hibernate: 
    select
        clothesinf0_.id as id1_2_,
        clothesinf0_.categoryl as category2_2_,
        clothesinf0_.categorys as category3_2_,
        clothesinf0_.fit as fit4_2_,
        clothesinf0_.length as length5_2_ 
    from
        clothes_info clothesinf0_ 
    where
        clothesinf0_.categoryl=? 
        and clothesinf0_.categorys=? 
        and clothesinf0_.length=? 
        and clothesinf0_.fit=?
Hibernate: 
    select
        salesinfoc0_.id as id1_8_,
        salesinfoc0_.clothes_brand as clothes_2_8_,
        salesinfoc0_.clothes_color as clothes_3_8_,
        salesinfoc0_.clothes_gender as clothes_4_8_,
        salesinfoc0_.clothes_size as clothes_5_8_ 
    from
        sales_info_clothes salesinfoc0_ 
    where
        salesinfoc0_.clothes_brand=? 
        and salesinfoc0_.clothes_gender=? 
        and salesinfoc0_.clothes_size=? 
        and salesinfoc0_.clothes_color=?
Hibernate: 
    select
        salesinfos0_.id as id1_9_,
        salesinfos0_.status_score as status_s2_9_,
        salesinfos0_.status_tag as status_t3_9_,
        salesinfos0_.status_times as status_t4_9_,
        salesinfos0_.status_when2buy as status_w5_9_,
        salesinfos0_.transport as transpor6_9_ 
    from
        sales_info_status salesinfos0_ 
    where
        salesinfos0_.status_tag=? 
        and salesinfos0_.status_score=? 
        and salesinfos0_.status_times=? 
        and salesinfos0_.status_when2buy=? 
        and salesinfos0_.transport=?
Hibernate: 
    select
        salesinfou0_.id as id1_10_,
        salesinfou0_.user_height as user_hei2_10_,
        salesinfou0_.user_size as user_siz3_10_,
        salesinfou0_.user_weight as user_wei4_10_ 
    from
        sales_info_user salesinfou0_ 
    where
        salesinfou0_.user_size=? 
        and salesinfou0_.user_weight=? 
        and salesinfou0_.user_height=?
Hibernate: 
    insert 
    into
        clothes_image
        (closets_post_id, path, stores_post_id, type) 
    values
        (?, ?, ?, ?)
Hibernate: 
    insert 
    into
        clothes_image
        (closets_post_id, path, stores_post_id, type) 
    values
        (?, ?, ?, ?)
Hibernate: 
    insert 
    into
        stores
        (created_date, modified_date, author_id, clothes_info_id, colors_name, materials_name, style_name, clothes_length, content, price, sales_info_clothes_id, sales_info_status_id, sales_info_user_id, status, title) 
    values
        (?, ?, ?, ?, ?, ?, ?, ?, ?, ?, ?, ?, ?, ?, ?)
Hibernate: 
    update
        clothes_image 
    set
        closets_post_id=?,
        path=?,
        stores_post_id=?,
        type=? 
    where
        id=?
Hibernate: 
    update
        clothes_image 
    set
        closets_post_id=?,
        path=?,
        stores_post_id=?,
        type=? 
    where
        id=?
Hibernate: 
    update
        clothes_image 
    set
        images_order=? 
    where
        id=?
Hibernate: 
    update
        clothes_image 
    set
        images_order=? 
    where
        id=?
gunsong2@naver.com
Hibernate: 
    select
        members0_.id as id1_6_,
        members0_.email as email2_6_,
        members0_.image as image3_6_,
        members0_.name as name4_6_,
        members0_.nickname as nickname5_6_,
        members0_.password as password6_6_,
        members0_.phone as phone7_6_,
        members0_.refresh_token as refresh_8_6_,
        members0_.role as role9_6_ 
    from
        members members0_ 
    where
        members0_.email=?
Hibernate: 
    select
        style0_.id as id1_13_,
        style0_.name as name2_13_ 
    from
        style style0_ 
    where
        style0_.name=?
Hibernate: 
    select
        materials0_.id as id1_5_,
        materials0_.name as name2_5_ 
    from
        materials materials0_ 
    where
        materials0_.name=?
Hibernate: 
    select
        colors0_.id as id1_4_,
        colors0_.name as name2_4_ 
    from
        colors colors0_ 
    where
        colors0_.name=?
Hibernate: 
    select
        clothesinf0_.id as id1_2_,
        clothesinf0_.categoryl as category2_2_,
        clothesinf0_.categorys as category3_2_,
        clothesinf0_.fit as fit4_2_,
        clothesinf0_.length as length5_2_ 
    from
        clothes_info clothesinf0_ 
    where
        clothesinf0_.categoryl=? 
        and clothesinf0_.categorys=? 
        and clothesinf0_.length=? 
        and clothesinf0_.fit=?
Hibernate: 
    select
        salesinfoc0_.id as id1_8_,
        salesinfoc0_.clothes_brand as clothes_2_8_,
        salesinfoc0_.clothes_color as clothes_3_8_,
        salesinfoc0_.clothes_gender as clothes_4_8_,
        salesinfoc0_.clothes_size as clothes_5_8_ 
    from
        sales_info_clothes salesinfoc0_ 
    where
        salesinfoc0_.clothes_brand=? 
        and salesinfoc0_.clothes_gender=? 
        and salesinfoc0_.clothes_size=? 
        and salesinfoc0_.clothes_color=?
Hibernate: 
    select
        salesinfos0_.id as id1_9_,
        salesinfos0_.status_score as status_s2_9_,
        salesinfos0_.status_tag as status_t3_9_,
        salesinfos0_.status_times as status_t4_9_,
        salesinfos0_.status_when2buy as status_w5_9_,
        salesinfos0_.transport as transpor6_9_ 
    from
        sales_info_status salesinfos0_ 
    where
        salesinfos0_.status_tag=? 
        and salesinfos0_.status_score=? 
        and salesinfos0_.status_times=? 
        and salesinfos0_.status_when2buy=? 
        and salesinfos0_.transport=?
Hibernate: 
    select
        salesinfou0_.id as id1_10_,
        salesinfou0_.user_height as user_hei2_10_,
        salesinfou0_.user_size as user_siz3_10_,
        salesinfou0_.user_weight as user_wei4_10_ 
    from
        sales_info_user salesinfou0_ 
    where
        salesinfou0_.user_size=? 
        and salesinfou0_.user_weight=? 
        and salesinfou0_.user_height=?
Hibernate: 
    insert 
    into
        clothes_image
        (closets_post_id, path, stores_post_id, type) 
    values
        (?, ?, ?, ?)
Hibernate: 
    insert 
    into
        clothes_image
        (closets_post_id, path, stores_post_id, type) 
    values
        (?, ?, ?, ?)
Hibernate: 
    insert 
    into
        stores
        (created_date, modified_date, author_id, clothes_info_id, colors_name, materials_name, style_name, clothes_length, content, price, sales_info_clothes_id, sales_info_status_id, sales_info_user_id, status, title) 
    values
        (?, ?, ?, ?, ?, ?, ?, ?, ?, ?, ?, ?, ?, ?, ?)
Hibernate: 
    update
        clothes_image 
    set
        closets_post_id=?,
        path=?,
        stores_post_id=?,
        type=? 
    where
        id=?
Hibernate: 
    update
        clothes_image 
    set
        closets_post_id=?,
        path=?,
        stores_post_id=?,
        type=? 
    where
        id=?
Hibernate: 
    update
        clothes_image 
    set
        images_order=? 
    where
        id=?
Hibernate: 
    update
        clothes_image 
    set
        images_order=? 
    where
        id=?
gunsong2@naver.com
Hibernate: 
    select
        members0_.id as id1_6_,
        members0_.email as email2_6_,
        members0_.image as image3_6_,
        members0_.name as name4_6_,
        members0_.nickname as nickname5_6_,
        members0_.password as password6_6_,
        members0_.phone as phone7_6_,
        members0_.refresh_token as refresh_8_6_,
        members0_.role as role9_6_ 
    from
        members members0_ 
    where
        members0_.email=?
Hibernate: 
    select
        style0_.id as id1_13_,
        style0_.name as name2_13_ 
    from
        style style0_ 
    where
        style0_.name=?
Hibernate: 
    select
        materials0_.id as id1_5_,
        materials0_.name as name2_5_ 
    from
        materials materials0_ 
    where
        materials0_.name=?
Hibernate: 
    select
        colors0_.id as id1_4_,
        colors0_.name as name2_4_ 
    from
        colors colors0_ 
    where
        colors0_.name=?
Hibernate: 
    select
        clothesinf0_.id as id1_2_,
        clothesinf0_.categoryl as category2_2_,
        clothesinf0_.categorys as category3_2_,
        clothesinf0_.fit as fit4_2_,
        clothesinf0_.length as length5_2_ 
    from
        clothes_info clothesinf0_ 
    where
        clothesinf0_.categoryl=? 
        and clothesinf0_.categorys=? 
        and clothesinf0_.length=? 
        and clothesinf0_.fit=?
Hibernate: 
    select
        salesinfoc0_.id as id1_8_,
        salesinfoc0_.clothes_brand as clothes_2_8_,
        salesinfoc0_.clothes_color as clothes_3_8_,
        salesinfoc0_.clothes_gender as clothes_4_8_,
        salesinfoc0_.clothes_size as clothes_5_8_ 
    from
        sales_info_clothes salesinfoc0_ 
    where
        salesinfoc0_.clothes_brand=? 
        and salesinfoc0_.clothes_gender=? 
        and salesinfoc0_.clothes_size=? 
        and salesinfoc0_.clothes_color=?
Hibernate: 
    select
        salesinfos0_.id as id1_9_,
        salesinfos0_.status_score as status_s2_9_,
        salesinfos0_.status_tag as status_t3_9_,
        salesinfos0_.status_times as status_t4_9_,
        salesinfos0_.status_when2buy as status_w5_9_,
        salesinfos0_.transport as transpor6_9_ 
    from
        sales_info_status salesinfos0_ 
    where
        salesinfos0_.status_tag=? 
        and salesinfos0_.status_score=? 
        and salesinfos0_.status_times=? 
        and salesinfos0_.status_when2buy=? 
        and salesinfos0_.transport=?
Hibernate: 
    select
        salesinfou0_.id as id1_10_,
        salesinfou0_.user_height as user_hei2_10_,
        salesinfou0_.user_size as user_siz3_10_,
        salesinfou0_.user_weight as user_wei4_10_ 
    from
        sales_info_user salesinfou0_ 
    where
        salesinfou0_.user_size=? 
        and salesinfou0_.user_weight=? 
        and salesinfou0_.user_height=?
Hibernate: 
    insert 
    into
        clothes_image
        (closets_post_id, path, stores_post_id, type) 
    values
        (?, ?, ?, ?)
Hibernate: 
    insert 
    into
        clothes_image
        (closets_post_id, path, stores_post_id, type) 
    values
        (?, ?, ?, ?)
Hibernate: 
    insert 
    into
        stores
        (created_date, modified_date, author_id, clothes_info_id, colors_name, materials_name, style_name, clothes_length, content, price, sales_info_clothes_id, sales_info_status_id, sales_info_user_id, status, title) 
    values
        (?, ?, ?, ?, ?, ?, ?, ?, ?, ?, ?, ?, ?, ?, ?)
Hibernate: 
    update
        clothes_image 
    set
        closets_post_id=?,
        path=?,
        stores_post_id=?,
        type=? 
    where
        id=?
Hibernate: 
    update
        clothes_image 
    set
        closets_post_id=?,
        path=?,
        stores_post_id=?,
        type=? 
    where
        id=?
Hibernate: 
    update
        clothes_image 
    set
        images_order=? 
    where
        id=?
Hibernate: 
    update
        clothes_image 
    set
        images_order=? 
    where
        id=?
gunsong2@naver.com
Hibernate: 
    select
        members0_.id as id1_6_,
        members0_.email as email2_6_,
        members0_.image as image3_6_,
        members0_.name as name4_6_,
        members0_.nickname as nickname5_6_,
        members0_.password as password6_6_,
        members0_.phone as phone7_6_,
        members0_.refresh_token as refresh_8_6_,
        members0_.role as role9_6_ 
    from
        members members0_ 
    where
        members0_.email=?
Hibernate: 
    select
        style0_.id as id1_13_,
        style0_.name as name2_13_ 
    from
        style style0_ 
    where
        style0_.name=?
Hibernate: 
    select
        materials0_.id as id1_5_,
        materials0_.name as name2_5_ 
    from
        materials materials0_ 
    where
        materials0_.name=?
Hibernate: 
    select
        colors0_.id as id1_4_,
        colors0_.name as name2_4_ 
    from
        colors colors0_ 
    where
        colors0_.name=?
Hibernate: 
    select
        clothesinf0_.id as id1_2_,
        clothesinf0_.categoryl as category2_2_,
        clothesinf0_.categorys as category3_2_,
        clothesinf0_.fit as fit4_2_,
        clothesinf0_.length as length5_2_ 
    from
        clothes_info clothesinf0_ 
    where
        clothesinf0_.categoryl=? 
        and clothesinf0_.categorys=? 
        and clothesinf0_.length=? 
        and clothesinf0_.fit=?
Hibernate: 
    select
        salesinfoc0_.id as id1_8_,
        salesinfoc0_.clothes_brand as clothes_2_8_,
        salesinfoc0_.clothes_color as clothes_3_8_,
        salesinfoc0_.clothes_gender as clothes_4_8_,
        salesinfoc0_.clothes_size as clothes_5_8_ 
    from
        sales_info_clothes salesinfoc0_ 
    where
        salesinfoc0_.clothes_brand=? 
        and salesinfoc0_.clothes_gender=? 
        and salesinfoc0_.clothes_size=? 
        and salesinfoc0_.clothes_color=?
Hibernate: 
    select
        salesinfos0_.id as id1_9_,
        salesinfos0_.status_score as status_s2_9_,
        salesinfos0_.status_tag as status_t3_9_,
        salesinfos0_.status_times as status_t4_9_,
        salesinfos0_.status_when2buy as status_w5_9_,
        salesinfos0_.transport as transpor6_9_ 
    from
        sales_info_status salesinfos0_ 
    where
        salesinfos0_.status_tag=? 
        and salesinfos0_.status_score=? 
        and salesinfos0_.status_times=? 
        and salesinfos0_.status_when2buy=? 
        and salesinfos0_.transport=?
Hibernate: 
    select
        salesinfou0_.id as id1_10_,
        salesinfou0_.user_height as user_hei2_10_,
        salesinfou0_.user_size as user_siz3_10_,
        salesinfou0_.user_weight as user_wei4_10_ 
    from
        sales_info_user salesinfou0_ 
    where
        salesinfou0_.user_size=? 
        and salesinfou0_.user_weight=? 
        and salesinfou0_.user_height=?
Hibernate: 
    insert 
    into
        clothes_image
        (closets_post_id, path, stores_post_id, type) 
    values
        (?, ?, ?, ?)
Hibernate: 
    insert 
    into
        clothes_image
        (closets_post_id, path, stores_post_id, type) 
    values
        (?, ?, ?, ?)
Hibernate: 
    insert 
    into
        stores
        (created_date, modified_date, author_id, clothes_info_id, colors_name, materials_name, style_name, clothes_length, content, price, sales_info_clothes_id, sales_info_status_id, sales_info_user_id, status, title) 
    values
        (?, ?, ?, ?, ?, ?, ?, ?, ?, ?, ?, ?, ?, ?, ?)
Hibernate: 
    update
        clothes_image 
    set
        closets_post_id=?,
        path=?,
        stores_post_id=?,
        type=? 
    where
        id=?
Hibernate: 
    update
        clothes_image 
    set
        closets_post_id=?,
        path=?,
        stores_post_id=?,
        type=? 
    where
        id=?
Hibernate: 
    update
        clothes_image 
    set
        images_order=? 
    where
        id=?
Hibernate: 
    update
        clothes_image 
    set
        images_order=? 
    where
        id=?
gunsong2@naver.com
Hibernate: 
    select
        members0_.id as id1_6_,
        members0_.email as email2_6_,
        members0_.image as image3_6_,
        members0_.name as name4_6_,
        members0_.nickname as nickname5_6_,
        members0_.password as password6_6_,
        members0_.phone as phone7_6_,
        members0_.refresh_token as refresh_8_6_,
        members0_.role as role9_6_ 
    from
        members members0_ 
    where
        members0_.email=?
Hibernate: 
    select
        style0_.id as id1_13_,
        style0_.name as name2_13_ 
    from
        style style0_ 
    where
        style0_.name=?
Hibernate: 
    select
        materials0_.id as id1_5_,
        materials0_.name as name2_5_ 
    from
        materials materials0_ 
    where
        materials0_.name=?
Hibernate: 
    select
        colors0_.id as id1_4_,
        colors0_.name as name2_4_ 
    from
        colors colors0_ 
    where
        colors0_.name=?
Hibernate: 
    select
        clothesinf0_.id as id1_2_,
        clothesinf0_.categoryl as category2_2_,
        clothesinf0_.categorys as category3_2_,
        clothesinf0_.fit as fit4_2_,
        clothesinf0_.length as length5_2_ 
    from
        clothes_info clothesinf0_ 
    where
        clothesinf0_.categoryl=? 
        and clothesinf0_.categorys=? 
        and clothesinf0_.length=? 
        and clothesinf0_.fit=?
Hibernate: 
    select
        salesinfoc0_.id as id1_8_,
        salesinfoc0_.clothes_brand as clothes_2_8_,
        salesinfoc0_.clothes_color as clothes_3_8_,
        salesinfoc0_.clothes_gender as clothes_4_8_,
        salesinfoc0_.clothes_size as clothes_5_8_ 
    from
        sales_info_clothes salesinfoc0_ 
    where
        salesinfoc0_.clothes_brand=? 
        and salesinfoc0_.clothes_gender=? 
        and salesinfoc0_.clothes_size=? 
        and salesinfoc0_.clothes_color=?
Hibernate: 
    select
        salesinfos0_.id as id1_9_,
        salesinfos0_.status_score as status_s2_9_,
        salesinfos0_.status_tag as status_t3_9_,
        salesinfos0_.status_times as status_t4_9_,
        salesinfos0_.status_when2buy as status_w5_9_,
        salesinfos0_.transport as transpor6_9_ 
    from
        sales_info_status salesinfos0_ 
    where
        salesinfos0_.status_tag=? 
        and salesinfos0_.status_score=? 
        and salesinfos0_.status_times=? 
        and salesinfos0_.status_when2buy=? 
        and salesinfos0_.transport=?
Hibernate: 
    select
        salesinfou0_.id as id1_10_,
        salesinfou0_.user_height as user_hei2_10_,
        salesinfou0_.user_size as user_siz3_10_,
        salesinfou0_.user_weight as user_wei4_10_ 
    from
        sales_info_user salesinfou0_ 
    where
        salesinfou0_.user_size=? 
        and salesinfou0_.user_weight=? 
        and salesinfou0_.user_height=?
Hibernate: 
    insert 
    into
        clothes_image
        (closets_post_id, path, stores_post_id, type) 
    values
        (?, ?, ?, ?)
Hibernate: 
    insert 
    into
        clothes_image
        (closets_post_id, path, stores_post_id, type) 
    values
        (?, ?, ?, ?)
Hibernate: 
    insert 
    into
        stores
        (created_date, modified_date, author_id, clothes_info_id, colors_name, materials_name, style_name, clothes_length, content, price, sales_info_clothes_id, sales_info_status_id, sales_info_user_id, status, title) 
    values
        (?, ?, ?, ?, ?, ?, ?, ?, ?, ?, ?, ?, ?, ?, ?)
Hibernate: 
    update
        clothes_image 
    set
        closets_post_id=?,
        path=?,
        stores_post_id=?,
        type=? 
    where
        id=?
Hibernate: 
    update
        clothes_image 
    set
        closets_post_id=?,
        path=?,
        stores_post_id=?,
        type=? 
    where
        id=?
Hibernate: 
    update
        clothes_image 
    set
        images_order=? 
    where
        id=?
Hibernate: 
    update
        clothes_image 
    set
        images_order=? 
    where
        id=?
Hibernate: 
    select
        stores0_.id as id1_11_,
        stores0_.created_date as created_2_11_,
        stores0_.modified_date as modified3_11_,
        stores0_.author_id as author_i9_11_,
        stores0_.clothes_info_id as clothes10_11_,
        stores0_.colors_name as colors_11_11_,
        stores0_.materials_name as materia12_11_,
        stores0_.style_name as style_n13_11_,
        stores0_.clothes_length as clothes_4_11_,
        stores0_.content as content5_11_,
        stores0_.price as price6_11_,
        stores0_.sales_info_clothes_id as sales_i14_11_,
        stores0_.sales_info_status_id as sales_i15_11_,
        stores0_.sales_info_user_id as sales_i16_11_,
        stores0_.status as status7_11_,
        stores0_.title as title8_11_ 
    from
        stores stores0_
Hibernate: 
    select
        members0_.id as id1_6_0_,
        members0_.email as email2_6_0_,
        members0_.image as image3_6_0_,
        members0_.name as name4_6_0_,
        members0_.nickname as nickname5_6_0_,
        members0_.password as password6_6_0_,
        members0_.phone as phone7_6_0_,
        members0_.refresh_token as refresh_8_6_0_,
        members0_.role as role9_6_0_ 
    from
        members members0_ 
    where
        members0_.id=?
Hibernate: 
    select
        clothesinf0_.id as id1_2_0_,
        clothesinf0_.categoryl as category2_2_0_,
        clothesinf0_.categorys as category3_2_0_,
        clothesinf0_.fit as fit4_2_0_,
        clothesinf0_.length as length5_2_0_ 
    from
        clothes_info clothesinf0_ 
    where
        clothesinf0_.id=?
Hibernate: 
    select
        colors0_.id as id1_4_0_,
        colors0_.name as name2_4_0_ 
    from
        colors colors0_ 
    where
        colors0_.name=?
Hibernate: 
    select
        materials0_.id as id1_5_0_,
        materials0_.name as name2_5_0_ 
    from
        materials materials0_ 
    where
        materials0_.name=?
Hibernate: 
    select
        style0_.id as id1_13_0_,
        style0_.name as name2_13_0_ 
    from
        style style0_ 
    where
        style0_.name=?
Hibernate: 
    select
        salesinfoc0_.id as id1_8_0_,
        salesinfoc0_.clothes_brand as clothes_2_8_0_,
        salesinfoc0_.clothes_color as clothes_3_8_0_,
        salesinfoc0_.clothes_gender as clothes_4_8_0_,
        salesinfoc0_.clothes_size as clothes_5_8_0_ 
    from
        sales_info_clothes salesinfoc0_ 
    where
        salesinfoc0_.id=?
Hibernate: 
    select
        salesinfos0_.id as id1_9_0_,
        salesinfos0_.status_score as status_s2_9_0_,
        salesinfos0_.status_tag as status_t3_9_0_,
        salesinfos0_.status_times as status_t4_9_0_,
        salesinfos0_.status_when2buy as status_w5_9_0_,
        salesinfos0_.transport as transpor6_9_0_ 
    from
        sales_info_status salesinfos0_ 
    where
        salesinfos0_.id=?
Hibernate: 
    select
        salesinfou0_.id as id1_10_0_,
        salesinfou0_.user_height as user_hei2_10_0_,
        salesinfou0_.user_size as user_siz3_10_0_,
        salesinfou0_.user_weight as user_wei4_10_0_ 
    from
        sales_info_user salesinfou0_ 
    where
        salesinfou0_.id=?
Hibernate: 
    select
        clothesinf0_.id as id1_2_0_,
        clothesinf0_.categoryl as category2_2_0_,
        clothesinf0_.categorys as category3_2_0_,
        clothesinf0_.fit as fit4_2_0_,
        clothesinf0_.length as length5_2_0_ 
    from
        clothes_info clothesinf0_ 
    where
        clothesinf0_.id=?
Hibernate: 
    select
        colors0_.id as id1_4_0_,
        colors0_.name as name2_4_0_ 
    from
        colors colors0_ 
    where
        colors0_.name=?
Hibernate: 
    select
        materials0_.id as id1_5_0_,
        materials0_.name as name2_5_0_ 
    from
        materials materials0_ 
    where
        materials0_.name=?
Hibernate: 
    select
        style0_.id as id1_13_0_,
        style0_.name as name2_13_0_ 
    from
        style style0_ 
    where
        style0_.name=?
Hibernate: 
    select
        salesinfoc0_.id as id1_8_0_,
        salesinfoc0_.clothes_brand as clothes_2_8_0_,
        salesinfoc0_.clothes_color as clothes_3_8_0_,
        salesinfoc0_.clothes_gender as clothes_4_8_0_,
        salesinfoc0_.clothes_size as clothes_5_8_0_ 
    from
        sales_info_clothes salesinfoc0_ 
    where
        salesinfoc0_.id=?
Hibernate: 
    select
        salesinfos0_.id as id1_9_0_,
        salesinfos0_.status_score as status_s2_9_0_,
        salesinfos0_.status_tag as status_t3_9_0_,
        salesinfos0_.status_times as status_t4_9_0_,
        salesinfos0_.status_when2buy as status_w5_9_0_,
        salesinfos0_.transport as transpor6_9_0_ 
    from
        sales_info_status salesinfos0_ 
    where
        salesinfos0_.id=?
Hibernate: 
    select
        salesinfou0_.id as id1_10_0_,
        salesinfou0_.user_height as user_hei2_10_0_,
        salesinfou0_.user_size as user_siz3_10_0_,
        salesinfou0_.user_weight as user_wei4_10_0_ 
    from
        sales_info_user salesinfou0_ 
    where
        salesinfou0_.id=?
Hibernate: 
    select
        clothesinf0_.id as id1_2_0_,
        clothesinf0_.categoryl as category2_2_0_,
        clothesinf0_.categorys as category3_2_0_,
        clothesinf0_.fit as fit4_2_0_,
        clothesinf0_.length as length5_2_0_ 
    from
        clothes_info clothesinf0_ 
    where
        clothesinf0_.id=?
Hibernate: 
    select
        colors0_.id as id1_4_0_,
        colors0_.name as name2_4_0_ 
    from
        colors colors0_ 
    where
        colors0_.name=?
Hibernate: 
    select
        materials0_.id as id1_5_0_,
        materials0_.name as name2_5_0_ 
    from
        materials materials0_ 
    where
        materials0_.name=?
Hibernate: 
    select
        style0_.id as id1_13_0_,
        style0_.name as name2_13_0_ 
    from
        style style0_ 
    where
        style0_.name=?
Hibernate: 
    select
        salesinfoc0_.id as id1_8_0_,
        salesinfoc0_.clothes_brand as clothes_2_8_0_,
        salesinfoc0_.clothes_color as clothes_3_8_0_,
        salesinfoc0_.clothes_gender as clothes_4_8_0_,
        salesinfoc0_.clothes_size as clothes_5_8_0_ 
    from
        sales_info_clothes salesinfoc0_ 
    where
        salesinfoc0_.id=?
Hibernate: 
    select
        salesinfos0_.id as id1_9_0_,
        salesinfos0_.status_score as status_s2_9_0_,
        salesinfos0_.status_tag as status_t3_9_0_,
        salesinfos0_.status_times as status_t4_9_0_,
        salesinfos0_.status_when2buy as status_w5_9_0_,
        salesinfos0_.transport as transpor6_9_0_ 
    from
        sales_info_status salesinfos0_ 
    where
        salesinfos0_.id=?
Hibernate: 
    select
        salesinfou0_.id as id1_10_0_,
        salesinfou0_.user_height as user_hei2_10_0_,
        salesinfou0_.user_size as user_siz3_10_0_,
        salesinfou0_.user_weight as user_wei4_10_0_ 
    from
        sales_info_user salesinfou0_ 
    where
        salesinfou0_.id=?
Hibernate: 
    select
        clothesinf0_.id as id1_2_0_,
        clothesinf0_.categoryl as category2_2_0_,
        clothesinf0_.categorys as category3_2_0_,
        clothesinf0_.fit as fit4_2_0_,
        clothesinf0_.length as length5_2_0_ 
    from
        clothes_info clothesinf0_ 
    where
        clothesinf0_.id=?
Hibernate: 
    select
        colors0_.id as id1_4_0_,
        colors0_.name as name2_4_0_ 
    from
        colors colors0_ 
    where
        colors0_.name=?
Hibernate: 
    select
        materials0_.id as id1_5_0_,
        materials0_.name as name2_5_0_ 
    from
        materials materials0_ 
    where
        materials0_.name=?
Hibernate: 
    select
        style0_.id as id1_13_0_,
        style0_.name as name2_13_0_ 
    from
        style style0_ 
    where
        style0_.name=?
Hibernate: 
    select
        salesinfoc0_.id as id1_8_0_,
        salesinfoc0_.clothes_brand as clothes_2_8_0_,
        salesinfoc0_.clothes_color as clothes_3_8_0_,
        salesinfoc0_.clothes_gender as clothes_4_8_0_,
        salesinfoc0_.clothes_size as clothes_5_8_0_ 
    from
        sales_info_clothes salesinfoc0_ 
    where
        salesinfoc0_.id=?
Hibernate: 
    select
        salesinfos0_.id as id1_9_0_,
        salesinfos0_.status_score as status_s2_9_0_,
        salesinfos0_.status_tag as status_t3_9_0_,
        salesinfos0_.status_times as status_t4_9_0_,
        salesinfos0_.status_when2buy as status_w5_9_0_,
        salesinfos0_.transport as transpor6_9_0_ 
    from
        sales_info_status salesinfos0_ 
    where
        salesinfos0_.id=?
Hibernate: 
    select
        salesinfou0_.id as id1_10_0_,
        salesinfou0_.user_height as user_hei2_10_0_,
        salesinfou0_.user_size as user_siz3_10_0_,
        salesinfou0_.user_weight as user_wei4_10_0_ 
    from
        sales_info_user salesinfou0_ 
    where
        salesinfou0_.id=?
Hibernate: 
    select
        clothesinf0_.id as id1_2_0_,
        clothesinf0_.categoryl as category2_2_0_,
        clothesinf0_.categorys as category3_2_0_,
        clothesinf0_.fit as fit4_2_0_,
        clothesinf0_.length as length5_2_0_ 
    from
        clothes_info clothesinf0_ 
    where
        clothesinf0_.id=?
Hibernate: 
    select
        materials0_.id as id1_5_0_,
        materials0_.name as name2_5_0_ 
    from
        materials materials0_ 
    where
        materials0_.name=?
Hibernate: 
    select
        style0_.id as id1_13_0_,
        style0_.name as name2_13_0_ 
    from
        style style0_ 
    where
        style0_.name=?
Hibernate: 
    select
        salesinfoc0_.id as id1_8_0_,
        salesinfoc0_.clothes_brand as clothes_2_8_0_,
        salesinfoc0_.clothes_color as clothes_3_8_0_,
        salesinfoc0_.clothes_gender as clothes_4_8_0_,
        salesinfoc0_.clothes_size as clothes_5_8_0_ 
    from
        sales_info_clothes salesinfoc0_ 
    where
        salesinfoc0_.id=?
Hibernate: 
    select
        salesinfos0_.id as id1_9_0_,
        salesinfos0_.status_score as status_s2_9_0_,
        salesinfos0_.status_tag as status_t3_9_0_,
        salesinfos0_.status_times as status_t4_9_0_,
        salesinfos0_.status_when2buy as status_w5_9_0_,
        salesinfos0_.transport as transpor6_9_0_ 
    from
        sales_info_status salesinfos0_ 
    where
        salesinfos0_.id=?
Hibernate: 
    select
        salesinfou0_.id as id1_10_0_,
        salesinfou0_.user_height as user_hei2_10_0_,
        salesinfou0_.user_size as user_siz3_10_0_,
        salesinfou0_.user_weight as user_wei4_10_0_ 
    from
        sales_info_user salesinfou0_ 
    where
        salesinfou0_.id=?
gunsong2@naver.com
Hibernate: 
    select
        members0_.id as id1_6_,
        members0_.email as email2_6_,
        members0_.image as image3_6_,
        members0_.name as name4_6_,
        members0_.nickname as nickname5_6_,
        members0_.password as password6_6_,
        members0_.phone as phone7_6_,
        members0_.refresh_token as refresh_8_6_,
        members0_.role as role9_6_ 
    from
        members members0_ 
    where
        members0_.email=?
Hibernate: 
    select
        stores0_.id as id1_11_0_,
        stores0_.created_date as created_2_11_0_,
        stores0_.modified_date as modified3_11_0_,
        stores0_.author_id as author_i9_11_0_,
        stores0_.clothes_info_id as clothes10_11_0_,
        stores0_.colors_name as colors_11_11_0_,
        stores0_.materials_name as materia12_11_0_,
        stores0_.style_name as style_n13_11_0_,
        stores0_.clothes_length as clothes_4_11_0_,
        stores0_.content as content5_11_0_,
        stores0_.price as price6_11_0_,
        stores0_.sales_info_clothes_id as sales_i14_11_0_,
        stores0_.sales_info_status_id as sales_i15_11_0_,
        stores0_.sales_info_user_id as sales_i16_11_0_,
        stores0_.status as status7_11_0_,
        stores0_.title as title8_11_0_,
        members1_.id as id1_6_1_,
        members1_.email as email2_6_1_,
        members1_.image as image3_6_1_,
        members1_.name as name4_6_1_,
        members1_.nickname as nickname5_6_1_,
        members1_.password as password6_6_1_,
        members1_.phone as phone7_6_1_,
        members1_.refresh_token as refresh_8_6_1_,
        members1_.role as role9_6_1_,
        clothesinf2_.id as id1_2_2_,
        clothesinf2_.categoryl as category2_2_2_,
        clothesinf2_.categorys as category3_2_2_,
        clothesinf2_.fit as fit4_2_2_,
        clothesinf2_.length as length5_2_2_,
        colors3_.id as id1_4_3_,
        colors3_.name as name2_4_3_,
        materials4_.id as id1_5_4_,
        materials4_.name as name2_5_4_,
        style5_.id as id1_13_5_,
        style5_.name as name2_13_5_,
        salesinfoc6_.id as id1_8_6_,
        salesinfoc6_.clothes_brand as clothes_2_8_6_,
        salesinfoc6_.clothes_color as clothes_3_8_6_,
        salesinfoc6_.clothes_gender as clothes_4_8_6_,
        salesinfoc6_.clothes_size as clothes_5_8_6_,
        salesinfos7_.id as id1_9_7_,
        salesinfos7_.status_score as status_s2_9_7_,
        salesinfos7_.status_tag as status_t3_9_7_,
        salesinfos7_.status_times as status_t4_9_7_,
        salesinfos7_.status_when2buy as status_w5_9_7_,
        salesinfos7_.transport as transpor6_9_7_,
        salesinfou8_.id as id1_10_8_,
        salesinfou8_.user_height as user_hei2_10_8_,
        salesinfou8_.user_size as user_siz3_10_8_,
        salesinfou8_.user_weight as user_wei4_10_8_ 
    from
        stores stores0_ 
    left outer join
        members members1_ 
            on stores0_.author_id=members1_.id 
    left outer join
        clothes_info clothesinf2_ 
            on stores0_.clothes_info_id=clothesinf2_.id 
    left outer join
        colors colors3_ 
            on stores0_.colors_name=colors3_.name 
    left outer join
        materials materials4_ 
            on stores0_.materials_name=materials4_.name 
    left outer join
        style style5_ 
            on stores0_.style_name=style5_.name 
    left outer join
        sales_info_clothes salesinfoc6_ 
            on stores0_.sales_info_clothes_id=salesinfoc6_.id 
    left outer join
        sales_info_status salesinfos7_ 
            on stores0_.sales_info_status_id=salesinfos7_.id 
    left outer join
        sales_info_user salesinfou8_ 
            on stores0_.sales_info_user_id=salesinfou8_.id 
    where
        stores0_.id=?
Hibernate: 
    insert 
    into
        members_like_stores_post
        (store_id, user_id) 
    values
        (?, ?)
gunsong2@naver.com
Hibernate: 
    select
        members0_.id as id1_6_,
        members0_.email as email2_6_,
        members0_.image as image3_6_,
        members0_.name as name4_6_,
        members0_.nickname as nickname5_6_,
        members0_.password as password6_6_,
        members0_.phone as phone7_6_,
        members0_.refresh_token as refresh_8_6_,
        members0_.role as role9_6_ 
    from
        members members0_ 
    where
        members0_.email=?
Hibernate: 
    select
        storeslike0_.user_id as user_id3_7_0_,
        storeslike0_.id as id1_7_0_,
        storeslike0_.id as id1_7_1_,
        storeslike0_.store_id as store_id2_7_1_,
        storeslike0_.user_id as user_id3_7_1_,
        stores1_.id as id1_11_2_,
        stores1_.created_date as created_2_11_2_,
        stores1_.modified_date as modified3_11_2_,
        stores1_.author_id as author_i9_11_2_,
        stores1_.clothes_info_id as clothes10_11_2_,
        stores1_.colors_name as colors_11_11_2_,
        stores1_.materials_name as materia12_11_2_,
        stores1_.style_name as style_n13_11_2_,
        stores1_.clothes_length as clothes_4_11_2_,
        stores1_.content as content5_11_2_,
        stores1_.price as price6_11_2_,
        stores1_.sales_info_clothes_id as sales_i14_11_2_,
        stores1_.sales_info_status_id as sales_i15_11_2_,
        stores1_.sales_info_user_id as sales_i16_11_2_,
        stores1_.status as status7_11_2_,
        stores1_.title as title8_11_2_,
        members2_.id as id1_6_3_,
        members2_.email as email2_6_3_,
        members2_.image as image3_6_3_,
        members2_.name as name4_6_3_,
        members2_.nickname as nickname5_6_3_,
        members2_.password as password6_6_3_,
        members2_.phone as phone7_6_3_,
        members2_.refresh_token as refresh_8_6_3_,
        members2_.role as role9_6_3_,
        clothesinf3_.id as id1_2_4_,
        clothesinf3_.categoryl as category2_2_4_,
        clothesinf3_.categorys as category3_2_4_,
        clothesinf3_.fit as fit4_2_4_,
        clothesinf3_.length as length5_2_4_,
        colors4_.id as id1_4_5_,
        colors4_.name as name2_4_5_,
        materials5_.id as id1_5_6_,
        materials5_.name as name2_5_6_,
        style6_.id as id1_13_7_,
        style6_.name as name2_13_7_,
        salesinfoc7_.id as id1_8_8_,
        salesinfoc7_.clothes_brand as clothes_2_8_8_,
        salesinfoc7_.clothes_color as clothes_3_8_8_,
        salesinfoc7_.clothes_gender as clothes_4_8_8_,
        salesinfoc7_.clothes_size as clothes_5_8_8_,
        salesinfos8_.id as id1_9_9_,
        salesinfos8_.status_score as status_s2_9_9_,
        salesinfos8_.status_tag as status_t3_9_9_,
        salesinfos8_.status_times as status_t4_9_9_,
        salesinfos8_.status_when2buy as status_w5_9_9_,
        salesinfos8_.transport as transpor6_9_9_,
        salesinfou9_.id as id1_10_10_,
        salesinfou9_.user_height as user_hei2_10_10_,
        salesinfou9_.user_size as user_siz3_10_10_,
        salesinfou9_.user_weight as user_wei4_10_10_ 
    from
        members_like_stores_post storeslike0_ 
    left outer join
        stores stores1_ 
            on storeslike0_.store_id=stores1_.id 
    left outer join
        members members2_ 
            on stores1_.author_id=members2_.id 
    left outer join
        clothes_info clothesinf3_ 
            on stores1_.clothes_info_id=clothesinf3_.id 
    left outer join
        colors colors4_ 
            on stores1_.colors_name=colors4_.name 
    left outer join
        materials materials5_ 
            on stores1_.materials_name=materials5_.name 
    left outer join
        style style6_ 
            on stores1_.style_name=style6_.name 
    left outer join
        sales_info_clothes salesinfoc7_ 
            on stores1_.sales_info_clothes_id=salesinfoc7_.id 
    left outer join
        sales_info_status salesinfos8_ 
            on stores1_.sales_info_status_id=salesinfos8_.id 
    left outer join
        sales_info_user salesinfou9_ 
            on stores1_.sales_info_user_id=salesinfou9_.id 
    where
        storeslike0_.user_id=?
Hibernate: 
    select
        images0_.stores_post_id as stores_p5_3_0_,
        images0_.id as id1_3_0_,
        images0_.images_order as images_o6_0_,
        images0_.id as id1_3_1_,
        images0_.closets_post_id as closets_4_3_1_,
        images0_.path as path2_3_1_,
        images0_.stores_post_id as stores_p5_3_1_,
        images0_.type as type3_3_1_,
        closets1_.id as id1_1_2_,
        closets1_.created_date as created_2_1_2_,
        closets1_.modified_date as modified3_1_2_,
        closets1_.author_id as author_i4_1_2_,
        closets1_.clothes_info_id as clothes_5_1_2_,
        closets1_.colors_name as colors_n6_1_2_,
        closets1_.materials_name as material7_1_2_,
        closets1_.style_name as style_na8_1_2_,
        members2_.id as id1_6_3_,
        members2_.email as email2_6_3_,
        members2_.image as image3_6_3_,
        members2_.name as name4_6_3_,
        members2_.nickname as nickname5_6_3_,
        members2_.password as password6_6_3_,
        members2_.phone as phone7_6_3_,
        members2_.refresh_token as refresh_8_6_3_,
        members2_.role as role9_6_3_,
        clothesinf3_.id as id1_2_4_,
        clothesinf3_.categoryl as category2_2_4_,
        clothesinf3_.categorys as category3_2_4_,
        clothesinf3_.fit as fit4_2_4_,
        clothesinf3_.length as length5_2_4_,
        colors4_.id as id1_4_5_,
        colors4_.name as name2_4_5_,
        materials5_.id as id1_5_6_,
        materials5_.name as name2_5_6_,
        style6_.id as id1_13_7_,
        style6_.name as name2_13_7_ 
    from
        clothes_image images0_ 
    left outer join
        closets closets1_ 
            on images0_.closets_post_id=closets1_.id 
    left outer join
        members members2_ 
            on closets1_.author_id=members2_.id 
    left outer join
        clothes_info clothesinf3_ 
            on closets1_.clothes_info_id=clothesinf3_.id 
    left outer join
        colors colors4_ 
            on closets1_.colors_name=colors4_.name 
    left outer join
        materials materials5_ 
            on closets1_.materials_name=materials5_.name 
    left outer join
        style style6_ 
            on closets1_.style_name=style6_.name 
    where
        images0_.stores_post_id=?
gunsong2@naver.com
Hibernate: 
    select
        members0_.id as id1_6_,
        members0_.email as email2_6_,
        members0_.image as image3_6_,
        members0_.name as name4_6_,
        members0_.nickname as nickname5_6_,
        members0_.password as password6_6_,
        members0_.phone as phone7_6_,
        members0_.refresh_token as refresh_8_6_,
        members0_.role as role9_6_ 
    from
        members members0_ 
    where
        members0_.email=?
Hibernate: 
    select
        stores0_.id as id1_11_0_,
        stores0_.created_date as created_2_11_0_,
        stores0_.modified_date as modified3_11_0_,
        stores0_.author_id as author_i9_11_0_,
        stores0_.clothes_info_id as clothes10_11_0_,
        stores0_.colors_name as colors_11_11_0_,
        stores0_.materials_name as materia12_11_0_,
        stores0_.style_name as style_n13_11_0_,
        stores0_.clothes_length as clothes_4_11_0_,
        stores0_.content as content5_11_0_,
        stores0_.price as price6_11_0_,
        stores0_.sales_info_clothes_id as sales_i14_11_0_,
        stores0_.sales_info_status_id as sales_i15_11_0_,
        stores0_.sales_info_user_id as sales_i16_11_0_,
        stores0_.status as status7_11_0_,
        stores0_.title as title8_11_0_,
        members1_.id as id1_6_1_,
        members1_.email as email2_6_1_,
        members1_.image as image3_6_1_,
        members1_.name as name4_6_1_,
        members1_.nickname as nickname5_6_1_,
        members1_.password as password6_6_1_,
        members1_.phone as phone7_6_1_,
        members1_.refresh_token as refresh_8_6_1_,
        members1_.role as role9_6_1_,
        clothesinf2_.id as id1_2_2_,
        clothesinf2_.categoryl as category2_2_2_,
        clothesinf2_.categorys as category3_2_2_,
        clothesinf2_.fit as fit4_2_2_,
        clothesinf2_.length as length5_2_2_,
        colors3_.id as id1_4_3_,
        colors3_.name as name2_4_3_,
        materials4_.id as id1_5_4_,
        materials4_.name as name2_5_4_,
        style5_.id as id1_13_5_,
        style5_.name as name2_13_5_,
        salesinfoc6_.id as id1_8_6_,
        salesinfoc6_.clothes_brand as clothes_2_8_6_,
        salesinfoc6_.clothes_color as clothes_3_8_6_,
        salesinfoc6_.clothes_gender as clothes_4_8_6_,
        salesinfoc6_.clothes_size as clothes_5_8_6_,
        salesinfos7_.id as id1_9_7_,
        salesinfos7_.status_score as status_s2_9_7_,
        salesinfos7_.status_tag as status_t3_9_7_,
        salesinfos7_.status_times as status_t4_9_7_,
        salesinfos7_.status_when2buy as status_w5_9_7_,
        salesinfos7_.transport as transpor6_9_7_,
        salesinfou8_.id as id1_10_8_,
        salesinfou8_.user_height as user_hei2_10_8_,
        salesinfou8_.user_size as user_siz3_10_8_,
        salesinfou8_.user_weight as user_wei4_10_8_ 
    from
        stores stores0_ 
    left outer join
        members members1_ 
            on stores0_.author_id=members1_.id 
    left outer join
        clothes_info clothesinf2_ 
            on stores0_.clothes_info_id=clothesinf2_.id 
    left outer join
        colors colors3_ 
            on stores0_.colors_name=colors3_.name 
    left outer join
        materials materials4_ 
            on stores0_.materials_name=materials4_.name 
    left outer join
        style style5_ 
            on stores0_.style_name=style5_.name 
    left outer join
        sales_info_clothes salesinfoc6_ 
            on stores0_.sales_info_clothes_id=salesinfoc6_.id 
    left outer join
        sales_info_status salesinfos7_ 
            on stores0_.sales_info_status_id=salesinfos7_.id 
    left outer join
        sales_info_user salesinfou8_ 
            on stores0_.sales_info_user_id=salesinfou8_.id 
    where
        stores0_.id=?
Hibernate: 
    insert 
    into
        members_like_stores_post
        (store_id, user_id) 
    values
        (?, ?)
gunsong2@naver.com
Hibernate: 
    select
        members0_.id as id1_6_,
        members0_.email as email2_6_,
        members0_.image as image3_6_,
        members0_.name as name4_6_,
        members0_.nickname as nickname5_6_,
        members0_.password as password6_6_,
        members0_.phone as phone7_6_,
        members0_.refresh_token as refresh_8_6_,
        members0_.role as role9_6_ 
    from
        members members0_ 
    where
        members0_.email=?
Hibernate: 
    select
        storeslike0_.user_id as user_id3_7_0_,
        storeslike0_.id as id1_7_0_,
        storeslike0_.id as id1_7_1_,
        storeslike0_.store_id as store_id2_7_1_,
        storeslike0_.user_id as user_id3_7_1_,
        stores1_.id as id1_11_2_,
        stores1_.created_date as created_2_11_2_,
        stores1_.modified_date as modified3_11_2_,
        stores1_.author_id as author_i9_11_2_,
        stores1_.clothes_info_id as clothes10_11_2_,
        stores1_.colors_name as colors_11_11_2_,
        stores1_.materials_name as materia12_11_2_,
        stores1_.style_name as style_n13_11_2_,
        stores1_.clothes_length as clothes_4_11_2_,
        stores1_.content as content5_11_2_,
        stores1_.price as price6_11_2_,
        stores1_.sales_info_clothes_id as sales_i14_11_2_,
        stores1_.sales_info_status_id as sales_i15_11_2_,
        stores1_.sales_info_user_id as sales_i16_11_2_,
        stores1_.status as status7_11_2_,
        stores1_.title as title8_11_2_,
        members2_.id as id1_6_3_,
        members2_.email as email2_6_3_,
        members2_.image as image3_6_3_,
        members2_.name as name4_6_3_,
        members2_.nickname as nickname5_6_3_,
        members2_.password as password6_6_3_,
        members2_.phone as phone7_6_3_,
        members2_.refresh_token as refresh_8_6_3_,
        members2_.role as role9_6_3_,
        clothesinf3_.id as id1_2_4_,
        clothesinf3_.categoryl as category2_2_4_,
        clothesinf3_.categorys as category3_2_4_,
        clothesinf3_.fit as fit4_2_4_,
        clothesinf3_.length as length5_2_4_,
        colors4_.id as id1_4_5_,
        colors4_.name as name2_4_5_,
        materials5_.id as id1_5_6_,
        materials5_.name as name2_5_6_,
        style6_.id as id1_13_7_,
        style6_.name as name2_13_7_,
        salesinfoc7_.id as id1_8_8_,
        salesinfoc7_.clothes_brand as clothes_2_8_8_,
        salesinfoc7_.clothes_color as clothes_3_8_8_,
        salesinfoc7_.clothes_gender as clothes_4_8_8_,
        salesinfoc7_.clothes_size as clothes_5_8_8_,
        salesinfos8_.id as id1_9_9_,
        salesinfos8_.status_score as status_s2_9_9_,
        salesinfos8_.status_tag as status_t3_9_9_,
        salesinfos8_.status_times as status_t4_9_9_,
        salesinfos8_.status_when2buy as status_w5_9_9_,
        salesinfos8_.transport as transpor6_9_9_,
        salesinfou9_.id as id1_10_10_,
        salesinfou9_.user_height as user_hei2_10_10_,
        salesinfou9_.user_size as user_siz3_10_10_,
        salesinfou9_.user_weight as user_wei4_10_10_ 
    from
        members_like_stores_post storeslike0_ 
    left outer join
        stores stores1_ 
            on storeslike0_.store_id=stores1_.id 
    left outer join
        members members2_ 
            on stores1_.author_id=members2_.id 
    left outer join
        clothes_info clothesinf3_ 
            on stores1_.clothes_info_id=clothesinf3_.id 
    left outer join
        colors colors4_ 
            on stores1_.colors_name=colors4_.name 
    left outer join
        materials materials5_ 
            on stores1_.materials_name=materials5_.name 
    left outer join
        style style6_ 
            on stores1_.style_name=style6_.name 
    left outer join
        sales_info_clothes salesinfoc7_ 
            on stores1_.sales_info_clothes_id=salesinfoc7_.id 
    left outer join
        sales_info_status salesinfos8_ 
            on stores1_.sales_info_status_id=salesinfos8_.id 
    left outer join
        sales_info_user salesinfou9_ 
            on stores1_.sales_info_user_id=salesinfou9_.id 
    where
        storeslike0_.user_id=?
Hibernate: 
    select
        images0_.stores_post_id as stores_p5_3_0_,
        images0_.id as id1_3_0_,
        images0_.images_order as images_o6_0_,
        images0_.id as id1_3_1_,
        images0_.closets_post_id as closets_4_3_1_,
        images0_.path as path2_3_1_,
        images0_.stores_post_id as stores_p5_3_1_,
        images0_.type as type3_3_1_,
        closets1_.id as id1_1_2_,
        closets1_.created_date as created_2_1_2_,
        closets1_.modified_date as modified3_1_2_,
        closets1_.author_id as author_i4_1_2_,
        closets1_.clothes_info_id as clothes_5_1_2_,
        closets1_.colors_name as colors_n6_1_2_,
        closets1_.materials_name as material7_1_2_,
        closets1_.style_name as style_na8_1_2_,
        members2_.id as id1_6_3_,
        members2_.email as email2_6_3_,
        members2_.image as image3_6_3_,
        members2_.name as name4_6_3_,
        members2_.nickname as nickname5_6_3_,
        members2_.password as password6_6_3_,
        members2_.phone as phone7_6_3_,
        members2_.refresh_token as refresh_8_6_3_,
        members2_.role as role9_6_3_,
        clothesinf3_.id as id1_2_4_,
        clothesinf3_.categoryl as category2_2_4_,
        clothesinf3_.categorys as category3_2_4_,
        clothesinf3_.fit as fit4_2_4_,
        clothesinf3_.length as length5_2_4_,
        colors4_.id as id1_4_5_,
        colors4_.name as name2_4_5_,
        materials5_.id as id1_5_6_,
        materials5_.name as name2_5_6_,
        style6_.id as id1_13_7_,
        style6_.name as name2_13_7_ 
    from
        clothes_image images0_ 
    left outer join
        closets closets1_ 
            on images0_.closets_post_id=closets1_.id 
    left outer join
        members members2_ 
            on closets1_.author_id=members2_.id 
    left outer join
        clothes_info clothesinf3_ 
            on closets1_.clothes_info_id=clothesinf3_.id 
    left outer join
        colors colors4_ 
            on closets1_.colors_name=colors4_.name 
    left outer join
        materials materials5_ 
            on closets1_.materials_name=materials5_.name 
    left outer join
        style style6_ 
            on closets1_.style_name=style6_.name 
    where
        images0_.stores_post_id=?
gunsong2@naver.com
Hibernate: 
    select
        members0_.id as id1_6_,
        members0_.email as email2_6_,
        members0_.image as image3_6_,
        members0_.name as name4_6_,
        members0_.nickname as nickname5_6_,
        members0_.password as password6_6_,
        members0_.phone as phone7_6_,
        members0_.refresh_token as refresh_8_6_,
        members0_.role as role9_6_ 
    from
        members members0_ 
    where
        members0_.email=?
Hibernate: 
    select
        stores0_.id as id1_11_0_,
        stores0_.created_date as created_2_11_0_,
        stores0_.modified_date as modified3_11_0_,
        stores0_.author_id as author_i9_11_0_,
        stores0_.clothes_info_id as clothes10_11_0_,
        stores0_.colors_name as colors_11_11_0_,
        stores0_.materials_name as materia12_11_0_,
        stores0_.style_name as style_n13_11_0_,
        stores0_.clothes_length as clothes_4_11_0_,
        stores0_.content as content5_11_0_,
        stores0_.price as price6_11_0_,
        stores0_.sales_info_clothes_id as sales_i14_11_0_,
        stores0_.sales_info_status_id as sales_i15_11_0_,
        stores0_.sales_info_user_id as sales_i16_11_0_,
        stores0_.status as status7_11_0_,
        stores0_.title as title8_11_0_,
        members1_.id as id1_6_1_,
        members1_.email as email2_6_1_,
        members1_.image as image3_6_1_,
        members1_.name as name4_6_1_,
        members1_.nickname as nickname5_6_1_,
        members1_.password as password6_6_1_,
        members1_.phone as phone7_6_1_,
        members1_.refresh_token as refresh_8_6_1_,
        members1_.role as role9_6_1_,
        clothesinf2_.id as id1_2_2_,
        clothesinf2_.categoryl as category2_2_2_,
        clothesinf2_.categorys as category3_2_2_,
        clothesinf2_.fit as fit4_2_2_,
        clothesinf2_.length as length5_2_2_,
        colors3_.id as id1_4_3_,
        colors3_.name as name2_4_3_,
        materials4_.id as id1_5_4_,
        materials4_.name as name2_5_4_,
        style5_.id as id1_13_5_,
        style5_.name as name2_13_5_,
        salesinfoc6_.id as id1_8_6_,
        salesinfoc6_.clothes_brand as clothes_2_8_6_,
        salesinfoc6_.clothes_color as clothes_3_8_6_,
        salesinfoc6_.clothes_gender as clothes_4_8_6_,
        salesinfoc6_.clothes_size as clothes_5_8_6_,
        salesinfos7_.id as id1_9_7_,
        salesinfos7_.status_score as status_s2_9_7_,
        salesinfos7_.status_tag as status_t3_9_7_,
        salesinfos7_.status_times as status_t4_9_7_,
        salesinfos7_.status_when2buy as status_w5_9_7_,
        salesinfos7_.transport as transpor6_9_7_,
        salesinfou8_.id as id1_10_8_,
        salesinfou8_.user_height as user_hei2_10_8_,
        salesinfou8_.user_size as user_siz3_10_8_,
        salesinfou8_.user_weight as user_wei4_10_8_ 
    from
        stores stores0_ 
    left outer join
        members members1_ 
            on stores0_.author_id=members1_.id 
    left outer join
        clothes_info clothesinf2_ 
            on stores0_.clothes_info_id=clothesinf2_.id 
    left outer join
        colors colors3_ 
            on stores0_.colors_name=colors3_.name 
    left outer join
        materials materials4_ 
            on stores0_.materials_name=materials4_.name 
    left outer join
        style style5_ 
            on stores0_.style_name=style5_.name 
    left outer join
        sales_info_clothes salesinfoc6_ 
            on stores0_.sales_info_clothes_id=salesinfoc6_.id 
    left outer join
        sales_info_status salesinfos7_ 
            on stores0_.sales_info_status_id=salesinfos7_.id 
    left outer join
        sales_info_user salesinfou8_ 
            on stores0_.sales_info_user_id=salesinfou8_.id 
    where
        stores0_.id=?
Hibernate: 
    select
        memberslik0_.id as id1_7_,
        memberslik0_.store_id as store_id2_7_,
        memberslik0_.user_id as user_id3_7_ 
    from
        members_like_stores_post memberslik0_ 
    where
        memberslik0_.user_id=? 
        and memberslik0_.store_id=?
Hibernate: 
    select
        storeslike0_.user_id as user_id3_7_0_,
        storeslike0_.id as id1_7_0_,
        storeslike0_.id as id1_7_1_,
        storeslike0_.store_id as store_id2_7_1_,
        storeslike0_.user_id as user_id3_7_1_,
        stores1_.id as id1_11_2_,
        stores1_.created_date as created_2_11_2_,
        stores1_.modified_date as modified3_11_2_,
        stores1_.author_id as author_i9_11_2_,
        stores1_.clothes_info_id as clothes10_11_2_,
        stores1_.colors_name as colors_11_11_2_,
        stores1_.materials_name as materia12_11_2_,
        stores1_.style_name as style_n13_11_2_,
        stores1_.clothes_length as clothes_4_11_2_,
        stores1_.content as content5_11_2_,
        stores1_.price as price6_11_2_,
        stores1_.sales_info_clothes_id as sales_i14_11_2_,
        stores1_.sales_info_status_id as sales_i15_11_2_,
        stores1_.sales_info_user_id as sales_i16_11_2_,
        stores1_.status as status7_11_2_,
        stores1_.title as title8_11_2_,
        members2_.id as id1_6_3_,
        members2_.email as email2_6_3_,
        members2_.image as image3_6_3_,
        members2_.name as name4_6_3_,
        members2_.nickname as nickname5_6_3_,
        members2_.password as password6_6_3_,
        members2_.phone as phone7_6_3_,
        members2_.refresh_token as refresh_8_6_3_,
        members2_.role as role9_6_3_,
        clothesinf3_.id as id1_2_4_,
        clothesinf3_.categoryl as category2_2_4_,
        clothesinf3_.categorys as category3_2_4_,
        clothesinf3_.fit as fit4_2_4_,
        clothesinf3_.length as length5_2_4_,
        colors4_.id as id1_4_5_,
        colors4_.name as name2_4_5_,
        materials5_.id as id1_5_6_,
        materials5_.name as name2_5_6_,
        style6_.id as id1_13_7_,
        style6_.name as name2_13_7_,
        salesinfoc7_.id as id1_8_8_,
        salesinfoc7_.clothes_brand as clothes_2_8_8_,
        salesinfoc7_.clothes_color as clothes_3_8_8_,
        salesinfoc7_.clothes_gender as clothes_4_8_8_,
        salesinfoc7_.clothes_size as clothes_5_8_8_,
        salesinfos8_.id as id1_9_9_,
        salesinfos8_.status_score as status_s2_9_9_,
        salesinfos8_.status_tag as status_t3_9_9_,
        salesinfos8_.status_times as status_t4_9_9_,
        salesinfos8_.status_when2buy as status_w5_9_9_,
        salesinfos8_.transport as transpor6_9_9_,
        salesinfou9_.id as id1_10_10_,
        salesinfou9_.user_height as user_hei2_10_10_,
        salesinfou9_.user_size as user_siz3_10_10_,
        salesinfou9_.user_weight as user_wei4_10_10_ 
    from
        members_like_stores_post storeslike0_ 
    left outer join
        stores stores1_ 
            on storeslike0_.store_id=stores1_.id 
    left outer join
        members members2_ 
            on stores1_.author_id=members2_.id 
    left outer join
        clothes_info clothesinf3_ 
            on stores1_.clothes_info_id=clothesinf3_.id 
    left outer join
        colors colors4_ 
            on stores1_.colors_name=colors4_.name 
    left outer join
        materials materials5_ 
            on stores1_.materials_name=materials5_.name 
    left outer join
        style style6_ 
            on stores1_.style_name=style6_.name 
    left outer join
        sales_info_clothes salesinfoc7_ 
            on stores1_.sales_info_clothes_id=salesinfoc7_.id 
    left outer join
        sales_info_status salesinfos8_ 
            on stores1_.sales_info_status_id=salesinfos8_.id 
    left outer join
        sales_info_user salesinfou9_ 
            on stores1_.sales_info_user_id=salesinfou9_.id 
    where
        storeslike0_.user_id=?
Hibernate: 
    delete 
    from
        members_like_stores_post 
    where
        id=?
gunsong2@naver.com
Hibernate: 
    select
        members0_.id as id1_6_,
        members0_.email as email2_6_,
        members0_.image as image3_6_,
[...]
        stores1_.sales_info_clothes_id as sales_i14_11_2_,
        stores1_.sales_info_status_id as sales_i15_11_2_,
        stores1_.sales_info_user_id as sales_i16_11_2_,
        stores1_.status as status7_11_2_,
        stores1_.title as title8_11_2_,
        members2_.id as id1_6_3_,
        members2_.email as email2_6_3_,
        members2_.image as image3_6_3_,
        members2_.name as name4_6_3_,
        members2_.nickname as nickname5_6_3_,
        members2_.password as password6_6_3_,
        members2_.phone as phone7_6_3_,
        members2_.refresh_token as refresh_8_6_3_,
        members2_.role as role9_6_3_,
        clothesinf3_.id as id1_2_4_,
        clothesinf3_.categoryl as category2_2_4_,
        clothesinf3_.categorys as category3_2_4_,
        clothesinf3_.fit as fit4_2_4_,
        clothesinf3_.length as length5_2_4_,
        colors4_.id as id1_4_5_,
        colors4_.name as name2_4_5_,
        materials5_.id as id1_5_6_,
        materials5_.name as name2_5_6_,
        style6_.id as id1_13_7_,
        style6_.name as name2_13_7_,
        salesinfoc7_.id as id1_8_8_,
        salesinfoc7_.clothes_brand as clothes_2_8_8_,
        salesinfoc7_.clothes_color as clothes_3_8_8_,
        salesinfoc7_.clothes_gender as clothes_4_8_8_,
        salesinfoc7_.clothes_size as clothes_5_8_8_,
        salesinfos8_.id as id1_9_9_,
        salesinfos8_.status_score as status_s2_9_9_,
        salesinfos8_.status_tag as status_t3_9_9_,
        salesinfos8_.status_times as status_t4_9_9_,
        salesinfos8_.status_when2buy as status_w5_9_9_,
        salesinfos8_.transport as transpor6_9_9_,
        salesinfou9_.id as id1_10_10_,
        salesinfou9_.user_height as user_hei2_10_10_,
        salesinfou9_.user_size as user_siz3_10_10_,
        salesinfou9_.user_weight as user_wei4_10_10_ 
    from
        members_like_stores_post storeslike0_ 
    left outer join
        stores stores1_ 
            on storeslike0_.store_id=stores1_.id 
    left outer join
        members members2_ 
            on stores1_.author_id=members2_.id 
    left outer join
        clothes_info clothesinf3_ 
            on stores1_.clothes_info_id=clothesinf3_.id 
    left outer join
        colors colors4_ 
            on stores1_.colors_name=colors4_.name 
    left outer join
        materials materials5_ 
            on stores1_.materials_name=materials5_.name 
    left outer join
        style style6_ 
            on stores1_.style_name=style6_.name 
    left outer join
        sales_info_clothes salesinfoc7_ 
            on stores1_.sales_info_clothes_id=salesinfoc7_.id 
    left outer join
        sales_info_status salesinfos8_ 
            on stores1_.sales_info_status_id=salesinfos8_.id 
    left outer join
        sales_info_user salesinfou9_ 
            on stores1_.sales_info_user_id=salesinfou9_.id 
    where
        storeslike0_.user_id=?
Hibernate: 
    delete 
    from
        members_like_stores_post 
    where
        id=?
Hibernate: 
    select
        memberslik0_.id as id1_7_,
        memberslik0_.store_id as store_id2_7_,
        memberslik0_.user_id as user_id3_7_ 
    from
        members_like_stores_post memberslik0_
Hibernate: 
    select
        clothesima0_.id as id1_3_,
        clothesima0_.closets_post_id as closets_4_3_,
        clothesima0_.path as path2_3_,
        clothesima0_.stores_post_id as stores_p5_3_,
        clothesima0_.type as type3_3_ 
    from
        clothes_image clothesima0_
Hibernate: 
    select
        stores0_.id as id1_11_0_,
        stores0_.created_date as created_2_11_0_,
        stores0_.modified_date as modified3_11_0_,
        stores0_.author_id as author_i9_11_0_,
        stores0_.clothes_info_id as clothes10_11_0_,
        stores0_.colors_name as colors_11_11_0_,
        stores0_.materials_name as materia12_11_0_,
        stores0_.style_name as style_n13_11_0_,
        stores0_.clothes_length as clothes_4_11_0_,
        stores0_.content as content5_11_0_,
        stores0_.price as price6_11_0_,
        stores0_.sales_info_clothes_id as sales_i14_11_0_,
        stores0_.sales_info_status_id as sales_i15_11_0_,
        stores0_.sales_info_user_id as sales_i16_11_0_,
        stores0_.status as status7_11_0_,
        stores0_.title as title8_11_0_,
        members1_.id as id1_6_1_,
        members1_.email as email2_6_1_,
        members1_.image as image3_6_1_,
        members1_.name as name4_6_1_,
        members1_.nickname as nickname5_6_1_,
        members1_.password as password6_6_1_,
        members1_.phone as phone7_6_1_,
        members1_.refresh_token as refresh_8_6_1_,
        members1_.role as role9_6_1_,
        clothesinf2_.id as id1_2_2_,
        clothesinf2_.categoryl as category2_2_2_,
        clothesinf2_.categorys as category3_2_2_,
        clothesinf2_.fit as fit4_2_2_,
        clothesinf2_.length as length5_2_2_,
        colors3_.id as id1_4_3_,
        colors3_.name as name2_4_3_,
        materials4_.id as id1_5_4_,
        materials4_.name as name2_5_4_,
        style5_.id as id1_13_5_,
        style5_.name as name2_13_5_,
        salesinfoc6_.id as id1_8_6_,
        salesinfoc6_.clothes_brand as clothes_2_8_6_,
        salesinfoc6_.clothes_color as clothes_3_8_6_,
        salesinfoc6_.clothes_gender as clothes_4_8_6_,
        salesinfoc6_.clothes_size as clothes_5_8_6_,
        salesinfos7_.id as id1_9_7_,
        salesinfos7_.status_score as status_s2_9_7_,
        salesinfos7_.status_tag as status_t3_9_7_,
        salesinfos7_.status_times as status_t4_9_7_,
        salesinfos7_.status_when2buy as status_w5_9_7_,
        salesinfos7_.transport as transpor6_9_7_,
        salesinfou8_.id as id1_10_8_,
        salesinfou8_.user_height as user_hei2_10_8_,
        salesinfou8_.user_size as user_siz3_10_8_,
        salesinfou8_.user_weight as user_wei4_10_8_ 
    from
        stores stores0_ 
    left outer join
        members members1_ 
            on stores0_.author_id=members1_.id 
    left outer join
        clothes_info clothesinf2_ 
            on stores0_.clothes_info_id=clothesinf2_.id 
    left outer join
        colors colors3_ 
            on stores0_.colors_name=colors3_.name 
    left outer join
        materials materials4_ 
            on stores0_.materials_name=materials4_.name 
    left outer join
        style style5_ 
            on stores0_.style_name=style5_.name 
    left outer join
        sales_info_clothes salesinfoc6_ 
            on stores0_.sales_info_clothes_id=salesinfoc6_.id 
    left outer join
        sales_info_status salesinfos7_ 
            on stores0_.sales_info_status_id=salesinfos7_.id 
    left outer join
        sales_info_user salesinfou8_ 
            on stores0_.sales_info_user_id=salesinfou8_.id 
    where
        stores0_.id=?
Hibernate: 
    select
        stores0_.id as id1_11_0_,
        stores0_.created_date as created_2_11_0_,
        stores0_.modified_date as modified3_11_0_,
        stores0_.author_id as author_i9_11_0_,
        stores0_.clothes_info_id as clothes10_11_0_,
        stores0_.colors_name as colors_11_11_0_,
        stores0_.materials_name as materia12_11_0_,
        stores0_.style_name as style_n13_11_0_,
        stores0_.clothes_length as clothes_4_11_0_,
        stores0_.content as content5_11_0_,
        stores0_.price as price6_11_0_,
        stores0_.sales_info_clothes_id as sales_i14_11_0_,
        stores0_.sales_info_status_id as sales_i15_11_0_,
        stores0_.sales_info_user_id as sales_i16_11_0_,
        stores0_.status as status7_11_0_,
        stores0_.title as title8_11_0_,
        members1_.id as id1_6_1_,
        members1_.email as email2_6_1_,
        members1_.image as image3_6_1_,
        members1_.name as name4_6_1_,
        members1_.nickname as nickname5_6_1_,
        members1_.password as password6_6_1_,
        members1_.phone as phone7_6_1_,
        members1_.refresh_token as refresh_8_6_1_,
        members1_.role as role9_6_1_,
        clothesinf2_.id as id1_2_2_,
        clothesinf2_.categoryl as category2_2_2_,
        clothesinf2_.categorys as category3_2_2_,
        clothesinf2_.fit as fit4_2_2_,
        clothesinf2_.length as length5_2_2_,
        colors3_.id as id1_4_3_,
        colors3_.name as name2_4_3_,
        materials4_.id as id1_5_4_,
        materials4_.name as name2_5_4_,
        style5_.id as id1_13_5_,
        style5_.name as name2_13_5_,
        salesinfoc6_.id as id1_8_6_,
        salesinfoc6_.clothes_brand as clothes_2_8_6_,
        salesinfoc6_.clothes_color as clothes_3_8_6_,
        salesinfoc6_.clothes_gender as clothes_4_8_6_,
        salesinfoc6_.clothes_size as clothes_5_8_6_,
        salesinfos7_.id as id1_9_7_,
        salesinfos7_.status_score as status_s2_9_7_,
        salesinfos7_.status_tag as status_t3_9_7_,
        salesinfos7_.status_times as status_t4_9_7_,
        salesinfos7_.status_when2buy as status_w5_9_7_,
        salesinfos7_.transport as transpor6_9_7_,
        salesinfou8_.id as id1_10_8_,
        salesinfou8_.user_height as user_hei2_10_8_,
        salesinfou8_.user_size as user_siz3_10_8_,
        salesinfou8_.user_weight as user_wei4_10_8_ 
    from
        stores stores0_ 
    left outer join
        members members1_ 
            on stores0_.author_id=members1_.id 
    left outer join
        clothes_info clothesinf2_ 
            on stores0_.clothes_info_id=clothesinf2_.id 
    left outer join
        colors colors3_ 
            on stores0_.colors_name=colors3_.name 
    left outer join
        materials materials4_ 
            on stores0_.materials_name=materials4_.name 
    left outer join
        style style5_ 
            on stores0_.style_name=style5_.name 
    left outer join
        sales_info_clothes salesinfoc6_ 
            on stores0_.sales_info_clothes_id=salesinfoc6_.id 
    left outer join
        sales_info_status salesinfos7_ 
            on stores0_.sales_info_status_id=salesinfos7_.id 
    left outer join
        sales_info_user salesinfou8_ 
            on stores0_.sales_info_user_id=salesinfou8_.id 
    where
        stores0_.id=?
Hibernate: 
    select
        stores0_.id as id1_11_0_,
        stores0_.created_date as created_2_11_0_,
        stores0_.modified_date as modified3_11_0_,
        stores0_.author_id as author_i9_11_0_,
        stores0_.clothes_info_id as clothes10_11_0_,
        stores0_.colors_name as colors_11_11_0_,
        stores0_.materials_name as materia12_11_0_,
        stores0_.style_name as style_n13_11_0_,
        stores0_.clothes_length as clothes_4_11_0_,
        stores0_.content as content5_11_0_,
        stores0_.price as price6_11_0_,
        stores0_.sales_info_clothes_id as sales_i14_11_0_,
        stores0_.sales_info_status_id as sales_i15_11_0_,
        stores0_.sales_info_user_id as sales_i16_11_0_,
        stores0_.status as status7_11_0_,
        stores0_.title as title8_11_0_,
        members1_.id as id1_6_1_,
        members1_.email as email2_6_1_,
        members1_.image as image3_6_1_,
        members1_.name as name4_6_1_,
        members1_.nickname as nickname5_6_1_,
        members1_.password as password6_6_1_,
        members1_.phone as phone7_6_1_,
        members1_.refresh_token as refresh_8_6_1_,
        members1_.role as role9_6_1_,
        clothesinf2_.id as id1_2_2_,
        clothesinf2_.categoryl as category2_2_2_,
        clothesinf2_.categorys as category3_2_2_,
        clothesinf2_.fit as fit4_2_2_,
        clothesinf2_.length as length5_2_2_,
        colors3_.id as id1_4_3_,
        colors3_.name as name2_4_3_,
        materials4_.id as id1_5_4_,
        materials4_.name as name2_5_4_,
        style5_.id as id1_13_5_,
        style5_.name as name2_13_5_,
        salesinfoc6_.id as id1_8_6_,
        salesinfoc6_.clothes_brand as clothes_2_8_6_,
        salesinfoc6_.clothes_color as clothes_3_8_6_,
        salesinfoc6_.clothes_gender as clothes_4_8_6_,
        salesinfoc6_.clothes_size as clothes_5_8_6_,
        salesinfos7_.id as id1_9_7_,
        salesinfos7_.status_score as status_s2_9_7_,
        salesinfos7_.status_tag as status_t3_9_7_,
        salesinfos7_.status_times as status_t4_9_7_,
        salesinfos7_.status_when2buy as status_w5_9_7_,
        salesinfos7_.transport as transpor6_9_7_,
        salesinfou8_.id as id1_10_8_,
        salesinfou8_.user_height as user_hei2_10_8_,
        salesinfou8_.user_size as user_siz3_10_8_,
        salesinfou8_.user_weight as user_wei4_10_8_ 
    from
        stores stores0_ 
    left outer join
        members members1_ 
            on stores0_.author_id=members1_.id 
    left outer join
        clothes_info clothesinf2_ 
            on stores0_.clothes_info_id=clothesinf2_.id 
    left outer join
        colors colors3_ 
            on stores0_.colors_name=colors3_.name 
    left outer join
        materials materials4_ 
            on stores0_.materials_name=materials4_.name 
    left outer join
        style style5_ 
            on stores0_.style_name=style5_.name 
    left outer join
        sales_info_clothes salesinfoc6_ 
            on stores0_.sales_info_clothes_id=salesinfoc6_.id 
    left outer join
        sales_info_status salesinfos7_ 
            on stores0_.sales_info_status_id=salesinfos7_.id 
    left outer join
        sales_info_user salesinfou8_ 
            on stores0_.sales_info_user_id=salesinfou8_.id 
    where
        stores0_.id=?
Hibernate: 
    select
        stores0_.id as id1_11_0_,
        stores0_.created_date as created_2_11_0_,
        stores0_.modified_date as modified3_11_0_,
        stores0_.author_id as author_i9_11_0_,
        stores0_.clothes_info_id as clothes10_11_0_,
        stores0_.colors_name as colors_11_11_0_,
        stores0_.materials_name as materia12_11_0_,
        stores0_.style_name as style_n13_11_0_,
        stores0_.clothes_length as clothes_4_11_0_,
        stores0_.content as content5_11_0_,
        stores0_.price as price6_11_0_,
        stores0_.sales_info_clothes_id as sales_i14_11_0_,
        stores0_.sales_info_status_id as sales_i15_11_0_,
        stores0_.sales_info_user_id as sales_i16_11_0_,
        stores0_.status as status7_11_0_,
        stores0_.title as title8_11_0_,
        members1_.id as id1_6_1_,
        members1_.email as email2_6_1_,
        members1_.image as image3_6_1_,
        members1_.name as name4_6_1_,
        members1_.nickname as nickname5_6_1_,
        members1_.password as password6_6_1_,
        members1_.phone as phone7_6_1_,
        members1_.refresh_token as refresh_8_6_1_,
        members1_.role as role9_6_1_,
        clothesinf2_.id as id1_2_2_,
        clothesinf2_.categoryl as category2_2_2_,
        clothesinf2_.categorys as category3_2_2_,
        clothesinf2_.fit as fit4_2_2_,
        clothesinf2_.length as length5_2_2_,
        colors3_.id as id1_4_3_,
        colors3_.name as name2_4_3_,
        materials4_.id as id1_5_4_,
        materials4_.name as name2_5_4_,
        style5_.id as id1_13_5_,
        style5_.name as name2_13_5_,
        salesinfoc6_.id as id1_8_6_,
        salesinfoc6_.clothes_brand as clothes_2_8_6_,
        salesinfoc6_.clothes_color as clothes_3_8_6_,
        salesinfoc6_.clothes_gender as clothes_4_8_6_,
        salesinfoc6_.clothes_size as clothes_5_8_6_,
        salesinfos7_.id as id1_9_7_,
        salesinfos7_.status_score as status_s2_9_7_,
        salesinfos7_.status_tag as status_t3_9_7_,
        salesinfos7_.status_times as status_t4_9_7_,
        salesinfos7_.status_when2buy as status_w5_9_7_,
        salesinfos7_.transport as transpor6_9_7_,
        salesinfou8_.id as id1_10_8_,
        salesinfou8_.user_height as user_hei2_10_8_,
        salesinfou8_.user_size as user_siz3_10_8_,
        salesinfou8_.user_weight as user_wei4_10_8_ 
    from
        stores stores0_ 
    left outer join
        members members1_ 
            on stores0_.author_id=members1_.id 
    left outer join
        clothes_info clothesinf2_ 
            on stores0_.clothes_info_id=clothesinf2_.id 
    left outer join
        colors colors3_ 
            on stores0_.colors_name=colors3_.name 
    left outer join
        materials materials4_ 
            on stores0_.materials_name=materials4_.name 
    left outer join
        style style5_ 
            on stores0_.style_name=style5_.name 
    left outer join
        sales_info_clothes salesinfoc6_ 
            on stores0_.sales_info_clothes_id=salesinfoc6_.id 
    left outer join
        sales_info_status salesinfos7_ 
            on stores0_.sales_info_status_id=salesinfos7_.id 
    left outer join
        sales_info_user salesinfou8_ 
            on stores0_.sales_info_user_id=salesinfou8_.id 
    where
        stores0_.id=?
Hibernate: 
    select
        stores0_.id as id1_11_0_,
        stores0_.created_date as created_2_11_0_,
        stores0_.modified_date as modified3_11_0_,
        stores0_.author_id as author_i9_11_0_,
        stores0_.clothes_info_id as clothes10_11_0_,
        stores0_.colors_name as colors_11_11_0_,
        stores0_.materials_name as materia12_11_0_,
        stores0_.style_name as style_n13_11_0_,
        stores0_.clothes_length as clothes_4_11_0_,
        stores0_.content as content5_11_0_,
        stores0_.price as price6_11_0_,
        stores0_.sales_info_clothes_id as sales_i14_11_0_,
        stores0_.sales_info_status_id as sales_i15_11_0_,
        stores0_.sales_info_user_id as sales_i16_11_0_,
        stores0_.status as status7_11_0_,
        stores0_.title as title8_11_0_,
        members1_.id as id1_6_1_,
        members1_.email as email2_6_1_,
        members1_.image as image3_6_1_,
        members1_.name as name4_6_1_,
        members1_.nickname as nickname5_6_1_,
        members1_.password as password6_6_1_,
        members1_.phone as phone7_6_1_,
        members1_.refresh_token as refresh_8_6_1_,
        members1_.role as role9_6_1_,
        clothesinf2_.id as id1_2_2_,
        clothesinf2_.categoryl as category2_2_2_,
        clothesinf2_.categorys as category3_2_2_,
        clothesinf2_.fit as fit4_2_2_,
        clothesinf2_.length as length5_2_2_,
        colors3_.id as id1_4_3_,
        colors3_.name as name2_4_3_,
        materials4_.id as id1_5_4_,
        materials4_.name as name2_5_4_,
        style5_.id as id1_13_5_,
        style5_.name as name2_13_5_,
        salesinfoc6_.id as id1_8_6_,
        salesinfoc6_.clothes_brand as clothes_2_8_6_,
        salesinfoc6_.clothes_color as clothes_3_8_6_,
        salesinfoc6_.clothes_gender as clothes_4_8_6_,
        salesinfoc6_.clothes_size as clothes_5_8_6_,
        salesinfos7_.id as id1_9_7_,
        salesinfos7_.status_score as status_s2_9_7_,
        salesinfos7_.status_tag as status_t3_9_7_,
        salesinfos7_.status_times as status_t4_9_7_,
        salesinfos7_.status_when2buy as status_w5_9_7_,
        salesinfos7_.transport as transpor6_9_7_,
        salesinfou8_.id as id1_10_8_,
        salesinfou8_.user_height as user_hei2_10_8_,
        salesinfou8_.user_size as user_siz3_10_8_,
        salesinfou8_.user_weight as user_wei4_10_8_ 
    from
        stores stores0_ 
    left outer join
        members members1_ 
            on stores0_.author_id=members1_.id 
    left outer join
        clothes_info clothesinf2_ 
            on stores0_.clothes_info_id=clothesinf2_.id 
    left outer join
        colors colors3_ 
            on stores0_.colors_name=colors3_.name 
    left outer join
        materials materials4_ 
            on stores0_.materials_name=materials4_.name 
    left outer join
        style style5_ 
            on stores0_.style_name=style5_.name 
    left outer join
        sales_info_clothes salesinfoc6_ 
            on stores0_.sales_info_clothes_id=salesinfoc6_.id 
    left outer join
        sales_info_status salesinfos7_ 
            on stores0_.sales_info_status_id=salesinfos7_.id 
    left outer join
        sales_info_user salesinfou8_ 
            on stores0_.sales_info_user_id=salesinfou8_.id 
    where
        stores0_.id=?
]]></system-out>
  <system-err><![CDATA[]]></system-err>
</testsuite>
