<?xml version="1.0" encoding="UTF-8"?>
<testsuite name="com.betweenourclothes.web.StoresApiControllerTest" tests="1" skipped="0" failures="0" errors="0" timestamp="2022-11-08T06:18:18" hostname="user" time="0.997">
  <properties/>
  <testcase name="중고거래_댓글추가_확인" classname="com.betweenourclothes.web.StoresApiControllerTest" time="0.997"/>
  <system-out><![CDATA[15:18:12.092 [Test worker] DEBUG org.springframework.test.context.junit4.SpringJUnit4ClassRunner - SpringJUnit4ClassRunner constructor called with [class com.betweenourclothes.web.StoresApiControllerTest]
15:18:12.097 [Test worker] DEBUG org.springframework.test.context.BootstrapUtils - Instantiating CacheAwareContextLoaderDelegate from class [org.springframework.test.context.cache.DefaultCacheAwareContextLoaderDelegate]
15:18:12.103 [Test worker] DEBUG org.springframework.test.context.BootstrapUtils - Instantiating BootstrapContext using constructor [public org.springframework.test.context.support.DefaultBootstrapContext(java.lang.Class,org.springframework.test.context.CacheAwareContextLoaderDelegate)]
15:18:12.120 [Test worker] DEBUG org.springframework.test.context.BootstrapUtils - Instantiating TestContextBootstrapper for test class [com.betweenourclothes.web.StoresApiControllerTest] from class [org.springframework.boot.test.context.SpringBootTestContextBootstrapper]
15:18:12.128 [Test worker] INFO org.springframework.boot.test.context.SpringBootTestContextBootstrapper - Neither @ContextConfiguration nor @ContextHierarchy found for test class [com.betweenourclothes.web.StoresApiControllerTest], using SpringBootContextLoader
15:18:12.130 [Test worker] DEBUG org.springframework.test.context.support.AbstractContextLoader - Did not detect default resource location for test class [com.betweenourclothes.web.StoresApiControllerTest]: class path resource [com/betweenourclothes/web/StoresApiControllerTest-context.xml] does not exist
15:18:12.130 [Test worker] DEBUG org.springframework.test.context.support.AbstractContextLoader - Did not detect default resource location for test class [com.betweenourclothes.web.StoresApiControllerTest]: class path resource [com/betweenourclothes/web/StoresApiControllerTestContext.groovy] does not exist
15:18:12.130 [Test worker] INFO org.springframework.test.context.support.AbstractContextLoader - Could not detect default resource locations for test class [com.betweenourclothes.web.StoresApiControllerTest]: no resource found for suffixes {-context.xml, Context.groovy}.
15:18:12.131 [Test worker] INFO org.springframework.test.context.support.AnnotationConfigContextLoaderUtils - Could not detect default configuration classes for test class [com.betweenourclothes.web.StoresApiControllerTest]: StoresApiControllerTest does not declare any static, non-private, non-final, nested classes annotated with @Configuration.
15:18:12.161 [Test worker] DEBUG org.springframework.test.context.support.ActiveProfilesUtils - Could not find an 'annotation declaring class' for annotation type [org.springframework.test.context.ActiveProfiles] and class [com.betweenourclothes.web.StoresApiControllerTest]
15:18:12.235 [Test worker] DEBUG org.springframework.context.annotation.ClassPathScanningCandidateComponentProvider - Identified candidate component class: file [C:\Users\user1\Desktop\송아\캡스톤\repo\between-our-clothes-server\build\classes\java\main\com\betweenourclothes\Application.class]
15:18:12.236 [Test worker] INFO org.springframework.boot.test.context.SpringBootTestContextBootstrapper - Found @SpringBootConfiguration com.betweenourclothes.Application for test class com.betweenourclothes.web.StoresApiControllerTest
15:18:12.310 [Test worker] DEBUG org.springframework.boot.test.context.SpringBootTestContextBootstrapper - @TestExecutionListeners is not present for class [com.betweenourclothes.web.StoresApiControllerTest]: using defaults.
15:18:12.310 [Test worker] INFO org.springframework.boot.test.context.SpringBootTestContextBootstrapper - Loaded default TestExecutionListener class names from location [META-INF/spring.factories]: [org.springframework.security.test.context.support.WithSecurityContextTestExecutionListener, org.springframework.security.test.context.support.ReactorContextTestExecutionListener, org.springframework.boot.test.autoconfigure.restdocs.RestDocsTestExecutionListener, org.springframework.boot.test.autoconfigure.web.client.MockRestServiceServerResetTestExecutionListener, org.springframework.boot.test.autoconfigure.web.servlet.MockMvcPrintOnlyOnFailureTestExecutionListener, org.springframework.boot.test.autoconfigure.web.servlet.WebDriverTestExecutionListener, org.springframework.boot.test.mock.mockito.MockitoTestExecutionListener, org.springframework.boot.test.mock.mockito.ResetMocksTestExecutionListener, org.springframework.test.context.web.ServletTestExecutionListener, org.springframework.test.context.support.DirtiesContextBeforeModesTestExecutionListener, org.springframework.test.context.support.DependencyInjectionTestExecutionListener, org.springframework.test.context.support.DirtiesContextTestExecutionListener, org.springframework.test.context.transaction.TransactionalTestExecutionListener, org.springframework.test.context.jdbc.SqlScriptsTestExecutionListener]
15:18:12.324 [Test worker] INFO org.springframework.boot.test.context.SpringBootTestContextBootstrapper - Using TestExecutionListeners: [org.springframework.test.context.web.ServletTestExecutionListener@354b11fb, org.springframework.test.context.support.DirtiesContextBeforeModesTestExecutionListener@2507e58a, org.springframework.boot.test.mock.mockito.MockitoTestExecutionListener@7954b8ac, org.springframework.boot.test.autoconfigure.SpringBootDependencyInjectionTestExecutionListener@4effa4b5, org.springframework.test.context.support.DirtiesContextTestExecutionListener@2356a058, org.springframework.test.context.transaction.TransactionalTestExecutionListener@39673a0d, org.springframework.test.context.jdbc.SqlScriptsTestExecutionListener@65aa7455, org.springframework.security.test.context.support.WithSecurityContextTestExecutionListener@56c3ae59, org.springframework.security.test.context.support.ReactorContextTestExecutionListener@400180b9, org.springframework.boot.test.autoconfigure.restdocs.RestDocsTestExecutionListener@40b66de6, org.springframework.boot.test.autoconfigure.web.client.MockRestServiceServerResetTestExecutionListener@7688b179, org.springframework.boot.test.autoconfigure.web.servlet.MockMvcPrintOnlyOnFailureTestExecutionListener@3df26897, org.springframework.boot.test.autoconfigure.web.servlet.WebDriverTestExecutionListener@71ba33d8, org.springframework.boot.test.mock.mockito.ResetMocksTestExecutionListener@290a954]
15:18:12.326 [Test worker] DEBUG org.springframework.test.annotation.ProfileValueUtils - Retrieved @ProfileValueSourceConfiguration [null] for test class [com.betweenourclothes.web.StoresApiControllerTest]
15:18:12.326 [Test worker] DEBUG org.springframework.test.annotation.ProfileValueUtils - Retrieved ProfileValueSource type [class org.springframework.test.annotation.SystemProfileValueSource] for class [com.betweenourclothes.web.StoresApiControllerTest]
15:18:12.329 [Test worker] DEBUG org.springframework.test.annotation.ProfileValueUtils - Retrieved @ProfileValueSourceConfiguration [null] for test class [com.betweenourclothes.web.StoresApiControllerTest]
15:18:12.329 [Test worker] DEBUG org.springframework.test.annotation.ProfileValueUtils - Retrieved ProfileValueSource type [class org.springframework.test.annotation.SystemProfileValueSource] for class [com.betweenourclothes.web.StoresApiControllerTest]
15:18:12.329 [Test worker] DEBUG org.springframework.test.annotation.ProfileValueUtils - Retrieved @ProfileValueSourceConfiguration [null] for test class [com.betweenourclothes.web.StoresApiControllerTest]
15:18:12.329 [Test worker] DEBUG org.springframework.test.annotation.ProfileValueUtils - Retrieved ProfileValueSource type [class org.springframework.test.annotation.SystemProfileValueSource] for class [com.betweenourclothes.web.StoresApiControllerTest]
15:18:12.332 [Test worker] DEBUG org.springframework.test.context.support.AbstractDirtiesContextTestExecutionListener - Before test class: context [DefaultTestContext@749cd38e testClass = StoresApiControllerTest, testInstance = [null], testMethod = [null], testException = [null], mergedContextConfiguration = [WebMergedContextConfiguration@31dd4d8a testClass = StoresApiControllerTest, locations = '{}', classes = '{class com.betweenourclothes.Application}', contextInitializerClasses = '[]', activeProfiles = '{}', propertySourceLocations = '{}', propertySourceProperties = '{org.springframework.boot.test.context.SpringBootTestContextBootstrapper=true, server.port=0}', contextCustomizers = set[org.springframework.boot.test.autoconfigure.properties.PropertyMappingContextCustomizer@0, org.springframework.boot.test.autoconfigure.web.servlet.WebDriverContextCustomizerFactory$Customizer@6adae6d0, org.springframework.boot.test.context.filter.ExcludeFilterContextCustomizer@6e12d78d, org.springframework.boot.test.json.DuplicateJsonObjectContextCustomizerFactory$DuplicateJsonObjectContextCustomizer@44664d0b, org.springframework.boot.test.mock.mockito.MockitoContextCustomizer@0, org.springframework.boot.test.web.client.TestRestTemplateContextCustomizer@4556338a], resourceBasePath = 'src/main/webapp', contextLoader = 'org.springframework.boot.test.context.SpringBootContextLoader', parent = [null]], attributes = map['org.springframework.test.context.web.ServletTestExecutionListener.activateListener' -> false]], class annotated with @DirtiesContext [false] with mode [null].
15:18:12.333 [Test worker] DEBUG org.springframework.test.annotation.ProfileValueUtils - Retrieved @ProfileValueSourceConfiguration [null] for test class [com.betweenourclothes.web.StoresApiControllerTest]
15:18:12.333 [Test worker] DEBUG org.springframework.test.annotation.ProfileValueUtils - Retrieved ProfileValueSource type [class org.springframework.test.annotation.SystemProfileValueSource] for class [com.betweenourclothes.web.StoresApiControllerTest]
15:18:12.336 [Test worker] DEBUG org.springframework.test.context.support.DependencyInjectionTestExecutionListener - Performing dependency injection for test context [[DefaultTestContext@749cd38e testClass = StoresApiControllerTest, testInstance = com.betweenourclothes.web.StoresApiControllerTest@2c9b1d4e, testMethod = [null], testException = [null], mergedContextConfiguration = [WebMergedContextConfiguration@31dd4d8a testClass = StoresApiControllerTest, locations = '{}', classes = '{class com.betweenourclothes.Application}', contextInitializerClasses = '[]', activeProfiles = '{}', propertySourceLocations = '{}', propertySourceProperties = '{org.springframework.boot.test.context.SpringBootTestContextBootstrapper=true, server.port=0}', contextCustomizers = set[org.springframework.boot.test.autoconfigure.properties.PropertyMappingContextCustomizer@0, org.springframework.boot.test.autoconfigure.web.servlet.WebDriverContextCustomizerFactory$Customizer@6adae6d0, org.springframework.boot.test.context.filter.ExcludeFilterContextCustomizer@6e12d78d, org.springframework.boot.test.json.DuplicateJsonObjectContextCustomizerFactory$DuplicateJsonObjectContextCustomizer@44664d0b, org.springframework.boot.test.mock.mockito.MockitoContextCustomizer@0, org.springframework.boot.test.web.client.TestRestTemplateContextCustomizer@4556338a], resourceBasePath = 'src/main/webapp', contextLoader = 'org.springframework.boot.test.context.SpringBootContextLoader', parent = [null]], attributes = map['org.springframework.test.context.web.ServletTestExecutionListener.activateListener' -> false]]].
15:18:12.349 [Test worker] DEBUG org.springframework.test.context.support.TestPropertySourceUtils - Adding inlined properties to environment: {spring.jmx.enabled=false, org.springframework.boot.test.context.SpringBootTestContextBootstrapper=true, server.port=0}

  .   ____          _            __ _ _
 /\\ / ___'_ __ _ _(_)_ __  __ _ \ \ \ \
( ( )\___ | '_ | '_| | '_ \/ _` | \ \ \ \
 \\/  ___)| |_)| | | | | || (_| |  ) ) ) )
  '  |____| .__|_| |_|_| |_\__, | / / / /
 =========|_|==============|___/=/_/_/_/
 :: Spring Boot ::        (v2.1.7.RELEASE)

2022-11-08 15:18:12.527  INFO 1076 --- [    Test worker] c.b.web.StoresApiControllerTest          : Starting StoresApiControllerTest on user with PID 1076 (started by user1 in C:\Users\user1\Desktop\송아\캡스톤\repo\between-our-clothes-server)
2022-11-08 15:18:12.528  INFO 1076 --- [    Test worker] c.b.web.StoresApiControllerTest          : No active profile set, falling back to default profiles: default
2022-11-08 15:18:13.251  INFO 1076 --- [    Test worker] .s.d.r.c.RepositoryConfigurationDelegate : Bootstrapping Spring Data repositories in DEFAULT mode.
2022-11-08 15:18:13.360  INFO 1076 --- [    Test worker] .s.d.r.c.RepositoryConfigurationDelegate : Finished Spring Data repository scanning in 101ms. Found 13 repository interfaces.
2022-11-08 15:18:13.690  INFO 1076 --- [    Test worker] trationDelegate$BeanPostProcessorChecker : Bean 'org.springframework.transaction.annotation.ProxyTransactionManagementConfiguration' of type [org.springframework.transaction.annotation.ProxyTransactionManagementConfiguration$$EnhancerBySpringCGLIB$$3db6bdbc] is not eligible for getting processed by all BeanPostProcessors (for example: not eligible for auto-proxying)
2022-11-08 15:18:14.021  INFO 1076 --- [    Test worker] o.s.b.w.embedded.tomcat.TomcatWebServer  : Tomcat initialized with port(s): 0 (http)
2022-11-08 15:18:14.042  INFO 1076 --- [    Test worker] o.apache.catalina.core.StandardService   : Starting service [Tomcat]
2022-11-08 15:18:14.042  INFO 1076 --- [    Test worker] org.apache.catalina.core.StandardEngine  : Starting Servlet engine: [Apache Tomcat/9.0.22]
2022-11-08 15:18:14.165  INFO 1076 --- [    Test worker] o.a.c.c.C.[Tomcat].[localhost].[/]       : Initializing Spring embedded WebApplicationContext
2022-11-08 15:18:14.165  INFO 1076 --- [    Test worker] o.s.web.context.ContextLoader            : Root WebApplicationContext: initialization completed in 1623 ms
2022-11-08 15:18:14.396  INFO 1076 --- [    Test worker] com.zaxxer.hikari.HikariDataSource       : HikariPool-1 - Starting...
2022-11-08 15:18:14.789  INFO 1076 --- [    Test worker] com.zaxxer.hikari.HikariDataSource       : HikariPool-1 - Start completed.
2022-11-08 15:18:14.852  INFO 1076 --- [    Test worker] o.hibernate.jpa.internal.util.LogHelper  : HHH000204: Processing PersistenceUnitInfo [
	name: default
	...]
2022-11-08 15:18:14.925  INFO 1076 --- [    Test worker] org.hibernate.Version                    : HHH000412: Hibernate Core {5.3.10.Final}
2022-11-08 15:18:14.926  INFO 1076 --- [    Test worker] org.hibernate.cfg.Environment            : HHH000206: hibernate.properties not found
2022-11-08 15:18:15.059  INFO 1076 --- [    Test worker] o.hibernate.annotations.common.Version   : HCANN000001: Hibernate Commons Annotations {5.0.4.Final}
2022-11-08 15:18:15.182  INFO 1076 --- [    Test worker] org.hibernate.dialect.Dialect            : HHH000400: Using dialect: org.hibernate.dialect.MySQL5InnoDBDialect
Hibernate: 
    
    create table stores_comments (
       id bigint not null auto_increment,
        created_date datetime,
        modified_date datetime,
        content varchar(255),
        user_id bigint,
        post_id bigint,
        primary key (id)
    ) engine=InnoDB
Hibernate: 
    
    alter table stores_comments 
       add constraint FKt7dgnnsdqj9kylevgq6ys3ftl 
       foreign key (user_id) 
       references members (id)
Hibernate: 
    
    alter table stores_comments 
       add constraint FK1xq29tkmnnw5rr24br7lexj8a 
       foreign key (post_id) 
       references stores (id)
2022-11-08 15:18:16.198  INFO 1076 --- [    Test worker] j.LocalContainerEntityManagerFactoryBean : Initialized JPA EntityManagerFactory for persistence unit 'default'
2022-11-08 15:18:16.774  INFO 1076 --- [    Test worker] o.h.h.i.QueryTranslatorFactoryInitiator  : HHH000397: Using ASTQueryTranslatorFactory
2022-11-08 15:18:17.103  WARN 1076 --- [    Test worker] aWebConfiguration$JpaWebMvcConfiguration : spring.jpa.open-in-view is enabled by default. Therefore, database queries may be performed during view rendering. Explicitly configure spring.jpa.open-in-view to disable this warning
2022-11-08 15:18:17.384  INFO 1076 --- [    Test worker] o.s.s.web.DefaultSecurityFilterChain     : Creating filter chain: org.springframework.boot.autoconfigure.security.servlet.StaticResourceRequest$StaticResourceRequestMatcher@4068b7d1, []
2022-11-08 15:18:17.449  INFO 1076 --- [    Test worker] o.s.s.web.DefaultSecurityFilterChain     : Creating filter chain: any request, [org.springframework.security.web.context.request.async.WebAsyncManagerIntegrationFilter@6d879ab0, org.springframework.security.web.context.SecurityContextPersistenceFilter@131af185, org.springframework.security.web.header.HeaderWriterFilter@34309469, org.springframework.security.web.authentication.logout.LogoutFilter@23d412eb, com.betweenourclothes.jwt.JwtAuthenticationFilter@5884171a, org.springframework.security.web.savedrequest.RequestCacheAwareFilter@41e6fe02, org.springframework.security.web.servletapi.SecurityContextHolderAwareRequestFilter@2df20cc8, org.springframework.security.web.authentication.AnonymousAuthenticationFilter@454ea20e, org.springframework.security.web.session.SessionManagementFilter@62f694da, org.springframework.security.web.access.ExceptionTranslationFilter@544b1ae2, org.springframework.security.web.access.intercept.FilterSecurityInterceptor@8c84b02]
2022-11-08 15:18:17.498  INFO 1076 --- [    Test worker] pertySourcedRequestMappingHandlerMapping : Mapped URL path [/v2/api-docs] onto method [public org.springframework.http.ResponseEntity<springfox.documentation.spring.web.json.Json> springfox.documentation.swagger2.web.Swagger2Controller.getDocumentation(java.lang.String,javax.servlet.http.HttpServletRequest)]
2022-11-08 15:18:17.773  INFO 1076 --- [    Test worker] o.s.s.concurrent.ThreadPoolTaskExecutor  : Initializing ExecutorService 'applicationTaskExecutor'
2022-11-08 15:18:18.080  INFO 1076 --- [    Test worker] d.s.w.p.DocumentationPluginsBootstrapper : Context refreshed
2022-11-08 15:18:18.104  INFO 1076 --- [    Test worker] d.s.w.p.DocumentationPluginsBootstrapper : Found 1 custom documentation plugin(s)
2022-11-08 15:18:18.136  INFO 1076 --- [    Test worker] s.d.s.w.s.ApiListingReferenceScanner     : Scanning for api listing references
2022-11-08 15:18:18.313  INFO 1076 --- [    Test worker] .d.s.w.r.o.CachingOperationNameGenerator : Generating unique operation named: deleteUsingDELETE_1
2022-11-08 15:18:18.320  INFO 1076 --- [    Test worker] .d.s.w.r.o.CachingOperationNameGenerator : Generating unique operation named: findImagesByAllCategoryUsingGET_1
2022-11-08 15:18:18.327  INFO 1076 --- [    Test worker] .d.s.w.r.o.CachingOperationNameGenerator : Generating unique operation named: findPostByIdUsingGET_1
2022-11-08 15:18:18.341  INFO 1076 --- [    Test worker] .d.s.w.r.o.CachingOperationNameGenerator : Generating unique operation named: postUsingPOST_1
2022-11-08 15:18:18.344  INFO 1076 --- [    Test worker] .d.s.w.r.o.CachingOperationNameGenerator : Generating unique operation named: updateUsingPATCH_1
2022-11-08 15:18:18.371  INFO 1076 --- [    Test worker] o.s.b.w.embedded.tomcat.TomcatWebServer  : Tomcat started on port(s): 61428 (http) with context path ''
2022-11-08 15:18:18.372  INFO 1076 --- [    Test worker] c.b.web.StoresApiControllerTest          : Started StoresApiControllerTest in 6.022 seconds (JVM running for 6.788)
2022-11-08 15:18:18.520  INFO 1076 --- [o-auto-1-exec-1] o.a.c.c.C.[Tomcat].[localhost].[/]       : Initializing Spring DispatcherServlet 'dispatcherServlet'
2022-11-08 15:18:18.520  INFO 1076 --- [o-auto-1-exec-1] o.s.web.servlet.DispatcherServlet        : Initializing Servlet 'dispatcherServlet'
2022-11-08 15:18:18.542  INFO 1076 --- [o-auto-1-exec-1] o.s.web.servlet.DispatcherServlet        : Completed initialization in 22 ms
Hibernate: 
    select
        members0_.id as id1_6_,
        members0_.email as email2_6_,
        members0_.image as image3_6_,
        members0_.name as name4_6_,
        members0_.nickname as nickname5_6_,
        members0_.password as password6_6_,
        members0_.phone as phone7_6_,
        members0_.refresh_token as refresh_8_6_,
        members0_.role as role9_6_ 
    from
        members members0_ 
    where
        members0_.email=?
Hibernate: 
    select
        members0_.id as id1_6_,
        members0_.email as email2_6_,
        members0_.image as image3_6_,
        members0_.name as name4_6_,
        members0_.nickname as nickname5_6_,
        members0_.password as password6_6_,
        members0_.phone as phone7_6_,
        members0_.refresh_token as refresh_8_6_,
        members0_.role as role9_6_ 
    from
        members members0_ 
    where
        members0_.email=?
Hibernate: 
    update
        members 
    set
        email=?,
        image=?,
        name=?,
        nickname=?,
        password=?,
        phone=?,
        refresh_token=?,
        role=? 
    where
        id=?
BearereyJhbGciOiJIUzI1NiJ9.eyJzdWIiOiJndW5zb25nMkBuYXZlci5jb20iLCJhdXRoIjoiUk9MRV9VU0VSIiwiZXhwIjoxNjY3ODk5MDk4fQ.q7Sbway53KN8DTRxuKQf1NKR4lpcNo44BrCBFY49JOU
2022-11-08 15:18:18.920  INFO 1076 --- [    Test worker] o.a.c.c.C.[Tomcat].[localhost].[/]       : Initializing Spring TestDispatcherServlet ''
2022-11-08 15:18:18.920  INFO 1076 --- [    Test worker] o.s.t.web.servlet.TestDispatcherServlet  : Initializing Servlet ''
2022-11-08 15:18:18.922  INFO 1076 --- [    Test worker] o.s.t.web.servlet.TestDispatcherServlet  : Completed initialization in 2 ms
gunsong2@naver.com
Hibernate: 
    select
        members0_.id as id1_6_,
        members0_.email as email2_6_,
        members0_.image as image3_6_,
        members0_.name as name4_6_,
        members0_.nickname as nickname5_6_,
        members0_.password as password6_6_,
        members0_.phone as phone7_6_,
        members0_.refresh_token as refresh_8_6_,
        members0_.role as role9_6_ 
    from
        members members0_ 
    where
        members0_.email=?
Hibernate: 
    select
        style0_.id as id1_12_,
        style0_.name as name2_12_ 
    from
        style style0_ 
    where
        style0_.name=?
Hibernate: 
    select
        materials0_.id as id1_5_,
        materials0_.name as name2_5_ 
    from
        materials materials0_ 
    where
        materials0_.name=?
Hibernate: 
    select
        colors0_.id as id1_4_,
        colors0_.name as name2_4_ 
    from
        colors colors0_ 
    where
        colors0_.name=?
Hibernate: 
    select
        clothesinf0_.id as id1_2_,
        clothesinf0_.categoryl as category2_2_,
        clothesinf0_.categorys as category3_2_,
        clothesinf0_.fit as fit4_2_,
        clothesinf0_.length as length5_2_ 
    from
        clothes_info clothesinf0_ 
    where
        clothesinf0_.categoryl=? 
        and clothesinf0_.categorys=? 
        and clothesinf0_.length=? 
        and clothesinf0_.fit=?
Hibernate: 
    select
        salesinfoc0_.id as id1_7_,
        salesinfoc0_.clothes_brand as clothes_2_7_,
        salesinfoc0_.clothes_color as clothes_3_7_,
        salesinfoc0_.clothes_gender as clothes_4_7_,
        salesinfoc0_.clothes_size as clothes_5_7_ 
    from
        sales_info_clothes salesinfoc0_ 
    where
        salesinfoc0_.clothes_brand=? 
        and salesinfoc0_.clothes_gender=? 
        and salesinfoc0_.clothes_size=? 
        and salesinfoc0_.clothes_color=?
Hibernate: 
    select
        salesinfos0_.id as id1_8_,
        salesinfos0_.status_score as status_s2_8_,
        salesinfos0_.status_tag as status_t3_8_,
        salesinfos0_.status_times as status_t4_8_,
        salesinfos0_.status_when2buy as status_w5_8_,
        salesinfos0_.transport as transpor6_8_ 
    from
        sales_info_status salesinfos0_ 
    where
        salesinfos0_.status_tag=? 
        and salesinfos0_.status_score=? 
        and salesinfos0_.status_times=? 
        and salesinfos0_.status_when2buy=? 
        and salesinfos0_.transport=?
Hibernate: 
    select
        salesinfou0_.id as id1_9_,
        salesinfou0_.user_height as user_hei2_9_,
        salesinfou0_.user_size as user_siz3_9_,
        salesinfou0_.user_weight as user_wei4_9_ 
    from
        sales_info_user salesinfou0_ 
    where
        salesinfou0_.user_size=? 
        and salesinfou0_.user_weight=? 
        and salesinfou0_.user_height=?
Hibernate: 
    insert 
    into
        clothes_image
        (closets_post_id, path, stores_post_id, type) 
    values
        (?, ?, ?, ?)
Hibernate: 
    insert 
    into
        clothes_image
        (closets_post_id, path, stores_post_id, type) 
    values
        (?, ?, ?, ?)
Hibernate: 
    insert 
    into
        stores
        (created_date, modified_date, author_id, clothes_info_id, colors_name, materials_name, style_name, clothes_length, content, price, sales_info_clothes_id, sales_info_status_id, sales_info_user_id, status, title) 
    values
        (?, ?, ?, ?, ?, ?, ?, ?, ?, ?, ?, ?, ?, ?, ?)
Hibernate: 
    update
        clothes_image 
    set
        closets_post_id=?,
        path=?,
        stores_post_id=?,
        type=? 
    where
        id=?
Hibernate: 
    update
        clothes_image 
    set
        closets_post_id=?,
        path=?,
        stores_post_id=?,
        type=? 
    where
        id=?
Hibernate: 
    update
        clothes_image 
    set
        images_order=? 
    where
        id=?
Hibernate: 
    update
        clothes_image 
    set
        images_order=? 
    where
        id=?
gunsong2@naver.com
Hibernate: 
    select
        members0_.id as id1_6_,
        members0_.email as email2_6_,
        members0_.image as image3_6_,
        members0_.name as name4_6_,
        members0_.nickname as nickname5_6_,
        members0_.password as password6_6_,
        members0_.phone as phone7_6_,
        members0_.refresh_token as refresh_8_6_,
        members0_.role as role9_6_ 
    from
        members members0_ 
    where
        members0_.email=?
Hibernate: 
    select
        style0_.id as id1_12_,
        style0_.name as name2_12_ 
    from
        style style0_ 
    where
        style0_.name=?
Hibernate: 
    select
        materials0_.id as id1_5_,
        materials0_.name as name2_5_ 
    from
        materials materials0_ 
    where
        materials0_.name=?
Hibernate: 
    select
        colors0_.id as id1_4_,
        colors0_.name as name2_4_ 
    from
        colors colors0_ 
    where
        colors0_.name=?
Hibernate: 
    select
        clothesinf0_.id as id1_2_,
        clothesinf0_.categoryl as category2_2_,
        clothesinf0_.categorys as category3_2_,
        clothesinf0_.fit as fit4_2_,
        clothesinf0_.length as length5_2_ 
    from
        clothes_info clothesinf0_ 
    where
        clothesinf0_.categoryl=? 
        and clothesinf0_.categorys=? 
        and clothesinf0_.length=? 
        and clothesinf0_.fit=?
Hibernate: 
    select
        salesinfoc0_.id as id1_7_,
        salesinfoc0_.clothes_brand as clothes_2_7_,
        salesinfoc0_.clothes_color as clothes_3_7_,
        salesinfoc0_.clothes_gender as clothes_4_7_,
        salesinfoc0_.clothes_size as clothes_5_7_ 
    from
        sales_info_clothes salesinfoc0_ 
    where
        salesinfoc0_.clothes_brand=? 
        and salesinfoc0_.clothes_gender=? 
        and salesinfoc0_.clothes_size=? 
        and salesinfoc0_.clothes_color=?
Hibernate: 
    select
        salesinfos0_.id as id1_8_,
        salesinfos0_.status_score as status_s2_8_,
        salesinfos0_.status_tag as status_t3_8_,
        salesinfos0_.status_times as status_t4_8_,
        salesinfos0_.status_when2buy as status_w5_8_,
        salesinfos0_.transport as transpor6_8_ 
    from
        sales_info_status salesinfos0_ 
    where
        salesinfos0_.status_tag=? 
        and salesinfos0_.status_score=? 
        and salesinfos0_.status_times=? 
        and salesinfos0_.status_when2buy=? 
        and salesinfos0_.transport=?
Hibernate: 
    select
        salesinfou0_.id as id1_9_,
        salesinfou0_.user_height as user_hei2_9_,
        salesinfou0_.user_size as user_siz3_9_,
        salesinfou0_.user_weight as user_wei4_9_ 
    from
        sales_info_user salesinfou0_ 
    where
        salesinfou0_.user_size=? 
        and salesinfou0_.user_weight=? 
        and salesinfou0_.user_height=?
Hibernate: 
    insert 
    into
        clothes_image
        (closets_post_id, path, stores_post_id, type) 
    values
        (?, ?, ?, ?)
Hibernate: 
    insert 
    into
        clothes_image
        (closets_post_id, path, stores_post_id, type) 
    values
        (?, ?, ?, ?)
Hibernate: 
    insert 
    into
        stores
        (created_date, modified_date, author_id, clothes_info_id, colors_name, materials_name, style_name, clothes_length, content, price, sales_info_clothes_id, sales_info_status_id, sales_info_user_id, status, title) 
    values
        (?, ?, ?, ?, ?, ?, ?, ?, ?, ?, ?, ?, ?, ?, ?)
Hibernate: 
    update
        clothes_image 
    set
        closets_post_id=?,
        path=?,
        stores_post_id=?,
        type=? 
    where
        id=?
Hibernate: 
    update
        clothes_image 
    set
        closets_post_id=?,
        path=?,
        stores_post_id=?,
        type=? 
    where
        id=?
Hibernate: 
    update
        clothes_image 
    set
        images_order=? 
    where
        id=?
Hibernate: 
    update
        clothes_image 
    set
        images_order=? 
    where
        id=?
gunsong2@naver.com
Hibernate: 
    select
        members0_.id as id1_6_,
        members0_.email as email2_6_,
        members0_.image as image3_6_,
        members0_.name as name4_6_,
        members0_.nickname as nickname5_6_,
        members0_.password as password6_6_,
        members0_.phone as phone7_6_,
        members0_.refresh_token as refresh_8_6_,
        members0_.role as role9_6_ 
    from
        members members0_ 
    where
        members0_.email=?
Hibernate: 
    select
        style0_.id as id1_12_,
        style0_.name as name2_12_ 
    from
        style style0_ 
    where
        style0_.name=?
Hibernate: 
    select
        materials0_.id as id1_5_,
        materials0_.name as name2_5_ 
    from
        materials materials0_ 
    where
        materials0_.name=?
Hibernate: 
    select
        colors0_.id as id1_4_,
        colors0_.name as name2_4_ 
    from
        colors colors0_ 
    where
        colors0_.name=?
Hibernate: 
    select
        clothesinf0_.id as id1_2_,
        clothesinf0_.categoryl as category2_2_,
        clothesinf0_.categorys as category3_2_,
        clothesinf0_.fit as fit4_2_,
        clothesinf0_.length as length5_2_ 
    from
        clothes_info clothesinf0_ 
    where
        clothesinf0_.categoryl=? 
        and clothesinf0_.categorys=? 
        and clothesinf0_.length=? 
        and clothesinf0_.fit=?
Hibernate: 
    select
        salesinfoc0_.id as id1_7_,
        salesinfoc0_.clothes_brand as clothes_2_7_,
        salesinfoc0_.clothes_color as clothes_3_7_,
        salesinfoc0_.clothes_gender as clothes_4_7_,
        salesinfoc0_.clothes_size as clothes_5_7_ 
    from
        sales_info_clothes salesinfoc0_ 
    where
        salesinfoc0_.clothes_brand=? 
        and salesinfoc0_.clothes_gender=? 
        and salesinfoc0_.clothes_size=? 
        and salesinfoc0_.clothes_color=?
Hibernate: 
    select
        salesinfos0_.id as id1_8_,
        salesinfos0_.status_score as status_s2_8_,
        salesinfos0_.status_tag as status_t3_8_,
        salesinfos0_.status_times as status_t4_8_,
        salesinfos0_.status_when2buy as status_w5_8_,
        salesinfos0_.transport as transpor6_8_ 
    from
        sales_info_status salesinfos0_ 
    where
        salesinfos0_.status_tag=? 
        and salesinfos0_.status_score=? 
        and salesinfos0_.status_times=? 
        and salesinfos0_.status_when2buy=? 
        and salesinfos0_.transport=?
Hibernate: 
    select
        salesinfou0_.id as id1_9_,
        salesinfou0_.user_height as user_hei2_9_,
        salesinfou0_.user_size as user_siz3_9_,
        salesinfou0_.user_weight as user_wei4_9_ 
    from
        sales_info_user salesinfou0_ 
    where
        salesinfou0_.user_size=? 
        and salesinfou0_.user_weight=? 
        and salesinfou0_.user_height=?
Hibernate: 
    insert 
    into
        clothes_image
        (closets_post_id, path, stores_post_id, type) 
    values
        (?, ?, ?, ?)
Hibernate: 
    insert 
    into
        clothes_image
        (closets_post_id, path, stores_post_id, type) 
    values
        (?, ?, ?, ?)
Hibernate: 
    insert 
    into
        stores
        (created_date, modified_date, author_id, clothes_info_id, colors_name, materials_name, style_name, clothes_length, content, price, sales_info_clothes_id, sales_info_status_id, sales_info_user_id, status, title) 
    values
        (?, ?, ?, ?, ?, ?, ?, ?, ?, ?, ?, ?, ?, ?, ?)
Hibernate: 
    update
        clothes_image 
    set
        closets_post_id=?,
        path=?,
        stores_post_id=?,
        type=? 
    where
        id=?
Hibernate: 
    update
        clothes_image 
    set
        closets_post_id=?,
        path=?,
        stores_post_id=?,
        type=? 
    where
        id=?
Hibernate: 
    update
        clothes_image 
    set
        images_order=? 
    where
        id=?
Hibernate: 
    update
        clothes_image 
    set
        images_order=? 
    where
        id=?
gunsong2@naver.com
Hibernate: 
    select
        members0_.id as id1_6_,
        members0_.email as email2_6_,
        members0_.image as image3_6_,
        members0_.name as name4_6_,
        members0_.nickname as nickname5_6_,
        members0_.password as password6_6_,
        members0_.phone as phone7_6_,
        members0_.refresh_token as refresh_8_6_,
        members0_.role as role9_6_ 
    from
        members members0_ 
    where
        members0_.email=?
Hibernate: 
    select
        style0_.id as id1_12_,
        style0_.name as name2_12_ 
    from
        style style0_ 
    where
        style0_.name=?
Hibernate: 
    select
        materials0_.id as id1_5_,
        materials0_.name as name2_5_ 
    from
        materials materials0_ 
    where
        materials0_.name=?
Hibernate: 
    select
        colors0_.id as id1_4_,
        colors0_.name as name2_4_ 
    from
        colors colors0_ 
    where
        colors0_.name=?
Hibernate: 
    select
        clothesinf0_.id as id1_2_,
        clothesinf0_.categoryl as category2_2_,
        clothesinf0_.categorys as category3_2_,
        clothesinf0_.fit as fit4_2_,
        clothesinf0_.length as length5_2_ 
    from
        clothes_info clothesinf0_ 
    where
        clothesinf0_.categoryl=? 
        and clothesinf0_.categorys=? 
        and clothesinf0_.length=? 
        and clothesinf0_.fit=?
Hibernate: 
    select
        salesinfoc0_.id as id1_7_,
        salesinfoc0_.clothes_brand as clothes_2_7_,
        salesinfoc0_.clothes_color as clothes_3_7_,
        salesinfoc0_.clothes_gender as clothes_4_7_,
        salesinfoc0_.clothes_size as clothes_5_7_ 
    from
        sales_info_clothes salesinfoc0_ 
    where
        salesinfoc0_.clothes_brand=? 
        and salesinfoc0_.clothes_gender=? 
        and salesinfoc0_.clothes_size=? 
        and salesinfoc0_.clothes_color=?
Hibernate: 
    select
        salesinfos0_.id as id1_8_,
        salesinfos0_.status_score as status_s2_8_,
        salesinfos0_.status_tag as status_t3_8_,
        salesinfos0_.status_times as status_t4_8_,
        salesinfos0_.status_when2buy as status_w5_8_,
        salesinfos0_.transport as transpor6_8_ 
    from
        sales_info_status salesinfos0_ 
    where
        salesinfos0_.status_tag=? 
        and salesinfos0_.status_score=? 
        and salesinfos0_.status_times=? 
        and salesinfos0_.status_when2buy=? 
        and salesinfos0_.transport=?
Hibernate: 
    select
        salesinfou0_.id as id1_9_,
        salesinfou0_.user_height as user_hei2_9_,
        salesinfou0_.user_size as user_siz3_9_,
        salesinfou0_.user_weight as user_wei4_9_ 
    from
        sales_info_user salesinfou0_ 
    where
        salesinfou0_.user_size=? 
        and salesinfou0_.user_weight=? 
        and salesinfou0_.user_height=?
Hibernate: 
    insert 
    into
        clothes_image
        (closets_post_id, path, stores_post_id, type) 
    values
        (?, ?, ?, ?)
Hibernate: 
    insert 
    into
        clothes_image
        (closets_post_id, path, stores_post_id, type) 
    values
        (?, ?, ?, ?)
Hibernate: 
    insert 
    into
        stores
        (created_date, modified_date, author_id, clothes_info_id, colors_name, materials_name, style_name, clothes_length, content, price, sales_info_clothes_id, sales_info_status_id, sales_info_user_id, status, title) 
    values
        (?, ?, ?, ?, ?, ?, ?, ?, ?, ?, ?, ?, ?, ?, ?)
Hibernate: 
    update
        clothes_image 
    set
        closets_post_id=?,
        path=?,
        stores_post_id=?,
        type=? 
    where
        id=?
Hibernate: 
    update
        clothes_image 
    set
        closets_post_id=?,
        path=?,
        stores_post_id=?,
        type=? 
    where
        id=?
Hibernate: 
    update
        clothes_image 
    set
        images_order=? 
    where
        id=?
Hibernate: 
    update
        clothes_image 
    set
        images_order=? 
    where
        id=?
gunsong2@naver.com
Hibernate: 
    select
        members0_.id as id1_6_,
        members0_.email as email2_6_,
        members0_.image as image3_6_,
        members0_.name as name4_6_,
        members0_.nickname as nickname5_6_,
        members0_.password as password6_6_,
        members0_.phone as phone7_6_,
        members0_.refresh_token as refresh_8_6_,
        members0_.role as role9_6_ 
    from
        members members0_ 
    where
        members0_.email=?
Hibernate: 
    select
        style0_.id as id1_12_,
        style0_.name as name2_12_ 
    from
        style style0_ 
    where
        style0_.name=?
Hibernate: 
    select
        materials0_.id as id1_5_,
        materials0_.name as name2_5_ 
    from
        materials materials0_ 
    where
        materials0_.name=?
Hibernate: 
    select
        colors0_.id as id1_4_,
        colors0_.name as name2_4_ 
    from
        colors colors0_ 
    where
        colors0_.name=?
Hibernate: 
    select
        clothesinf0_.id as id1_2_,
        clothesinf0_.categoryl as category2_2_,
        clothesinf0_.categorys as category3_2_,
        clothesinf0_.fit as fit4_2_,
        clothesinf0_.length as length5_2_ 
    from
        clothes_info clothesinf0_ 
    where
        clothesinf0_.categoryl=? 
        and clothesinf0_.categorys=? 
        and clothesinf0_.length=? 
        and clothesinf0_.fit=?
Hibernate: 
    select
        salesinfoc0_.id as id1_7_,
        salesinfoc0_.clothes_brand as clothes_2_7_,
        salesinfoc0_.clothes_color as clothes_3_7_,
        salesinfoc0_.clothes_gender as clothes_4_7_,
        salesinfoc0_.clothes_size as clothes_5_7_ 
    from
        sales_info_clothes salesinfoc0_ 
    where
        salesinfoc0_.clothes_brand=? 
        and salesinfoc0_.clothes_gender=? 
        and salesinfoc0_.clothes_size=? 
        and salesinfoc0_.clothes_color=?
Hibernate: 
    select
        salesinfos0_.id as id1_8_,
        salesinfos0_.status_score as status_s2_8_,
        salesinfos0_.status_tag as status_t3_8_,
        salesinfos0_.status_times as status_t4_8_,
        salesinfos0_.status_when2buy as status_w5_8_,
        salesinfos0_.transport as transpor6_8_ 
    from
        sales_info_status salesinfos0_ 
    where
        salesinfos0_.status_tag=? 
        and salesinfos0_.status_score=? 
        and salesinfos0_.status_times=? 
        and salesinfos0_.status_when2buy=? 
        and salesinfos0_.transport=?
Hibernate: 
    select
        salesinfou0_.id as id1_9_,
        salesinfou0_.user_height as user_hei2_9_,
        salesinfou0_.user_size as user_siz3_9_,
        salesinfou0_.user_weight as user_wei4_9_ 
    from
        sales_info_user salesinfou0_ 
    where
        salesinfou0_.user_size=? 
        and salesinfou0_.user_weight=? 
        and salesinfou0_.user_height=?
Hibernate: 
    insert 
    into
        clothes_image
        (closets_post_id, path, stores_post_id, type) 
    values
        (?, ?, ?, ?)
Hibernate: 
    insert 
    into
        clothes_image
        (closets_post_id, path, stores_post_id, type) 
    values
        (?, ?, ?, ?)
Hibernate: 
    insert 
    into
        stores
        (created_date, modified_date, author_id, clothes_info_id, colors_name, materials_name, style_name, clothes_length, content, price, sales_info_clothes_id, sales_info_status_id, sales_info_user_id, status, title) 
    values
        (?, ?, ?, ?, ?, ?, ?, ?, ?, ?, ?, ?, ?, ?, ?)
Hibernate: 
    update
        clothes_image 
    set
        closets_post_id=?,
        path=?,
        stores_post_id=?,
        type=? 
    where
        id=?
Hibernate: 
    update
        clothes_image 
    set
        closets_post_id=?,
        path=?,
        stores_post_id=?,
        type=? 
    where
        id=?
Hibernate: 
    update
        clothes_image 
    set
        images_order=? 
    where
        id=?
Hibernate: 
    update
        clothes_image 
    set
        images_order=? 
    where
        id=?
Hibernate: 
    select
        stores0_.id as id1_10_,
        stores0_.created_date as created_2_10_,
        stores0_.modified_date as modified3_10_,
        stores0_.author_id as author_i9_10_,
        stores0_.clothes_info_id as clothes10_10_,
        stores0_.colors_name as colors_11_10_,
        stores0_.materials_name as materia12_10_,
        stores0_.style_name as style_n13_10_,
        stores0_.clothes_length as clothes_4_10_,
        stores0_.content as content5_10_,
        stores0_.price as price6_10_,
        stores0_.sales_info_clothes_id as sales_i14_10_,
        stores0_.sales_info_status_id as sales_i15_10_,
        stores0_.sales_info_user_id as sales_i16_10_,
        stores0_.status as status7_10_,
        stores0_.title as title8_10_ 
    from
        stores stores0_
Hibernate: 
    select
        members0_.id as id1_6_0_,
        members0_.email as email2_6_0_,
        members0_.image as image3_6_0_,
        members0_.name as name4_6_0_,
        members0_.nickname as nickname5_6_0_,
        members0_.password as password6_6_0_,
        members0_.phone as phone7_6_0_,
        members0_.refresh_token as refresh_8_6_0_,
        members0_.role as role9_6_0_ 
    from
        members members0_ 
    where
        members0_.id=?
Hibernate: 
    select
        clothesinf0_.id as id1_2_0_,
        clothesinf0_.categoryl as category2_2_0_,
        clothesinf0_.categorys as category3_2_0_,
        clothesinf0_.fit as fit4_2_0_,
        clothesinf0_.length as length5_2_0_ 
    from
        clothes_info clothesinf0_ 
    where
        clothesinf0_.id=?
Hibernate: 
    select
        colors0_.id as id1_4_0_,
        colors0_.name as name2_4_0_ 
    from
        colors colors0_ 
    where
        colors0_.name=?
Hibernate: 
    select
        materials0_.id as id1_5_0_,
        materials0_.name as name2_5_0_ 
    from
        materials materials0_ 
    where
        materials0_.name=?
Hibernate: 
    select
        style0_.id as id1_12_0_,
        style0_.name as name2_12_0_ 
    from
        style style0_ 
    where
        style0_.name=?
Hibernate: 
    select
        salesinfoc0_.id as id1_7_0_,
        salesinfoc0_.clothes_brand as clothes_2_7_0_,
        salesinfoc0_.clothes_color as clothes_3_7_0_,
        salesinfoc0_.clothes_gender as clothes_4_7_0_,
        salesinfoc0_.clothes_size as clothes_5_7_0_ 
    from
        sales_info_clothes salesinfoc0_ 
    where
        salesinfoc0_.id=?
Hibernate: 
    select
        salesinfos0_.id as id1_8_0_,
        salesinfos0_.status_score as status_s2_8_0_,
        salesinfos0_.status_tag as status_t3_8_0_,
        salesinfos0_.status_times as status_t4_8_0_,
        salesinfos0_.status_when2buy as status_w5_8_0_,
        salesinfos0_.transport as transpor6_8_0_ 
    from
        sales_info_status salesinfos0_ 
    where
        salesinfos0_.id=?
Hibernate: 
    select
        salesinfou0_.id as id1_9_0_,
        salesinfou0_.user_height as user_hei2_9_0_,
        salesinfou0_.user_size as user_siz3_9_0_,
        salesinfou0_.user_weight as user_wei4_9_0_ 
    from
        sales_info_user salesinfou0_ 
    where
        salesinfou0_.id=?
Hibernate: 
    select
        clothesinf0_.id as id1_2_0_,
        clothesinf0_.categoryl as category2_2_0_,
        clothesinf0_.categorys as category3_2_0_,
        clothesinf0_.fit as fit4_2_0_,
        clothesinf0_.length as length5_2_0_ 
    from
        clothes_info clothesinf0_ 
    where
        clothesinf0_.id=?
Hibernate: 
    select
        colors0_.id as id1_4_0_,
        colors0_.name as name2_4_0_ 
    from
        colors colors0_ 
    where
        colors0_.name=?
Hibernate: 
    select
        materials0_.id as id1_5_0_,
        materials0_.name as name2_5_0_ 
    from
        materials materials0_ 
    where
        materials0_.name=?
Hibernate: 
    select
        style0_.id as id1_12_0_,
        style0_.name as name2_12_0_ 
    from
        style style0_ 
    where
        style0_.name=?
Hibernate: 
    select
        salesinfoc0_.id as id1_7_0_,
        salesinfoc0_.clothes_brand as clothes_2_7_0_,
        salesinfoc0_.clothes_color as clothes_3_7_0_,
        salesinfoc0_.clothes_gender as clothes_4_7_0_,
        salesinfoc0_.clothes_size as clothes_5_7_0_ 
    from
        sales_info_clothes salesinfoc0_ 
    where
        salesinfoc0_.id=?
Hibernate: 
    select
        salesinfos0_.id as id1_8_0_,
        salesinfos0_.status_score as status_s2_8_0_,
        salesinfos0_.status_tag as status_t3_8_0_,
        salesinfos0_.status_times as status_t4_8_0_,
        salesinfos0_.status_when2buy as status_w5_8_0_,
        salesinfos0_.transport as transpor6_8_0_ 
    from
        sales_info_status salesinfos0_ 
    where
        salesinfos0_.id=?
Hibernate: 
    select
        salesinfou0_.id as id1_9_0_,
        salesinfou0_.user_height as user_hei2_9_0_,
        salesinfou0_.user_size as user_siz3_9_0_,
        salesinfou0_.user_weight as user_wei4_9_0_ 
    from
        sales_info_user salesinfou0_ 
    where
        salesinfou0_.id=?
Hibernate: 
    select
        clothesinf0_.id as id1_2_0_,
        clothesinf0_.categoryl as category2_2_0_,
        clothesinf0_.categorys as category3_2_0_,
        clothesinf0_.fit as fit4_2_0_,
        clothesinf0_.length as length5_2_0_ 
    from
        clothes_info clothesinf0_ 
    where
        clothesinf0_.id=?
Hibernate: 
    select
        colors0_.id as id1_4_0_,
        colors0_.name as name2_4_0_ 
    from
        colors colors0_ 
    where
        colors0_.name=?
Hibernate: 
    select
        materials0_.id as id1_5_0_,
        materials0_.name as name2_5_0_ 
    from
        materials materials0_ 
    where
        materials0_.name=?
Hibernate: 
    select
        style0_.id as id1_12_0_,
        style0_.name as name2_12_0_ 
    from
        style style0_ 
    where
        style0_.name=?
Hibernate: 
    select
        salesinfoc0_.id as id1_7_0_,
        salesinfoc0_.clothes_brand as clothes_2_7_0_,
        salesinfoc0_.clothes_color as clothes_3_7_0_,
        salesinfoc0_.clothes_gender as clothes_4_7_0_,
        salesinfoc0_.clothes_size as clothes_5_7_0_ 
    from
        sales_info_clothes salesinfoc0_ 
    where
        salesinfoc0_.id=?
Hibernate: 
    select
        salesinfos0_.id as id1_8_0_,
        salesinfos0_.status_score as status_s2_8_0_,
        salesinfos0_.status_tag as status_t3_8_0_,
        salesinfos0_.status_times as status_t4_8_0_,
        salesinfos0_.status_when2buy as status_w5_8_0_,
        salesinfos0_.transport as transpor6_8_0_ 
    from
        sales_info_status salesinfos0_ 
    where
        salesinfos0_.id=?
Hibernate: 
    select
        salesinfou0_.id as id1_9_0_,
        salesinfou0_.user_height as user_hei2_9_0_,
        salesinfou0_.user_size as user_siz3_9_0_,
        salesinfou0_.user_weight as user_wei4_9_0_ 
    from
        sales_info_user salesinfou0_ 
    where
        salesinfou0_.id=?
Hibernate: 
    select
        clothesinf0_.id as id1_2_0_,
        clothesinf0_.categoryl as category2_2_0_,
        clothesinf0_.categorys as category3_2_0_,
        clothesinf0_.fit as fit4_2_0_,
        clothesinf0_.length as length5_2_0_ 
    from
        clothes_info clothesinf0_ 
    where
        clothesinf0_.id=?
Hibernate: 
    select
        colors0_.id as id1_4_0_,
        colors0_.name as name2_4_0_ 
    from
        colors colors0_ 
    where
        colors0_.name=?
Hibernate: 
    select
        materials0_.id as id1_5_0_,
        materials0_.name as name2_5_0_ 
    from
        materials materials0_ 
    where
        materials0_.name=?
Hibernate: 
    select
        style0_.id as id1_12_0_,
        style0_.name as name2_12_0_ 
    from
        style style0_ 
    where
        style0_.name=?
Hibernate: 
    select
        salesinfoc0_.id as id1_7_0_,
        salesinfoc0_.clothes_brand as clothes_2_7_0_,
        salesinfoc0_.clothes_color as clothes_3_7_0_,
        salesinfoc0_.clothes_gender as clothes_4_7_0_,
        salesinfoc0_.clothes_size as clothes_5_7_0_ 
    from
        sales_info_clothes salesinfoc0_ 
    where
        salesinfoc0_.id=?
Hibernate: 
    select
        salesinfos0_.id as id1_8_0_,
        salesinfos0_.status_score as status_s2_8_0_,
        salesinfos0_.status_tag as status_t3_8_0_,
        salesinfos0_.status_times as status_t4_8_0_,
        salesinfos0_.status_when2buy as status_w5_8_0_,
        salesinfos0_.transport as transpor6_8_0_ 
    from
        sales_info_status salesinfos0_ 
    where
        salesinfos0_.id=?
Hibernate: 
    select
        salesinfou0_.id as id1_9_0_,
        salesinfou0_.user_height as user_hei2_9_0_,
        salesinfou0_.user_size as user_siz3_9_0_,
        salesinfou0_.user_weight as user_wei4_9_0_ 
    from
        sales_info_user salesinfou0_ 
    where
        salesinfou0_.id=?
Hibernate: 
    select
        clothesinf0_.id as id1_2_0_,
        clothesinf0_.categoryl as category2_2_0_,
        clothesinf0_.categorys as category3_2_0_,
        clothesinf0_.fit as fit4_2_0_,
        clothesinf0_.length as length5_2_0_ 
    from
        clothes_info clothesinf0_ 
    where
        clothesinf0_.id=?
Hibernate: 
    select
        materials0_.id as id1_5_0_,
        materials0_.name as name2_5_0_ 
    from
        materials materials0_ 
    where
        materials0_.name=?
Hibernate: 
    select
        style0_.id as id1_12_0_,
        style0_.name as name2_12_0_ 
    from
        style style0_ 
    where
        style0_.name=?
Hibernate: 
    select
        salesinfoc0_.id as id1_7_0_,
        salesinfoc0_.clothes_brand as clothes_2_7_0_,
        salesinfoc0_.clothes_color as clothes_3_7_0_,
        salesinfoc0_.clothes_gender as clothes_4_7_0_,
        salesinfoc0_.clothes_size as clothes_5_7_0_ 
    from
        sales_info_clothes salesinfoc0_ 
    where
        salesinfoc0_.id=?
Hibernate: 
    select
        salesinfos0_.id as id1_8_0_,
        salesinfos0_.status_score as status_s2_8_0_,
        salesinfos0_.status_tag as status_t3_8_0_,
        salesinfos0_.status_times as status_t4_8_0_,
        salesinfos0_.status_when2buy as status_w5_8_0_,
        salesinfos0_.transport as transpor6_8_0_ 
    from
        sales_info_status salesinfos0_ 
    where
        salesinfos0_.id=?
Hibernate: 
    select
        salesinfou0_.id as id1_9_0_,
        salesinfou0_.user_height as user_hei2_9_0_,
        salesinfou0_.user_size as user_siz3_9_0_,
        salesinfou0_.user_weight as user_wei4_9_0_ 
    from
        sales_info_user salesinfou0_ 
    where
        salesinfou0_.id=?
gunsong2@naver.com
Hibernate: 
    select
        members0_.id as id1_6_,
        members0_.email as email2_6_,
        members0_.image as image3_6_,
        members0_.name as name4_6_,
        members0_.nickname as nickname5_6_,
        members0_.password as password6_6_,
        members0_.phone as phone7_6_,
        members0_.refresh_token as refresh_8_6_,
        members0_.role as role9_6_ 
    from
        members members0_ 
    where
        members0_.email=?
Hibernate: 
    select
        stores0_.id as id1_10_0_,
        stores0_.created_date as created_2_10_0_,
        stores0_.modified_date as modified3_10_0_,
        stores0_.author_id as author_i9_10_0_,
        stores0_.clothes_info_id as clothes10_10_0_,
        stores0_.colors_name as colors_11_10_0_,
        stores0_.materials_name as materia12_10_0_,
        stores0_.style_name as style_n13_10_0_,
        stores0_.clothes_length as clothes_4_10_0_,
        stores0_.content as content5_10_0_,
        stores0_.price as price6_10_0_,
        stores0_.sales_info_clothes_id as sales_i14_10_0_,
        stores0_.sales_info_status_id as sales_i15_10_0_,
        stores0_.sales_info_user_id as sales_i16_10_0_,
        stores0_.status as status7_10_0_,
        stores0_.title as title8_10_0_,
        members1_.id as id1_6_1_,
        members1_.email as email2_6_1_,
        members1_.image as image3_6_1_,
        members1_.name as name4_6_1_,
        members1_.nickname as nickname5_6_1_,
        members1_.password as password6_6_1_,
        members1_.phone as phone7_6_1_,
        members1_.refresh_token as refresh_8_6_1_,
        members1_.role as role9_6_1_,
        clothesinf2_.id as id1_2_2_,
        clothesinf2_.categoryl as category2_2_2_,
        clothesinf2_.categorys as category3_2_2_,
        clothesinf2_.fit as fit4_2_2_,
        clothesinf2_.length as length5_2_2_,
        colors3_.id as id1_4_3_,
        colors3_.name as name2_4_3_,
        materials4_.id as id1_5_4_,
        materials4_.name as name2_5_4_,
        style5_.id as id1_12_5_,
        style5_.name as name2_12_5_,
        salesinfoc6_.id as id1_7_6_,
        salesinfoc6_.clothes_brand as clothes_2_7_6_,
        salesinfoc6_.clothes_color as clothes_3_7_6_,
        salesinfoc6_.clothes_gender as clothes_4_7_6_,
        salesinfoc6_.clothes_size as clothes_5_7_6_,
        salesinfos7_.id as id1_8_7_,
        salesinfos7_.status_score as status_s2_8_7_,
        salesinfos7_.status_tag as status_t3_8_7_,
        salesinfos7_.status_times as status_t4_8_7_,
        salesinfos7_.status_when2buy as status_w5_8_7_,
        salesinfos7_.transport as transpor6_8_7_,
        salesinfou8_.id as id1_9_8_,
        salesinfou8_.user_height as user_hei2_9_8_,
        salesinfou8_.user_size as user_siz3_9_8_,
        salesinfou8_.user_weight as user_wei4_9_8_ 
    from
        stores stores0_ 
    left outer join
        members members1_ 
            on stores0_.author_id=members1_.id 
    left outer join
        clothes_info clothesinf2_ 
            on stores0_.clothes_info_id=clothesinf2_.id 
    left outer join
        colors colors3_ 
            on stores0_.colors_name=colors3_.name 
    left outer join
        materials materials4_ 
            on stores0_.materials_name=materials4_.name 
    left outer join
        style style5_ 
            on stores0_.style_name=style5_.name 
    left outer join
        sales_info_clothes salesinfoc6_ 
            on stores0_.sales_info_clothes_id=salesinfoc6_.id 
    left outer join
        sales_info_status salesinfos7_ 
            on stores0_.sales_info_status_id=salesinfos7_.id 
    left outer join
        sales_info_user salesinfou8_ 
            on stores0_.sales_info_user_id=salesinfou8_.id 
    where
        stores0_.id=?
Hibernate: 
    insert 
    into
        stores_comments
        (created_date, modified_date, content, user_id, post_id) 
    values
        (?, ?, ?, ?, ?)
댓글 등록 완료
gunsong2@naver.com
Hibernate: 
    select
        members0_.id as id1_6_,
        members0_.email as email2_6_,
        members0_.image as image3_6_,
        members0_.name as name4_6_,
        members0_.nickname as nickname5_6_,
        members0_.password as password6_6_,
        members0_.phone as phone7_6_,
        members0_.refresh_token as refresh_8_6_,
        members0_.role as role9_6_ 
    from
        members members0_ 
    where
        members0_.email=?
Hibernate: 
    select
        stores0_.id as id1_10_0_,
        stores0_.created_date as created_2_10_0_,
        stores0_.modified_date as modified3_10_0_,
        stores0_.author_id as author_i9_10_0_,
        stores0_.clothes_info_id as clothes10_10_0_,
        stores0_.colors_name as colors_11_10_0_,
        stores0_.materials_name as materia12_10_0_,
        stores0_.style_name as style_n13_10_0_,
        stores0_.clothes_length as clothes_4_10_0_,
        stores0_.content as content5_10_0_,
        stores0_.price as price6_10_0_,
        stores0_.sales_info_clothes_id as sales_i14_10_0_,
        stores0_.sales_info_status_id as sales_i15_10_0_,
        stores0_.sales_info_user_id as sales_i16_10_0_,
        stores0_.status as status7_10_0_,
        stores0_.title as title8_10_0_,
        members1_.id as id1_6_1_,
        members1_.email as email2_6_1_,
        members1_.image as image3_6_1_,
        members1_.name as name4_6_1_,
        members1_.nickname as nickname5_6_1_,
        members1_.password as password6_6_1_,
        members1_.phone as phone7_6_1_,
        members1_.refresh_token as refresh_8_6_1_,
        members1_.role as role9_6_1_,
        clothesinf2_.id as id1_2_2_,
        clothesinf2_.categoryl as category2_2_2_,
        clothesinf2_.categorys as category3_2_2_,
        clothesinf2_.fit as fit4_2_2_,
        clothesinf2_.length as length5_2_2_,
        colors3_.id as id1_4_3_,
        colors3_.name as name2_4_3_,
        materials4_.id as id1_5_4_,
        materials4_.name as name2_5_4_,
        style5_.id as id1_12_5_,
        style5_.name as name2_12_5_,
        salesinfoc6_.id as id1_7_6_,
        salesinfoc6_.clothes_brand as clothes_2_7_6_,
        salesinfoc6_.clothes_color as clothes_3_7_6_,
        salesinfoc6_.clothes_gender as clothes_4_7_6_,
        salesinfoc6_.clothes_size as clothes_5_7_6_,
        salesinfos7_.id as id1_8_7_,
        salesinfos7_.status_score as status_s2_8_7_,
        salesinfos7_.status_tag as status_t3_8_7_,
        salesinfos7_.status_times as status_t4_8_7_,
        salesinfos7_.status_when2buy as status_w5_8_7_,
        salesinfos7_.transport as transpor6_8_7_,
        salesinfou8_.id as id1_9_8_,
        salesinfou8_.user_height as user_hei2_9_8_,
        salesinfou8_.user_size as user_siz3_9_8_,
        salesinfou8_.user_weight as user_wei4_9_8_ 
    from
        stores stores0_ 
    left outer join
        members members1_ 
            on stores0_.author_id=members1_.id 
    left outer join
        clothes_info clothesinf2_ 
            on stores0_.clothes_info_id=clothesinf2_.id 
    left outer join
        colors colors3_ 
            on stores0_.colors_name=colors3_.name 
    left outer join
        materials materials4_ 
            on stores0_.materials_name=materials4_.name 
    left outer join
        style style5_ 
            on stores0_.style_name=style5_.name 
    left outer join
        sales_info_clothes salesinfoc6_ 
            on stores0_.sales_info_clothes_id=salesinfoc6_.id 
    left outer join
        sales_info_status salesinfos7_ 
            on stores0_.sales_info_status_id=salesinfos7_.id 
    left outer join
        sales_info_user salesinfou8_ 
            on stores0_.sales_info_user_id=salesinfou8_.id 
    where
        stores0_.id=?
Hibernate: 
    insert 
    into
        stores_comments
        (created_date, modified_date, content, user_id, post_id) 
    values
        (?, ?, ?, ?, ?)
댓글 등록 완료
gunsong2@naver.com
Hibernate: 
    select
        members0_.id as id1_6_,
        members0_.email as email2_6_,
        members0_.image as image3_6_,
        members0_.name as name4_6_,
        members0_.nickname as nickname5_6_,
        members0_.password as password6_6_,
        members0_.phone as phone7_6_,
        members0_.refresh_token as refresh_8_6_,
        members0_.role as role9_6_ 
    from
        members members0_ 
    where
        members0_.email=?
Hibernate: 
    select
        stores0_.id as id1_10_0_,
        stores0_.created_date as created_2_10_0_,
        stores0_.modified_date as modified3_10_0_,
        stores0_.author_id as author_i9_10_0_,
        stores0_.clothes_info_id as clothes10_10_0_,
        stores0_.colors_name as colors_11_10_0_,
        stores0_.materials_name as materia12_10_0_,
        stores0_.style_name as style_n13_10_0_,
        stores0_.clothes_length as clothes_4_10_0_,
        stores0_.content as content5_10_0_,
        stores0_.price as price6_10_0_,
        stores0_.sales_info_clothes_id as sales_i14_10_0_,
        stores0_.sales_info_status_id as sales_i15_10_0_,
        stores0_.sales_info_user_id as sales_i16_10_0_,
        stores0_.status as status7_10_0_,
        stores0_.title as title8_10_0_,
        members1_.id as id1_6_1_,
        members1_.email as email2_6_1_,
        members1_.image as image3_6_1_,
        members1_.name as name4_6_1_,
        members1_.nickname as nickname5_6_1_,
        members1_.password as password6_6_1_,
        members1_.phone as phone7_6_1_,
        members1_.refresh_token as refresh_8_6_1_,
        members1_.role as role9_6_1_,
        clothesinf2_.id as id1_2_2_,
        clothesinf2_.categoryl as category2_2_2_,
        clothesinf2_.categorys as category3_2_2_,
        clothesinf2_.fit as fit4_2_2_,
        clothesinf2_.length as length5_2_2_,
        colors3_.id as id1_4_3_,
        colors3_.name as name2_4_3_,
        materials4_.id as id1_5_4_,
        materials4_.name as name2_5_4_,
        style5_.id as id1_12_5_,
        style5_.name as name2_12_5_,
        salesinfoc6_.id as id1_7_6_,
        salesinfoc6_.clothes_brand as clothes_2_7_6_,
        salesinfoc6_.clothes_color as clothes_3_7_6_,
        salesinfoc6_.clothes_gender as clothes_4_7_6_,
        salesinfoc6_.clothes_size as clothes_5_7_6_,
        salesinfos7_.id as id1_8_7_,
        salesinfos7_.status_score as status_s2_8_7_,
        salesinfos7_.status_tag as status_t3_8_7_,
        salesinfos7_.status_times as status_t4_8_7_,
        salesinfos7_.status_when2buy as status_w5_8_7_,
        salesinfos7_.transport as transpor6_8_7_,
        salesinfou8_.id as id1_9_8_,
        salesinfou8_.user_height as user_hei2_9_8_,
        salesinfou8_.user_size as user_siz3_9_8_,
        salesinfou8_.user_weight as user_wei4_9_8_ 
    from
        stores stores0_ 
    left outer join
        members members1_ 
            on stores0_.author_id=members1_.id 
    left outer join
        clothes_info clothesinf2_ 
            on stores0_.clothes_info_id=clothesinf2_.id 
    left outer join
        colors colors3_ 
            on stores0_.colors_name=colors3_.name 
    left outer join
        materials materials4_ 
            on stores0_.materials_name=materials4_.name 
    left outer join
        style style5_ 
            on stores0_.style_name=style5_.name 
    left outer join
        sales_info_clothes salesinfoc6_ 
            on stores0_.sales_info_clothes_id=salesinfoc6_.id 
    left outer join
        sales_info_status salesinfos7_ 
            on stores0_.sales_info_status_id=salesinfos7_.id 
    left outer join
        sales_info_user salesinfou8_ 
            on stores0_.sales_info_user_id=salesinfou8_.id 
    where
        stores0_.id=?
Hibernate: 
    insert 
    into
        stores_comments
        (created_date, modified_date, content, user_id, post_id) 
    values
        (?, ?, ?, ?, ?)
댓글 등록 완료
gunsong2@naver.com
Hibernate: 
    select
        members0_.id as id1_6_,
        members0_.email as email2_6_,
        members0_.image as image3_6_,
        members0_.name as name4_6_,
        members0_.nickname as nickname5_6_,
        members0_.password as password6_6_,
        members0_.phone as phone7_6_,
        members0_.refresh_token as refresh_8_6_,
        members0_.role as role9_6_ 
    from
        members members0_ 
    where
        members0_.email=?
Hibernate: 
    select
        stores0_.id as id1_10_0_,
        stores0_.created_date as created_2_10_0_,
        stores0_.modified_date as modified3_10_0_,
        stores0_.author_id as author_i9_10_0_,
        stores0_.clothes_info_id as clothes10_10_0_,
        stores0_.colors_name as colors_11_10_0_,
        stores0_.materials_name as materia12_10_0_,
        stores0_.style_name as style_n13_10_0_,
        stores0_.clothes_length as clothes_4_10_0_,
        stores0_.content as content5_10_0_,
        stores0_.price as price6_10_0_,
        stores0_.sales_info_clothes_id as sales_i14_10_0_,
        stores0_.sales_info_status_id as sales_i15_10_0_,
        stores0_.sales_info_user_id as sales_i16_10_0_,
        stores0_.status as status7_10_0_,
        stores0_.title as title8_10_0_,
        members1_.id as id1_6_1_,
        members1_.email as email2_6_1_,
        members1_.image as image3_6_1_,
        members1_.name as name4_6_1_,
        members1_.nickname as nickname5_6_1_,
        members1_.password as password6_6_1_,
        members1_.phone as phone7_6_1_,
        members1_.refresh_token as refresh_8_6_1_,
        members1_.role as role9_6_1_,
        clothesinf2_.id as id1_2_2_,
        clothesinf2_.categoryl as category2_2_2_,
        clothesinf2_.categorys as category3_2_2_,
        clothesinf2_.fit as fit4_2_2_,
        clothesinf2_.length as length5_2_2_,
        colors3_.id as id1_4_3_,
        colors3_.name as name2_4_3_,
        materials4_.id as id1_5_4_,
        materials4_.name as name2_5_4_,
        style5_.id as id1_12_5_,
        style5_.name as name2_12_5_,
        salesinfoc6_.id as id1_7_6_,
        salesinfoc6_.clothes_brand as clothes_2_7_6_,
        salesinfoc6_.clothes_color as clothes_3_7_6_,
        salesinfoc6_.clothes_gender as clothes_4_7_6_,
        salesinfoc6_.clothes_size as clothes_5_7_6_,
        salesinfos7_.id as id1_8_7_,
        salesinfos7_.status_score as status_s2_8_7_,
        salesinfos7_.status_tag as status_t3_8_7_,
        salesinfos7_.status_times as status_t4_8_7_,
        salesinfos7_.status_when2buy as status_w5_8_7_,
        salesinfos7_.transport as transpor6_8_7_,
        salesinfou8_.id as id1_9_8_,
        salesinfou8_.user_height as user_hei2_9_8_,
        salesinfou8_.user_size as user_siz3_9_8_,
        salesinfou8_.user_weight as user_wei4_9_8_ 
    from
        stores stores0_ 
    left outer join
        members members1_ 
            on stores0_.author_id=members1_.id 
    left outer join
        clothes_info clothesinf2_ 
            on stores0_.clothes_info_id=clothesinf2_.id 
    left outer join
        colors colors3_ 
            on stores0_.colors_name=colors3_.name 
    left outer join
        materials materials4_ 
            on stores0_.materials_name=materials4_.name 
    left outer join
        style style5_ 
            on stores0_.style_name=style5_.name 
    left outer join
        sales_info_clothes salesinfoc6_ 
            on stores0_.sales_info_clothes_id=salesinfoc6_.id 
    left outer join
        sales_info_status salesinfos7_ 
            on stores0_.sales_info_status_id=salesinfos7_.id 
    left outer join
        sales_info_user salesinfou8_ 
            on stores0_.sales_info_user_id=salesinfou8_.id 
    where
        stores0_.id=?
Hibernate: 
    select
        comments0_.post_id as post_id6_11_0_,
        comments0_.id as id1_11_0_,
        comments0_.id as id1_11_1_,
        comments0_.created_date as created_2_11_1_,
        comments0_.modified_date as modified3_11_1_,
        comments0_.content as content4_11_1_,
        comments0_.user_id as user_id5_11_1_,
        comments0_.post_id as post_id6_11_1_,
        members1_.id as id1_6_2_,
        members1_.email as email2_6_2_,
        members1_.image as image3_6_2_,
        members1_.name as name4_6_2_,
        members1_.nickname as nickname5_6_2_,
        members1_.password as password6_6_2_,
        members1_.phone as phone7_6_2_,
        members1_.refresh_token as refresh_8_6_2_,
        members1_.role as role9_6_2_ 
    from
        stores_comments comments0_ 
    left outer join
        members members1_ 
            on comments0_.user_id=members1_.id 
    where
        comments0_.post_id=?
Hibernate: 
    select
        clothesima0_.id as id1_3_,
        clothesima0_.closets_post_id as closets_4_3_,
        clothesima0_.path as path2_3_,
        clothesima0_.stores_post_id as stores_p5_3_,
        clothesima0_.type as type3_3_ 
    from
        clothes_image clothesima0_
Hibernate: 
    select
        stores0_.id as id1_10_0_,
        stores0_.created_date as created_2_10_0_,
        stores0_.modified_date as modified3_10_0_,
        stores0_.author_id as author_i9_10_0_,
        stores0_.clothes_info_id as clothes10_10_0_,
        stores0_.colors_name as colors_11_10_0_,
        stores0_.materials_name as materia12_10_0_,
        stores0_.style_name as style_n13_10_0_,
        stores0_.clothes_length as clothes_4_10_0_,
        stores0_.content as content5_10_0_,
        stores0_.price as price6_10_0_,
        stores0_.sales_info_clothes_id as sales_i14_10_0_,
        stores0_.sales_info_status_id as sales_i15_10_0_,
        stores0_.sales_info_user_id as sales_i16_10_0_,
        stores0_.status as status7_10_0_,
        stores0_.title as title8_10_0_,
        members1_.id as id1_6_1_,
        members1_.email as email2_6_1_,
        members1_.image as image3_6_1_,
        members1_.name as name4_6_1_,
        members1_.nickname as nickname5_6_1_,
        members1_.password as password6_6_1_,
        members1_.phone as phone7_6_1_,
        members1_.refresh_token as refresh_8_6_1_,
        members1_.role as role9_6_1_,
        clothesinf2_.id as id1_2_2_,
        clothesinf2_.categoryl as category2_2_2_,
        clothesinf2_.categorys as category3_2_2_,
        clothesinf2_.fit as fit4_2_2_,
        clothesinf2_.length as length5_2_2_,
        colors3_.id as id1_4_3_,
        colors3_.name as name2_4_3_,
        materials4_.id as id1_5_4_,
        materials4_.name as name2_5_4_,
        style5_.id as id1_12_5_,
        style5_.name as name2_12_5_,
        salesinfoc6_.id as id1_7_6_,
        salesinfoc6_.clothes_brand as clothes_2_7_6_,
        salesinfoc6_.clothes_color as clothes_3_7_6_,
        salesinfoc6_.clothes_gender as clothes_4_7_6_,
        salesinfoc6_.clothes_size as clothes_5_7_6_,
        salesinfos7_.id as id1_8_7_,
        salesinfos7_.status_score as status_s2_8_7_,
        salesinfos7_.status_tag as status_t3_8_7_,
        salesinfos7_.status_times as status_t4_8_7_,
        salesinfos7_.status_when2buy as status_w5_8_7_,
        salesinfos7_.transport as transpor6_8_7_,
        salesinfou8_.id as id1_9_8_,
        salesinfou8_.user_height as user_hei2_9_8_,
        salesinfou8_.user_size as user_siz3_9_8_,
        salesinfou8_.user_weight as user_wei4_9_8_ 
    from
        stores stores0_ 
    left outer join
        members members1_ 
            on stores0_.author_id=members1_.id 
    left outer join
        clothes_info clothesinf2_ 
            on stores0_.clothes_info_id=clothesinf2_.id 
    left outer join
        colors colors3_ 
            on stores0_.colors_name=colors3_.name 
    left outer join
        materials materials4_ 
            on stores0_.materials_name=materials4_.name 
    left outer join
        style style5_ 
            on stores0_.style_name=style5_.name 
    left outer join
        sales_info_clothes salesinfoc6_ 
            on stores0_.sales_info_clothes_id=salesinfoc6_.id 
    left outer join
        sales_info_status salesinfos7_ 
            on stores0_.sales_info_status_id=salesinfos7_.id 
    left outer join
        sales_info_user salesinfou8_ 
            on stores0_.sales_info_user_id=salesinfou8_.id 
    where
        stores0_.id=?
Hibernate: 
    select
        stores0_.id as id1_10_0_,
        stores0_.created_date as created_2_10_0_,
        stores0_.modified_date as modified3_10_0_,
        stores0_.author_id as author_i9_10_0_,
        stores0_.clothes_info_id as clothes10_10_0_,
        stores0_.colors_name as colors_11_10_0_,
        stores0_.materials_name as materia12_10_0_,
        stores0_.style_name as style_n13_10_0_,
        stores0_.clothes_length as clothes_4_10_0_,
        stores0_.content as content5_10_0_,
        stores0_.price as price6_10_0_,
        stores0_.sales_info_clothes_id as sales_i14_10_0_,
        stores0_.sales_info_status_id as sales_i15_10_0_,
        stores0_.sales_info_user_id as sales_i16_10_0_,
        stores0_.status as status7_10_0_,
        stores0_.title as title8_10_0_,
        members1_.id as id1_6_1_,
        members1_.email as email2_6_1_,
        members1_.image as image3_6_1_,
        members1_.name as name4_6_1_,
        members1_.nickname as nickname5_6_1_,
        members1_.password as password6_6_1_,
        members1_.phone as phone7_6_1_,
        members1_.refresh_token as refresh_8_6_1_,
        members1_.role as role9_6_1_,
        clothesinf2_.id as id1_2_2_,
        clothesinf2_.categoryl as category2_2_2_,
        clothesinf2_.categorys as category3_2_2_,
        clothesinf2_.fit as fit4_2_2_,
        clothesinf2_.length as length5_2_2_,
        colors3_.id as id1_4_3_,
        colors3_.name as name2_4_3_,
        materials4_.id as id1_5_4_,
        materials4_.name as name2_5_4_,
        style5_.id as id1_12_5_,
        style5_.name as name2_12_5_,
        salesinfoc6_.id as id1_7_6_,
        salesinfoc6_.clothes_brand as clothes_2_7_6_,
        salesinfoc6_.clothes_color as clothes_3_7_6_,
        salesinfoc6_.clothes_gender as clothes_4_7_6_,
        salesinfoc6_.clothes_size as clothes_5_7_6_,
        salesinfos7_.id as id1_8_7_,
        salesinfos7_.status_score as status_s2_8_7_,
        salesinfos7_.status_tag as status_t3_8_7_,
        salesinfos7_.status_times as status_t4_8_7_,
        salesinfos7_.status_when2buy as status_w5_8_7_,
        salesinfos7_.transport as transpor6_8_7_,
        salesinfou8_.id as id1_9_8_,
        salesinfou8_.user_height as user_hei2_9_8_,
        salesinfou8_.user_size as user_siz3_9_8_,
        salesinfou8_.user_weight as user_wei4_9_8_ 
    from
        stores stores0_ 
    left outer join
        members members1_ 
            on stores0_.author_id=members1_.id 
    left outer join
        clothes_info clothesinf2_ 
            on stores0_.clothes_info_id=clothesinf2_.id 
    left outer join
        colors colors3_ 
            on stores0_.colors_name=colors3_.name 
    left outer join
        materials materials4_ 
            on stores0_.materials_name=materials4_.name 
    left outer join
        style style5_ 
            on stores0_.style_name=style5_.name 
    left outer join
        sales_info_clothes salesinfoc6_ 
            on stores0_.sales_info_clothes_id=salesinfoc6_.id 
    left outer join
        sales_info_status salesinfos7_ 
            on stores0_.sales_info_status_id=salesinfos7_.id 
    left outer join
        sales_info_user salesinfou8_ 
            on stores0_.sales_info_user_id=salesinfou8_.id 
    where
        stores0_.id=?
Hibernate: 
    select
        stores0_.id as id1_10_0_,
        stores0_.created_date as created_2_10_0_,
        stores0_.modified_date as modified3_10_0_,
        stores0_.author_id as author_i9_10_0_,
        stores0_.clothes_info_id as clothes10_10_0_,
        stores0_.colors_name as colors_11_10_0_,
        stores0_.materials_name as materia12_10_0_,
        stores0_.style_name as style_n13_10_0_,
        stores0_.clothes_length as clothes_4_10_0_,
        stores0_.content as content5_10_0_,
        stores0_.price as price6_10_0_,
        stores0_.sales_info_clothes_id as sales_i14_10_0_,
        stores0_.sales_info_status_id as sales_i15_10_0_,
        stores0_.sales_info_user_id as sales_i16_10_0_,
        stores0_.status as status7_10_0_,
        stores0_.title as title8_10_0_,
        members1_.id as id1_6_1_,
        members1_.email as email2_6_1_,
        members1_.image as image3_6_1_,
        members1_.name as name4_6_1_,
        members1_.nickname as nickname5_6_1_,
        members1_.password as password6_6_1_,
        members1_.phone as phone7_6_1_,
        members1_.refresh_token as refresh_8_6_1_,
        members1_.role as role9_6_1_,
        clothesinf2_.id as id1_2_2_,
        clothesinf2_.categoryl as category2_2_2_,
        clothesinf2_.categorys as category3_2_2_,
        clothesinf2_.fit as fit4_2_2_,
        clothesinf2_.length as length5_2_2_,
        colors3_.id as id1_4_3_,
        colors3_.name as name2_4_3_,
        materials4_.id as id1_5_4_,
        materials4_.name as name2_5_4_,
        style5_.id as id1_12_5_,
        style5_.name as name2_12_5_,
        salesinfoc6_.id as id1_7_6_,
        salesinfoc6_.clothes_brand as clothes_2_7_6_,
        salesinfoc6_.clothes_color as clothes_3_7_6_,
        salesinfoc6_.clothes_gender as clothes_4_7_6_,
        salesinfoc6_.clothes_size as clothes_5_7_6_,
        salesinfos7_.id as id1_8_7_,
        salesinfos7_.status_score as status_s2_8_7_,
        salesinfos7_.status_tag as status_t3_8_7_,
        salesinfos7_.status_times as status_t4_8_7_,
        salesinfos7_.status_when2buy as status_w5_8_7_,
        salesinfos7_.transport as transpor6_8_7_,
        salesinfou8_.id as id1_9_8_,
        salesinfou8_.user_height as user_hei2_9_8_,
        salesinfou8_.user_size as user_siz3_9_8_,
        salesinfou8_.user_weight as user_wei4_9_8_ 
    from
        stores stores0_ 
    left outer join
        members members1_ 
            on stores0_.author_id=members1_.id 
    left outer join
        clothes_info clothesinf2_ 
            on stores0_.clothes_info_id=clothesinf2_.id 
    left outer join
        colors colors3_ 
            on stores0_.colors_name=colors3_.name 
    left outer join
        materials materials4_ 
            on stores0_.materials_name=materials4_.name 
    left outer join
        style style5_ 
            on stores0_.style_name=style5_.name 
    left outer join
        sales_info_clothes salesinfoc6_ 
            on stores0_.sales_info_clothes_id=salesinfoc6_.id 
    left outer join
        sales_info_status salesinfos7_ 
            on stores0_.sales_info_status_id=salesinfos7_.id 
    left outer join
        sales_info_user salesinfou8_ 
            on stores0_.sales_info_user_id=salesinfou8_.id 
    where
        stores0_.id=?
Hibernate: 
    select
        stores0_.id as id1_10_0_,
        stores0_.created_date as created_2_10_0_,
        stores0_.modified_date as modified3_10_0_,
        stores0_.author_id as author_i9_10_0_,
        stores0_.clothes_info_id as clothes10_10_0_,
        stores0_.colors_name as colors_11_10_0_,
        stores0_.materials_name as materia12_10_0_,
        stores0_.style_name as style_n13_10_0_,
        stores0_.clothes_length as clothes_4_10_0_,
        stores0_.content as content5_10_0_,
        stores0_.price as price6_10_0_,
        stores0_.sales_info_clothes_id as sales_i14_10_0_,
        stores0_.sales_info_status_id as sales_i15_10_0_,
        stores0_.sales_info_user_id as sales_i16_10_0_,
        stores0_.status as status7_10_0_,
        stores0_.title as title8_10_0_,
        members1_.id as id1_6_1_,
        members1_.email as email2_6_1_,
        members1_.image as image3_6_1_,
        members1_.name as name4_6_1_,
        members1_.nickname as nickname5_6_1_,
        members1_.password as password6_6_1_,
        members1_.phone as phone7_6_1_,
        members1_.refresh_token as refresh_8_6_1_,
        members1_.role as role9_6_1_,
        clothesinf2_.id as id1_2_2_,
        clothesinf2_.categoryl as category2_2_2_,
        clothesinf2_.categorys as category3_2_2_,
        clothesinf2_.fit as fit4_2_2_,
        clothesinf2_.length as length5_2_2_,
        colors3_.id as id1_4_3_,
        colors3_.name as name2_4_3_,
        materials4_.id as id1_5_4_,
        materials4_.name as name2_5_4_,
        style5_.id as id1_12_5_,
        style5_.name as name2_12_5_,
        salesinfoc6_.id as id1_7_6_,
        salesinfoc6_.clothes_brand as clothes_2_7_6_,
        salesinfoc6_.clothes_color as clothes_3_7_6_,
        salesinfoc6_.clothes_gender as clothes_4_7_6_,
        salesinfoc6_.clothes_size as clothes_5_7_6_,
        salesinfos7_.id as id1_8_7_,
        salesinfos7_.status_score as status_s2_8_7_,
        salesinfos7_.status_tag as status_t3_8_7_,
        salesinfos7_.status_times as status_t4_8_7_,
        salesinfos7_.status_when2buy as status_w5_8_7_,
        salesinfos7_.transport as transpor6_8_7_,
        salesinfou8_.id as id1_9_8_,
        salesinfou8_.user_height as user_hei2_9_8_,
        salesinfou8_.user_size as user_siz3_9_8_,
        salesinfou8_.user_weight as user_wei4_9_8_ 
    from
        stores stores0_ 
    left outer join
        members members1_ 
            on stores0_.author_id=members1_.id 
    left outer join
        clothes_info clothesinf2_ 
            on stores0_.clothes_info_id=clothesinf2_.id 
    left outer join
        colors colors3_ 
            on stores0_.colors_name=colors3_.name 
    left outer join
        materials materials4_ 
            on stores0_.materials_name=materials4_.name 
    left outer join
        style style5_ 
            on stores0_.style_name=style5_.name 
    left outer join
        sales_info_clothes salesinfoc6_ 
            on stores0_.sales_info_clothes_id=salesinfoc6_.id 
    left outer join
        sales_info_status salesinfos7_ 
            on stores0_.sales_info_status_id=salesinfos7_.id 
    left outer join
        sales_info_user salesinfou8_ 
            on stores0_.sales_info_user_id=salesinfou8_.id 
    where
        stores0_.id=?
Hibernate: 
    select
        stores0_.id as id1_10_0_,
        stores0_.created_date as created_2_10_0_,
        stores0_.modified_date as modified3_10_0_,
        stores0_.author_id as author_i9_10_0_,
        stores0_.clothes_info_id as clothes10_10_0_,
        stores0_.colors_name as colors_11_10_0_,
        stores0_.materials_name as materia12_10_0_,
        stores0_.style_name as style_n13_10_0_,
        stores0_.clothes_length as clothes_4_10_0_,
        stores0_.content as content5_10_0_,
        stores0_.price as price6_10_0_,
        stores0_.sales_info_clothes_id as sales_i14_10_0_,
        stores0_.sales_info_status_id as sales_i15_10_0_,
        stores0_.sales_info_user_id as sales_i16_10_0_,
        stores0_.status as status7_10_0_,
        stores0_.title as title8_10_0_,
        members1_.id as id1_6_1_,
        members1_.email as email2_6_1_,
        members1_.image as image3_6_1_,
        members1_.name as name4_6_1_,
        members1_.nickname as nickname5_6_1_,
        members1_.password as password6_6_1_,
        members1_.phone as phone7_6_1_,
        members1_.refresh_token as refresh_8_6_1_,
        members1_.role as role9_6_1_,
        clothesinf2_.id as id1_2_2_,
        clothesinf2_.categoryl as category2_2_2_,
        clothesinf2_.categorys as category3_2_2_,
        clothesinf2_.fit as fit4_2_2_,
        clothesinf2_.length as length5_2_2_,
        colors3_.id as id1_4_3_,
        colors3_.name as name2_4_3_,
        materials4_.id as id1_5_4_,
        materials4_.name as name2_5_4_,
        style5_.id as id1_12_5_,
        style5_.name as name2_12_5_,
        salesinfoc6_.id as id1_7_6_,
        salesinfoc6_.clothes_brand as clothes_2_7_6_,
        salesinfoc6_.clothes_color as clothes_3_7_6_,
        salesinfoc6_.clothes_gender as clothes_4_7_6_,
        salesinfoc6_.clothes_size as clothes_5_7_6_,
        salesinfos7_.id as id1_8_7_,
        salesinfos7_.status_score as status_s2_8_7_,
        salesinfos7_.status_tag as status_t3_8_7_,
        salesinfos7_.status_times as status_t4_8_7_,
        salesinfos7_.status_when2buy as status_w5_8_7_,
        salesinfos7_.transport as transpor6_8_7_,
        salesinfou8_.id as id1_9_8_,
        salesinfou8_.user_height as user_hei2_9_8_,
        salesinfou8_.user_size as user_siz3_9_8_,
        salesinfou8_.user_weight as user_wei4_9_8_ 
    from
        stores stores0_ 
    left outer join
        members members1_ 
            on stores0_.author_id=members1_.id 
    left outer join
        clothes_info clothesinf2_ 
            on stores0_.clothes_info_id=clothesinf2_.id 
    left outer join
        colors colors3_ 
            on stores0_.colors_name=colors3_.name 
    left outer join
        materials materials4_ 
            on stores0_.materials_name=materials4_.name 
    left outer join
        style style5_ 
            on stores0_.style_name=style5_.name 
    left outer join
        sales_info_clothes salesinfoc6_ 
            on stores0_.sales_info_clothes_id=salesinfoc6_.id 
    left outer join
        sales_info_status salesinfos7_ 
            on stores0_.sales_info_status_id=salesinfos7_.id 
    left outer join
        sales_info_user salesinfou8_ 
            on stores0_.sales_info_user_id=salesinfou8_.id 
    where
        stores0_.id=?
Hibernate: 
    delete 
    from
        clothes_image
Hibernate: 
    delete 
    from
        stores_comments
Hibernate: 
    delete 
    from
        stores
]]></system-out>
  <system-err><![CDATA[]]></system-err>
</testsuite>
